


 PROGRAM MNDO2005.
 VERSION 7.0 OF 4 AUGUST 2005.

 COPYRIGHT BY WALTER THIEL,
 MAX-PLANCK-INSTITUT FUER KOHLENFORSCHUNG,
 D-45470 MUELHEIM, GERMANY.


 ***** STANDARD INPUT USING KEYWORDS *****

 IOP    =   -6     JOP    =   -2     IGEOM  =    1     IFORM  =    1     MMINP  =    2
 NSAV15 =    4     ICUTS  =   -1     ICUTG  =   -1     ISCF   =   11     IPLSCF =   11
 KHARGE =   -1     KTRIAL =   11     IPUBO  =    1     KITSCF =  100     NPRINT =   -4
 IFAST  =    2     KCI    =    5     NUMATM = 4035     MMCOUP =    2     MMLINK =    2
 NLINK  =    5     ICI1   =   42     ICI2   =   43     IOUTCI =    1     MOVO   =    0
 NCIREF =    3     MCIREF =    0     LEVEXC =    1     IROOT  =    2     LROOT  =    2
 MULTCI =    1     IUVCD  =    2     IPOP   =    2


 DSTEP  =  0.0000  DPREC  =  0.0000


 ***********************************************************************
 * INPUT OF OPTIONS VIA KEYWORDS
 * NUMBER OF MNDO97 KEYWORDS FOUND: 33
 * MOPAC KEYWORDS NOT FOUND: IMOPAC=-1
 ***********************************************************************



 *** OPTIONS FROM THE FIRST LINE OF INPUT    ***
 *** DEFINED EITHER EXPLICITLY OR BY DEFAULT ***

 LIMIT  =    0     IOP    =   -6     JOP    =   -2     IGEOM  =    1     IFORM  =    1
 NEXMOL =    1     MPLIB  =    0     IEF    =    0     IDIIS  =    0     INREFD =    0
 IPAROK =    0     MMINP  =    2     NMR    =    0     NSAV7  =    0     NSAV8  =    0
 NSAV9  =    0     NSAV13 =    0     NSAV15 =    4     NSAV16 =    0     IMMOK  =    0
 IHBOND =    0     IFLD1  =    0     IFLD2  =    0     IFLD3  =    0     ICUTR  =   -1
 ICUTG  =   -1     IEXBAS =    0     ICOSMO =    0     IPSANA =    0



 OM2    

 GRADIENT CALCULATION FOR INPUT GEOMETRY

 INPUT IN CARTESIAN COORDINATES

 INPUT OF MOLECULAR DATA IN FREE FORMAT



 *** OPTIONS FROM THE SECOND LINE OF INPUT   ***
 *** DEFINED EITHER EXPLICITLY OR BY DEFAULT ***


 MAXEND =    0     MAXLIN =    4     MAXRTL = 9999     ISCF   =   11     IPLSCF =   11
 MIDDLE =    0     IPRINT =    0     KPRINT =    0     LPRINT =    0     MPRINT =    0
 JPRINT =    0     IPREC  =    1     ICONV  =    0     IHESS  =    0     IDFP   =    0
 NREPET =    3     LINITG =   10     LCONVG =   10     LGDUM  =    0     IHDLC1 =    0
 IHDLC2 =    0     IHDLC3 =    0     INGEOM =    0     INTDIR =    0     LINDMS =    0
 LINDIA =    0     LINFRG =    0     INPFRG =    0     INP21  =    0     INP22  =    0
 INP23  =    0     INP24  =    0     INP25  =    0



                                                                                 
 ChemShell MNDO interface:                                                       


     INPUT GEOMETRY


      ATOM      ATOMIC              X-COORDINATE         Y-COORDINATE         Z-COORDINATE
     NUMBER     NUMBER               (ANGSTROMS)          (ANGSTROMS)          (ANGSTROMS)

        1          6                   2.07168             12.82271              1.97738  
        2          1                   3.11165             12.92984              2.30799  
        3          1                   2.08937             12.60850              0.89528  
        4          6                   1.42198             11.66454              2.70239  
        5          1                   0.31498             11.72528              2.73485  
        6          1                   1.80581             11.57770              3.73747  
        7          6                   1.79672             10.41231              1.92795  
        8          8                   1.02302              9.46026              1.69340  
        9          8                   3.02320             10.39976              1.44871  
       10          1                   3.16600              9.54550              0.79824  
       11          6                  -0.13796              5.63823              4.28283  
       12          8                  -0.93385              6.31074              3.59192  
       13          7                   1.15273              6.05718              4.38964  
       14          1                   1.80812              5.51772              4.95110  
       15          6                   1.71487              7.08106              3.55303  
       16          1                   0.90529              7.73506              3.13355  
       17          6                   2.30871              6.37713              2.30365  
       18          8                   3.42089              6.73237              1.81470  
       19          7                   1.51187              5.45884              1.66737  
       20          6                   1.98631              4.56292              0.81327  
       21          6                   3.41458              4.35082              0.43108  
       22          1                   3.66524              3.28305              0.49945  
       23          1                   4.03625              4.89844              1.14467  
       24          6                   1.01982              3.58154              0.31532  
       25          7                   1.31528              2.30402              0.00186  
       26          7                  -0.38262              3.84374              0.23880  
       27          6                  -0.99267              2.62873             -0.02578  
       28          8                  -2.22382              2.43424              0.00454  
       29          6                   0.12491              1.62578             -0.17692  
       30          6                  -1.13524              5.01952              0.56761  
       31          1                  -0.57682              5.69769              1.24651  
       32          1                  -2.10276              4.72385              1.04395  
       33          6                  -1.50684              5.82526             -0.68940  
       34          8                  -2.38416              6.70610             -0.62246  
       35          6                  -0.20570              0.29677             -0.32867  
       36          1                  -1.26653              0.07577             -0.52617  
       37          6                   0.67595             -0.82273             -0.19511  
       38          6                   1.98633             -0.71245              0.34272  
       39          6                   0.13924             -2.10537             -0.51462  
       40          6                   2.76978             -1.82628              0.48814  
       41          6                   0.89556             -3.23144             -0.35365  
       42          6                   2.26684             -3.12841              0.10262  
       43          1                   2.34656              0.27012              0.66064  
       44          1                  -0.88758             -2.17328             -0.89777  
       45          1                   3.76961             -1.77784              0.91197  
       46          1                   0.49319             -4.22134             -0.56632  
       47          8                   3.00014             -4.15015              0.15139  
       48          7                  -0.84557              5.55885             -1.86639  
       49          1                  -0.26387              4.74131             -1.96949  
       50          8                   2.83229              8.41983              0.14518  
       51          1                   1.87549              8.33181              0.32764  
       52          1                   3.26011              7.66191              0.65519  
       53          1                   1.56724             13.78444              2.07059  
       54          1                  -0.41804              4.71619              4.79221  
       55          1                   2.40178              7.70112              4.12901  
       56          1                   3.63316              4.70615             -0.57591  
       57          1                  -0.75218              6.17663             -2.64715  



     **********

     *  VARIABLES TO BE OPTIMIZED, OF WHICH THERE ARE   0



     INITIAL INTERATOMIC DISTANCES (ANGSTROMS)


             1           2           3           4           5           6           7           8           9          10
 ----------------------------------------------------------------------------------------------------------------------------
   1      0.00000
   2      1.09650     0.00000
   3      1.10324     1.77316     0.00000
   4      1.51299     2.14745     2.14526     0.00000
   5      2.20548     3.07482     2.70418     1.10913     0.00000
   6      2.17225     2.36155     3.03661     1.10737     1.80266     0.00000
   7      2.42654     2.86557     2.44445     1.51930     2.13788     2.15234     0.00000
   8      3.53361     4.09611     3.41841     2.45684     2.59157     3.04541     1.24901     0.00000
   9      2.65623     2.67348     2.46107     2.39484     3.27804     2.84745     1.31684     2.22334     0.00000
  10      3.65075     3.70622     3.24816     3.34031     4.07801     3.82348     1.97548     2.32399     1.08317     0.00000
  11      7.86222     8.22360     8.06358     6.42243     6.29711     6.27320     5.66394     4.76036     6.37945     6.19075
  12      7.35158     7.86302     7.48823     5.91644     5.62239     5.93867     5.20073     4.16572     6.08043     5.92259
  13      7.24126     7.44339     7.48383     5.86189     5.96384     5.59714     5.04398     4.34367     5.56828     5.39627
  14      7.89148     7.97651     8.17362     6.55661     6.75833     6.18031     5.75296     5.17423     6.13005     5.94248
  15      5.96461     6.14079     6.14463     4.67093     4.91913     4.50134     3.70739     3.09798     4.14170     3.97091
  16      5.34616     5.70397     5.49202     3.98668     4.05330     3.99268     3.06851     2.25038     3.79800     3.72050
  17      6.45818     6.60172     6.39231     5.37605     5.72394     5.41799     4.08484     3.39575     4.17408     3.61106
  18      6.24012     6.22476     6.09485     5.39536     5.95168     5.45736     4.02401     3.63399     3.70701     3.00198
  19      7.39163     7.66718     7.21439     6.29206     6.46841     6.46623     4.96849     4.03126     5.17153     4.49359
  20      8.34186     8.57356     8.04666     7.37022     7.60165     7.60202     5.95767     5.06819     5.96219     5.12036
  21      8.71593     8.78716     8.37622     7.91327     8.32451     8.10853     6.44979     5.78096     6.14642     5.21358
  22      9.78411     9.83046     9.46595     8.95179     9.35374     9.09635     7.50722     6.82384     7.20840     6.28943
  23      8.20652     8.16772     7.95598     7.41896     7.93613     7.50400     6.00265     5.49463     5.60208     4.74052
  24      9.44818     9.78454     9.10858     8.43769     8.52474     8.73312     7.06141     6.03808     7.19626     6.35674
  25     10.72929    11.02059    10.37207     9.74287     9.86052    10.00983     8.34781     7.35925     8.39949     7.51655
  26      9.46933     9.95232     9.13032     8.39588     8.29672     8.76608     7.12382     5.96967     7.48632     6.73912
  27     10.83144    11.33159    10.48538     9.74265     9.59574    10.10335     8.49599     7.32724     8.87076     8.11266
  28     11.41332    11.99712    11.08660    10.28439    10.01117    10.66657     9.13859     7.92207     9.64710     8.95825
  29     11.56729    11.95313    11.20844    10.52376    10.51258    10.82537     9.18850     8.10456     9.38220     8.53940
  30      8.55345     9.14539     8.25215     7.43322     7.19494     7.85541     6.28721     5.06415     6.85681     6.24806
  31      7.63641     8.18753     7.41562     6.45896     6.27235     6.81590     5.32219     4.11293     5.92542     5.38659
  32      9.15909     9.80440     8.93106     7.95911     7.59767     8.33710     6.95313     5.71191     7.65868     7.14623
  33      8.29951     8.98832     7.83941     7.36067     7.06079     7.97882     6.22937     5.02903     6.78372     6.15538
  34      8.00167     8.80491     7.56005     7.08007     6.61431     7.76514     6.14169     4.95555     6.86822     6.39413
  35     12.93846    13.32484    12.58349    11.87699    11.84344    12.15891    10.55586     9.46405    10.75432     9.90845
  36     13.41253    13.87185    13.05190    12.32685    12.20026    12.64564    11.05668     9.91147    11.35283    10.53932
  37     13.88762    14.18913    13.54935    12.84071    12.89060    13.05804    11.48867    10.46073    11.58258    10.70922
  38     13.63379    13.82899    13.33281    12.61255    12.77548    12.75166    11.23874    10.30711    11.21516    10.33561
  39     15.25753    15.58397    14.90936    14.19877    14.20833    14.42512    12.86101    11.80764    12.98269    12.10900
  40     14.74104    14.87185    14.45655    13.73760    13.95415    13.82585    12.36135    11.48433    12.26634    11.38291
  41     16.26508    16.52823    15.93389    15.21534    15.28330    15.39079    13.86253    12.85636    13.91349    13.02813
  42     16.06210    16.23098    15.75786    15.04340    15.21086    15.15567    13.67128    12.74960    13.61600    12.72480
  43     12.62446    12.78936    12.34330    11.61277    11.81737    11.73119    10.23584     9.34222    10.18276     9.31253
  44     15.55325    15.94914    15.18481    14.48380    14.41569    14.75905    13.17525    12.07079    13.37467    12.51551
  45     14.73751    14.78843    14.48414    13.76279    14.05672    13.79168    12.39049    11.59523    12.21226    11.33999
  46     17.30496    17.58639    16.96843    16.24525    16.28570    16.42727    14.90182    13.87708    14.97458    14.09014
  47     17.09603    17.21596    16.79986    16.09666    16.30685    16.17565    14.71970    13.83944    14.60765    13.71192
  48      8.72058     9.34968     8.12024     7.95581     7.78094     8.64058     6.70333     5.60220     7.02792     6.25191
  49      9.29202     9.83581     8.69698     8.52054     8.44048     9.14271     7.18305     6.11076     7.38289     6.51956
  50      4.82917     5.00959     4.31967     4.36537     4.89584     4.89187     2.86717     2.59864     2.37819     1.34350
  51      4.78835     5.15673     4.31950     4.11730     4.44359     4.70825     2.62596     1.96607     2.61734     1.83302
  52      5.45843     5.52313     5.08892     4.85704     5.43229     5.19123     3.36543     3.05231     2.86036     1.89136
  53      1.08998     1.78098     1.74264     2.21681     2.49991     2.77580     3.38294     4.37458     3.73665     4.70568
  54      8.93520     9.27869     9.15215     7.48549     7.34148     7.28961     6.74944     5.84684     7.43802     7.21938
  55      5.56500     5.58208     5.88533     4.32481     4.74260     3.94162     3.54419     3.30572     3.85394     3.88328
  56      8.65079     8.73029     8.18504     8.00348     8.44035     8.31641     6.49631     5.87913     6.07358     5.05232
  57      8.57501     9.22434     7.87351     7.96628     7.80335     8.74519     6.73568     5.72485     6.99031     6.21065


            11          12          13          14          15          16          17          18          19          20
 ----------------------------------------------------------------------------------------------------------------------------
  11      0.00000
  12      1.25023     0.00000
  13      1.36118     2.24821     0.00000
  14      2.06115     3.16143     1.01774     0.00000
  15      2.45914     2.75874     1.43675     2.09937     0.00000
  16      2.60882     2.37091     2.11051     3.00586     1.12210     0.00000
  17      3.23255     3.48974     2.40625     2.82810     1.55213     2.12186     0.00000
  18      4.46702     4.72229     3.49725     3.73006     2.46046     3.01213     1.26578     0.00000
  19      3.09754     3.22663     2.81029     3.29759     2.49570     2.77467     1.37225     2.29955     0.00000
  20      4.20793     4.39353     3.96461     4.25030     3.73108     4.07612     2.36992     2.78700     1.32562     0.00000
  21      5.39574     5.72198     4.86805     4.93690     4.48217     5.00529     2.97244     2.75431     2.52516     1.49366
  22      5.85877     6.31521     5.39834     5.31600     5.24911     5.86312     3.82997     3.69965     3.27645     2.13433
  23      5.27441     5.71713     4.49302     4.45387     3.99410     4.66958     2.55229     2.04717     2.63814     2.10349
  24      4.61644     4.69057     4.76933     5.08533     4.81793     5.02068     3.66470     4.23568     2.36525     1.46464
  25      5.61744     5.83104     5.77627     5.92164     5.96579     6.28266     4.78283     5.22784     3.57288     2.49225
  26      4.43106     4.19922     4.94835     5.45961     5.08565     5.01804     4.23379     5.02934     2.87027     2.54147
  27      5.32464     5.16221     5.98774     6.40000     6.32154     6.29748     5.51143     6.30133     4.14113     3.64958
  28      5.73761     5.43697     6.61483     7.08751     7.04968     6.90513     6.43243     7.32212     5.08612     4.78650
  29      6.00486     6.10525     6.44572     6.65410     6.79711     6.99225     5.78771     6.39588     4.47409     3.61554
  30      3.89618     3.29457     4.57377     5.30344     4.61365     4.25698     4.08873     5.02467     2.89993     3.16431
  31      3.06845     2.45036     3.60553     4.40957     3.53350     3.14778     3.14730     4.16835     2.14402     2.83638
  32      3.89703     3.22130     4.85486     5.58490     5.14065     4.74154     4.87661     5.92781     3.74091     4.09873
  33      5.16061     4.34670     5.73793     6.54972     5.47309     4.90721     4.88072     5.60142     3.84724     4.00670
  34      5.49979     4.47445     6.16862     7.07475     5.86322     5.09773     5.54016     6.29595     4.68807     5.07499
  35      7.05703     7.21589     7.56903     7.69349     8.04878     8.27946     7.08676     7.69176     5.79493     4.93042
  36      7.43916     7.47959     8.11143     8.31076     8.63729     8.76214     7.77801     8.47124     6.44271     5.70172
  37      7.90307     8.23526     8.28134     8.24419     8.80897     9.18523     7.79409     8.28575     6.60498     5.63375
  38      7.76971     8.27104     7.93098     7.75139     8.43319     8.96203     7.36284     7.72335     6.32967     5.29632
  39      9.11349     9.42582     9.57634     9.52737    10.16951    10.52284     9.19794     9.71085     7.99140     7.04564
  40      8.86417     9.46369     8.94346     8.64738     9.47877    10.09424     8.41455     8.68528     7.48638     6.44526
  41     10.06162    10.48654    10.43281    10.27234    11.05808    11.50760    10.06891    10.50507     8.94345     7.95635
  42     10.00556    10.56017    10.19779     9.92339    10.79089    11.36025     9.75713    10.07462     8.76124     7.72918
  43      6.93612     7.47279     6.98719     6.79965     7.42657     7.99487     6.32428     6.65182     5.35098     4.31059
  44      9.40321     9.59886     9.99301    10.03133    10.59364    10.84625     9.67342    10.25822     8.40158     7.52086
  45      9.03493     9.73292     8.96269     8.56663     9.46981    10.18013     8.40087     8.56506     7.61824     6.58750
  46     11.00562    11.41280    11.42999    11.27032    12.09156    12.52255    11.12926    11.58553     9.98664     9.01642
  47     11.07830    11.69375    11.20559    10.85936    11.80522    12.43141    10.76726    11.01693     9.84103     8.79679
  48      6.19031     5.51056     6.58631     7.31587     6.18410     5.72719     5.29229     5.75588     4.24911     4.02393
  49      6.31758     5.81732     6.64656     7.26571     6.31570     6.03079     5.24917     5.64463     4.11034     3.58314
  50      5.80344     5.52377     5.13989     5.70684     3.82810     3.62113     3.01757     2.44566     3.58163     4.00472
  51      5.19162     4.75738     4.71128     5.41295     3.46314     3.02829     2.81302     2.67542     3.19078     3.80167
  52      5.36675     5.29522     4.57847     5.01604     3.33506     3.41947     2.29635     1.49478     2.98905     3.35429
  53      8.61176     8.02658     8.07838     8.75751     6.86693     6.17762     7.44797     7.29611     8.33554     9.31627
  54      1.08998     2.06140     2.10420     2.37139     3.41724     3.68998     4.04806     5.26003     3.74709     4.65148
  55      3.27558     3.65349     2.08100     2.40738     1.08998     1.79766     2.25689     2.70797     3.44665     4.58422
  56      6.22073     6.38773     5.71266     5.87684     5.13500     5.51141     3.58305     3.14097     3.17785     2.15927
  57      6.97795     6.24316     7.29105     8.04505     6.73399     6.21228     5.82406     6.13445     4.92507     4.69872


            21          22          23          24          25          26          27          28          29          30
 ----------------------------------------------------------------------------------------------------------------------------
  21      0.00000
  22      1.09892     0.00000
  23      1.09343     1.77861     0.00000
  24      2.51795     2.66857     3.39425     0.00000
  25      2.96322     2.59392     3.92947     1.34820     0.00000
  26      3.83573     4.09480     4.63243     1.42878     2.30428     0.00000
  27      4.75375     4.73288     5.64018     2.25262     2.33084     1.38507     0.00000
  28      5.97050     5.97046     6.82354     3.45458     3.54150     2.33058     1.24679     0.00000
  29      4.31480     3.96711     5.26836     2.20640     1.38165     2.31295     1.50922     2.49060     0.00000
  30      4.60072     5.10534     5.20499     2.60301     3.70123     1.43424     2.46746     2.86108     3.69592     0.00000
  31      4.29072     4.93798     4.68291     2.80970     4.07997     2.11904     3.34815     3.86072     4.37024     1.11023
  32      5.56380     5.97011     6.14232     3.40386     4.31562     2.09327     2.60118     2.51741     4.00638     1.11823
  33      5.25831     5.88443     5.91174     3.52529     4.56523     2.46005     3.30493     3.53478     4.53441     1.53863
  34      6.34686     7.04068     6.90015     4.71480     5.78393     3.59737     4.34939     4.32061     5.68362     2.41260
  35      5.48808     4.95861     6.42965     3.56460     2.54002     3.59643     2.47974     2.95848     1.37790     4.89610
  36      6.41133     5.97167     7.35998     4.26918     3.45103     3.94513     2.61591     2.60008     2.11201     5.06501
  37      5.88709     5.12598     6.76894     4.44707     3.19751     4.80466     3.83739     4.36536     2.50981     6.16393
  38      5.26160     4.33674     6.02723     4.40152     3.10896     5.13630     4.49152     5.26701     3.03352     6.53072
  39      7.30100     6.51890     8.18495     5.81423     4.59266     6.01929     4.89203     5.14409     3.74643     7.31845
  40      6.21092     5.18721     6.87436     5.68654     4.40584     6.49221     5.85382     6.58194     4.39936     7.88165
  41      8.02819     7.13004     8.84330     6.84688     5.56272     7.21408     6.16559     6.47756     4.92115     8.54701
  42      7.57390     6.57417     8.28535     6.82816     5.51606     7.45983     6.61707     7.14974     5.22191     8.84190
  43      4.22439     3.29281     4.95083     3.58400     2.37366     4.51631     4.14544     5.09924     2.73405     5.88969
  44      7.92707     7.24237     8.85579     6.18286     5.07032     6.14421     4.88167     4.88149     3.99720     7.34474
  45      6.15774     5.07874     6.68565     6.05313     4.84908     7.02113     6.55565     7.38148     5.10432     8.38929
  46      9.11105     8.21666     9.93233     7.87017     6.60144     8.15234     7.03018     7.21143     5.87163     9.45151
  47      8.51566     7.47100     9.16172     7.98296     6.67214     8.68060     7.86938     8.40628     6.46035    10.06764
  48      4.98864     5.57887     5.77363     3.48558     4.33053     2.75458     3.46339     3.89399     4.38921     2.50981
  49      4.40979     4.86416     5.31166     2.86588     3.51003     2.38668     2.96178     3.61397     3.61538     2.69695
  50      4.12039     5.21592     3.85340     5.16943     6.30278     5.59330     6.94236     7.83654     7.32071     5.24230
  51      4.26941     5.35936     4.13818     4.82673     6.06253     5.02491     6.39346     7.18958     6.94910     4.48255
  52      3.32226     4.40032     2.91183     4.66731     5.73726     5.29351     6.62441     7.60430     6.85250     5.12923
  53      9.75161    10.82355     9.26900    10.36724    11.66804    10.29441    11.63605    12.14363    12.44848     9.29441
  54      5.81738     6.09547     5.76007     4.83708     5.63652     4.63637     5.28211     5.60267     5.87688     4.29576
  55      5.09166     5.85572     4.40827     5.78143     6.88060     6.14541     7.38334     8.13311     7.78685     5.69078
  56      1.08998     1.78400     1.77760     2.98137     3.38771     4.18735     5.10065     6.30894     4.68569     4.91359
  57      5.49281     6.14715     6.24026     4.31865     5.12726     3.72930     4.41781     4.81692     5.25182     3.43808


            31          32          33          34          35          36          37          38          39          40
 ----------------------------------------------------------------------------------------------------------------------------
  31      0.00000
  32      1.82150     0.00000
  33      2.15150     2.13840     0.00000
  34      2.78862     2.60489     1.24501     0.00000
  35      5.63816     5.00819     5.69098     6.77580     0.00000
  36      5.93498     4.97687     5.75682     6.72455     1.10145     0.00000
  37      6.79437     6.32622     7.01460     8.13819     1.43123     2.16567     0.00000
  38      6.96251     6.83855     7.48393     8.66416     2.50486     3.45794     1.42075     0.00000
  39      8.03131     7.35486     8.10154     9.16631     2.43389     2.59494     1.42664     2.46718     0.00000
  40      8.26952     8.18259     8.84432    10.02985     3.74540     4.57585     2.42034     1.36950     2.82898     0.00000
  41      9.19009     8.61567     9.37593    10.46821     3.69617     3.95500     2.42389     2.83196     1.36600     2.48913
  42      9.34317     9.03535     9.74865    10.90298     4.24633     4.81112     2.81705     2.44401     2.44014     1.44814
  43      6.19257     6.30707     6.89426     8.08998     2.73742     3.80798     2.17200     1.09375     3.44912     2.14564
  44      8.16374     7.26755     8.02518     9.00883     2.62488     2.31083     2.18228     3.45430     1.09808     3.92651
  45      8.65372     8.76208     9.39214    10.59247     4.65255     5.55579     3.42178     2.15387     3.91433     1.08703
  46     10.13994     9.45242    10.24448    11.30005     4.57801     4.64364     3.42370     3.92021     2.14599     3.46858
  47     10.53441    10.27541    10.97855    12.14280     5.50300     6.04334     4.07353     3.58917     3.57903     2.35941
  48      3.12756     3.27839     1.37606     2.28709     5.51938     5.66017     6.76999     7.22697     7.84458     8.55305
  49      3.36975     3.53024     2.08770     3.18912     4.73810     4.98555     5.91525     6.33666     7.01115     7.64043
  50      4.49945     6.23079     5.12409     5.54414     8.68551     9.32064     9.49687     9.17351    10.88429    10.25204
  51      3.71440     5.41821     4.33097     4.65727     8.32610     8.87488     9.24758     9.04496    10.61408    10.19864
  52      4.35085     6.12730     5.28252     5.86547     8.19909     8.91266     8.91011     8.47644    10.32027     9.50232
  53      8.40665     9.82941     8.96750     8.54219    13.81365    14.23731    14.80869    14.60552    16.16195    15.73673
  54      3.68246     4.10947     5.69768     6.09459     6.76755     7.10905     7.53324     7.41951     8.66063     8.45524
  55      4.60376     6.21873     6.48177     6.81702     9.02742     9.65780     9.71249     9.23563    11.08376    10.20601
  56      4.69343     5.96029     5.26164     6.34114     5.85155     6.74165     6.28161     5.73735     7.65559     6.67460
  57      3.92693     4.19034     2.12738     2.65388     6.34404     6.47948     7.55269     7.99364     8.59849     9.28875


            41          42          43          44          45          46          47          48          49          50
 ----------------------------------------------------------------------------------------------------------------------------
  41      0.00000
  42      1.44886     0.00000
  43      3.92366     3.44496     0.00000
  44      2.14368     3.44434     4.34264     0.00000
  45      3.46047     2.17655     2.50647     5.01208     0.00000
  46      1.08951     2.18811     5.01135     2.49217     4.34637     0.00000
  47      2.35124     1.25859     4.49725     4.48588     2.60737     2.60864     0.00000
  48      9.08786     9.43571     6.67429     7.79268     9.10198     9.95663    10.63605     0.00000
  49      8.21705     8.52236     5.80719     7.02490     8.18969     9.10336     9.70618     1.00865     0.00000
  50     11.82167    11.56215     8.18043    11.27560    10.26932    12.87543    12.57110     5.07525     5.25257     0.00000
  51     11.62468    11.46911     8.08231    10.93129    10.30214    12.66063    12.53376     4.46174     4.76921     0.97801
  52     11.19258    10.85002     7.44803    10.78638     9.45697    12.26212    11.82565     5.25717     5.27611     1.00876
  53     17.20082    17.04133    13.61000    16.41604    15.75999    18.22951    18.09381     9.43301    10.07241     5.83837
  54      9.55877     9.52568     6.66936     8.94769     8.64668    10.46057    10.57511     6.72531     6.76350     6.77322
  55     11.91150    11.55460     8.20076    11.55821    10.10302    12.95507    12.51527     7.14698     7.28408     4.07097
  56      8.39935     7.98170     4.78150     8.23816     6.65391     9.46359     8.90863     4.73829     4.13886     3.86688
  57      9.82278    10.16167     7.44517     8.53228     9.81771    10.67701    11.33817     0.99999     1.66067     5.06729


            51          52          53          54          55          56          57
 ----------------------------------------------------------------------------------------
  51      0.00000
  52      1.57266     0.00000
  53      5.73272     6.50804     0.00000
  54      6.18590     6.27065     9.67376     0.00000
  55      3.88912     3.57851     6.47614     4.15945     0.00000
  56      4.12931     3.22355     9.67922     6.72525     5.71161     0.00000
  57      4.51650     5.40463     9.24746     7.58872     7.62810     5.06789     0.00000



 MOLECULAR CHARGE        -1
 NUMBER OF ELECTRONS    178
 DOUBLY OCCUPIED MOS     89


 *** OPTIONS FOR THE MOLECULE UNDER STUDY    ***
 *** DEFINED EITHER EXPLICITLY OR BY DEFAULT ***

 KHARGE =   -1     IMULT  =    0     KTRIAL =   11     KGEOM  =    0     IPUBO  =    1
 IUHF   =    0     KITSCF =  100     NPRINT =   -4     IFAST  =    2     IDIAG  =    0
 KSYM   =    0     NUMSYM =    0     KCI    =    5     NSTART =    4     NSTEP  =    4

 FAST DIAGONALIZATIONS NOT ALLOWED IN SCF

 ANALYTICAL GRADIENT SELECTED BY DEFAULT.

 CHKANA: IPSANA =  1, ISKPA = -3, ISKPAF =  0



 *** OPTIONS FOR THE GUGA-CI CALCULATIONS    ***
 *** DEFINED EITHER EXPLICITLY OR BY DEFAULT ***

 ICI1   =   42     ICI2   =   43     IOUTCI =    1     MOVO   =    0     MPERT  =    0
 NCIREF =    3     MCIREF =    0     LEVEXC =    1     IROOT  =    2     LROOT  =    2
 CICHG  =   -1     MULTCI =    1     NCISYM =    0     CIDIR  =    1     CIDIAG =    0
 IUVCD  =    2     IMCD   =    0     IPOP   =    2     CIPLOT =    0     CILEAD = 1000
 JCI1   =    0     JCI2   =    0     PIPOP  = 4000     INATUR =    0     CISELT =   85
 IMOMAP =    0     ICIMAP =    0     KEEPCI =    0     NCIGRD =    0     ICROSS =    0
 MINDAV =    0     MAXDAV =    0     KITDAV =    0     NRMDAV =    7     MAXMAP =    5
 MAPTHR =   90     IOP167 =    0     ICIOCC =   60     ICIVIR =   60     LDROOT =    2



 ORBITALS INCLUDED IN THE ACTIVE CI SPACE.
 THE NUMBERING REFERS TO THE SCF SOLUTION.

 MOS       48  49  50  51  52  53  54  55  56  57  58  59  60  61  62  63  64  65  66  67
           68  69  70  71  72  73  74  75  76  77  78  79  80  81  82  83  84  85  86  87
           88  89  90  91  92  93  94  95  96  97  98  99 100 101 102 103 104 105 106 107
 MOS      108 109 110 111 112 113 114 115 116 117 118 119 120 121 122 123 124 125 126 127
          128 129 130 131 132

 MOSYM      0   0   0   0   0   0   0   0   0   0   0   0   0   0   0   0   0   0   0   0
            0   0   0   0   0   0   0   0   0   0   0   0   0   0   0   0   0   0   0   0
            0   0   0   0   0   0   0   0   0   0   0   0   0   0   0   0   0   0   0   0

 MOSYM      0   0   0   0   0   0   0   0   0   0   0   0   0   0   0   0   0   0   0   0
            0   0   0   0   0



 REFERENCE CONFIGURATIONS FOR GUGA-CI.
 OCCUPATION NUMBERS FOR THE ACTIVE ORBITALS.

 REF  1     2   2   2   2   2   2   2   2   2   2   2   2   2   2   2   2   2   2   2   2
            2   2   2   2   2   2   2   2   2   2   2   2   2   2   2   2   2   2   2   2
            2   2   0   0   0   0   0   0   0   0   0   0   0   0   0   0   0   0   0   0

 REF  0     0   0   0   0   0   0   0   0   0   0   0   0   0   0   0   0   0   0   0   0
            0   0   0   0

 REF  2     2   2   2   2   2   2   2   2   2   2   2   2   2   2   2   2   2   2   2   2
            2   2   2   2   2   2   2   2   2   2   2   2   2   2   2   2   2   2   2   2
            2   1   1   0   0   0   0   0   0   0   0   0   0   0   0   0   0   0   0   0

 REF  0     0   0   0   0   0   0   0   0   0   0   0   0   0   0   0   0   0   0   0   0
            0   0   0   0

 REF  3     2   2   2   2   2   2   2   2   2   2   2   2   2   2   2   2   2   2   2   2
            2   2   2   2   2   2   2   2   2   2   2   2   2   2   2   2   2   2   2   2
            2   0   2   0   0   0   0   0   0   0   0   0   0   0   0   0   0   0   0   0

 REF  0     0   0   0   0   0   0   0   0   0   0   0   0   0   0   0   0   0   0   0   0
            0   0   0   0



 *** OPTIONS FOR EXTERNAL POINTS AND QM/MM   ***
 *** DEFINED EITHER EXPLICITLY OR BY DEFAULT ***

 NUMATM = 4035     MMCOUP =    2     MMPOT  =    4     MMLINK =    2     NLINK  =    5
 MMFILE =    0     MCHARG =    0



 NUMBERS OF LINK ATOMS IN THE LIST OF QM ATOMS.

    53   54   55   56   57



                                                                                     
     ChemShell MNDO interface:                                                       



     SCF HEAT OF FORMATION     -451.83215 KCAL/MOL
     SCF BINDING ENERGY        -267.18495 EV
     SCF TOTAL ENERGY         -6635.08519 EV
     ELECTRONIC ENERGY       -51847.39780 EV
     NUCLEAR ENERGY           45212.31261 EV
     IONIZATION ENERGY            6.66567 EV
     SCF CYCLES                  24


     THE DENSITY MATRIX HAS BEEN SAVED ON FILE 11



     NET ATOMIC CHARGES AND ORBITAL POPULATIONS.

     ATOM    I        CHARGE      DENSITY        S          PX          PY          PZ

      C      1       -0.50846     4.50846     1.39900     1.07374     0.96975     1.06597
      H      2        0.20692     0.79308     0.79308
      H      3        0.17888     0.82112     0.82112
      C      4       -0.32248     4.32248     1.37129     1.03639     0.90051     1.01429
      H      5        0.17832     0.82168     0.82168
      H      6        0.19198     0.80802     0.80802
      C      7        0.66432     3.33568     1.26280     0.66702     0.73251     0.67334
      O      8       -0.67541     6.67541     1.94564     1.62129     1.43489     1.67359
      O      9       -0.61199     6.61199     1.92885     1.36467     1.67228     1.64620
      H     10        0.45193     0.54807     0.54807
      C     11        0.36322     3.63678     1.28894     0.73555     0.85546     0.75683
      O     12       -0.61297     6.61297     1.94483     1.59729     1.59926     1.47159
      N     13       -0.45816     5.45816     1.56950     1.11641     1.33804     1.43420
      H     14        0.32640     0.67360     0.67360
      C     15       -0.17100     4.17100     1.34879     1.04088     0.90815     0.87318
      H     16        0.20331     0.79669     0.79669
      C     17        0.50275     3.49725     1.30720     0.68177     0.72111     0.78716
      O     18       -0.62345     6.62345     1.94150     1.30157     1.68121     1.69917
      N     19       -0.43811     5.43811     1.71254     1.45933     1.12277     1.14348
      C     20        0.33745     3.66255     1.30286     0.83239     0.78797     0.73933
      C     21       -0.60128     4.60128     1.41078     0.94117     1.12603     1.12330
      H     22        0.22404     0.77596     0.77596
      H     23        0.22381     0.77619     0.77619
      C     24        0.04079     3.95921     1.28412     0.75162     0.87065     1.05283
      N     25       -0.22770     5.22770     1.72578     1.33034     1.01251     1.15906
      N     26       -0.28232     5.28232     1.54046     1.06900     1.09713     1.57574
      C     27        0.50433     3.49567     1.25656     0.74127     0.75623     0.74161
      O     28       -0.73190     6.73190     1.94323     1.21060     1.88115     1.69692
      C     29       -0.18568     4.18568     1.30732     0.81233     0.86720     1.19883
      C     30       -0.16420     4.16420     1.34538     1.00882     0.85687     0.95313
      H     31        0.27198     0.72802     0.72802
      H     32        0.20335     0.79665     0.79665
      C     33        0.58026     3.41974     1.25782     0.69154     0.73800     0.73238
      O     34       -0.60617     6.60617     1.94567     1.36494     1.40924     1.88632
      C     35       -0.00694     4.00694     1.36606     0.99536     0.82725     0.81826
      H     36        0.21731     0.78269     0.78269
      C     37       -0.11873     4.11873     1.30163     0.87558     0.84066     1.10086
      C     38       -0.13565     4.13565     1.36018     0.87237     0.97367     0.92943
      C     39       -0.13199     4.13199     1.36317     0.97869     0.86023     0.92990
      C     40       -0.38425     4.38425     1.37753     1.02085     0.89152     1.09435
      C     41       -0.38084     4.38084     1.37680     0.94260     0.97189     1.08955
      C     42        0.53437     3.46563     1.26047     0.75531     0.74623     0.70362
      H     43        0.20811     0.79189     0.79189
      H     44        0.20513     0.79487     0.79487
      H     45        0.23261     0.76739     0.76739
      H     46        0.20987     0.79013     0.79013
      O     47       -0.73363     6.73363     1.94434     1.66256     1.45616     1.67056
      N     48       -0.70282     5.70282     1.61288     1.57658     1.31440     1.19895
      H     49        0.37901     0.62099     0.62099
      O     50       -0.71309     6.71309     1.93221     1.36668     1.61820     1.79601
      H     51        0.36617     0.63383     0.63383
      H     52        0.41758     0.58242     0.58242
      H     53        0.12194     0.87806     0.87806
      H     54        0.19901     0.80099     0.80099
      H     55        0.28306     0.71694     0.71694
      H     56        0.26122     0.73878     0.73878
      H     57        0.23980     0.76020     0.76020



     DIPOLE              X           Y           Z         TOTAL

     POINT-CHARGE     7.64213    16.04342     9.09750    19.96391
     HYBRID          -0.01622    -0.21412    -0.84687     0.87367
     SUM              7.62591    15.82930     8.25062    19.41118


     POINT GROUP C1. NO SYMMETRY.



    MO     EIGENVALUE     LABEL   NSYM  IMOSYM   OCC.  ACTIVE

     1      -38.53864      A        1      1      2.      -
     2      -37.61257      A        1      2      2.      -
     3      -36.92288      A        1      3      2.      -
     4      -36.73558      A        1      4      2.      -
     5      -36.72002      A        1      5      2.      -
     6      -36.63031      A        1      6      2.      -
     7      -36.08708      A        1      7      2.      -
     8      -35.30950      A        1      8      2.      -
     9      -35.02256      A        1      9      2.      -
    10      -33.31682      A        1     10      2.      -
    11      -32.54464      A        1     11      2.      -
    12      -32.31706      A        1     12      2.      -
    13      -31.02094      A        1     13      2.      -
    14      -27.60913      A        1     14      2.      -
    15      -26.94026      A        1     15      2.      -
    16      -26.27303      A        1     16      2.      -
    17      -25.45238      A        1     17      2.      -
    18      -24.64123      A        1     18      2.      -
    19      -24.40340      A        1     19      2.      -
    20      -24.28451      A        1     20      2.      -
    21      -23.67234      A        1     21      2.      -
    22      -22.91161      A        1     22      2.      -
    23      -22.48286      A        1     23      2.      -
    24      -21.35457      A        1     24      2.      -
    25      -20.85054      A        1     25      2.      -
    26      -20.26484      A        1     26      2.      -
    27      -20.18746      A        1     27      2.      -
    28      -19.71949      A        1     28      2.      -
    29      -19.47232      A        1     29      2.      -
    30      -19.26935      A        1     30      2.      -
    31      -18.51415      A        1     31      2.      -
    32      -18.23465      A        1     32      2.      -
    33      -17.93368      A        1     33      2.      -
    34      -17.88520      A        1     34      2.      -
    35      -17.76034      A        1     35      2.      -
    36      -17.42428      A        1     36      2.      -
    37      -16.98427      A        1     37      2.      -
    38      -16.91837      A        1     38      2.      -
    39      -16.54164      A        1     39      2.      -
    40      -16.41272      A        1     40      2.      -
    41      -16.33556      A        1     41      2.      -
    42      -16.13352      A        1     42      2.      -
    43      -15.90055      A        1     43      2.      -
    44      -15.74948      A        1     44      2.      -
    45      -15.67486      A        1     45      2.      -
    46      -15.46150      A        1     46      2.      -
    47      -15.39789      A        1     47      2.      -
    48      -15.28021      A        1     48      2.      2
    49      -15.07869      A        1     49      2.      2
    50      -14.94072      A        1     50      2.      2
    51      -14.87989      A        1     51      2.      2
    52      -14.69488      A        1     52      2.      2
    53      -14.65263      A        1     53      2.      2
    54      -14.33988      A        1     54      2.      2
    55      -14.22075      A        1     55      2.      2
    56      -14.02779      A        1     56      2.      2
    57      -13.84190      A        1     57      2.      2
    58      -13.78503      A        1     58      2.      2
    59      -13.68044      A        1     59      2.      2
    60      -13.64954      A        1     60      2.      2
    61      -13.48330      A        1     61      2.      2
    62      -13.21090      A        1     62      2.      2
    63      -13.19255      A        1     63      2.      2
    64      -13.11097      A        1     64      2.      2
    65      -13.10641      A        1     65      2.      2
    66      -12.94152      A        1     66      2.      2
    67      -12.74812      A        1     67      2.      2
    68      -12.70195      A        1     68      2.      2
    69      -12.63543      A        1     69      2.      2
    70      -12.30155      A        1     70      2.      2
    71      -12.15046      A        1     71      2.      2
    72      -12.09451      A        1     72      2.      2
    73      -12.04617      A        1     73      2.      2
    74      -11.82889      A        1     74      2.      2
    75      -11.54481      A        1     75      2.      2
    76      -11.35125      A        1     76      2.      2
    77      -11.20503      A        1     77      2.      2
    78      -11.13641      A        1     78      2.      2
    79      -11.11292      A        1     79      2.      2
    80      -11.08203      A        1     80      2.      2
    81      -10.94669      A        1     81      2.      2
    82      -10.56096      A        1     82      2.      2
    83      -10.15422      A        1     83      2.      2
    84       -9.93688      A        1     84      2.      2
    85       -9.76840      A        1     85      2.      2
    86       -9.35618      A        1     86      2.      2
    87       -8.93067      A        1     87      2.      2
    88       -8.83796      A        1     88      2.      2
    89       -6.66567      A        1     89      2.      1
    90       -0.97559      A        1     90      0.      1
    91        0.30412      A        1     91      0.      0
    92        1.60927      A        1     92      0.      0
    93        1.78755      A        1     93      0.      0
    94        1.83468      A        1     94      0.      0
    95        1.90987      A        1     95      0.      0
    96        2.40335      A        1     96      0.      0
    97        2.45770      A        1     97      0.      0
    98        2.50280      A        1     98      0.      0
    99        2.81709      A        1     99      0.      0
   100        2.87298      A        1    100      0.      0
   101        2.99230      A        1    101      0.      0
   102        3.16552      A        1    102      0.      0
   103        3.35483      A        1    103      0.      0
   104        3.43651      A        1    104      0.      0
   105        3.46865      A        1    105      0.      0
   106        3.48457      A        1    106      0.      0
   107        3.82522      A        1    107      0.      0
   108        3.95432      A        1    108      0.      0
   109        3.97399      A        1    109      0.      0
   110        4.05521      A        1    110      0.      0
   111        4.11277      A        1    111      0.      0
   112        4.25157      A        1    112      0.      0
   113        4.30183      A        1    113      0.      0
   114        4.38735      A        1    114      0.      0
   115        4.67312      A        1    115      0.      0
   116        4.69302      A        1    116      0.      0
   117        4.81188      A        1    117      0.      0
   118        4.89226      A        1    118      0.      0
   119        4.92448      A        1    119      0.      0
   120        5.06132      A        1    120      0.      0
   121        5.08340      A        1    121      0.      0
   122        5.30637      A        1    122      0.      0
   123        5.32126      A        1    123      0.      0
   124        5.33617      A        1    124      0.      0
   125        5.39086      A        1    125      0.      0
   126        5.48886      A        1    126      0.      0
   127        5.63328      A        1    127      0.      0
   128        5.64717      A        1    128      0.      0
   129        5.72632      A        1    129      0.      0
   130        5.88945      A        1    130      0.      0
   131        5.99294      A        1    131      0.      0
   132        6.08445      A        1    132      0.      0
   133        6.08479      A        1    133      0.      -
   134        6.29941      A        1    134      0.      -
   135        6.49959      A        1    135      0.      -
   136        6.66902      A        1    136      0.      -
   137        6.96648      A        1    137      0.      -
   138        7.03922      A        1    138      0.      -
   139        7.18073      A        1    139      0.      -
   140        7.55415      A        1    140      0.      -
   141        7.76930      A        1    141      0.      -
   142        7.87599      A        1    142      0.      -
   143        8.09157      A        1    143      0.      -
   144        8.56702      A        1    144      0.      -
   145        8.79150      A        1    145      0.      -
   146        8.85557      A        1    146      0.      -
   147        8.86853      A        1    147      0.      -
   148        8.96193      A        1    148      0.      -
   149        8.98030      A        1    149      0.      -
   150        9.14741      A        1    150      0.      -
   151        9.39864      A        1    151      0.      -
   152        9.52836      A        1    152      0.      -
   153        9.81751      A        1    153      0.      -
   154       10.28189      A        1    154      0.      -
   155       11.08149      A        1    155      0.      -
   156       11.22589      A        1    156      0.      -



 REFERENCE OCCUPATIONS

   48  49  50  51  52  53  54  55  56  57  58  59  60  61  62  63  64  65  66  67  68  69  70  71  72  73  74  75  76  77
    A   A   A   A   A   A   A   A   A   A   A   A   A   A   A   A   A   A   A   A   A   A   A   A   A   A   A   A   A   A
    2   2   2   2   2   2   2   2   2   2   2   2   2   2   2   2   2   2   2   2   2   2   2   2   2   2   2   2   2   2
    2   2   2   2   2   2   2   2   2   2   2   2   2   2   2   2   2   2   2   2   2   2   2   2   2   2   2   2   2   2
    2   2   2   2   2   2   2   2   2   2   2   2   2   2   2   2   2   2   2   2   2   2   2   2   2   2   2   2   2   2

   78  79  80  81  82  83  84  85  86  87  88  89  90  91  92  93  94  95  96  97  98  99 100 101 102 103 104 105 106 107
    A   A   A   A   A   A   A   A   A   A   A   A   A   A   A   A   A   A   A   A   A   A   A   A   A   A   A   A   A   A
    2   2   2   2   2   2   2   2   2   2   2   2   0   0   0   0   0   0   0   0   0   0   0   0   0   0   0   0   0   0
    2   2   2   2   2   2   2   2   2   2   2   1   1   0   0   0   0   0   0   0   0   0   0   0   0   0   0   0   0   0
    2   2   2   2   2   2   2   2   2   2   2   0   2   0   0   0   0   0   0   0   0   0   0   0   0   0   0   0   0   0

  108 109 110 111 112 113 114 115 116 117 118 119 120 121 122 123 124 125 126 127 128 129 130 131 132
    A   A   A   A   A   A   A   A   A   A   A   A   A   A   A   A   A   A   A   A   A   A   A   A   A
    0   0   0   0   0   0   0   0   0   0   0   0   0   0   0   0   0   0   0   0   0   0   0   0   0
    0   0   0   0   0   0   0   0   0   0   0   0   0   0   0   0   0   0   0   0   0   0   0   0   0
    0   0   0   0   0   0   0   0   0   0   0   0   0   0   0   0   0   0   0   0   0   0   0   0   0


 Point group used in GUGA-CI calculation:  C1


 There are      7057 CI basis functions of symmetry A   (1).
 There are      7057 CI basis functions in the CI problem.
 There are      7057 CI basis functions represented by the DRT.


 Reference occupations and corresponding configuration state functions:

              48  49  50  51  52  53  54  55  56  57  58  59  60  61  62  63  64  65  66  67  68  69  70  71  72  73  74  75  76  77
 Ref.      1   2   2   2   2   2   2   2   2   2   2   2   2   2   2   2   2   2   2   2   2   2   2   2   2   2   2   2   2   2   2
 CSF       1  ab  ab  ab  ab  ab  ab  ab  ab  ab  ab  ab  ab  ab  ab  ab  ab  ab  ab  ab  ab  ab  ab  ab  ab  ab  ab  ab  ab  ab  ab

              78  79  80  81  82  83  84  85  86  87  88  89  90  91  92  93  94  95  96  97  98  99 100 101 102 103 104 105 106 107
 Ref.      1   2   2   2   2   2   2   2   2   2   2   2   2   0   0   0   0   0   0   0   0   0   0   0   0   0   0   0   0   0   0
 CSF       1  ab  ab  ab  ab  ab  ab  ab  ab  ab  ab  ab  ab   -   -   -   -   -   -   -   -   -   -   -   -   -   -   -   -   -   -

             108 109 110 111 112 113 114 115 116 117 118 119 120 121 122 123 124 125 126 127 128 129 130 131 132
 Ref.      1   0   0   0   0   0   0   0   0   0   0   0   0   0   0   0   0   0   0   0   0   0   0   0   0   0
 CSF       1   -   -   -   -   -   -   -   -   -   -   -   -   -   -   -   -   -   -   -   -   -   -   -   -   -

              48  49  50  51  52  53  54  55  56  57  58  59  60  61  62  63  64  65  66  67  68  69  70  71  72  73  74  75  76  77
 Ref.      2   2   2   2   2   2   2   2   2   2   2   2   2   2   2   2   2   2   2   2   2   2   2   2   2   2   2   2   2   2   2
 CSF       2  ab  ab  ab  ab  ab  ab  ab  ab  ab  ab  ab  ab  ab  ab  ab  ab  ab  ab  ab  ab  ab  ab  ab  ab  ab  ab  ab  ab  ab  ab

              78  79  80  81  82  83  84  85  86  87  88  89  90  91  92  93  94  95  96  97  98  99 100 101 102 103 104 105 106 107
 Ref.      2   2   2   2   2   2   2   2   2   2   2   2   1   1   0   0   0   0   0   0   0   0   0   0   0   0   0   0   0   0   0
 CSF       2  ab  ab  ab  ab  ab  ab  ab  ab  ab  ab  ab   a   b   -   -   -   -   -   -   -   -   -   -   -   -   -   -   -   -   -

             108 109 110 111 112 113 114 115 116 117 118 119 120 121 122 123 124 125 126 127 128 129 130 131 132
 Ref.      2   0   0   0   0   0   0   0   0   0   0   0   0   0   0   0   0   0   0   0   0   0   0   0   0   0
 CSF       2   -   -   -   -   -   -   -   -   -   -   -   -   -   -   -   -   -   -   -   -   -   -   -   -   -

              48  49  50  51  52  53  54  55  56  57  58  59  60  61  62  63  64  65  66  67  68  69  70  71  72  73  74  75  76  77
 Ref.      3   2   2   2   2   2   2   2   2   2   2   2   2   2   2   2   2   2   2   2   2   2   2   2   2   2   2   2   2   2   2
 CSF      44  ab  ab  ab  ab  ab  ab  ab  ab  ab  ab  ab  ab  ab  ab  ab  ab  ab  ab  ab  ab  ab  ab  ab  ab  ab  ab  ab  ab  ab  ab

              78  79  80  81  82  83  84  85  86  87  88  89  90  91  92  93  94  95  96  97  98  99 100 101 102 103 104 105 106 107
 Ref.      3   2   2   2   2   2   2   2   2   2   2   2   0   2   0   0   0   0   0   0   0   0   0   0   0   0   0   0   0   0   0
 CSF      44  ab  ab  ab  ab  ab  ab  ab  ab  ab  ab  ab   -  ab   -   -   -   -   -   -   -   -   -   -   -   -   -   -   -   -   -

             108 109 110 111 112 113 114 115 116 117 118 119 120 121 122 123 124 125 126 127 128 129 130 131 132
 Ref.      3   0   0   0   0   0   0   0   0   0   0   0   0   0   0   0   0   0   0   0   0   0   0   0   0   0
 CSF      44   -   -   -   -   -   -   -   -   -   -   -   -   -   -   -   -   -   -   -   -   -   -   -   -   -


 Number of one-electron generators:    338266
 Number of two-electron generators:  18564585
 
 ==========================================================
 
 Results of CI calculation:
 
 Correlation energy for CI root   2:          1.53787323 eV
 Total energy:                            -6633.54732066 eV
 Electronic energy:                      -51845.85993016 eV
 Nuclear energy:                          45212.31260950 eV
 

 ---------------------------------------------------------------
 State  1,  Mult. 1,  E-E(1)=  0.000000 eV,  E=  -6635.393360 eV
 ---------------------------------------------------------------

  -6635.09      0.962692       1    48  49  50  51  52  53  54  55  56  57  58  59  60  61  62  63  64  65  66  67
                                    ab  ab  ab  ab  ab  ab  ab  ab  ab  ab  ab  ab  ab  ab  ab  ab  ab  ab  ab  ab
 
                                    68  69  70  71  72  73  74  75  76  77  78  79  80  81  82  83  84  85  86  87
                                    ab  ab  ab  ab  ab  ab  ab  ab  ab  ab  ab  ab  ab  ab  ab  ab  ab  ab  ab  ab
 
                                    88  89  90  91  92  93  94  95  96  97  98  99 100 101 102 103 104 105 106 107
                                    ab  ab   -   -   -   -   -   -   -   -   -   -   -   -   -   -   -   -   -   -
 
                                   108 109 110 111 112 113 114 115 116 117 118 119 120 121 122 123 124 125 126 127
                                     -   -   -   -   -   -   -   -   -   -   -   -   -   -   -   -   -   -   -   -
 
                                   128 129 130 131 132
                                     -   -   -   -   -
 
  -6632.15     -0.138150       2    48  49  50  51  52  53  54  55  56  57  58  59  60  61  62  63  64  65  66  67
                                    ab  ab  ab  ab  ab  ab  ab  ab  ab  ab  ab  ab  ab  ab  ab  ab  ab  ab  ab  ab
 
                                    68  69  70  71  72  73  74  75  76  77  78  79  80  81  82  83  84  85  86  87
                                    ab  ab  ab  ab  ab  ab  ab  ab  ab  ab  ab  ab  ab  ab  ab  ab  ab  ab  ab  ab
 
                                    88  89  90  91  92  93  94  95  96  97  98  99 100 101 102 103 104 105 106 107
                                    ab   a   b   -   -   -   -   -   -   -   -   -   -   -   -   -   -   -   -   -
 
                                   108 109 110 111 112 113 114 115 116 117 118 119 120 121 122 123 124 125 126 127
                                     -   -   -   -   -   -   -   -   -   -   -   -   -   -   -   -   -   -   -   -
 
                                   128 129 130 131 132
                                     -   -   -   -   -
 
  -6627.53     -0.135150      44    48  49  50  51  52  53  54  55  56  57  58  59  60  61  62  63  64  65  66  67
                                    ab  ab  ab  ab  ab  ab  ab  ab  ab  ab  ab  ab  ab  ab  ab  ab  ab  ab  ab  ab
 
                                    68  69  70  71  72  73  74  75  76  77  78  79  80  81  82  83  84  85  86  87
                                    ab  ab  ab  ab  ab  ab  ab  ab  ab  ab  ab  ab  ab  ab  ab  ab  ab  ab  ab  ab
 
                                    88  89  90  91  92  93  94  95  96  97  98  99 100 101 102 103 104 105 106 107
                                    ab   -  ab   -   -   -   -   -   -   -   -   -   -   -   -   -   -   -   -   -
 
                                   108 109 110 111 112 113 114 115 116 117 118 119 120 121 122 123 124 125 126 127
                                     -   -   -   -   -   -   -   -   -   -   -   -   -   -   -   -   -   -   -   -
 
                                   128 129 130 131 132
                                     -   -   -   -   -
 

 ---------------------------------------------------------------
 State  2,  Mult. 1,  E-E(1)=  1.846039 eV,  E=  -6633.547321 eV
 ---------------------------------------------------------------

  -6632.15     -0.896588       2    48  49  50  51  52  53  54  55  56  57  58  59  60  61  62  63  64  65  66  67
                                    ab  ab  ab  ab  ab  ab  ab  ab  ab  ab  ab  ab  ab  ab  ab  ab  ab  ab  ab  ab
 
                                    68  69  70  71  72  73  74  75  76  77  78  79  80  81  82  83  84  85  86  87
                                    ab  ab  ab  ab  ab  ab  ab  ab  ab  ab  ab  ab  ab  ab  ab  ab  ab  ab  ab  ab
 
                                    88  89  90  91  92  93  94  95  96  97  98  99 100 101 102 103 104 105 106 107
                                    ab   a   b   -   -   -   -   -   -   -   -   -   -   -   -   -   -   -   -   -
 
                                   108 109 110 111 112 113 114 115 116 117 118 119 120 121 122 123 124 125 126 127
                                     -   -   -   -   -   -   -   -   -   -   -   -   -   -   -   -   -   -   -   -
 
                                   128 129 130 131 132
                                     -   -   -   -   -
 
  -6627.53     -0.194534      44    48  49  50  51  52  53  54  55  56  57  58  59  60  61  62  63  64  65  66  67
                                    ab  ab  ab  ab  ab  ab  ab  ab  ab  ab  ab  ab  ab  ab  ab  ab  ab  ab  ab  ab
 
                                    68  69  70  71  72  73  74  75  76  77  78  79  80  81  82  83  84  85  86  87
                                    ab  ab  ab  ab  ab  ab  ab  ab  ab  ab  ab  ab  ab  ab  ab  ab  ab  ab  ab  ab
 
                                    88  89  90  91  92  93  94  95  96  97  98  99 100 101 102 103 104 105 106 107
                                    ab   -  ab   -   -   -   -   -   -   -   -   -   -   -   -   -   -   -   -   -
 
                                   108 109 110 111 112 113 114 115 116 117 118 119 120 121 122 123 124 125 126 127
                                     -   -   -   -   -   -   -   -   -   -   -   -   -   -   -   -   -   -   -   -
 
                                   128 129 130 131 132
                                     -   -   -   -   -
 
  -6635.09     -0.192378       1    48  49  50  51  52  53  54  55  56  57  58  59  60  61  62  63  64  65  66  67
                                    ab  ab  ab  ab  ab  ab  ab  ab  ab  ab  ab  ab  ab  ab  ab  ab  ab  ab  ab  ab
 
                                    68  69  70  71  72  73  74  75  76  77  78  79  80  81  82  83  84  85  86  87
                                    ab  ab  ab  ab  ab  ab  ab  ab  ab  ab  ab  ab  ab  ab  ab  ab  ab  ab  ab  ab
 
                                    88  89  90  91  92  93  94  95  96  97  98  99 100 101 102 103 104 105 106 107
                                    ab  ab   -   -   -   -   -   -   -   -   -   -   -   -   -   -   -   -   -   -
 
                                   108 109 110 111 112 113 114 115 116 117 118 119 120 121 122 123 124 125 126 127
                                     -   -   -   -   -   -   -   -   -   -   -   -   -   -   -   -   -   -   -   -
 
                                   128 129 130 131 132
                                     -   -   -   -   -
 
  -6626.31      0.111792     170    48  49  50  51  52  53  54  55  56  57  58  59  60  61  62  63  64  65  66  67
                                    ab  ab  ab  ab  ab  ab  ab  ab  ab  ab  ab  ab  ab  ab  ab  ab  ab  ab  ab  ab
 
                                    68  69  70  71  72  73  74  75  76  77  78  79  80  81  82  83  84  85  86  87
                                    ab  ab  ab  ab  ab  ab  ab  ab  ab  ab  ab  ab  ab  ab  ab  ab  ab  ab  ab  ab
 
                                    88  89  90  91  92  93  94  95  96  97  98  99 100 101 102 103 104 105 106 107
                                     a   a   b   b   -   -   -   -   -   -   -   -   -   -   -   -   -   -   -   -
 
                                   108 109 110 111 112 113 114 115 116 117 118 119 120 121 122 123 124 125 126 127
                                     -   -   -   -   -   -   -   -   -   -   -   -   -   -   -   -   -   -   -   -
 
                                   128 129 130 131 132
                                     -   -   -   -   -
 
  -6624.02     -0.102179     129    48  49  50  51  52  53  54  55  56  57  58  59  60  61  62  63  64  65  66  67
                                    ab  ab  ab  ab  ab  ab  ab  ab  ab  ab  ab  ab  ab  ab  ab  ab  ab  ab  ab  ab
 
                                    68  69  70  71  72  73  74  75  76  77  78  79  80  81  82  83  84  85  86  87
                                    ab  ab  ab  ab  ab  ab  ab  ab  ab  ab  ab  ab  ab  ab  ab  ab  ab  ab  ab  ab
 
                                    88  89  90  91  92  93  94  95  96  97  98  99 100 101 102 103 104 105 106 107
                                     a   b   a   b   -   -   -   -   -   -   -   -   -   -   -   -   -   -   -   -
 
                                   108 109 110 111 112 113 114 115 116 117 118 119 120 121 122 123 124 125 126 127
                                     -   -   -   -   -   -   -   -   -   -   -   -   -   -   -   -   -   -   -   -
 
                                   128 129 130 131 132
                                     -   -   -   -   -
 


 Population analysis of state  1:


 Net atomic charges (atomic units):

      1   -0.508315
      2    0.206701
      3    0.178833
      4   -0.323186
      5    0.177999
      6    0.191660
      7    0.664156
      8   -0.673242
      9   -0.613061
     10    0.452297
     11    0.362853
     12   -0.614264
     13   -0.456927
     14    0.326051
     15   -0.171591
     16    0.200586
     17    0.490797
     18   -0.634624
     19   -0.442501
     20    0.303699
     21   -0.593563
     22    0.217209
     23    0.222408
     24    0.049112
     25   -0.261601
     26   -0.277870
     27    0.510732
     28   -0.729035
     29   -0.143394
     30   -0.162711
     31    0.274571
     32    0.201169
     33    0.580019
     34   -0.607981
     35   -0.069230
     36    0.218025
     37   -0.063584
     38   -0.149242
     39   -0.146287
     40   -0.356867
     41   -0.357182
     42    0.521572
     43    0.214454
     44    0.209298
     45    0.234560
     46    0.211319
     47   -0.703288
     48   -0.702808
     49    0.379122
     50   -0.714512
     51    0.366463
     52    0.417815
     53    0.121152
     54    0.196958
     55    0.280925
     56    0.254890
     57    0.239462


 Population analysis of state  2:


 Net atomic charges (atomic units):

      1   -0.508043
      2    0.206600
      3    0.178515
      4   -0.324612
      5    0.176854
      6    0.191249
      7    0.663908
      8   -0.669716
      9   -0.614635
     10    0.453155
     11    0.360929
     12   -0.621703
     13   -0.451353
     14    0.326073
     15   -0.169242
     16    0.191078
     17    0.425568
     18   -0.654067
     19   -0.420039
     20    0.146879
     21   -0.566851
     22    0.201605
     23    0.226227
     24    0.190718
     25   -0.343931
     26   -0.292208
     27    0.517445
     28   -0.689763
     29   -0.039726
     30   -0.171204
     31    0.285508
     32    0.198796
     33    0.580697
     34   -0.602936
     35   -0.122186
     36    0.217421
     37    0.000110
     38   -0.180432
     39   -0.179174
     40   -0.318077
     41   -0.315637
     42    0.498496
     43    0.220150
     44    0.210546
     45    0.238365
     46    0.213584
     47   -0.672254
     48   -0.702599
     49    0.378230
     50   -0.717943
     51    0.367040
     52    0.417673
     53    0.119489
     54    0.191323
     55    0.278211
     56    0.235546
     57    0.240344



 Using ECP-3G basis for the evaluation spectroscopic observables.


 AO basis set for the evaluation of spectroscopic observables:

                                          0
  1   1   1    0.7440595418E+01    0.1543289673E+00
  1   1   2    0.1355313744E+01    0.5353281423E+00
  1   1   3    0.3668007912E+00    0.4446345422E+00

                                          0                   1
  6   1   1    0.5335867171E+01   -0.1918800000E+00    0.2025900000E+00
  6   1   2    0.1093759362E+01    0.6162800000E+00    0.5583000000E+00
  6   1   3    0.2918440087E+00    0.5489600000E+00    0.4551400000E+00

                                          0                   1
  7   1   1    0.6541774069E+01   -0.1926900000E+00    0.2228100000E+00
  7   1   2    0.1375115320E+01    0.6188800000E+00    0.5603200000E+00
  7   1   3    0.3635452037E+00    0.5492600000E+00    0.4385900000E+00

                                          0                   1
  8   1   1    0.1152778066E+02   -0.1924800000E+00    0.2415800000E+00
  8   1   2    0.2405781781E+01    0.6695200000E+00    0.5589000000E+00
  8   1   3    0.6188395415E+00    0.5027000000E+00    0.4316000000E+00



 State dipole moments:

   #    Symmetry       eV         cm-1     mu_r(x)/D   mu_r(y)/D   mu_r(z)/D    |mu_r|/D     phi/deg   theta/deg
   1     A   (1)    0.000000        0.00    3.010183   -8.687037    3.322180    9.775617    -70.8881     70.1327
   2     A   (1)    1.846039    14890.07    1.226078  -13.474983    1.942629   13.669391    -84.8010     81.8297



 Properties of transitions   1 -> #:

   #    Symmetry       eV         cm-1        nm        f_r         f_p         f_rp        R/DBM
   2     A   (1)    1.846039    14890.07    671.59    0.814123    0.293643    0.488704   -0.896746



 Dipole-length electric dipole transition moments   1 -> #:

   #    Symmetry       eV         cm-1     mu_r(x)/D   mu_r(y)/D   mu_r(z)/D    |mu_r|/D     phi/deg   theta/deg
   2     A   (1)    1.846039    14890.07    0.104206  -10.644850   -1.720818   10.783547    -89.4391     99.1824



 Dipole-velocity electric dipole transition moments   1 -> #:

   #    Symmetry       eV         cm-1     mu_p(x)/D   mu_p(y)/D   mu_p(z)/D    |mu_p|/D     phi/deg   theta/deg
   2     A   (1)    1.846039    14890.07    0.258519   -6.394886   -0.990419    6.476290    -87.6850     98.7968



 Magnetic dipole transition moments   1 -> #:

   #    Symmetry       eV         cm-1      m(x)/iBM    m(y)/iBM    m(z)/iBM      |m|/BM     phi/deg   theta/deg
   2     A   (1)    1.846039    14890.07    0.237565   -0.126811   -0.024626    0.270415    -28.0930     95.2251




 CI HEAT OF FORMATION      -416.36725 KCAL/MOL


 SELECTED PROFILE  67 WITH EXPECTED EXECUTION TIME         30551.786 SECONDS 
 ESTIMATED NUMBER OF CPHF ITERATIONS PER VARIABLE:    18
 MEMORY REQUIRED    : 171920550 WORDS
 ITERATIVE SOLVER STATISTICS:
     CALLS TO SOLVER                                                1.
     LINEAR EQUATIONS SOLVED                                        1.
     ITERATIONS MADE                                               15.
     MAXIMUM ITERATIONS MADE FOR A BATCH OF RHS                    15.
     RESPONSE VECTORS COMPUTED                                     15.
     AVERAGE RESPONSE VECTORS PER VARIABLE                  15.0000000
     BASIS VECTORS REJECTED BY SVD                                  0.
     BASIS VECTORS REMOVED DUE TO MEMORY CONSTRAINTS                0.
     MAXIMUM NUMBER OF BASIS VECTORS USED                          15.



     TIME FOR ENERGY EVALUATION      11.954 SECONDS
     TIME FOR GRADIENT EVALUATION   925.193 SECONDS



                          COORDINATES (ANGSTROM)               GRADIENTS (KCAL/(MOL*ANGSTROM))

        I   NI          X           Y           Z                X           Y           Z

        1    6        2.07168    12.82271     1.97738         -9.51967    10.15112    12.25825
        2    1        3.11165    12.92984     2.30799          1.16794    -1.14398    -1.01091
        3    1        2.08937    12.60850     0.89528         -0.47017    -0.89831    -0.06085
        4    6        1.42198    11.66454     2.70239          1.79300    -1.24442    -0.89845
        5    1        0.31498    11.72528     2.73485         -0.33521    -2.19676     1.45043
        6    1        1.80581    11.57770     3.73747          0.05068     0.18100     0.02483
        7    6        1.79672    10.41231     1.92795          0.01316     0.75996    -0.73328
        8    8        1.02302     9.46026     1.69340          7.49385     3.45259    -1.13853
        9    8        3.02320    10.39976     1.44871         -0.18618     0.30683     0.10828
       10    1        3.16600     9.54550     0.79824          0.04208     0.02947    -0.01607
       11    6       -0.13796     5.63823     4.28283        -12.06836   -26.24441    23.71478
       12    8       -0.93385     6.31074     3.59192          4.13315    -6.02801     4.79350
       13    7        1.15273     6.05718     4.38964         -4.51787     1.21845    -2.70090
       14    1        1.80812     5.51772     4.95110         -0.05885    -0.23782     0.02931
       15    6        1.71487     7.08106     3.55303         17.98590    12.14162    11.04942
       16    1        0.90529     7.73506     3.13355          0.66914    -0.56886    -1.35241
       17    6        2.30871     6.37713     2.30365         -1.04062    -1.80432    -0.84275
       18    8        3.42089     6.73237     1.81470         -0.77213    -2.47241    -7.01635
       19    7        1.51187     5.45884     1.66737         -0.49733     0.25800     0.97023
       20    6        1.98631     4.56292     0.81327         -0.28680    -0.35798    -0.99732
       21    6        3.41458     4.35082     0.43108         -1.61623     4.46977   -10.17678
       22    1        3.66524     3.28305     0.49945          0.35280     0.74611     1.44160
       23    1        4.03625     4.89844     1.14467         -2.49979    -0.16322     0.04377
       24    6        1.01982     3.58154     0.31532         -1.14461    -0.64660     0.38517
       25    7        1.31528     2.30402     0.00186         -5.27790     1.56782     3.25250
       26    7       -0.38262     3.84374     0.23880         -0.37754     1.30430    -2.58411
       27    6       -0.99267     2.62873    -0.02578         -0.56581     0.29316    -0.81218
       28    8       -2.22382     2.43424     0.00454         19.52135     3.06324    -2.02319
       29    6        0.12491     1.62578    -0.17692         -0.03285    -0.51382    -0.25031
       30    6       -1.13524     5.01952     0.56761          1.07289    -0.11149    -0.46533
       31    1       -0.57682     5.69769     1.24651         -0.04939    -0.06994     0.01069
       32    1       -2.10276     4.72385     1.04395          2.41638    -1.23891    -2.60005
       33    6       -1.50684     5.82526    -0.68940         -0.20907    -0.82675     2.30360
       34    8       -2.38416     6.70610    -0.62246          2.94249    -4.23437    14.68584
       35    6       -0.20570     0.29677    -0.32867         -0.06784     0.16831    -0.25209
       36    1       -1.26653     0.07577    -0.52617         -0.01628     0.09364     0.08775
       37    6        0.67595    -0.82273    -0.19511         -0.44275     0.16391     0.60843
       38    6        1.98633    -0.71245     0.34272         -0.45761    -1.55384    -0.18638
       39    6        0.13924    -2.10537    -0.51462          0.58649     0.25953     0.29014
       40    6        2.76978    -1.82628     0.48814         -0.58085    -0.07744    -0.21968
       41    6        0.89556    -3.23144    -0.35365          0.32190     0.91617     2.08628
       42    6        2.26684    -3.12841     0.10262         -0.25997     0.59466    -0.64297
       43    1        2.34656     0.27012     0.66064         -0.84468    -0.70063     0.26779
       44    1       -0.88758    -2.17328    -0.89777          0.08125     0.02585    -0.29773
       45    1        3.76961    -1.77784     0.91197         -2.02748    -1.17495     0.25568
       46    1        0.49319    -4.22134    -0.56632          0.46337     1.29480     0.45147
       47    8        3.00014    -4.15015     0.15139         -9.12124    17.01913    -0.38660
       48    7       -0.84557     5.55885    -1.86639        -15.30565    10.10388     1.96024
       49    1       -0.26387     4.74131    -1.96949          0.01679     0.05005    -0.15134
       50    8        2.83229     8.41983     0.14518         -0.92916     0.42493     0.25310
       51    1        1.87549     8.33181     0.32764          0.18323    -0.07492    -0.13531
       52    1        3.26011     7.66191     0.65519          0.07714    -0.13818     0.11708
       53    1        1.56724    13.78444     2.07059          7.44400    -8.96603    -8.95137
       54    1       -0.41804     4.71619     4.79221          7.33185    27.24121   -19.24072
       55    1        2.40178     7.70112     4.12901        -19.02845    -4.70870    -2.21809
       56    1        3.63316     4.70615    -0.57591          3.33111    -2.73601     5.73751
       57    1       -0.75218     6.17663    -2.64715          9.99618    -4.24837    -9.25458


     CARTESIAN GRADIENT NORM                 78.73879


     CARTESIAN QM+MM GRADIENT NORM          127.11293



     GRADIENTS FOR GEOMETRY OPTIMIZATION

        I   LOCATION             VARIABLE    GRADIENT



     GRADIENT NORM                            0.00000



 COMPUTATION TIME               937.159 SECONDS


