Initialising ChemShell 3.5.0 on linux
name: snapshots-cro-opt
input coordinates: cro-opt-13-150.c
hacemos save.chm and selection.chm...
  running charmm.preinit...
charmm.preinit/================================== Tstep:    0.0 Ttot:    0.0 ==

Initiating Charmm
Setting precision to 17 d.p.

 __Level  1__
/            \           #====================> charmm_init

Charmm(scratch)   exists   - leaving as './'
Charmm(exec)      exists   - leaving as 'charmm'
Charmm(out)       set to   - './/outpipe'
Charmm(list)      set to   - './/charmm.log'
Charmm(make_pipe) set to  mknod $name p
Performing 'mknod .//outpipe p' in shell
Launching Charmm

               ############################
               #####                  #####
               ##### Charmm Initiated #####
               #####                  #####
               ############################

Installing Default atom map

 __Level  2__
/            \           #====================> charmm_map

Loading default mapping data structure
 
\__Level  2__/

 
\__Level  1__/

Waiting for Charmm
==================
==================
For    0.746 scnds
charmm.preinit/charmm_import/==================== Tstep:    0.9 Ttot:    1.0 ==

 __Level  2__
/            \           #====================> charmm_get_parameters

'parameters'    set to 'natom'
Aquiring parameters
   natom ->                   4104
 
\__Level  2__/

CHARMM preinitialisation done
header: *>>>>>> Combined CHARMM All-Hydrogen Topology File for <<<<<<<<<
header: *>>>>>>> CHARMM22 Proteins and CHARMM27 Nucleic Acids <<<<<<<<<<
header: *from
header: *>>>> CHARMM22 All-Hydrogen Topology File for Proteins <<<<<<<<
header: *>>>>>>>>>>>>>>>>>>>>>>> August 1999 <<<<<<<<<<<<<<<<<<<<<<<<<<<
header: *>>>>>>> Direct comments to Alexander D. MacKerell Jr. <<<<<<<<<
header: *>>>>>> 410-706-7442 or email: alex,mmiris.ab.umd.edu  <<<<<<<<<
header: *and
header: *  \\\\ CHARMM27 All-Hydrogen Nucleic Acid Topology File ////
header: *  \\\\\\\\\\\\\\\\\\ Developmental ////////////////////////
header: *        Alexander D. MacKerell Jr. and Nicolas Foloppe
header: *                        August 1999
header: *     All comments to ADM jr.  email: alex,mmiris.ab.umd.edu
header: *                 telephone: 410-706-7442
header: *

 __Level  2__
/            \           #====================> charmm_define_interface


 __Level  3__
/            \           #====================> charmm_define_out_scalar

'matrix'        set to 'ch'
'name'          set to 'get_mm_type'
'format'        set to '%s'
'scalars'       set to 'type'
'selection'     not set
'in_core'       set to 'Specified'
'scale'         not set
'pre'           not set
'suf'           not set

 __Level  4__
/            \           #====================> charmm_acquire_selection

'selection'     set to 'all'
'full_var'      not set
'selec_var'     set to 'selec_list'
List 'selec_list' set to list of '4104' atoms
 
\__Level  4__/

WARNING ==> store 9 overwritten by interface
 
\__Level  3__/

Interface defined as 'get_mm_type'
Location for direct access 'Charmm(itf:get_mm_type)'
 
\__Level  2__/


 __Level  2__
/            \           #====================> charmm_play_interface

Running interface 'get_mm_type'
Waiting for Charmm
==================
==================
For    0.427 scnds

 __Level  3__
/            \           #====================> charmm_scratch>

.//eval.ctcl
 
\__Level  3__/

Waiting for Charmm
==================
==================
For 0.000475 scnds
 
\__Level  2__/


 __Level  2__
/            \           #====================> charmm_define_interface


 __Level  3__
/            \           #====================> charmm_define_out_scalar

'matrix'        set to 'ch'
'name'          set to 'get_mm_charge'
'format'        set to '%10.5f'
'scalars'       set to 'charge'
'selection'     not set
'in_core'       set to 'Specified'
'scale'         not set
'pre'           not set
'suf'           not set

 __Level  4__
/            \           #====================> charmm_acquire_selection

'selection'     set to 'all'
'full_var'      not set
'selec_var'     set to 'selec_list'
List 'selec_list' set to list of '4104' atoms
 
\__Level  4__/

WARNING ==> store 9 overwritten by interface
 
\__Level  3__/

Interface defined as 'get_mm_charge'
Location for direct access 'Charmm(itf:get_mm_charge)'
 
\__Level  2__/


 __Level  2__
/            \           #====================> charmm_play_interface

Running interface 'get_mm_charge'
Waiting for Charmm
==================
==================
For    0.439 scnds

 __Level  3__
/            \           #====================> charmm_scratch>

.//eval.ctcl
 
\__Level  3__/

Waiting for Charmm
==================
==================
For 0.000408 scnds
 
\__Level  2__/

  charmm selections...

 __Level  1__
/            \           #====================> charmm_acquire_selection

'selection'     set to ' qm '
'full_var'      not set
'selec_var'     set to 'qm'
List 'qm' set to list of '52' atoms
 
\__Level  1__/


 __Level  1__
/            \           #====================> charmm_acquire_selection

'selection'     set to ' active '
'full_var'      not set
'selec_var'     set to 'active'
List 'active' set to list of '52' atoms
 
\__Level  1__/


 __Level  2__
/            \           #====================> charmm_kill


Killing Charmm
Cleaning up

               ############################
               #####                  #####
               #####  Charmm  Killed  #####
               #####                  #####
               ############################

 
\__Level  2__/

QM atoms:     52
Active atoms: 52
importing 4104 atoms from CHARMM
pdb_to_res/====================================== Tstep:    1.8 Ttot:    2.7 ==
dl-find/========================================= Tstep:    0.0 Ttot:    2.8 ==
dl-find/copy_object/============================= Tstep:    0.0 Ttot:    2.8 ==
dl-find/get_number_of_atoms/===================== Tstep:    0.0 Ttot:    2.8 ==
dl-find/set_matrix_size/========================= Tstep:    0.0 Ttot:    2.8 ==
dl-find/set_matrix_size/========================= Tstep:    0.0 Ttot:    2.8 ==
dl-find/get_number_of_atoms/===================== Tstep:    0.0 Ttot:    2.8 ==
dl-find/inlist/================================== Tstep:    0.1 Ttot:    2.9 ==
dl-find/hybrid.init/============================= Tstep:    0.0 Ttot:    2.9 ==

XXXXXXXXXXXXXXXXXXXXXXXXXXXXXXXXXXXXXXXXXXXXXXXXXXXXXX
ChemShell hybrid module $Revision: 3834 $
Coupling option "shift" selected
Charge near the QM junction will be shifted
QM region   197   198   199   200   201   202   203   204   205   206   925   926   927   928   929   930   944   945   946   947   948   949   950   959   960   961   962   963   964   965   966   967   968   969   970   971   972   973   974   975   976   977   978   979   980   981   982   983   984  3490  3491  3492 
Use connectivity provided in input object dl-find.coo
XXXXXXXXXXXXXXXXXXXXXXXXXXXXXXXXXXXXXXXXXXXXXXXXXXXXXX

Adding link to C on bond from 197 to 195
Adding link to C on bond from 925 to 912
Adding link to C on bond from 929 to 931
Adding link to C on bond from 948 to 951
Adding link to N on bond from 983 to 985
update_qmmm_interaction_list: 4052 MM charges will be included in QM calculation
...hybrid.init/dl_poly.init/===================== Tstep:    0.0 Ttot:    2.9 ==
 

XXXXXXXXXXXXXXXXXXXXXXXXXXXXXXXXXXXXXXXXXXXXXXXXXXXXXX
ChemShell DL_POLY MM Module $Revision: 3711 $
 
    forcefield         : CHARMM
    CHARMM PSF file    : ./data/2qlg6b-ani-gen.psf
    CHARMM types from  :  ~/partop/top_chemshell.inp 
    connectivity       : computed from geometry
    pairlist           : not used
    exact_srf          : 1
    1-4 scale (elec)   : 1.0
    1-4 scale (vdw     : 1.0
XXXXXXXXXXXXXXXXXXXXXXXXXXXXXXXXXXXXXXXXXXXXXXXXXXXXXX

header: *>>>>>> Combined CHARMM All-Hydrogen Topology File for <<<<<<<<<
header: *>>>>>>> CHARMM22 Proteins and CHARMM27 Nucleic Acids <<<<<<<<<<
header: *from
header: *>>>> CHARMM22 All-Hydrogen Topology File for Proteins <<<<<<<<
header: *>>>>>>>>>>>>>>>>>>>>>>> August 1999 <<<<<<<<<<<<<<<<<<<<<<<<<<<
header: *>>>>>>> Direct comments to Alexander D. MacKerell Jr. <<<<<<<<<
header: *>>>>>> 410-706-7442 or email: alex,mmiris.ab.umd.edu  <<<<<<<<<
header: *and
header: *  \\\\ CHARMM27 All-Hydrogen Nucleic Acid Topology File ////
header: *  \\\\\\\\\\\\\\\\\\ Developmental ////////////////////////
header: *        Alexander D. MacKerell Jr. and Nicolas Foloppe
header: *                        August 1999
header: *     All comments to ADM jr.  email: alex,mmiris.ab.umd.edu
header: *                 telephone: 410-706-7442
header: *
computing connectivity scale=1.000000 toler=0.500000 mode=covalent
parameters taken from CHARMM data file: ~/partop/par_chemshell.inp
header: *>>>>>> Combined CHARMM All-Hydrogen Parameter File for <<<<<<<<<
header: *>>>>>>> CHARMM22 Proteins and CHARMM27 Nucleic Acids <<<<<<<<<<
header: *from
header: *>>>> CHARMM22 All-Hydrogen Parameter File for Proteins <<<<<<<<
header: *>>>>>>>>>>>>>>>>>>>>>>> August 1999 <<<<<<<<<<<<<<<<<<<<<<<<<<<
header: *>>>>>>> Direct comments to Alexander D. MacKerell Jr. <<<<<<<<<
header: *>>>>>> 410-706-7442 or email: alex,mmiris.ab.umd.edu  <<<<<<<<<
header: *and
header: *  \\\\ CHARMM27 All-Hydrogen Nucleic Acid Parameter File ////
header: *  \\\\\\\\\\\\\\\\\\ Developmental ////////////////////////
header: *       Alexander D. MacKerell Jr. and Nicolas Foloppe
header: *                       August 1999
header: *    All comments to ADM jr.  email: alex,mmiris.ab.umd.edu
header: *            telephone: 410-706-7442
header: *and
header: * additional parameters for retinal (Emad), FP chromophores (Marius)
header: *
Use list-based excluded atom code


 Electrostatics : Coulombic potential all pairs


 Short-range : Exact evaluation


             **** WARNING - total system charge:      0.1621 ****

 configuration file name: 

          molecule 9                                                                      


long range correction for: vdw energy     0.000000E+00
                         : vdw pressure   0.000000E+00
update_qmmm_interaction_list: number of charges has changed from 4052 to 4010
Computing charge shift boundary corrections
update_qmmm_interaction_list: number of charges has changed from 4010 to 4005
...hybrid.init/mndo.init/======================== Tstep:    2.2 Ttot:    5.1 ==

XXXXXXXXXXXXXXXXXXXXXXXXXXXXXXXXXXXXXXXXXXXXXXXXXXXXXX
ChemShell MNDO interface $Revision: 3825 $
Interfaced MNDO version:   PROGRAM MNDO2005.
Charge                  -1
Multiplicity            1
SCF Type                rhf
Max SCF Cycles          100
Accuracy                medium
XXXXXXXXXXXXXXXXXXXXXXXXXXXXXXXXXXXXXXXXXXXXXXXXXXXXXX


***********************************************************************
**                                                                   **
**                       ---------------------                       **
**                              DL-FIND                              **
**                       Geometry Optimisation                       **
**                       ---------------------                       **
**                                                                   **
**                 J. Kaestner, J.M. Carr, T.W. Keal,                **
**                W. Thiel, A. Wander and P. Sherwood                **
**                                                                   **
**              J. Phys. Chem. A, 2009, 113 (43), 11856.             **
**                                                                   **
**   Please include this reference in published work using DL-FIND.  **
**                                                                   **
**               Copyright:  STFC Daresbury Laboratory               **
**                           Revision: exported                      **
**                                                                   **
***********************************************************************

Residue member list:
    0 :    -1   -1   -1   -1   -1   -1   -1   -1   -1   -1
   10 :    -1   -1   -1   -1   -1   -1   -1   -1   -1   -1
   20 :    -1   -1   -1   -1   -1   -1   -1   -1   -1   -1
   30 :    -1   -1   -1   -1   -1   -1   -1   -1   -1   -1
   40 :    -1   -1   -1   -1   -1   -1   -1   -1   -1   -1
   50 :    -1   -1   -1   -1   -1   -1   -1   -1   -1   -1
   60 :    -1   -1   -1   -1   -1   -1   -1   -1   -1   -1
   70 :    -1   -1   -1   -1   -1   -1   -1   -1   -1   -1
   80 :    -1   -1   -1   -1   -1   -1   -1   -1   -1   -1
   90 :    -1   -1   -1   -1   -1   -1   -1   -1   -1   -1
  100 :    -1   -1   -1   -1   -1   -1   -1   -1   -1   -1
  110 :    -1   -1   -1   -1   -1   -1   -1   -1   -1   -1
  120 :    -1   -1   -1   -1   -1   -1   -1   -1   -1   -1
  130 :    -1   -1   -1   -1   -1   -1   -1   -1   -1   -1
  140 :    -1   -1   -1   -1   -1   -1   -1   -1   -1   -1
  150 :    -1   -1   -1   -1   -1   -1   -1   -1   -1   -1
  160 :    -1   -1   -1   -1   -1   -1   -1   -1   -1   -1
  170 :    -1   -1   -1   -1   -1   -1   -1   -1   -1   -1
  180 :    -1   -1   -1   -1   -1   -1   -1   -1   -1   -1
  190 :    -1   -1   -1   -1   -1   -1    1    1    1    1
  200 :     1    1    1    1    1    1   -1   -1   -1   -1
  210 :    -1   -1   -1   -1   -1   -1   -1   -1   -1   -1
  220 :    -1   -1   -1   -1   -1   -1   -1   -1   -1   -1
  230 :    -1   -1   -1   -1   -1   -1   -1   -1   -1   -1
  240 :    -1   -1   -1   -1   -1   -1   -1   -1   -1   -1
  250 :    -1   -1   -1   -1   -1   -1   -1   -1   -1   -1
  260 :    -1   -1   -1   -1   -1   -1   -1   -1   -1   -1
  270 :    -1   -1   -1   -1   -1   -1   -1   -1   -1   -1
  280 :    -1   -1   -1   -1   -1   -1   -1   -1   -1   -1
  290 :    -1   -1   -1   -1   -1   -1   -1   -1   -1   -1
  300 :    -1   -1   -1   -1   -1   -1   -1   -1   -1   -1
  310 :    -1   -1   -1   -1   -1   -1   -1   -1   -1   -1
  320 :    -1   -1   -1   -1   -1   -1   -1   -1   -1   -1
  330 :    -1   -1   -1   -1   -1   -1   -1   -1   -1   -1
  340 :    -1   -1   -1   -1   -1   -1   -1   -1   -1   -1
  350 :    -1   -1   -1   -1   -1   -1   -1   -1   -1   -1
  360 :    -1   -1   -1   -1   -1   -1   -1   -1   -1   -1
  370 :    -1   -1   -1   -1   -1   -1   -1   -1   -1   -1
  380 :    -1   -1   -1   -1   -1   -1   -1   -1   -1   -1
  390 :    -1   -1   -1   -1   -1   -1   -1   -1   -1   -1
  400 :    -1   -1   -1   -1   -1   -1   -1   -1   -1   -1
  410 :    -1   -1   -1   -1   -1   -1   -1   -1   -1   -1
  420 :    -1   -1   -1   -1   -1   -1   -1   -1   -1   -1
  430 :    -1   -1   -1   -1   -1   -1   -1   -1   -1   -1
  440 :    -1   -1   -1   -1   -1   -1   -1   -1   -1   -1
  450 :    -1   -1   -1   -1   -1   -1   -1   -1   -1   -1
  460 :    -1   -1   -1   -1   -1   -1   -1   -1   -1   -1
  470 :    -1   -1   -1   -1   -1   -1   -1   -1   -1   -1
  480 :    -1   -1   -1   -1   -1   -1   -1   -1   -1   -1
  490 :    -1   -1   -1   -1   -1   -1   -1   -1   -1   -1
  500 :    -1   -1   -1   -1   -1   -1   -1   -1   -1   -1
  510 :    -1   -1   -1   -1   -1   -1   -1   -1   -1   -1
  520 :    -1   -1   -1   -1   -1   -1   -1   -1   -1   -1
  530 :    -1   -1   -1   -1   -1   -1   -1   -1   -1   -1
  540 :    -1   -1   -1   -1   -1   -1   -1   -1   -1   -1
  550 :    -1   -1   -1   -1   -1   -1   -1   -1   -1   -1
  560 :    -1   -1   -1   -1   -1   -1   -1   -1   -1   -1
  570 :    -1   -1   -1   -1   -1   -1   -1   -1   -1   -1
  580 :    -1   -1   -1   -1   -1   -1   -1   -1   -1   -1
  590 :    -1   -1   -1   -1   -1   -1   -1   -1   -1   -1
  600 :    -1   -1   -1   -1   -1   -1   -1   -1   -1   -1
  610 :    -1   -1   -1   -1   -1   -1   -1   -1   -1   -1
  620 :    -1   -1   -1   -1   -1   -1   -1   -1   -1   -1
  630 :    -1   -1   -1   -1   -1   -1   -1   -1   -1   -1
  640 :    -1   -1   -1   -1   -1   -1   -1   -1   -1   -1
  650 :    -1   -1   -1   -1   -1   -1   -1   -1   -1   -1
  660 :    -1   -1   -1   -1   -1   -1   -1   -1   -1   -1
  670 :    -1   -1   -1   -1   -1   -1   -1   -1   -1   -1
  680 :    -1   -1   -1   -1   -1   -1   -1   -1   -1   -1
  690 :    -1   -1   -1   -1   -1   -1   -1   -1   -1   -1
  700 :    -1   -1   -1   -1   -1   -1   -1   -1   -1   -1
  710 :    -1   -1   -1   -1   -1   -1   -1   -1   -1   -1
  720 :    -1   -1   -1   -1   -1   -1   -1   -1   -1   -1
  730 :    -1   -1   -1   -1   -1   -1   -1   -1   -1   -1
  740 :    -1   -1   -1   -1   -1   -1   -1   -1   -1   -1
  750 :    -1   -1   -1   -1   -1   -1   -1   -1   -1   -1
  760 :    -1   -1   -1   -1   -1   -1   -1   -1   -1   -1
  770 :    -1   -1   -1   -1   -1   -1   -1   -1   -1   -1
  780 :    -1   -1   -1   -1   -1   -1   -1   -1   -1   -1
  790 :    -1   -1   -1   -1   -1   -1   -1   -1   -1   -1
  800 :    -1   -1   -1   -1   -1   -1   -1   -1   -1   -1
  810 :    -1   -1   -1   -1   -1   -1   -1   -1   -1   -1
  820 :    -1   -1   -1   -1   -1   -1   -1   -1   -1   -1
  830 :    -1   -1   -1   -1   -1   -1   -1   -1   -1   -1
  840 :    -1   -1   -1   -1   -1   -1   -1   -1   -1   -1
  850 :    -1   -1   -1   -1   -1   -1   -1   -1   -1   -1
  860 :    -1   -1   -1   -1   -1   -1   -1   -1   -1   -1
  870 :    -1   -1   -1   -1   -1   -1   -1   -1   -1   -1
  880 :    -1   -1   -1   -1   -1   -1   -1   -1   -1   -1
  890 :    -1   -1   -1   -1   -1   -1   -1   -1   -1   -1
  900 :    -1   -1   -1   -1   -1   -1   -1   -1   -1   -1
  910 :    -1   -1   -1   -1   -1   -1   -1   -1   -1   -1
  920 :    -1   -1   -1   -1    0    0    2    2    2    2
  930 :    -1   -1   -1   -1   -1   -1   -1   -1   -1   -1
  940 :    -1   -1   -1    2    2    3    3    3    3    3
  950 :    -1   -1   -1   -1   -1   -1   -1   -1    3    3
  960 :     3    3    3    3    3    3    3    3    3    3
  970 :     3    3    3    3    3    3    3    3    3    3
  980 :     3    3    0    0   -1   -1   -1   -1   -1   -1
  990 :    -1   -1   -1   -1   -1   -1   -1   -1   -1   -1
 1000 :    -1   -1   -1   -1   -1   -1   -1   -1   -1   -1
 1010 :    -1   -1   -1   -1   -1   -1   -1   -1   -1   -1
 1020 :    -1   -1   -1   -1   -1   -1   -1   -1   -1   -1
 1030 :    -1   -1   -1   -1   -1   -1   -1   -1   -1   -1
 1040 :    -1   -1   -1   -1   -1   -1   -1   -1   -1   -1
 1050 :    -1   -1   -1   -1   -1   -1   -1   -1   -1   -1
 1060 :    -1   -1   -1   -1   -1   -1   -1   -1   -1   -1
 1070 :    -1   -1   -1   -1   -1   -1   -1   -1   -1   -1
 1080 :    -1   -1   -1   -1   -1   -1   -1   -1   -1   -1
 1090 :    -1   -1   -1   -1   -1   -1   -1   -1   -1   -1
 1100 :    -1   -1   -1   -1   -1   -1   -1   -1   -1   -1
 1110 :    -1   -1   -1   -1   -1   -1   -1   -1   -1   -1
 1120 :    -1   -1   -1   -1   -1   -1   -1   -1   -1   -1
 1130 :    -1   -1   -1   -1   -1   -1   -1   -1   -1   -1
 1140 :    -1   -1   -1   -1   -1   -1   -1   -1   -1   -1
 1150 :    -1   -1   -1   -1   -1   -1   -1   -1   -1   -1
 1160 :    -1   -1   -1   -1   -1   -1   -1   -1   -1   -1
 1170 :    -1   -1   -1   -1   -1   -1   -1   -1   -1   -1
 1180 :    -1   -1   -1   -1   -1   -1   -1   -1   -1   -1
 1190 :    -1   -1   -1   -1   -1   -1   -1   -1   -1   -1
 1200 :    -1   -1   -1   -1   -1   -1   -1   -1   -1   -1
 1210 :    -1   -1   -1   -1   -1   -1   -1   -1   -1   -1
 1220 :    -1   -1   -1   -1   -1   -1   -1   -1   -1   -1
 1230 :    -1   -1   -1   -1   -1   -1   -1   -1   -1   -1
 1240 :    -1   -1   -1   -1   -1   -1   -1   -1   -1   -1
 1250 :    -1   -1   -1   -1   -1   -1   -1   -1   -1   -1
 1260 :    -1   -1   -1   -1   -1   -1   -1   -1   -1   -1
 1270 :    -1   -1   -1   -1   -1   -1   -1   -1   -1   -1
 1280 :    -1   -1   -1   -1   -1   -1   -1   -1   -1   -1
 1290 :    -1   -1   -1   -1   -1   -1   -1   -1   -1   -1
 1300 :    -1   -1   -1   -1   -1   -1   -1   -1   -1   -1
 1310 :    -1   -1   -1   -1   -1   -1   -1   -1   -1   -1
 1320 :    -1   -1   -1   -1   -1   -1   -1   -1   -1   -1
 1330 :    -1   -1   -1   -1   -1   -1   -1   -1   -1   -1
 1340 :    -1   -1   -1   -1   -1   -1   -1   -1   -1   -1
 1350 :    -1   -1   -1   -1   -1   -1   -1   -1   -1   -1
 1360 :    -1   -1   -1   -1   -1   -1   -1   -1   -1   -1
 1370 :    -1   -1   -1   -1   -1   -1   -1   -1   -1   -1
 1380 :    -1   -1   -1   -1   -1   -1   -1   -1   -1   -1
 1390 :    -1   -1   -1   -1   -1   -1   -1   -1   -1   -1
 1400 :    -1   -1   -1   -1   -1   -1   -1   -1   -1   -1
 1410 :    -1   -1   -1   -1   -1   -1   -1   -1   -1   -1
 1420 :    -1   -1   -1   -1   -1   -1   -1   -1   -1   -1
 1430 :    -1   -1   -1   -1   -1   -1   -1   -1   -1   -1
 1440 :    -1   -1   -1   -1   -1   -1   -1   -1   -1   -1
 1450 :    -1   -1   -1   -1   -1   -1   -1   -1   -1   -1
 1460 :    -1   -1   -1   -1   -1   -1   -1   -1   -1   -1
 1470 :    -1   -1   -1   -1   -1   -1   -1   -1   -1   -1
 1480 :    -1   -1   -1   -1   -1   -1   -1   -1   -1   -1
 1490 :    -1   -1   -1   -1   -1   -1   -1   -1   -1   -1
 1500 :    -1   -1   -1   -1   -1   -1   -1   -1   -1   -1
 1510 :    -1   -1   -1   -1   -1   -1   -1   -1   -1   -1
 1520 :    -1   -1   -1   -1   -1   -1   -1   -1   -1   -1
 1530 :    -1   -1   -1   -1   -1   -1   -1   -1   -1   -1
 1540 :    -1   -1   -1   -1   -1   -1   -1   -1   -1   -1
 1550 :    -1   -1   -1   -1   -1   -1   -1   -1   -1   -1
 1560 :    -1   -1   -1   -1   -1   -1   -1   -1   -1   -1
 1570 :    -1   -1   -1   -1   -1   -1   -1   -1   -1   -1
 1580 :    -1   -1   -1   -1   -1   -1   -1   -1   -1   -1
 1590 :    -1   -1   -1   -1   -1   -1   -1   -1   -1   -1
 1600 :    -1   -1   -1   -1   -1   -1   -1   -1   -1   -1
 1610 :    -1   -1   -1   -1   -1   -1   -1   -1   -1   -1
 1620 :    -1   -1   -1   -1   -1   -1   -1   -1   -1   -1
 1630 :    -1   -1   -1   -1   -1   -1   -1   -1   -1   -1
 1640 :    -1   -1   -1   -1   -1   -1   -1   -1   -1   -1
 1650 :    -1   -1   -1   -1   -1   -1   -1   -1   -1   -1
 1660 :    -1   -1   -1   -1   -1   -1   -1   -1   -1   -1
 1670 :    -1   -1   -1   -1   -1   -1   -1   -1   -1   -1
 1680 :    -1   -1   -1   -1   -1   -1   -1   -1   -1   -1
 1690 :    -1   -1   -1   -1   -1   -1   -1   -1   -1   -1
 1700 :    -1   -1   -1   -1   -1   -1   -1   -1   -1   -1
 1710 :    -1   -1   -1   -1   -1   -1   -1   -1   -1   -1
 1720 :    -1   -1   -1   -1   -1   -1   -1   -1   -1   -1
 1730 :    -1   -1   -1   -1   -1   -1   -1   -1   -1   -1
 1740 :    -1   -1   -1   -1   -1   -1   -1   -1   -1   -1
 1750 :    -1   -1   -1   -1   -1   -1   -1   -1   -1   -1
 1760 :    -1   -1   -1   -1   -1   -1   -1   -1   -1   -1
 1770 :    -1   -1   -1   -1   -1   -1   -1   -1   -1   -1
 1780 :    -1   -1   -1   -1   -1   -1   -1   -1   -1   -1
 1790 :    -1   -1   -1   -1   -1   -1   -1   -1   -1   -1
 1800 :    -1   -1   -1   -1   -1   -1   -1   -1   -1   -1
 1810 :    -1   -1   -1   -1   -1   -1   -1   -1   -1   -1
 1820 :    -1   -1   -1   -1   -1   -1   -1   -1   -1   -1
 1830 :    -1   -1   -1   -1   -1   -1   -1   -1   -1   -1
 1840 :    -1   -1   -1   -1   -1   -1   -1   -1   -1   -1
 1850 :    -1   -1   -1   -1   -1   -1   -1   -1   -1   -1
 1860 :    -1   -1   -1   -1   -1   -1   -1   -1   -1   -1
 1870 :    -1   -1   -1   -1   -1   -1   -1   -1   -1   -1
 1880 :    -1   -1   -1   -1   -1   -1   -1   -1   -1   -1
 1890 :    -1   -1   -1   -1   -1   -1   -1   -1   -1   -1
 1900 :    -1   -1   -1   -1   -1   -1   -1   -1   -1   -1
 1910 :    -1   -1   -1   -1   -1   -1   -1   -1   -1   -1
 1920 :    -1   -1   -1   -1   -1   -1   -1   -1   -1   -1
 1930 :    -1   -1   -1   -1   -1   -1   -1   -1   -1   -1
 1940 :    -1   -1   -1   -1   -1   -1   -1   -1   -1   -1
 1950 :    -1   -1   -1   -1   -1   -1   -1   -1   -1   -1
 1960 :    -1   -1   -1   -1   -1   -1   -1   -1   -1   -1
 1970 :    -1   -1   -1   -1   -1   -1   -1   -1   -1   -1
 1980 :    -1   -1   -1   -1   -1   -1   -1   -1   -1   -1
 1990 :    -1   -1   -1   -1   -1   -1   -1   -1   -1   -1
 2000 :    -1   -1   -1   -1   -1   -1   -1   -1   -1   -1
 2010 :    -1   -1   -1   -1   -1   -1   -1   -1   -1   -1
 2020 :    -1   -1   -1   -1   -1   -1   -1   -1   -1   -1
 2030 :    -1   -1   -1   -1   -1   -1   -1   -1   -1   -1
 2040 :    -1   -1   -1   -1   -1   -1   -1   -1   -1   -1
 2050 :    -1   -1   -1   -1   -1   -1   -1   -1   -1   -1
 2060 :    -1   -1   -1   -1   -1   -1   -1   -1   -1   -1
 2070 :    -1   -1   -1   -1   -1   -1   -1   -1   -1   -1
 2080 :    -1   -1   -1   -1   -1   -1   -1   -1   -1   -1
 2090 :    -1   -1   -1   -1   -1   -1   -1   -1   -1   -1
 2100 :    -1   -1   -1   -1   -1   -1   -1   -1   -1   -1
 2110 :    -1   -1   -1   -1   -1   -1   -1   -1   -1   -1
 2120 :    -1   -1   -1   -1   -1   -1   -1   -1   -1   -1
 2130 :    -1   -1   -1   -1   -1   -1   -1   -1   -1   -1
 2140 :    -1   -1   -1   -1   -1   -1   -1   -1   -1   -1
 2150 :    -1   -1   -1   -1   -1   -1   -1   -1   -1   -1
 2160 :    -1   -1   -1   -1   -1   -1   -1   -1   -1   -1
 2170 :    -1   -1   -1   -1   -1   -1   -1   -1   -1   -1
 2180 :    -1   -1   -1   -1   -1   -1   -1   -1   -1   -1
 2190 :    -1   -1   -1   -1   -1   -1   -1   -1   -1   -1
 2200 :    -1   -1   -1   -1   -1   -1   -1   -1   -1   -1
 2210 :    -1   -1   -1   -1   -1   -1   -1   -1   -1   -1
 2220 :    -1   -1   -1   -1   -1   -1   -1   -1   -1   -1
 2230 :    -1   -1   -1   -1   -1   -1   -1   -1   -1   -1
 2240 :    -1   -1   -1   -1   -1   -1   -1   -1   -1   -1
 2250 :    -1   -1   -1   -1   -1   -1   -1   -1   -1   -1
 2260 :    -1   -1   -1   -1   -1   -1   -1   -1   -1   -1
 2270 :    -1   -1   -1   -1   -1   -1   -1   -1   -1   -1
 2280 :    -1   -1   -1   -1   -1   -1   -1   -1   -1   -1
 2290 :    -1   -1   -1   -1   -1   -1   -1   -1   -1   -1
 2300 :    -1   -1   -1   -1   -1   -1   -1   -1   -1   -1
 2310 :    -1   -1   -1   -1   -1   -1   -1   -1   -1   -1
 2320 :    -1   -1   -1   -1   -1   -1   -1   -1   -1   -1
 2330 :    -1   -1   -1   -1   -1   -1   -1   -1   -1   -1
 2340 :    -1   -1   -1   -1   -1   -1   -1   -1   -1   -1
 2350 :    -1   -1   -1   -1   -1   -1   -1   -1   -1   -1
 2360 :    -1   -1   -1   -1   -1   -1   -1   -1   -1   -1
 2370 :    -1   -1   -1   -1   -1   -1   -1   -1   -1   -1
 2380 :    -1   -1   -1   -1   -1   -1   -1   -1   -1   -1
 2390 :    -1   -1   -1   -1   -1   -1   -1   -1   -1   -1
 2400 :    -1   -1   -1   -1   -1   -1   -1   -1   -1   -1
 2410 :    -1   -1   -1   -1   -1   -1   -1   -1   -1   -1
 2420 :    -1   -1   -1   -1   -1   -1   -1   -1   -1   -1
 2430 :    -1   -1   -1   -1   -1   -1   -1   -1   -1   -1
 2440 :    -1   -1   -1   -1   -1   -1   -1   -1   -1   -1
 2450 :    -1   -1   -1   -1   -1   -1   -1   -1   -1   -1
 2460 :    -1   -1   -1   -1   -1   -1   -1   -1   -1   -1
 2470 :    -1   -1   -1   -1   -1   -1   -1   -1   -1   -1
 2480 :    -1   -1   -1   -1   -1   -1   -1   -1   -1   -1
 2490 :    -1   -1   -1   -1   -1   -1   -1   -1   -1   -1
 2500 :    -1   -1   -1   -1   -1   -1   -1   -1   -1   -1
 2510 :    -1   -1   -1   -1   -1   -1   -1   -1   -1   -1
 2520 :    -1   -1   -1   -1   -1   -1   -1   -1   -1   -1
 2530 :    -1   -1   -1   -1   -1   -1   -1   -1   -1   -1
 2540 :    -1   -1   -1   -1   -1   -1   -1   -1   -1   -1
 2550 :    -1   -1   -1   -1   -1   -1   -1   -1   -1   -1
 2560 :    -1   -1   -1   -1   -1   -1   -1   -1   -1   -1
 2570 :    -1   -1   -1   -1   -1   -1   -1   -1   -1   -1
 2580 :    -1   -1   -1   -1   -1   -1   -1   -1   -1   -1
 2590 :    -1   -1   -1   -1   -1   -1   -1   -1   -1   -1
 2600 :    -1   -1   -1   -1   -1   -1   -1   -1   -1   -1
 2610 :    -1   -1   -1   -1   -1   -1   -1   -1   -1   -1
 2620 :    -1   -1   -1   -1   -1   -1   -1   -1   -1   -1
 2630 :    -1   -1   -1   -1   -1   -1   -1   -1   -1   -1
 2640 :    -1   -1   -1   -1   -1   -1   -1   -1   -1   -1
 2650 :    -1   -1   -1   -1   -1   -1   -1   -1   -1   -1
 2660 :    -1   -1   -1   -1   -1   -1   -1   -1   -1   -1
 2670 :    -1   -1   -1   -1   -1   -1   -1   -1   -1   -1
 2680 :    -1   -1   -1   -1   -1   -1   -1   -1   -1   -1
 2690 :    -1   -1   -1   -1   -1   -1   -1   -1   -1   -1
 2700 :    -1   -1   -1   -1   -1   -1   -1   -1   -1   -1
 2710 :    -1   -1   -1   -1   -1   -1   -1   -1   -1   -1
 2720 :    -1   -1   -1   -1   -1   -1   -1   -1   -1   -1
 2730 :    -1   -1   -1   -1   -1   -1   -1   -1   -1   -1
 2740 :    -1   -1   -1   -1   -1   -1   -1   -1   -1   -1
 2750 :    -1   -1   -1   -1   -1   -1   -1   -1   -1   -1
 2760 :    -1   -1   -1   -1   -1   -1   -1   -1   -1   -1
 2770 :    -1   -1   -1   -1   -1   -1   -1   -1   -1   -1
 2780 :    -1   -1   -1   -1   -1   -1   -1   -1   -1   -1
 2790 :    -1   -1   -1   -1   -1   -1   -1   -1   -1   -1
 2800 :    -1   -1   -1   -1   -1   -1   -1   -1   -1   -1
 2810 :    -1   -1   -1   -1   -1   -1   -1   -1   -1   -1
 2820 :    -1   -1   -1   -1   -1   -1   -1   -1   -1   -1
 2830 :    -1   -1   -1   -1   -1   -1   -1   -1   -1   -1
 2840 :    -1   -1   -1   -1   -1   -1   -1   -1   -1   -1
 2850 :    -1   -1   -1   -1   -1   -1   -1   -1   -1   -1
 2860 :    -1   -1   -1   -1   -1   -1   -1   -1   -1   -1
 2870 :    -1   -1   -1   -1   -1   -1   -1   -1   -1   -1
 2880 :    -1   -1   -1   -1   -1   -1   -1   -1   -1   -1
 2890 :    -1   -1   -1   -1   -1   -1   -1   -1   -1   -1
 2900 :    -1   -1   -1   -1   -1   -1   -1   -1   -1   -1
 2910 :    -1   -1   -1   -1   -1   -1   -1   -1   -1   -1
 2920 :    -1   -1   -1   -1   -1   -1   -1   -1   -1   -1
 2930 :    -1   -1   -1   -1   -1   -1   -1   -1   -1   -1
 2940 :    -1   -1   -1   -1   -1   -1   -1   -1   -1   -1
 2950 :    -1   -1   -1   -1   -1   -1   -1   -1   -1   -1
 2960 :    -1   -1   -1   -1   -1   -1   -1   -1   -1   -1
 2970 :    -1   -1   -1   -1   -1   -1   -1   -1   -1   -1
 2980 :    -1   -1   -1   -1   -1   -1   -1   -1   -1   -1
 2990 :    -1   -1   -1   -1   -1   -1   -1   -1   -1   -1
 3000 :    -1   -1   -1   -1   -1   -1   -1   -1   -1   -1
 3010 :    -1   -1   -1   -1   -1   -1   -1   -1   -1   -1
 3020 :    -1   -1   -1   -1   -1   -1   -1   -1   -1   -1
 3030 :    -1   -1   -1   -1   -1   -1   -1   -1   -1   -1
 3040 :    -1   -1   -1   -1   -1   -1   -1   -1   -1   -1
 3050 :    -1   -1   -1   -1   -1   -1   -1   -1   -1   -1
 3060 :    -1   -1   -1   -1   -1   -1   -1   -1   -1   -1
 3070 :    -1   -1   -1   -1   -1   -1   -1   -1   -1   -1
 3080 :    -1   -1   -1   -1   -1   -1   -1   -1   -1   -1
 3090 :    -1   -1   -1   -1   -1   -1   -1   -1   -1   -1
 3100 :    -1   -1   -1   -1   -1   -1   -1   -1   -1   -1
 3110 :    -1   -1   -1   -1   -1   -1   -1   -1   -1   -1
 3120 :    -1   -1   -1   -1   -1   -1   -1   -1   -1   -1
 3130 :    -1   -1   -1   -1   -1   -1   -1   -1   -1   -1
 3140 :    -1   -1   -1   -1   -1   -1   -1   -1   -1   -1
 3150 :    -1   -1   -1   -1   -1   -1   -1   -1   -1   -1
 3160 :    -1   -1   -1   -1   -1   -1   -1   -1   -1   -1
 3170 :    -1   -1   -1   -1   -1   -1   -1   -1   -1   -1
 3180 :    -1   -1   -1   -1   -1   -1   -1   -1   -1   -1
 3190 :    -1   -1   -1   -1   -1   -1   -1   -1   -1   -1
 3200 :    -1   -1   -1   -1   -1   -1   -1   -1   -1   -1
 3210 :    -1   -1   -1   -1   -1   -1   -1   -1   -1   -1
 3220 :    -1   -1   -1   -1   -1   -1   -1   -1   -1   -1
 3230 :    -1   -1   -1   -1   -1   -1   -1   -1   -1   -1
 3240 :    -1   -1   -1   -1   -1   -1   -1   -1   -1   -1
 3250 :    -1   -1   -1   -1   -1   -1   -1   -1   -1   -1
 3260 :    -1   -1   -1   -1   -1   -1   -1   -1   -1   -1
 3270 :    -1   -1   -1   -1   -1   -1   -1   -1   -1   -1
 3280 :    -1   -1   -1   -1   -1   -1   -1   -1   -1   -1
 3290 :    -1   -1   -1   -1   -1   -1   -1   -1   -1   -1
 3300 :    -1   -1   -1   -1   -1   -1   -1   -1   -1   -1
 3310 :    -1   -1   -1   -1   -1   -1   -1   -1   -1   -1
 3320 :    -1   -1   -1   -1   -1   -1   -1   -1   -1   -1
 3330 :    -1   -1   -1   -1   -1   -1   -1   -1   -1   -1
 3340 :    -1   -1   -1   -1   -1   -1   -1   -1   -1   -1
 3350 :    -1   -1   -1   -1   -1   -1   -1   -1   -1   -1
 3360 :    -1   -1   -1   -1   -1   -1   -1   -1   -1   -1
 3370 :    -1   -1   -1   -1   -1   -1   -1   -1   -1   -1
 3380 :    -1   -1   -1   -1   -1   -1   -1   -1   -1   -1
 3390 :    -1   -1   -1   -1   -1   -1   -1   -1   -1   -1
 3400 :    -1   -1   -1   -1   -1   -1   -1   -1   -1   -1
 3410 :    -1   -1   -1   -1   -1   -1   -1   -1   -1   -1
 3420 :    -1   -1   -1   -1   -1   -1   -1   -1   -1   -1
 3430 :    -1   -1   -1   -1   -1   -1   -1   -1   -1   -1
 3440 :    -1   -1   -1   -1   -1   -1   -1   -1   -1   -1
 3450 :    -1   -1   -1   -1   -1   -1   -1   -1   -1   -1
 3460 :    -1   -1   -1   -1   -1   -1   -1   -1   -1   -1
 3470 :    -1   -1   -1   -1   -1   -1   -1   -1   -1   -1
 3480 :    -1   -1   -1   -1   -1   -1   -1   -1   -1    4
 3490 :     4    4   -1   -1   -1   -1   -1   -1   -1   -1
 3500 :    -1   -1   -1   -1   -1   -1   -1   -1   -1   -1
 3510 :    -1   -1   -1   -1   -1   -1   -1   -1   -1   -1
 3520 :    -1   -1   -1   -1   -1   -1   -1   -1   -1   -1
 3530 :    -1   -1   -1   -1   -1   -1   -1   -1   -1   -1
 3540 :    -1   -1   -1   -1   -1   -1   -1   -1   -1   -1
 3550 :    -1   -1   -1   -1   -1   -1   -1   -1   -1   -1
 3560 :    -1   -1   -1   -1   -1   -1   -1   -1   -1   -1
 3570 :    -1   -1   -1   -1   -1   -1   -1   -1   -1   -1
 3580 :    -1   -1   -1   -1   -1   -1   -1   -1   -1   -1
 3590 :    -1   -1   -1   -1   -1   -1   -1   -1   -1   -1
 3600 :    -1   -1   -1   -1   -1   -1   -1   -1   -1   -1
 3610 :    -1   -1   -1   -1   -1   -1   -1   -1   -1   -1
 3620 :    -1   -1   -1   -1   -1   -1   -1   -1   -1   -1
 3630 :    -1   -1   -1   -1   -1   -1   -1   -1   -1   -1
 3640 :    -1   -1   -1   -1   -1   -1   -1   -1   -1   -1
 3650 :    -1   -1   -1   -1   -1   -1   -1   -1   -1   -1
 3660 :    -1   -1   -1   -1   -1   -1   -1   -1   -1   -1
 3670 :    -1   -1   -1   -1   -1   -1   -1   -1   -1   -1
 3680 :    -1   -1   -1   -1   -1   -1   -1   -1   -1   -1
 3690 :    -1   -1   -1   -1   -1   -1   -1   -1   -1   -1
 3700 :    -1   -1   -1   -1   -1   -1   -1   -1   -1   -1
 3710 :    -1   -1   -1   -1   -1   -1   -1   -1   -1   -1
 3720 :    -1   -1   -1   -1   -1   -1   -1   -1   -1   -1
 3730 :    -1   -1   -1   -1   -1   -1   -1   -1   -1   -1
 3740 :    -1   -1   -1   -1   -1   -1   -1   -1   -1   -1
 3750 :    -1   -1   -1   -1   -1   -1   -1   -1   -1   -1
 3760 :    -1   -1   -1   -1   -1   -1   -1   -1   -1   -1
 3770 :    -1   -1   -1   -1   -1   -1   -1   -1   -1   -1
 3780 :    -1   -1   -1   -1   -1   -1   -1   -1   -1   -1
 3790 :    -1   -1   -1   -1   -1   -1   -1   -1   -1   -1
 3800 :    -1   -1   -1   -1   -1   -1   -1   -1   -1   -1
 3810 :    -1   -1   -1   -1   -1   -1   -1   -1   -1   -1
 3820 :    -1   -1   -1   -1   -1   -1   -1   -1   -1   -1
 3830 :    -1   -1   -1   -1   -1   -1   -1   -1   -1   -1
 3840 :    -1   -1   -1   -1   -1   -1   -1   -1   -1   -1
 3850 :    -1   -1   -1   -1   -1   -1   -1   -1   -1   -1
 3860 :    -1   -1   -1   -1   -1   -1   -1   -1   -1   -1
 3870 :    -1   -1   -1   -1   -1   -1   -1   -1   -1   -1
 3880 :    -1   -1   -1   -1   -1   -1   -1   -1   -1   -1
 3890 :    -1   -1   -1   -1   -1   -1   -1   -1   -1   -1
 3900 :    -1   -1   -1   -1   -1   -1   -1   -1   -1   -1
 3910 :    -1   -1   -1   -1   -1   -1   -1   -1   -1   -1
 3920 :    -1   -1   -1   -1   -1   -1   -1   -1   -1   -1
 3930 :    -1   -1   -1   -1   -1   -1   -1   -1   -1   -1
 3940 :    -1   -1   -1   -1   -1   -1   -1   -1   -1   -1
 3950 :    -1   -1   -1   -1   -1   -1   -1   -1   -1   -1
 3960 :    -1   -1   -1   -1   -1   -1   -1   -1   -1   -1
 3970 :    -1   -1   -1   -1   -1   -1   -1   -1   -1   -1
 3980 :    -1   -1   -1   -1   -1   -1   -1   -1   -1   -1
 3990 :    -1   -1   -1   -1   -1   -1   -1   -1   -1   -1
 4000 :    -1   -1   -1   -1   -1   -1   -1   -1   -1   -1
 4010 :    -1   -1   -1   -1   -1   -1   -1   -1   -1   -1
 4020 :    -1   -1   -1   -1   -1   -1   -1   -1   -1   -1
 4030 :    -1   -1   -1   -1   -1   -1   -1   -1   -1   -1
 4040 :    -1   -1   -1   -1   -1   -1   -1   -1   -1   -1
 4050 :    -1   -1   -1   -1   -1   -1   -1   -1   -1   -1
 4060 :    -1   -1   -1   -1   -1   -1   -1   -1   -1   -1
 4070 :    -1   -1   -1   -1   -1   -1   -1   -1   -1   -1
 4080 :    -1   -1   -1   -1   -1   -1   -1   -1   -1   -1
 4090 :    -1   -1   -1   -1   -1   -1   -1   -1   -1   -1
 4100 :    -1   -1   -1   -1

Generating new HDLC for    4 residues

Located a new residue for HDLC
   Residue number is    1
   Number of atoms it contains    10
   Atoms:    197   198   199   200   201   202   203   204   205   206
   Generating HDLC for residue    1
       System near planar - making improper

   The Cartesian coordinates
         1     4.12589618383848    24.59579841997170     3.83630100314045
         2     6.03900006910945    24.79369504079870     4.60899239057093
         3     4.31975914773066    24.20653183225880     1.79893081424806
         4     2.78662621001749    22.39683617446780     5.08180594379882
         5     0.70039643879262    22.58867583860300     5.10813080494476
         6     3.45913422759224    22.11389551909920     7.04487230193833
         7     3.43201167974787    20.06538396748400     3.53602938436785
         8     1.90420558492299    18.34371575660520     3.01273054890630
         9     5.75085200515349    19.97726401261020     2.64990703095088
        10     5.96387196523462    18.38080405355440     1.35719707012386

   The primitive internal coordinates


     The system has     9 stretches
         1 Stre     2     1              =    2.07272322
         2 Stre     3     1              =    2.08326393
         3 Stre     4     1              =    2.86013314
         4 Stre     5     4              =    2.09519692
         5 Stre     6     4              =    2.09426645
         6 Stre     7     4              =    2.87082165
         7 Stre     8     7              =    2.36054540
         8 Stre     9     7              =    2.48394815
         9 Stre    10     9              =    2.06522661


     The system has    13 bends and impropers
        10 Bend     3     1     2        =  107.24913409 deg =    1.87185051
        11 Bend     2     1     4        =  110.07564489 deg =    1.92118243
        12 Bend     3     1     4        =  109.01360485 deg =    1.90264633
        13 Bend     5     4     1        =  113.66111494 deg =    1.98376069
        14 Bend     6     4     1        =  111.20437865 deg =    1.94088255
        15 Bend     1     4     7        =  106.53731579 deg =    1.85942694
        16 Bend     6     4     5        =  108.68332188 deg =    1.89688181
        17 Bend     5     4     7        =  107.75640410 deg =    1.88070404
        18 Bend     6     4     7        =  108.83247417 deg =    1.89948501
        19 Bend     8     7     4        =  124.48459718 deg =    2.17266609
        20 Bend     4     7     9        =  115.51582734 deg =    2.01613153
        21 Impr     8     7     9     4  =  177.55709011 deg =    3.09895583
        22 Bend    10     9     7        =  110.30461776 deg =    1.92517876


     The system has    19 dihedrals
        23 Dihe     2     1     4     5  =  153.19680516 deg =    2.67378865
        24 Dihe     2     1     4     6  =   30.16355186 deg =    0.52645329
        25 Dihe     2     1     4     7  =  -88.28564909 deg =   -1.54087526
        26 Dihe     3     1     4     5  =  -89.42477004 deg =   -1.56075667
        27 Dihe     3     1     4     6  =  147.54197666 deg =    2.57509328
        28 Dihe     3     1     4     7  =   29.09277571 deg =    0.50776472
        29 Dihe     1     4     7     8  = -140.09088079 deg =   -2.44504712
        30 Dihe     1     4     7     9  =   37.34111432 deg =    0.65172539
        31 Dihe     1     4     7     2  =   29.49241561 deg =    0.51473976
        32 Dihe     1     4     7     3  =  -13.85667853 deg =   -0.24184466
        33 Dihe     5     4     7     8  =  -17.76956484 deg =   -0.31013741
        34 Dihe     5     4     7     9  =  159.66243027 deg =    2.78663510
        35 Dihe     6     4     7     8  =   99.91492133 deg =    1.74384435
        36 Dihe     6     4     7     9  =  -82.65308356 deg =   -1.44256844
        37 Dihe     4     7     9    10  = -172.18558380 deg =   -3.00520536
        38 Dihe     4     7     9     1  =  -21.30478857 deg =   -0.37183871
        39 Dihe     4     7     9     5  =  -16.36569251 deg =   -0.28563522
        40 Dihe     4     7     9     6  =   30.70619684 deg =    0.53592424
        41 Dihe     8     7     9    10  =    5.37150631 deg =    0.09375047



Located a new residue for HDLC
   Residue number is    2
   Number of atoms it contains     6
   Atoms:    927   928   929   930   944   945
   Generating HDLC for residue    2

   The Cartesian coordinates
         1     2.00104252290601    11.49252039776390     8.11833250425880
         2     3.33596996822105    10.56963596433280     9.14574366726779
         3     2.88721484388758    13.50592620590110     6.53001073305214
         4     1.25243733289992    14.61107138271540     5.75888131930709
         5     4.09351864127567    12.27315733468910     4.15546052523871
         6     6.13362760773239    13.05665621017490     3.20113141440289

   The primitive internal coordinates


     The system has     5 stretches
         1 Stre     2     1              =    1.92076044
         2 Stre     3     1              =    2.71327669
         3 Stre     4     3              =    2.11860424
         4 Stre     5     3              =    2.93485547
         5 Stre     6     5              =    2.38467170


     The system has     5 bends and impropers
         6 Bend     2     1     3        =  116.27467853 deg =    2.02937598
         7 Bend     4     3     1        =  110.37336693 deg =    1.92637866
         8 Bend     1     3     5        =  107.22812269 deg =    1.87148379
         9 Bend     4     3     5        =  103.99164367 deg =    1.81499658
        10 Bend     6     5     3        =  122.50815053 deg =    2.13817059


     The system has     5 dihedrals
        11 Dihe     2     1     3     4  = -169.87528664 deg =   -2.96488307
        12 Dihe     2     1     3     5  =   77.46935307 deg =    1.35209528
        13 Dihe     1     3     5     6  = -137.97155394 deg =   -2.40805789
        14 Dihe     1     3     5     2  =  -25.56681103 deg =   -0.44622503
        15 Dihe     4     3     5     6  =  105.09851238 deg =    1.83431508



Located a new residue for HDLC
   Residue number is    3
   Number of atoms it contains    29
   Atoms:    946   947   948   949   950   959   960   961   962   963
   Atoms:    964   965   966   967   968   969   970   971   972   973
   Atoms:    974   975   976   977   978   979   980   981   982
   Generating HDLC for residue    3
       System near planar - making improper
       System near planar - making improper
       System near planar - making improper
       System near planar - making improper
       System near planar - making improper
       System near planar - making improper
       System near planar - making improper
       System near planar - making improper
       System near planar - making improper
       System near planar - making improper
       System near planar - making improper
       System near planar - making improper

   The Cartesian coordinates
         1     2.68680380238875    10.43910722404760     2.96857094326328
         2     3.65505412805699     8.79716567182885     1.35226175259885
         3     6.36256721600864     8.52557184836000     0.60698844922789
         4     6.94889591676371     6.54504111220443     0.83493300527512
         5     7.48810322335573     9.72151498406858     1.86478717998890
         6     1.90000388843047     6.88039459662875     0.42353918533593
         7     2.50037276403372     4.47025487867825    -0.16402547696813
         8    -0.76186337271828     7.31389707788977     0.31114851280137
         9    -1.87396989380567     4.99686531061756    -0.16444125348112
        10    -4.20148987066223     4.61254106298306    -0.11224660692578
        11     0.28162608384765     3.14263988758267    -0.42759365533271
        12    -2.16661945244543     9.54587506978846     0.90909537531365
        13    -1.32898183962071    10.61429206266700     2.51266141711867
        14    -4.16700632591581     9.01929400029162     1.35699237004292
        15    -2.34371853129945    11.32824157196150    -1.37666088355359
        16    -3.21642613327765    13.49940536392230    -1.04561087991640
        17    -0.28774283115036     0.59830058103223    -0.59903761825963
        18    -2.29168625378871     0.11899614134800    -0.90031678936670
        19     1.43682498946401    -1.45478582301305    -0.29726358709903
        20     3.99990972346624    -1.15259885438764     0.44901763088427
        21     0.39940254873877    -3.92917204122212    -0.58213971047841
        22     5.51371337410319    -3.22912240491232     0.75545757842233
        23     1.87847725006612    -6.02331869906134    -0.29599395457923
        24     4.53958186731251    -5.74646817003794     0.29756785870658
        25     4.71701838734269     0.74852433215834     0.82766765586799
        26    -1.61132218828686    -4.10984297336782    -1.07561666222518
        27     7.45577485769088    -3.06967444677278     1.40565432554162
        28     1.10168824522290    -7.92042861019205    -0.49137719489920
        29     5.94807261421521    -7.65935825822835     0.42173852147192

   The primitive internal coordinates


     The system has    30 stretches
         1 Stre     2     1              =    2.49918710
         2 Stre     3     2              =    2.82131576
         3 Stre     4     3              =    2.07803803
         4 Stre     5     3              =    2.06861522
         5 Stre     6     2              =    2.75984389
         6 Stre     7     6              =    2.55234176
         7 Stre     8     6              =    2.69927645
         8 Stre     9     8              =    2.61373349
         9 Stre    10     9              =    2.35961409
        10 Stre    11     7              =    2.59901262
        11 Stre    11     9              =    2.85552011
        12 Stre    12     8              =    2.70418303
        13 Stre    13    12              =    2.10108917
        14 Stre    14    12              =    2.11647041
        15 Stre    15    12              =    2.90394148
        16 Stre    16    15              =    2.36329534
        17 Stre    17    11              =    2.61289810
        18 Stre    18    17              =    2.08237632
        19 Stre    19    17              =    2.69821525
        20 Stre    20    19              =    2.68656956
        21 Stre    21    19              =    2.69814508
        22 Stre    22    20              =    2.58794455
        23 Stre    23    21              =    2.57972704
        24 Stre    24    22              =    2.73781389
        25 Stre    24    23              =    2.74051813
        26 Stre    25    20              =    2.06685511
        27 Stre    26    21              =    2.07826261
        28 Stre    27    22              =    2.05421086
        29 Stre    28    23              =    2.05927215
        30 Stre    29    24              =    2.37874190


     The system has    47 bends and impropers
        31 Bend     1     2     3        =  127.29246102 deg =    2.22167256
        32 Bend     1     2     6        =  115.31247114 deg =    2.01258229
        33 Impr     3     2     6     1  =  173.61235875 deg =    3.03010728
        34 Bend     4     3     2        =  109.48412011 deg =    1.91085837
        35 Bend     5     3     2        =  107.81118594 deg =    1.88166017
        36 Bend     5     3     4        =  109.31681129 deg =    1.90793828
        37 Bend     2     6     7        =  125.71193006 deg =    2.19408709
        38 Bend     2     6     8        =  121.97722721 deg =    2.12890423
        39 Impr     7     6     8     2  =  173.60195310 deg =    3.02992567
        40 Bend     6     7    11        =  107.75178047 deg =    1.88062334
        41 Bend     6     8     9        =  106.54668110 deg =    1.85959039
        42 Bend     6     8    12        =  129.46632567 deg =    2.25961365
        43 Impr     9     8    12     6  =  170.23420514 deg =    2.97114738
        44 Bend    10     9     8        =  124.05998118 deg =    2.16525514
        45 Bend     8     9    11        =  105.73632169 deg =    1.84544695
        46 Impr    10     9    11     8  = -173.34423563 deg =   -3.02542765
        47 Bend     7    11     9        =  107.66170551 deg =    1.87905124
        48 Bend     7    11    17        =  133.63729580 deg =    2.33241082
        49 Impr     9    11    17     7  = -171.55726545 deg =   -2.99423914
        50 Bend    13    12     8        =  112.41870827 deg =    1.96207660
        51 Bend    14    12     8        =  109.41582877 deg =    1.90966647
        52 Bend     8    12    15        =  111.36021580 deg =    1.94360242
        53 Bend    14    12    13        =  109.98694789 deg =    1.91963437
        54 Bend    13    12    15        =  108.23660377 deg =    1.88908511
        55 Bend    14    12    15        =  105.16749202 deg =    1.83551900
        56 Bend    16    15    12        =  118.43339371 deg =    2.06705266
        57 Bend    18    17    11        =  116.31623335 deg =    2.03010125
        58 Bend    11    17    19        =  126.46461431 deg =    2.20722391
        59 Impr    18    17    19    11  = -176.56678276 deg =   -3.08167171
        60 Bend    17    19    20        =  123.72822313 deg =    2.15946487
        61 Bend    17    19    21        =  116.11946119 deg =    2.02666692
        62 Impr    20    19    21    17  =  175.07126657 deg =    3.05557003
        63 Bend    19    20    22        =  120.04618578 deg =    2.09520120
        64 Bend    25    20    19        =  119.03607993 deg =    2.07757152
        65 Impr    25    20    22    19  =  178.08734650 deg =    3.10821055
        66 Bend    19    21    23        =  120.81651562 deg =    2.10864599
        67 Bend    26    21    19        =  118.47622153 deg =    2.06780015
        68 Impr    26    21    23    19  =  178.75336586 deg =    3.11983478
        69 Bend    20    22    24        =  120.65311183 deg =    2.10579405
        70 Bend    27    22    20        =  121.88442802 deg =    2.12728458
        71 Impr    27    22    24    20  =  178.01280448 deg =    3.10690955
        72 Bend    21    23    24        =  119.91728809 deg =    2.09295151
        73 Bend    28    23    21        =  121.40250927 deg =    2.11887351
        74 Impr    28    23    24    21  = -179.59010990 deg =   -3.13443872
        75 Bend    22    24    23        =  118.33368089 deg =    2.06531235
        76 Bend    29    24    22        =  121.33190873 deg =    2.11764130
        77 Impr    29    24    23    22  =  179.58968460 deg =    3.13443130


     The system has    79 dihedrals
        78 Dihe     1     2     3     4  =  128.06809522 deg =    2.23520993
        79 Dihe     1     2     3     5  =    9.23754179 deg =    0.16122552
        80 Dihe     1     2     6     7  = -146.32439959 deg =   -2.55384255
        81 Dihe     1     2     6     8  =   26.36314257 deg =    0.46012364
        82 Dihe     3     2     6     7  =   27.28795916 deg =    0.47626473
        83 Dihe     3     2     6     8  = -160.02449868 deg =   -2.79295439
        84 Dihe     3     2     6     4  =   20.09885831 deg =    0.35079125
        85 Dihe     3     2     6     5  =   14.15230922 deg =    0.24700439
        86 Dihe     2     6     7    11  =  167.10824310 deg =    2.91658905
        87 Dihe     2     6     7     1  =   31.91954973 deg =    0.55710124
        88 Dihe     2     6     8     9  = -168.45055458 deg =   -2.94001680
        89 Dihe     2     6     8    12  =    3.05707939 deg =    0.05335610
        90 Dihe     2     6     8     1  =  -13.07560145 deg =   -0.22821230
        91 Dihe     7     6     8     9  =    5.15139852 deg =    0.08990887
        92 Dihe     7     6     8    12  =  176.65903249 deg =    3.08328177
        93 Dihe     7     6     8    11  =    3.80618692 deg =    0.06643049
        94 Dihe     6     7    11     9  =    4.69125813 deg =    0.08187790
        95 Dihe     6     7    11    17  = -167.51045201 deg =   -2.92360892
        96 Dihe     6     7    11     2  =   -8.61748545 deg =   -0.15040349
        97 Dihe     6     8     9    10  =  171.86159965 deg =    2.99955077
        98 Dihe     6     8     9    11  =   -1.97326014 deg =   -0.03443989
        99 Dihe     6     8     9     2  =    7.99941923 deg =    0.13961620
       100 Dihe     6     8    12    13  =  -34.84918949 deg =   -0.60823310
       101 Dihe     6     8    12    14  = -157.35990791 deg =   -2.74644850
       102 Dihe     6     8    12    15  =   86.80849438 deg =    1.51509405
       103 Dihe     6     8    12     2  =   -1.52226688 deg =   -0.02656857
       104 Dihe     9     8    12    13  =  135.38501565 deg =    2.36291428
       105 Dihe     9     8    12    14  =   12.87429723 deg =    0.22469888
       106 Dihe     9     8    12    15  = -102.95730048 deg =   -1.79694388
       107 Dihe     9     8    12    10  =    0.12864277 deg =    0.00224524
       108 Dihe     9     8    12    11  =   12.02404316 deg =    0.20985914
       109 Dihe     8     9    11     7  =   -1.58927424 deg =   -0.02773807
       110 Dihe     8     9    11     6  =    1.28983384 deg =    0.02251185
       111 Dihe    10     9    11     7  = -174.93350987 deg =   -3.05316572
       112 Dihe     7    11     9     6  =   -2.87910808 deg =   -0.05024992
       113 Dihe     7    11    17    18  = -177.03246369 deg =   -3.08979937
       114 Dihe     7    11    17    19  =    6.37604812 deg =    0.11128303
       115 Dihe     7    11    17     6  =   33.10113856 deg =    0.57772385
       116 Dihe     9    11    17    18  =   11.41027086 deg =    0.19914680
       117 Dihe     9    11    17    19  = -165.18121733 deg =   -2.88295610
       118 Dihe     9    11    17     8  =  -10.12709838 deg =   -0.17675121
       119 Dihe     8    12    15    16  = -170.46775345 deg =   -2.97522357
       120 Dihe     8    12    15     6  =  -26.57966693 deg =   -0.46390270
       121 Dihe    13    12    15    16  =  -46.41059072 deg =   -0.81001762
       122 Dihe    14    12    15    16  =   71.11799778 deg =    1.24124322
       123 Dihe    11    17    19    20  =    5.61430550 deg =    0.09798812
       124 Dihe    11    17    19    21  = -179.52088627 deg =   -3.13323054
       125 Dihe    11    17    19     7  =   -2.56948595 deg =   -0.04484599
       126 Dihe    18    17    19    20  = -170.95247727 deg =   -2.98368359
       127 Dihe    18    17    19    21  =    3.91233097 deg =    0.06828306
       128 Dihe    17    19    20    22  =  178.38272587 deg =    3.11336590
       129 Dihe    17    19    20    25  =    0.26000356 deg =    0.00453792
       130 Dihe    17    19    20    11  =   -2.50624675 deg =   -0.04374226
       131 Dihe    17    19    21    23  = -179.07325077 deg =   -3.12541783
       132 Dihe    17    19    21    26  =    2.14625444 deg =    0.03745921
       133 Dihe    17    19    21    11  =    0.34813020 deg =    0.00607602
       134 Dihe    20    19    21    23  =   -4.00198419 deg =   -0.06984780
       135 Dihe    20    19    21    26  =  177.21752101 deg =    3.09302923
       136 Dihe    20    19    21    22  =   -1.81556666 deg =   -0.03168762
       137 Dihe    20    19    21    25  =    4.37248236 deg =    0.07631421
       138 Dihe    19    20    22    24  =    0.72759341 deg =    0.01269890
       139 Dihe    19    20    22    27  = -177.19519398 deg =   -3.09263955
       140 Dihe    19    20    22    17  =   -1.45161499 deg =   -0.02533546
       141 Dihe    25    20    22    24  =  178.81493992 deg =    3.12090945
       142 Dihe    25    20    22    27  =    0.89215253 deg =    0.01557100
       143 Dihe    19    21    23    24  =   -0.17885519 deg =   -0.00312161
       144 Dihe    19    21    23    28  =  179.39982742 deg =    3.13111767
       145 Dihe    19    21    23    17  =    1.07080370 deg =    0.01868905
       146 Dihe    26    21    23    24  =  178.57451067 deg =    3.11671317
       147 Dihe    26    21    23    28  =   -1.84680673 deg =   -0.03223286
       148 Dihe    20    22    24    23  =   -4.79764277 deg =   -0.08373466
       149 Dihe    20    22    24    29  =  175.61696457 deg =    3.06509425
       150 Dihe    20    22    24    19  =   -0.37031167 deg =   -0.00646316
       151 Dihe    27    22    24    23  =  173.21516171 deg =    3.02317489
       152 Dihe    27    22    24    29  =   -6.37023095 deg =   -0.11118150
       153 Dihe    21    23    24    22  =    4.49778826 deg =    0.07850121
       154 Dihe    21    23    24    19  =    0.09029811 deg =    0.00157600
       155 Dihe    28    23    24    22  = -175.09232164 deg =   -3.05593751
       156 Dihe    22    24    23    20  =    2.30593481 deg =    0.04024615



Located a new residue for HDLC
   Residue number is    4
   Number of atoms it contains     3
   Atoms:   3490  3491  3492
   Generating HDLC for residue    4

   The Cartesian coordinates
         1     5.25750337408159    16.33939637207500     0.09403742772270
         2     5.96671272245025    14.85402162755630     1.04905239257436
         3     3.43264777554408    16.26432061973570     0.40999011043826

   The primitive internal coordinates


     The system has     2 stretches
         1 Stre     2     1              =    1.90298965
         2 Stre     3     1              =    1.85352648


     The system has     1 bends and impropers
         3 Bend     3     1     2        =  104.46306899 deg =    1.82322450


     The system has     0 dihedrals



DL-FIND Report:
===============
Optimisation algorithm: L-BFGS
Number of steps in L-BFGS memory ...............         50
 
Trust radius based on energy
Maximum step length ............................  5.000E-01
 
Coordinate system: Hybrid delocalised internal coordinates (HDLC)
 
Number of atoms ................................       4104
Number of input geometries .....................          1
Variables to be optimised ......................        156
Restart information is written every ...........          1 steps
This run has not been restarted.
Maximum number of steps ........................       1000
Maximum number of energy evaluations ...........     100000
 
There are 5 residues
dl-find/hybrid.calc/============================= Tstep:    0.3 Ttot:    5.4 ==
dl-find/hybrid.calc/mndo/======================== Tstep:    0.0 Ttot:    5.4 ==
dl-find/hybrid.calc/mndo/[mndo]================== Tstep:    0.0 Ttot:    5.4 ==
dl-find/hybrid.calc/mndo/[mndo exit 0]=========== Tstep:  961.3 Ttot:  966.6 ==
...hybrid.calc/dl_poly.eandg/==================== Tstep:    0.0 Ttot:  966.6 ==
 Short range includes 1-4 terms:   488.803891046401      Other: 
  -1600.85626116188     

 MM Energies (kcal/mol)   total      : -3.16982507E+03
   short range: -1.11205237E+03 coulombic  : -3.65829444E+03 3body      :  0.00000000E+00
   bond       :  2.12137672E+02 angle      :  4.69541021E+02 str-bend   :  0.00000000E+00
   per dihed  :  8.82089711E+02 harm dihed :  1.34823730E+01 angle-angle:  0.00000000E+00
   ang-ang-tor:  0.00000000E+00 urey-brdly :  2.32709661E+01 inversion  :  0.00000000E+00
 Energy calculation finished, energy: -5.700203626E+00

Converting Cartesians to HDLC
Testing convergence  in cycle    1
  Max grad  6.1672E-04 Target: 5.0000E-04 converged?   no component   141
  RMS grad  1.5782E-04 Target: 3.3333E-04 converged?  yes
 Predicted step length 2.0000E-02
 Trust radius          1.0000E-01

Converting HDLC to Cartesians
dl-find/hybrid.calc/============================= Tstep:    1.0 Ttot:  967.7 ==
dl-find/hybrid.calc/mndo/======================== Tstep:    0.0 Ttot:  967.7 ==
dl-find/hybrid.calc/mndo/[mndo]================== Tstep:    0.0 Ttot:  967.7 ==
dl-find/hybrid.calc/mndo/[mndo exit 0]=========== Tstep:  959.0 Ttot: 1926.7 ==
...hybrid.calc/dl_poly.eandg/==================== Tstep:    0.0 Ttot: 1926.7 ==
 Short range includes 1-4 terms:   488.806768125143      Other: 
  -1600.86112049989     

 MM Energies (kcal/mol)   total      : -3.16982491E+03
   short range: -1.11205435E+03 coulombic  : -3.65829444E+03 3body      :  0.00000000E+00
   bond       :  2.12132595E+02 angle      :  4.69547243E+02 str-bend   :  0.00000000E+00
   per dihed  :  8.82091387E+02 harm dihed :  1.34823730E+01 angle-angle:  0.00000000E+00
   ang-ang-tor:  0.00000000E+00 urey-brdly :  2.32702807E+01 inversion  :  0.00000000E+00
 Energy calculation finished, energy: -5.700174036E+00

Converting Cartesians to HDLC
 Rejecting step, energy  2.959E-05 higher
 Trust radius          1.0000E-02

Converting HDLC to Cartesians
dl-find/hybrid.calc/============================= Tstep:    1.0 Ttot: 1927.7 ==
dl-find/hybrid.calc/mndo/======================== Tstep:    0.0 Ttot: 1927.7 ==
dl-find/hybrid.calc/mndo/[mndo]================== Tstep:    0.0 Ttot: 1927.7 ==
dl-find/hybrid.calc/mndo/[mndo exit 0]=========== Tstep:  956.8 Ttot: 2884.5 ==
...hybrid.calc/dl_poly.eandg/==================== Tstep:    0.0 Ttot: 2884.5 ==
 Short range includes 1-4 terms:   488.805308513945      Other: 
  -1600.85872682248     

 MM Energies (kcal/mol)   total      : -3.16982537E+03
   short range: -1.11205342E+03 coulombic  : -3.65829444E+03 3body      :  0.00000000E+00
   bond       :  2.12134891E+02 angle      :  4.69544056E+02 str-bend   :  0.00000000E+00
   per dihed  :  8.82090545E+02 harm dihed :  1.34823730E+01 angle-angle:  0.00000000E+00
   ang-ang-tor:  0.00000000E+00 urey-brdly :  2.32706201E+01 inversion  :  0.00000000E+00
 Energy calculation finished, energy: -5.700206064E+00

Converting Cartesians to HDLC
 Wolfe conditions fulfilled, increasing trust radius
Testing convergence  in cycle    3
    Energy  2.4381E-06 Target: 1.1111E-06 converged?   no
  Max step  3.1286E-03 Target: 2.0000E-03 converged?   no component   141
  RMS step  8.0064E-04 Target: 1.3333E-03 converged?  yes
  Max grad  2.7256E-03 Target: 5.0000E-04 converged?   no component   145
  RMS grad  3.0658E-04 Target: 3.3333E-04 converged?  yes
 Predicted step length 3.1668E-03
 Trust radius          2.0000E-02

Converting HDLC to Cartesians
dl-find/hybrid.calc/============================= Tstep:    1.0 Ttot: 2885.5 ==
dl-find/hybrid.calc/mndo/======================== Tstep:    0.0 Ttot: 2885.5 ==
dl-find/hybrid.calc/mndo/[mndo]================== Tstep:    0.0 Ttot: 2885.5 ==
dl-find/hybrid.calc/mndo/[mndo exit 0]=========== Tstep:  957.0 Ttot: 3842.5 ==
...hybrid.calc/dl_poly.eandg/==================== Tstep:    0.0 Ttot: 3842.5 ==
 Short range includes 1-4 terms:   488.804408194987      Other: 
  -1600.85653556440     

 MM Energies (kcal/mol)   total      : -3.16982531E+03
   short range: -1.11205213E+03 coulombic  : -3.65829444E+03 3body      :  0.00000000E+00
   bond       :  2.12136643E+02 angle      :  4.69540324E+02 str-bend   :  0.00000000E+00
   per dihed  :  8.82091354E+02 harm dihed :  1.34823730E+01 angle-angle:  0.00000000E+00
   ang-ang-tor:  0.00000000E+00 urey-brdly :  2.32705612E+01 inversion  :  0.00000000E+00
 Energy calculation finished, energy: -5.700213091E+00

Converting Cartesians to HDLC
 Wolfe conditions fulfilled, increasing trust radius
Testing convergence  in cycle    4
    Energy  7.0267E-06 Target: 1.1111E-06 converged?   no
  Max step  2.2423E-03 Target: 2.0000E-03 converged?   no component   145
  RMS step  2.5355E-04 Target: 1.3333E-03 converged?  yes
  Max grad  5.5592E-04 Target: 5.0000E-04 converged?   no component   146
  RMS grad  1.0835E-04 Target: 3.3333E-04 converged?  yes
 Predicted step length 2.0325E-03
 Trust radius          4.0000E-02

Converting HDLC to Cartesians
dl-find/hybrid.calc/============================= Tstep:    1.0 Ttot: 3843.5 ==
dl-find/hybrid.calc/mndo/======================== Tstep:    0.0 Ttot: 3843.5 ==
dl-find/hybrid.calc/mndo/[mndo]================== Tstep:    0.0 Ttot: 3843.5 ==
dl-find/hybrid.calc/mndo/[mndo exit 0]=========== Tstep:  955.7 Ttot: 4799.2 ==
...hybrid.calc/dl_poly.eandg/==================== Tstep:    0.0 Ttot: 4799.2 ==
 Short range includes 1-4 terms:   488.802688021670      Other: 
  -1600.85536094699     

 MM Energies (kcal/mol)   total      : -3.16982512E+03
   short range: -1.11205267E+03 coulombic  : -3.65829444E+03 3body      :  0.00000000E+00
   bond       :  2.12137869E+02 angle      :  4.69539406E+02 str-bend   :  0.00000000E+00
   per dihed  :  8.82091838E+02 harm dihed :  1.34823730E+01 angle-angle:  0.00000000E+00
   ang-ang-tor:  0.00000000E+00 urey-brdly :  2.32705095E+01 inversion  :  0.00000000E+00
 Energy calculation finished, energy: -5.700214663E+00

Converting Cartesians to HDLC
 Wolfe conditions fulfilled, increasing trust radius
Testing convergence  in cycle    5
    Energy  1.5719E-06 Target: 1.1111E-06 converged?   no
  Max step  7.1712E-04 Target: 2.0000E-03 converged?  yes component   146
  RMS step  1.6273E-04 Target: 1.3333E-03 converged?  yes
  Max grad  3.1277E-04 Target: 5.0000E-04 converged?  yes component   146
  RMS grad  7.8133E-05 Target: 3.3333E-04 converged?  yes
 Predicted step length 3.4498E-03
 Trust radius          8.0000E-02

Converting HDLC to Cartesians
dl-find/hybrid.calc/============================= Tstep:    1.0 Ttot: 4800.2 ==
dl-find/hybrid.calc/mndo/======================== Tstep:    0.0 Ttot: 4800.2 ==
dl-find/hybrid.calc/mndo/[mndo]================== Tstep:    0.0 Ttot: 4800.2 ==
dl-find/hybrid.calc/mndo/[mndo exit 0]=========== Tstep:  954.2 Ttot: 5754.4 ==
...hybrid.calc/dl_poly.eandg/==================== Tstep:    0.0 Ttot: 5754.4 ==
 Short range includes 1-4 terms:   488.802627428548      Other: 
  -1600.85254151170     

 MM Energies (kcal/mol)   total      : -3.16982340E+03
   short range: -1.11204991E+03 coulombic  : -3.65829444E+03 3body      :  0.00000000E+00
   bond       :  2.12137726E+02 angle      :  4.69537514E+02 str-bend   :  0.00000000E+00
   per dihed  :  8.82092906E+02 harm dihed :  1.34823730E+01 angle-angle:  0.00000000E+00
   ang-ang-tor:  0.00000000E+00 urey-brdly :  2.32704353E+01 inversion  :  0.00000000E+00
 Energy calculation finished, energy: -5.700216416E+00

Converting Cartesians to HDLC
 Wolfe conditions fulfilled, increasing trust radius
Testing convergence  in cycle    6
    Energy  1.7527E-06 Target: 1.1111E-06 converged?   no
  Max step  1.1630E-03 Target: 2.0000E-03 converged?  yes component   141
  RMS step  2.7620E-04 Target: 1.3333E-03 converged?  yes
  Max grad  4.7057E-04 Target: 5.0000E-04 converged?  yes component   146
  RMS grad  9.2240E-05 Target: 3.3333E-04 converged?  yes
 Predicted step length 9.5232E-03
 Trust radius          1.6000E-01

Converting HDLC to Cartesians
dl-find/hybrid.calc/============================= Tstep:    1.0 Ttot: 5755.4 ==
dl-find/hybrid.calc/mndo/======================== Tstep:    0.0 Ttot: 5755.4 ==
dl-find/hybrid.calc/mndo/[mndo]================== Tstep:    0.0 Ttot: 5755.4 ==
dl-find/hybrid.calc/mndo/[mndo exit 0]=========== Tstep:  954.6 Ttot: 6710.0 ==
...hybrid.calc/dl_poly.eandg/==================== Tstep:    0.0 Ttot: 6710.0 ==
 Short range includes 1-4 terms:   488.803536369935      Other: 
  -1600.84268212532     

 MM Energies (kcal/mol)   total      : -3.16981582E+03
   short range: -1.11203915E+03 coulombic  : -3.65829444E+03 3body      :  0.00000000E+00
   bond       :  2.12136526E+02 angle      :  4.69532960E+02 str-bend   :  0.00000000E+00
   per dihed  :  8.82095560E+02 harm dihed :  1.34823730E+01 angle-angle:  0.00000000E+00
   ang-ang-tor:  0.00000000E+00 urey-brdly :  2.32703440E+01 inversion  :  0.00000000E+00
 Energy calculation finished, energy: -5.700220950E+00

Converting Cartesians to HDLC
 Wolfe conditions fulfilled, increasing trust radius
Testing convergence  in cycle    7
    Energy  4.5341E-06 Target: 1.1111E-06 converged?   no
  Max step  2.5584E-03 Target: 2.0000E-03 converged?   no component   141
  RMS step  7.6247E-04 Target: 1.3333E-03 converged?  yes
  Max grad  7.0294E-04 Target: 5.0000E-04 converged?   no component   146
  RMS grad  1.1755E-04 Target: 3.3333E-04 converged?  yes
 Predicted step length 1.8942E-02
 Trust radius          3.2000E-01

Converting HDLC to Cartesians
dl-find/hybrid.calc/============================= Tstep:    1.0 Ttot: 6711.1 ==
dl-find/hybrid.calc/mndo/======================== Tstep:    0.0 Ttot: 6711.1 ==
dl-find/hybrid.calc/mndo/[mndo]================== Tstep:    0.0 Ttot: 6711.1 ==
dl-find/hybrid.calc/mndo/[mndo exit 0]=========== Tstep:  953.1 Ttot: 7664.2 ==
...hybrid.calc/dl_poly.eandg/==================== Tstep:    0.0 Ttot: 7664.2 ==
 Short range includes 1-4 terms:   488.807093442568      Other: 
  -1600.82773263593     

 MM Energies (kcal/mol)   total      : -3.16980168E+03
   short range: -1.11202064E+03 coulombic  : -3.65829444E+03 3body      :  0.00000000E+00
   bond       :  2.12137271E+02 angle      :  4.69522114E+02 str-bend   :  0.00000000E+00
   per dihed  :  8.82101624E+02 harm dihed :  1.34823730E+01 angle-angle:  0.00000000E+00
   ang-ang-tor:  0.00000000E+00 urey-brdly :  2.32700192E+01 inversion  :  0.00000000E+00
 Energy calculation finished, energy: -5.700227163E+00

Converting Cartesians to HDLC
 Wolfe conditions fulfilled, increasing trust radius
Testing convergence  in cycle    8
    Energy  6.2137E-06 Target: 1.1111E-06 converged?   no
  Max step  5.6213E-03 Target: 2.0000E-03 converged?   no component   140
  RMS step  1.5166E-03 Target: 1.3333E-03 converged?   no
  Max grad  9.9352E-04 Target: 5.0000E-04 converged?   no component   145
  RMS grad  1.6511E-04 Target: 3.3333E-04 converged?  yes
 Predicted step length 2.4140E-02
 Trust radius          5.0000E-01

Converting HDLC to Cartesians
dl-find/hybrid.calc/============================= Tstep:    1.0 Ttot: 7665.2 ==
dl-find/hybrid.calc/mndo/======================== Tstep:    0.0 Ttot: 7665.2 ==
dl-find/hybrid.calc/mndo/[mndo]================== Tstep:    0.0 Ttot: 7665.2 ==
dl-find/hybrid.calc/mndo/[mndo exit 0]=========== Tstep:  955.0 Ttot: 8620.2 ==
...hybrid.calc/dl_poly.eandg/==================== Tstep:    0.0 Ttot: 8620.2 ==
 Short range includes 1-4 terms:   488.811735885700      Other: 
  -1600.79383329619     

 MM Energies (kcal/mol)   total      : -3.16977027E+03
   short range: -1.11198210E+03 coulombic  : -3.65829444E+03 3body      :  0.00000000E+00
   bond       :  2.12132033E+02 angle      :  4.69515343E+02 str-bend   :  0.00000000E+00
   per dihed  :  8.82106884E+02 harm dihed :  1.34823730E+01 angle-angle:  0.00000000E+00
   ang-ang-tor:  0.00000000E+00 urey-brdly :  2.32696400E+01 inversion  :  0.00000000E+00
 Energy calculation finished, energy: -5.700232536E+00

Converting Cartesians to HDLC
 Wolfe conditions fulfilled, increasing trust radius
Testing convergence  in cycle    9
    Energy  5.3722E-06 Target: 1.1111E-06 converged?   no
  Max step  7.9829E-03 Target: 2.0000E-03 converged?   no component   140
  RMS step  1.9328E-03 Target: 1.3333E-03 converged?   no
  Max grad  1.1202E-03 Target: 5.0000E-04 converged?   no component   153
  RMS grad  1.7142E-04 Target: 3.3333E-04 converged?  yes
 Predicted step length 7.3355E-03
 Trust radius          5.0000E-01

Converting HDLC to Cartesians
dl-find/hybrid.calc/============================= Tstep:    1.0 Ttot: 8621.2 ==
dl-find/hybrid.calc/mndo/======================== Tstep:    0.0 Ttot: 8621.2 ==
dl-find/hybrid.calc/mndo/[mndo]================== Tstep:    0.0 Ttot: 8621.2 ==
dl-find/hybrid.calc/mndo/[mndo exit 0]=========== Tstep:  952.6 Ttot: 9573.8 ==
...hybrid.calc/dl_poly.eandg/==================== Tstep:    0.0 Ttot: 9573.8 ==
 Short range includes 1-4 terms:   488.813255070249      Other: 
  -1600.78782332646     

 MM Energies (kcal/mol)   total      : -3.16975942E+03
   short range: -1.11197457E+03 coulombic  : -3.65829444E+03 3body      :  0.00000000E+00
   bond       :  2.12135224E+02 angle      :  4.69513891E+02 str-bend   :  0.00000000E+00
   per dihed  :  8.82108580E+02 harm dihed :  1.34823730E+01 angle-angle:  0.00000000E+00
   ang-ang-tor:  0.00000000E+00 urey-brdly :  2.32695176E+01 inversion  :  0.00000000E+00
 Energy calculation finished, energy: -5.700237690E+00

Converting Cartesians to HDLC
 Wolfe conditions fulfilled, increasing trust radius
Testing convergence  in cycle   10
    Energy  5.1544E-06 Target: 1.1111E-06 converged?   no
  Max step  2.9107E-03 Target: 2.0000E-03 converged?   no component   140
  RMS step  5.8731E-04 Target: 1.3333E-03 converged?  yes
  Max grad  2.6304E-04 Target: 5.0000E-04 converged?  yes component    63
  RMS grad  8.5696E-05 Target: 3.3333E-04 converged?  yes
 Predicted step length 8.5325E-03
 Trust radius          5.0000E-01

Converting HDLC to Cartesians
dl-find/hybrid.calc/============================= Tstep:    1.0 Ttot: 9574.8 ==
dl-find/hybrid.calc/mndo/======================== Tstep:    0.0 Ttot: 9574.8 ==
dl-find/hybrid.calc/mndo/[mndo]================== Tstep:    0.0 Ttot: 9574.8 ==
dl-find/hybrid.calc/mndo/[mndo exit 0]=========== Tstep:  951.4 Ttot:10526.2 ==
...hybrid.calc/dl_poly.eandg/==================== Tstep:    0.0 Ttot:10526.2 ==
 Short range includes 1-4 terms:   488.814986925550      Other: 
  -1600.78035593249     

 MM Energies (kcal/mol)   total      : -3.16974644E+03
   short range: -1.11196537E+03 coulombic  : -3.65829444E+03 3body      :  0.00000000E+00
   bond       :  2.12137135E+02 angle      :  4.69514601E+02 str-bend   :  0.00000000E+00
   per dihed  :  8.82109931E+02 harm dihed :  1.34823730E+01 angle-angle:  0.00000000E+00
   ang-ang-tor:  0.00000000E+00 urey-brdly :  2.32693305E+01 inversion  :  0.00000000E+00
 Energy calculation finished, energy: -5.700241340E+00

Converting Cartesians to HDLC
 Wolfe conditions fulfilled, increasing trust radius
Testing convergence  in cycle   11
    Energy  3.6504E-06 Target: 1.1111E-06 converged?   no
  Max step  3.4003E-03 Target: 2.0000E-03 converged?   no component   140
  RMS step  6.8315E-04 Target: 1.3333E-03 converged?  yes
  Max grad  3.1330E-04 Target: 5.0000E-04 converged?  yes component   153
  RMS grad  8.2980E-05 Target: 3.3333E-04 converged?  yes
 Predicted step length 1.0177E-02
 Trust radius          5.0000E-01

Converting HDLC to Cartesians
dl-find/hybrid.calc/============================= Tstep:    1.0 Ttot:10527.2 ==
dl-find/hybrid.calc/mndo/======================== Tstep:    0.0 Ttot:10527.2 ==
dl-find/hybrid.calc/mndo/[mndo]================== Tstep:    0.0 Ttot:10527.3 ==
dl-find/hybrid.calc/mndo/[mndo exit 0]=========== Tstep:  950.3 Ttot:11477.5 ==
...hybrid.calc/dl_poly.eandg/==================== Tstep:    0.0 Ttot:11477.5 ==
 Short range includes 1-4 terms:   488.815818231834      Other: 
  -1600.77170280730     

 MM Energies (kcal/mol)   total      : -3.16973249E+03
   short range: -1.11195588E+03 coulombic  : -3.65829444E+03 3body      :  0.00000000E+00
   bond       :  2.12138061E+02 angle      :  4.69516362E+02 str-bend   :  0.00000000E+00
   per dihed  :  8.82111927E+02 harm dihed :  1.34823730E+01 angle-angle:  0.00000000E+00
   ang-ang-tor:  0.00000000E+00 urey-brdly :  2.32691127E+01 inversion  :  0.00000000E+00
 Energy calculation finished, energy: -5.700244339E+00

Converting Cartesians to HDLC
 Wolfe conditions fulfilled, increasing trust radius
Testing convergence  in cycle   12
    Energy  2.9985E-06 Target: 1.1111E-06 converged?   no
  Max step  3.8054E-03 Target: 2.0000E-03 converged?   no component   140
  RMS step  8.1484E-04 Target: 1.3333E-03 converged?  yes
  Max grad  3.4379E-04 Target: 5.0000E-04 converged?  yes component   145
  RMS grad  7.2614E-05 Target: 3.3333E-04 converged?  yes
 Predicted step length 1.7475E-02
 Trust radius          5.0000E-01

Converting HDLC to Cartesians
dl-find/hybrid.calc/============================= Tstep:    1.0 Ttot:11478.5 ==
dl-find/hybrid.calc/mndo/======================== Tstep:    0.0 Ttot:11478.5 ==
dl-find/hybrid.calc/mndo/[mndo]================== Tstep:    0.0 Ttot:11478.6 ==
dl-find/hybrid.calc/mndo/[mndo exit 0]=========== Tstep:  962.6 Ttot:12441.2 ==
...hybrid.calc/dl_poly.eandg/==================== Tstep:    0.0 Ttot:12441.2 ==
 Short range includes 1-4 terms:   488.817338261771      Other: 
  -1600.75390602495     

 MM Energies (kcal/mol)   total      : -3.16970924E+03
   short range: -1.11193657E+03 coulombic  : -3.65829444E+03 3body      :  0.00000000E+00
   bond       :  2.12136729E+02 angle      :  4.69517918E+02 str-bend   :  0.00000000E+00
   per dihed  :  8.82116124E+02 harm dihed :  1.34823730E+01 angle-angle:  0.00000000E+00
   ang-ang-tor:  0.00000000E+00 urey-brdly :  2.32686264E+01 inversion  :  0.00000000E+00
 Energy calculation finished, energy: -5.700247303E+00

Converting Cartesians to HDLC
 Wolfe conditions fulfilled, increasing trust radius
Testing convergence  in cycle   13
    Energy  2.9646E-06 Target: 1.1111E-06 converged?   no
  Max step  6.2017E-03 Target: 2.0000E-03 converged?   no component   140
  RMS step  1.3992E-03 Target: 1.3333E-03 converged?   no
  Max grad  3.8515E-04 Target: 5.0000E-04 converged?  yes component   146
  RMS grad  9.6215E-05 Target: 3.3333E-04 converged?  yes
 Predicted step length 8.8163E-03
 Trust radius          5.0000E-01

Converting HDLC to Cartesians
dl-find/hybrid.calc/============================= Tstep:    1.0 Ttot:12442.2 ==
dl-find/hybrid.calc/mndo/======================== Tstep:    0.0 Ttot:12442.2 ==
dl-find/hybrid.calc/mndo/[mndo]================== Tstep:    0.0 Ttot:12442.2 ==
dl-find/hybrid.calc/mndo/[mndo exit 0]=========== Tstep:  964.1 Ttot:13406.4 ==
...hybrid.calc/dl_poly.eandg/==================== Tstep:    0.0 Ttot:13406.4 ==
 Short range includes 1-4 terms:   488.816424069762      Other: 
  -1600.75219409001     

 MM Energies (kcal/mol)   total      : -3.16970006E+03
   short range: -1.11193577E+03 coulombic  : -3.65829444E+03 3body      :  0.00000000E+00
   bond       :  2.12141447E+02 angle      :  4.69519830E+02 str-bend   :  0.00000000E+00
   per dihed  :  8.82118102E+02 harm dihed :  1.34823730E+01 angle-angle:  0.00000000E+00
   ang-ang-tor:  0.00000000E+00 urey-brdly :  2.32684016E+01 inversion  :  0.00000000E+00
 Energy calculation finished, energy: -5.700249104E+00

Converting Cartesians to HDLC
 Wolfe conditions fulfilled, increasing trust radius
Testing convergence  in cycle   14
    Energy  1.8003E-06 Target: 1.1111E-06 converged?   no
  Max step  2.7636E-03 Target: 2.0000E-03 converged?   no component    50
  RMS step  7.0587E-04 Target: 1.3333E-03 converged?  yes
  Max grad  2.0404E-04 Target: 5.0000E-04 converged?  yes component    48
  RMS grad  5.4806E-05 Target: 3.3333E-04 converged?  yes
 Predicted step length 3.8358E-03
 Trust radius          5.0000E-01

Converting HDLC to Cartesians
dl-find/hybrid.calc/============================= Tstep:    1.0 Ttot:13407.4 ==
dl-find/hybrid.calc/mndo/======================== Tstep:    0.0 Ttot:13407.4 ==
dl-find/hybrid.calc/mndo/[mndo]================== Tstep:    0.0 Ttot:13407.4 ==
dl-find/hybrid.calc/mndo/[mndo exit 0]=========== Tstep:  966.8 Ttot:14374.3 ==
...hybrid.calc/dl_poly.eandg/==================== Tstep:    0.0 Ttot:14374.3 ==
 Short range includes 1-4 terms:   488.815573152262      Other: 
  -1600.75424113850     

 MM Energies (kcal/mol)   total      : -3.16970250E+03
   short range: -1.11193867E+03 coulombic  : -3.65829444E+03 3body      :  0.00000000E+00
   bond       :  2.12140909E+02 angle      :  4.69519885E+02 str-bend   :  0.00000000E+00
   per dihed  :  8.82119184E+02 harm dihed :  1.34823730E+01 angle-angle:  0.00000000E+00
   ang-ang-tor:  0.00000000E+00 urey-brdly :  2.32682595E+01 inversion  :  0.00000000E+00
 Energy calculation finished, energy: -5.700250243E+00

Converting Cartesians to HDLC
 Wolfe conditions fulfilled, increasing trust radius
Testing convergence  in cycle   15
    Energy  1.1395E-06 Target: 1.1111E-06 converged?   no
  Max step  1.1601E-03 Target: 2.0000E-03 converged?  yes component    48
  RMS step  3.0711E-04 Target: 1.3333E-03 converged?  yes
  Max grad  1.8178E-04 Target: 5.0000E-04 converged?  yes component    48
  RMS grad  5.3656E-05 Target: 3.3333E-04 converged?  yes
 Predicted step length 1.4639E-02
 Trust radius          5.0000E-01

Converting HDLC to Cartesians
dl-find/hybrid.calc/============================= Tstep:    1.0 Ttot:14375.3 ==
dl-find/hybrid.calc/mndo/======================== Tstep:    0.0 Ttot:14375.3 ==
dl-find/hybrid.calc/mndo/[mndo]================== Tstep:    0.0 Ttot:14375.3 ==
dl-find/hybrid.calc/mndo/[mndo exit 0]=========== Tstep:  968.4 Ttot:15343.7 ==
...hybrid.calc/dl_poly.eandg/==================== Tstep:    0.0 Ttot:15343.7 ==
 Short range includes 1-4 terms:   488.813808058424      Other: 
  -1600.75701080070     

 MM Energies (kcal/mol)   total      : -3.16969795E+03
   short range: -1.11194320E+03 coulombic  : -3.65829444E+03 3body      :  0.00000000E+00
   bond       :  2.12146204E+02 angle      :  4.69520001E+02 str-bend   :  0.00000000E+00
   per dihed  :  8.82123329E+02 harm dihed :  1.34823730E+01 angle-angle:  0.00000000E+00
   ang-ang-tor:  0.00000000E+00 urey-brdly :  2.32677913E+01 inversion  :  0.00000000E+00
 Energy calculation finished, energy: -5.700252686E+00

Converting Cartesians to HDLC
 Wolfe conditions fulfilled, increasing trust radius
Testing convergence  in cycle   16
    Energy  2.4428E-06 Target: 1.1111E-06 converged?   no
  Max step  4.6533E-03 Target: 2.0000E-03 converged?   no component    48
  RMS step  1.1720E-03 Target: 1.3333E-03 converged?  yes
  Max grad  5.2436E-04 Target: 5.0000E-04 converged?   no component   152
  RMS grad  7.3477E-05 Target: 3.3333E-04 converged?  yes
 Predicted step length 1.3329E-02
 Trust radius          5.0000E-01

Converting HDLC to Cartesians
dl-find/hybrid.calc/============================= Tstep:    1.0 Ttot:15344.8 ==
dl-find/hybrid.calc/mndo/======================== Tstep:    0.0 Ttot:15344.8 ==
dl-find/hybrid.calc/mndo/[mndo]================== Tstep:    0.0 Ttot:15344.8 ==
dl-find/hybrid.calc/mndo/[mndo exit 0]=========== Tstep:  977.4 Ttot:16322.2 ==
...hybrid.calc/dl_poly.eandg/==================== Tstep:    0.0 Ttot:16322.2 ==
 Short range includes 1-4 terms:   488.812302746547      Other: 
  -1600.76522018941     

 MM Energies (kcal/mol)   total      : -3.16971253E+03
   short range: -1.11195292E+03 coulombic  : -3.65829444E+03 3body      :  0.00000000E+00
   bond       :  2.12137808E+02 angle      :  4.69519527E+02 str-bend   :  0.00000000E+00
   per dihed  :  8.82127641E+02 harm dihed :  1.34823730E+01 angle-angle:  0.00000000E+00
   ang-ang-tor:  0.00000000E+00 urey-brdly :  2.32674745E+01 inversion  :  0.00000000E+00
 Energy calculation finished, energy: -5.700253435E+00

Converting Cartesians to HDLC
 Wolfe conditions fulfilled, increasing trust radius
Testing convergence  in cycle   17
    Energy  7.4880E-07 Target: 1.1111E-06 converged?  yes
  Max step  4.4443E-03 Target: 2.0000E-03 converged?   no component   140
  RMS step  1.0672E-03 Target: 1.3333E-03 converged?  yes
  Max grad  7.3581E-04 Target: 5.0000E-04 converged?   no component   153
  RMS grad  1.1192E-04 Target: 3.3333E-04 converged?  yes
 Predicted step length 2.5062E-03
 Trust radius          5.0000E-01

Converting HDLC to Cartesians
dl-find/hybrid.calc/============================= Tstep:    1.0 Ttot:16323.2 ==
dl-find/hybrid.calc/mndo/======================== Tstep:    0.0 Ttot:16323.2 ==
dl-find/hybrid.calc/mndo/[mndo]================== Tstep:    0.0 Ttot:16323.2 ==
dl-find/hybrid.calc/mndo/[mndo exit 0]=========== Tstep:  974.7 Ttot:17297.9 ==
...hybrid.calc/dl_poly.eandg/==================== Tstep:    0.0 Ttot:17297.9 ==
 Short range includes 1-4 terms:   488.813055655017      Other: 
  -1600.76209869784     

 MM Energies (kcal/mol)   total      : -3.16970436E+03
   short range: -1.11194904E+03 coulombic  : -3.65829444E+03 3body      :  0.00000000E+00
   bond       :  2.12142741E+02 angle      :  4.69519591E+02 str-bend   :  0.00000000E+00
   per dihed  :  8.82126882E+02 harm dihed :  1.34823730E+01 angle-angle:  0.00000000E+00
   ang-ang-tor:  0.00000000E+00 urey-brdly :  2.32675333E+01 inversion  :  0.00000000E+00
 Energy calculation finished, energy: -5.700254630E+00

Converting Cartesians to HDLC
 Wolfe conditions fulfilled, increasing trust radius
Testing convergence  in cycle   18
    Energy  1.1946E-06 Target: 1.1111E-06 converged?   no
  Max step  6.5623E-04 Target: 2.0000E-03 converged?  yes component   153
  RMS step  2.0066E-04 Target: 1.3333E-03 converged?  yes
  Max grad  1.8960E-04 Target: 5.0000E-04 converged?  yes component   153
  RMS grad  3.9151E-05 Target: 3.3333E-04 converged?  yes
 Predicted step length 2.1065E-03
 Trust radius          5.0000E-01

Converting HDLC to Cartesians
dl-find/hybrid.calc/============================= Tstep:    1.0 Ttot:17299.0 ==
dl-find/hybrid.calc/mndo/======================== Tstep:    0.0 Ttot:17299.0 ==
dl-find/hybrid.calc/mndo/[mndo]================== Tstep:    0.0 Ttot:17299.0 ==
dl-find/hybrid.calc/mndo/[mndo exit 0]=========== Tstep:  975.7 Ttot:18274.7 ==
...hybrid.calc/dl_poly.eandg/==================== Tstep:    0.0 Ttot:18274.7 ==
 Short range includes 1-4 terms:   488.813493669231      Other: 
  -1600.76139651678     

 MM Energies (kcal/mol)   total      : -3.16970079E+03
   short range: -1.11194790E+03 coulombic  : -3.65829444E+03 3body      :  0.00000000E+00
   bond       :  2.12144758E+02 angle      :  4.69519605E+02 str-bend   :  0.00000000E+00
   per dihed  :  8.82127262E+02 harm dihed :  1.34823730E+01 angle-angle:  0.00000000E+00
   ang-ang-tor:  0.00000000E+00 urey-brdly :  2.32675521E+01 inversion  :  0.00000000E+00
 Energy calculation finished, energy: -5.700255092E+00

Converting Cartesians to HDLC
 Wolfe conditions fulfilled, increasing trust radius
Testing convergence  in cycle   19
    Energy  4.6245E-07 Target: 1.1111E-06 converged?  yes
  Max step  9.4072E-04 Target: 2.0000E-03 converged?  yes component   140
  RMS step  1.6865E-04 Target: 1.3333E-03 converged?  yes
  Max grad  8.4393E-05 Target: 5.0000E-04 converged?  yes component   142
  RMS grad  2.6307E-05 Target: 3.3333E-04 converged?  yes
Converged!
 converged
Destroying all HDLC residues


DL-FIND Report:
===============
Optimisation algorithm: L-BFGS
Number of steps in L-BFGS memory ...............         50
 
Trust radius based on energy
Maximum step length ............................  5.000E-01
 
Coordinate system: Hybrid delocalised internal coordinates (HDLC)
 
Number of atoms ................................       4104
Number of input geometries .....................          1
Variables to be optimised ......................        156
Restart information is written every ...........          1 steps
This run has not been restarted.
Number of energy evaluations on this processor .         19
Number of steps ................................         19
Number of accepted steps / line searches .......         18
 

Timing report
=============
Module                                      CPU time            Wall clock time
Total .................................    19.804 (100.00%)********** (******%) seconds
Energy and Gradient ...................    18.591 ( 93.88%)********** (******%) seconds
Step direction ........................     0.002 (  0.01%)     0.001 (  0.60%) seconds
Coordinate transformation .............     0.178 (  0.90%)     0.182 (100.00%) seconds
Checkpoint file I/O ...................     0.064 (  0.32%)     0.063 ( 34.67%) seconds
XYZ-file I/O ..........................     0.000 (  0.00%)     0.000 (  0.05%) seconds
exit 0
dl-find/hybrid.kill/============================= Tstep:    1.0 Ttot:18275.8 ==
...hybrid.kill/dl_poly.kill/===================== Tstep:    0.0 Ttot:18275.8 ==
 MM termination code: 0
dl-find/hybrid.kill/mndo/======================== Tstep:    0.0 Ttot:18275.8 ==
 Energy and gradient evaluations: 
QM energies   19
QM gradients  19
MM energies   19
MM gradients  19
read_pdb/======================================== Tstep:    0.1 Ttot:18275.9 ==
read_pdb/read_xyz/=============================== Tstep:    0.1 Ttot:18276.0 ==
write_pdb/======================================= Tstep:    0.0 Ttot:18276.0 ==
write_pdb/write_xyz/============================= Tstep:    0.0 Ttot:18276.0 ==

 Timing Analysis by Executable 
                                    mndo  [     19]  18250.663  99.9%
                               ChemShell                25.425   0.1%

                                   Total             18276.088

  Timing Analysis by Module       module   # calls        time time (exc) percent 
                               write_pdb  [      1]      0.091      0.062   0.0%
                               write_xyz  [      1]      0.029      0.029   0.0%
                                read_pdb  [      1]      0.124      0.091   0.0%
                                read_xyz  [      1]      0.033      0.033   0.0%
                                 dl-find  [      1]  18273.079      1.313   0.0%
                             hybrid.kill  [      1]      0.032      0.032   0.0%
                            dl_poly.kill  [      1]      0.001      0.001   0.0%
                             hybrid.calc  [     19]  18269.209      0.071   0.0%
                           dl_poly.eandg  [     19]     18.130     18.130   0.1%
                                    mndo  [     20]  18251.008  18251.008  99.9%
                             hybrid.init  [      1]      2.438      0.190   0.0%
                               mndo.init  [      1]      0.217      0.217   0.0%
                            dl_poly.init  [      1]      2.027      1.998   0.0%
                                get_cell  [      1]      0.000      0.000   0.0%
                                 connect  [      1]      0.028      0.028   0.0%
                       get_number_of_bqs  [     21]      0.000      0.000   0.0%
                    get_number_of_shells  [      3]      0.000      0.000   0.0%
                           link_distance  [      5]      0.000      0.000   0.0%
                        get_element_data  [    162]      0.001      0.001   0.0%
                     get_connected_atoms  [     52]      0.001      0.001   0.0%
                          get_atom_entry  [     52]      0.001      0.001   0.0%
             check_molecule_connectivity  [      2]      0.000      0.000   0.0%
                                  inlist  [      1]      0.001      0.001   0.0%
                         set_matrix_size  [      2]      0.000      0.000   0.0%
                     get_number_of_atoms  [      6]      0.063      0.063   0.0%
                             copy_object  [      2]      0.025      0.025   0.0%
                              pdb_to_res  [      1]      0.030      0.030   0.0%
                          charmm.preinit  [      1]      1.376      0.931   0.0%
                           charmm_import  [      1]      0.446      0.446   0.0%
                                   Other                 1.388              0.0%

                                   Total             18276.088
ChemShell exiting code 0
