


 PROGRAM MNDO2005.
 VERSION 7.0 OF 4 AUGUST 2005.

 COPYRIGHT BY WALTER THIEL,
 MAX-PLANCK-INSTITUT FUER KOHLENFORSCHUNG,
 D-45470 MUELHEIM, GERMANY.


 ***** STANDARD INPUT USING KEYWORDS *****

 IOP    =   -6     JOP    =   -2     IGEOM  =    1     IFORM  =    1     MMINP  =    2
 NSAV15 =    4     ICUTS  =   -1     ICUTG  =   -1     ISCF   =   11     IPLSCF =   11
 KHARGE =   -1     KTRIAL =   11     IPUBO  =    1     KITSCF =  100     NPRINT =   -4
 IFAST  =    2     KCI    =    5     NUMATM = 4035     MMCOUP =    2     MMLINK =    2
 NLINK  =    5     ICI1   =   42     ICI2   =   44     IOUTCI =    1     MOVO   =    0
 NCIREF =    3     MCIREF =    0     LEVEXC =    1     IROOT  =    2     LROOT  =    2
 MULTCI =    1     IUVCD  =    2     IPOP   =    2


 DSTEP  =  0.0000  DPREC  =  0.0000


 ***********************************************************************
 * INPUT OF OPTIONS VIA KEYWORDS
 * NUMBER OF MNDO97 KEYWORDS FOUND: 33
 * MOPAC KEYWORDS NOT FOUND: IMOPAC=-1
 ***********************************************************************



 *** OPTIONS FROM THE FIRST LINE OF INPUT    ***
 *** DEFINED EITHER EXPLICITLY OR BY DEFAULT ***

 LIMIT  =    0     IOP    =   -6     JOP    =   -2     IGEOM  =    1     IFORM  =    1
 NEXMOL =    1     MPLIB  =    0     IEF    =    0     IDIIS  =    0     INREFD =    0
 IPAROK =    0     MMINP  =    2     NMR    =    0     NSAV7  =    0     NSAV8  =    0
 NSAV9  =    0     NSAV13 =    0     NSAV15 =    4     NSAV16 =    0     IMMOK  =    0
 IHBOND =    0     IFLD1  =    0     IFLD2  =    0     IFLD3  =    0     ICUTR  =   -1
 ICUTG  =   -1     IEXBAS =    0     ICOSMO =    0     IPSANA =    0



 OM2    

 GRADIENT CALCULATION FOR INPUT GEOMETRY

 INPUT IN CARTESIAN COORDINATES

 INPUT OF MOLECULAR DATA IN FREE FORMAT



 *** OPTIONS FROM THE SECOND LINE OF INPUT   ***
 *** DEFINED EITHER EXPLICITLY OR BY DEFAULT ***


 MAXEND =    0     MAXLIN =    4     MAXRTL = 9999     ISCF   =   11     IPLSCF =   11
 MIDDLE =    0     IPRINT =    0     KPRINT =    0     LPRINT =    0     MPRINT =    0
 JPRINT =    0     IPREC  =    1     ICONV  =    0     IHESS  =    0     IDFP   =    0
 NREPET =    3     LINITG =   10     LCONVG =   10     LGDUM  =    0     IHDLC1 =    0
 IHDLC2 =    0     IHDLC3 =    0     INGEOM =    0     INTDIR =    0     LINDMS =    0
 LINDIA =    0     LINFRG =    0     INPFRG =    0     INP21  =    0     INP22  =    0
 INP23  =    0     INP24  =    0     INP25  =    0



                                                                                 
 ChemShell MNDO interface:                                                       


     INPUT GEOMETRY


      ATOM      ATOMIC              X-COORDINATE         Y-COORDINATE         Z-COORDINATE
     NUMBER     NUMBER               (ANGSTROMS)          (ANGSTROMS)          (ANGSTROMS)

        1          6                   2.18325             13.01556              2.02966  
        2          1                   3.19569             13.11977              2.43853  
        3          1                   2.28529             12.80955              0.95142  
        4          6                   1.47360             11.85167              2.68962  
        5          1                   0.36953             11.95218              2.70153  
        6          1                   1.82833             11.70314              3.72894  
        7          6                   1.81787             10.61771              1.87358  
        8          8                   1.01285              9.70362              1.59735  
        9          8                   3.04701             10.57470              1.40737  
       10          1                   3.16226              9.73618              0.72153  
       11          6                  -0.19310              5.54979              4.21619  
       12          8                  -1.05908              6.11528              3.52366  
       13          7                   1.06515              6.07727              4.29035  
       14          1                   1.77040              5.59140              4.83785  
       15          6                   1.53048              7.14589              3.45278  
       16          1                   0.66243              7.72867              3.04820  
       17          6                   2.16690              6.50114              2.19084  
       18          8                   3.24529              6.91710              1.68695  
       19          7                   1.41969              5.53505              1.55685  
       20          6                   1.93145              4.65675              0.71244  
       21          6                   3.36482              4.50946              0.32057  
       22          1                   3.67201              3.46039              0.43874  
       23          1                   3.96192              5.13787              0.98872  
       24          6                   1.00262              3.64620              0.21502  
       25          7                   1.32168              2.36925             -0.09299  
       26          7                  -0.40664              3.87085              0.16664  
       27          6                  -0.99291              2.64303             -0.08134  
       28          8                  -2.22481              2.44022             -0.05524  
       29          6                   0.14982              1.66373             -0.22575  
       30          6                  -1.15039              5.05245              0.48035  
       31          1                  -0.70822              5.61884              1.32886  
       32          1                  -2.20968              4.77470              0.71530  
       33          6                  -1.24116              5.99581             -0.72939  
       34          8                  -1.70021              7.14597             -0.55457  
       35          6                  -0.14928              0.31548             -0.31932  
       36          1                  -1.20848              0.06178             -0.48453  
       37          6                   0.76189             -0.77152             -0.15798  
       38          6                   2.11860             -0.61329              0.23713  
       39          6                   0.21362             -2.08133             -0.30800  
       40          6                   2.91983             -1.71249              0.39778  
       41          6                   0.99632             -3.19012             -0.15722  
       42          6                   2.40389             -3.04406              0.15708  
       43          1                   2.49852              0.39185              0.43895  
       44          1                  -0.85005             -2.17823             -0.56843  
       45          1                   3.94793             -1.62864              0.74061  
       46          1                   0.58472             -4.19405             -0.25935  
       47          8                   3.14906             -4.05640              0.22486  
       48          7                  -0.83916              5.57683             -1.97185  
       49          1                  -0.52425              4.63171             -2.13817  
       50          8                   2.78352              8.65368              0.03866  
       51          1                   3.16867              7.86606              0.53013  
       52          1                   1.82116              8.60812              0.21874  
       53          1                   1.67145             13.97603              2.08994  
       54          1                  -0.38595              4.61266              4.73835  
       55          1                   2.17959              7.81053              4.02284  
       56          1                   3.53967              4.81613             -0.71067  
       57          1                  -0.70155              6.17335             -2.76254  



     **********

     *  VARIABLES TO BE OPTIMIZED, OF WHICH THERE ARE   0



     INITIAL INTERATOMIC DISTANCES (ANGSTROMS)


             1           2           3           4           5           6           7           8           9          10
 ----------------------------------------------------------------------------------------------------------------------------
   1      0.00000
   2      1.09684     0.00000
   3      1.10247     1.77103     0.00000
   4      1.51453     2.15330     2.14423     0.00000
   5      2.20721     3.06914     2.73278     1.10870     0.00000
   6      2.17622     2.35407     3.02449     1.10818     1.80157     0.00000
   7      2.43055     2.91168     2.42343     1.51892     2.13635     2.14957     0.00000
   8      3.53916     4.14034     3.41806     2.45346     2.58633     3.03426     1.24896     0.00000
   9      2.66292     2.75005     2.40471     2.39801     3.27738     2.85451     1.31529     2.22096     0.00000
  10      3.66388     3.79446     3.20430     3.34668     4.07804     3.83312     1.97780     2.32123     1.08939     0.00000
  11      8.13423     8.48225     8.33698     6.69492     6.60313     6.49518     5.93427     5.05638     6.60587     6.40289
  12      7.76908     8.26701     7.91293     6.32584     6.06516     6.29313     5.59209     4.56944     6.42068     6.22757
  13      7.38246     7.58718     7.61320     6.00607     6.12559     5.70510     5.19836     4.51724     5.69791     5.52467
  14      7.94824     8.02898     8.21408     6.62525     6.85462     6.21180     5.83549     5.29009     6.18314     6.00505
  15      6.07490     6.28402     6.23727     4.76760     5.00126     4.57532     3.82492     3.20196     4.27087     4.10269
  16      5.59478     5.98774     5.73110     4.21731     4.24783     4.19752     3.32586     2.47552     4.05936     3.96140
  17      6.51644     6.70269     6.43010     5.41827     5.76239     5.43518     4.14350     3.45542     4.24056     3.68987
  18      6.19973     6.24824     6.01528     5.33800     5.88655     5.39293     3.97075     3.57163     3.67363     2.98096
  19      7.53423     7.83961     7.35080     6.41762     6.60248     6.55213     5.10806     4.18858     5.29798     4.62427
  20      8.46571     8.72929     8.16398     7.47568     7.72136     7.66561     6.07406     5.20556     6.06214     5.22643
  21      8.75619     8.86859     8.39374     7.94337     8.36869     8.10721     6.48965     5.84306     6.17003     5.24599
  22      9.80045     9.87571     9.46534     8.96176     9.38814     9.06463     7.53152     6.88415     7.20710     6.30280
  23      8.14281     8.14861     7.85284     7.35934     7.89138     7.42724     5.95051     5.46933     5.52915     4.67496
  24      9.61622     9.97507     9.28194     8.58343     8.69326     8.82857     7.21230     6.21316     7.32156     6.48139
  25     10.88999    11.20242    10.53657     9.88344    10.02739    10.09878     8.49416     7.53297     8.51806     7.63694
  26      9.68525    10.18237     9.36817     8.57870     8.50506     8.88987     7.30630     6.17115     7.64255     6.88818
  27     11.05141    11.56097    10.73179     9.92779     9.81126    10.22561     8.67857     7.52948     9.02488     8.25971
  28     11.64541    12.23329    11.35242    10.47797    10.23756    10.79581     9.32389     8.12222     9.80311     9.10247
  29     11.75099    12.14975    11.40944    10.67923    10.69904    10.92001     9.34683     8.28905     9.51137     8.66813
  30      8.77067     9.37041     8.49697     7.61548     7.40608     7.97858     6.45939     5.24983     6.99805     6.37138
  31      7.97265     8.52852     7.79806     6.74241     6.56939     7.01521     5.62730     4.44067     6.21839     5.68348
  32      9.43065    10.09097     9.20974     8.21876     7.88122     8.56684     7.19051     5.95458     7.85822     7.31259
  33      8.28347     8.97063     7.85418     7.30416     7.06003     7.86589     6.12332     4.92364     6.62725     5.95699
  34      7.49744     8.28340     7.08720     6.53770     6.16326     7.18101     5.50688     4.30501     6.17588     5.65520
  35     13.12443    13.51830    12.79233    12.03209    12.03360    12.24656    10.71515     9.65202    10.88344    10.03988
  36     13.62444    14.08730    13.29564    12.50081    12.41059    12.74742    11.23152    10.11107    11.49826    10.68419
  37     14.03174    14.33991    13.71120    12.95995    13.04696    13.10964    11.61709    10.62416    11.67942    10.81421
  38     13.74638    13.95002    13.44286    12.72029    12.92376    12.80513    11.35357    10.46478    11.28727    10.41323
  39     15.40326    15.73244    15.08696    14.30741    14.35344    14.45392    12.98455    11.96471    13.08227    12.22326
  40     14.83647    14.97453    14.54643    13.83222    14.09022    13.86604    12.46700    11.63628    12.32925    11.45581
  41     16.39559    16.66096    16.08975    15.31626    15.42254    15.41440    13.98053    13.01259    14.00441    13.13593
  42     16.16993    16.34324    15.87394    15.13810    15.34602    15.18451    13.78165    12.90399    13.69115    12.81516
  43     12.72745    12.90288    12.43010    11.72363    11.97051    11.79909    10.34841     9.50044    10.24349     9.37214
  44     15.70994    16.10710    15.38746    14.58946    14.55502    14.77611    13.29726    12.22045    13.48065    12.63787
  45     14.80636    14.86487    14.53514    13.84340    14.18058    13.82604    12.48174    11.73750    12.25470    11.39196
  46     17.43461    17.71621    17.13127    16.33866    16.41688    16.43697    15.01527    14.02769    15.06509    14.20061
  47     17.19424    17.31829    16.90367    16.18483    16.43576    16.19833    14.82632    13.99233    14.67916    13.80152
  48      8.97116     9.62431     8.40357     8.15180     7.99666     8.78329     6.87441     5.76191     7.17636     6.36913
  49      9.74630    10.33592     9.18238     8.91217     8.82104     9.48486     7.57705     6.48391     7.78741     6.91548
  50      4.83223     5.08677     4.28400     4.35554     4.87836     4.88158     2.85602     2.58210     2.37342     1.33475
  51      5.45317     5.58965     5.03944     4.83960     5.40801     5.17224     3.34680     3.02707     2.84975     1.87990
  52      4.77871     5.21265     4.29001     4.09227     4.41069     4.67982     2.60325     1.93754     2.60441     1.82314
  53      1.08998     1.78269     1.74175     2.21623     2.48294     2.80658     3.36846     4.35084     3.73190     4.69802
  54      9.19492     9.51253     9.41623     7.74974     7.65428     7.49646     7.00888     6.14333     7.64373     7.41452
  55      5.57361     5.63298     5.86813     4.31355     4.70908     3.91946     3.55393     3.29060     3.90304     3.94619
  56      8.75100     8.88742     8.26019     8.08266     8.52151     8.37077     6.58037     5.96652     6.15548     5.13814
  57      8.83759     9.51274     8.17030     8.16705     8.02485     8.89484     6.89879     5.86606     7.12823     6.30567


            11          12          13          14          15          16          17          18          19          20
 ----------------------------------------------------------------------------------------------------------------------------
  11      0.00000
  12      1.24471     0.00000
  13      1.36636     2.25868     0.00000
  14      2.05998     3.16347     1.01646     0.00000
  15      2.47003     2.78801     1.43527     2.09581     0.00000
  16      2.61603     2.40680     2.10529     2.99973     1.12108     0.00000
  17      3.25218     3.51173     2.40861     2.82692     1.55345     2.12257     0.00000
  18      4.48209     4.74806     3.49800     3.72303     2.47206     3.03032     1.26090     0.00000
  19      3.11020     3.21704     2.80922     3.30017     2.49031     2.75854     1.37608     2.29343     0.00000
  20      4.19374     4.35587     3.94585     4.23302     3.72372     4.06238     2.37548     2.79017     1.32149     0.00000
  21      5.37745     5.69293     4.84826     4.91107     4.48624     5.01061     2.98324     2.77093     2.52265     1.49325
  22      5.79429     6.24087     5.33654     5.24495     5.22049     5.83824     3.81856     3.69986     3.25996     2.12972
  23      5.27735     5.70892     4.49160     4.45245     4.00196     4.67337     2.55455     2.04126     2.63505     2.10490
  24      4.58942     4.61456     4.74577     5.07384     4.79683     4.98088     3.66198     4.23024     2.35419     1.45992
  25      5.56591     5.72547     5.74707     5.90735     5.95251     6.24701     4.79612     5.24895     3.57126     2.50064
  26      4.38899     4.09056     4.90299     5.43322     5.02762     4.93245     4.19986     4.99275     2.83508     2.52630
  27      5.24954     5.00569     5.92800     6.36610     6.25565     6.19660     5.48016     6.27350     4.10707     3.63827
  28      5.66060     5.26056     6.55256     7.05932     6.96791     6.77755     6.38929     7.28009     5.04571     4.77251
  29      5.91184     5.94440     6.38062     6.61006     6.74477     6.91122     5.77140     6.39048     4.44717     3.60729
  30      3.88847     3.22485     4.52493     5.27345     4.51718     4.12824     4.00361     4.92492     2.82791     3.11580
  31      2.93373     2.27744     3.48216     4.29620     3.44306     3.04732     3.12854     4.17659     2.14172     2.87636
  32      4.11382     3.31782     5.02017     5.78821     5.20625     4.73470     4.93074     5.94060     3.80245     4.14281
  33      5.07505     4.25863     5.52481     6.34250     5.14736     4.57129     4.51642     5.17840     3.53827     3.73329
  34      5.25160     4.25504     5.68002     6.59849     5.14745     4.34760     4.78619     5.43460     4.09718     4.58154
  35      6.92610     7.01670     7.47811     7.62345     7.98153     8.18257     7.06597     7.68958     5.76416     4.92347
  36      7.29699     7.26174     8.00968     8.23275     8.55505     8.64648     7.74701     8.45854     6.40555     5.69259
  37      7.74624     8.01863     8.17223     8.15243     8.73577     9.08530     7.77062     8.28770     6.56857     5.62064
  38      7.69158     8.13466     7.89315     7.73214     8.41969     8.92249     7.37797     7.75101     6.32710     5.29473
  39      8.88075     9.13706     9.40386     9.36879    10.05083    10.37794     9.14977     9.70271     7.93357     7.02808
  40      8.77560     9.32078     8.90349     8.62451     9.47281    10.06260     8.44071     8.73142     7.49137     6.45314
  41      9.84518    10.21588    10.27959    10.13237    10.96132    11.38447    10.04013    10.51735     8.90201     7.95010
  42      9.85267    10.35469    10.10320     9.84287    10.74521    11.28907     9.76234    10.11302     8.74809     7.73525
  43      6.93662     7.41146     7.01511     6.84951     7.45904     8.00052     6.36416     6.68536     5.37272     4.31112
  44      9.11298     9.25047     9.76877     9.82149    10.42958    10.65431     9.59411    10.22661     8.31644     7.48961
  45      8.98653     9.63244     8.96058     8.58242     9.49696    10.18228     8.44799     8.62664     7.64046     6.60099
  46     10.75072    11.10386    11.24413    11.09695    11.96949    12.37325    11.08575    11.58984     9.93233     9.00526
  47     10.92609    11.49146    11.11584    10.78241    11.76990    12.37103    10.78384    11.07089     9.83670     8.81131
  48      6.22173     5.52620     6.56444     7.29260     6.12403     5.66446     5.21715     5.64499     4.18997     3.96588
  49      6.42887     5.87736     6.77802     7.40616     6.46542     6.15612     5.42930     5.83644     4.27177     3.76259
  50      5.99551     5.77532     5.26000     5.78241     3.93698     3.79632     3.10573     2.43840     3.72704     4.14192
  51      5.50033     5.46812     4.66517     5.06810     3.42698     3.55539     2.37161     1.49821     3.08978     3.44437
  52      5.42128     5.04307     4.85333     5.51719     3.56113     3.18150     2.90656     2.65393     3.37573     3.98363
  53      8.88813     8.44409     8.22191     8.82399     6.96620     6.40046     7.49197     7.24347     8.46154     9.42412
  54      1.08998     2.04608     2.10986     2.37017     3.42676     3.69665     4.07102     5.27327     3.77267     4.64545
  55      3.28298     3.68945     2.07792     2.39921     1.08998     1.80510     2.25186     2.71851     3.44041     4.57894
  56      6.22461     6.38482     5.72048     5.87515     5.17677     5.55792     3.62526     3.20146     3.18635     2.15337
  57      7.02495     6.29663     7.27143     8.01343     6.67518     6.16800     5.73336     5.99405     4.85430     4.61609


            21          22          23          24          25          26          27          28          29          30
 ----------------------------------------------------------------------------------------------------------------------------
  21      0.00000
  22      1.09949     0.00000
  23      1.09446     1.78898     0.00000
  24      2.51721     2.68518     3.40311     0.00000
  25      2.98764     2.64526     3.97571     1.35177     0.00000
  26      3.82824     4.10827     4.62228     1.42787     2.30419     0.00000
  27      4.75761     4.76445     5.64974     2.25307     2.33075     1.38302     0.00000
  28      5.97219     6.00477     6.82956     3.45598     3.54740     2.32416     1.24876     0.00000
  29      4.32815     4.00940     5.29874     2.20267     1.37427     2.30976     1.51186     2.50418     0.00000
  30      4.55056     5.07858     5.13824     2.58523     3.69316     1.43100     2.47903     2.87489     3.69764     0.00000
  31      4.34017     4.96363     4.70715     2.83883     4.08681     2.12065     3.30532     3.78410     4.33543     1.11188
  32      5.59475     6.03309     6.18832     3.44132     4.34856     2.09020     2.58054     2.45840     4.01634     1.12001
  33      4.95245     5.65085     5.54618     3.38336     4.48610     2.45250     3.42385     3.75023     4.57770     1.53677
  34      5.77682     6.59021     6.20274     4.48842     5.67115     3.59442     4.58265     4.76115     5.79531     2.39920
  35      5.50889     5.00673     6.47058     3.56457     2.53632     3.59765     2.48714     2.98197     1.38420     4.90720
  36      6.43002     6.01849     7.39393     4.26924     3.44665     3.94664     2.62143     2.62187     2.11618     5.08342
  37      5.90703     5.17049     6.81733     4.43997     3.19092     4.79817     3.83983     4.38705     2.51190     6.16303
  38      5.27281     4.36447     6.08593     4.40331     3.10477     5.14678     4.51514     5.31739     3.04552     6.54569
  39      7.33237     6.57486     8.23700     5.80523     4.59148     6.00321     4.88126     5.14338     3.74651     7.30568
  40      6.23831     5.22744     6.95432     5.69426     4.41084     6.50327     5.87449     6.62704     4.41141     7.89544
  41      8.06980     7.19331     8.91422     6.84645     5.56925     7.20628     6.16348     6.48744     4.92759     8.54136
  42      7.61615     6.63290     8.37037     6.83568     5.52609     7.46426     6.62858     7.17965     5.23361     8.84822
  43      4.20942     3.28528     4.99685     3.58869     2.36179     4.54066     4.18672     5.17204     2.75244     5.91925
  44      7.95491     7.29777     8.89411     6.16200     5.06182     6.10969     4.84791     4.84597     3.98470     7.31252
  45      6.18002     5.10544     6.77107     6.06424     4.85543     7.03819     6.58291     7.43585     5.11852     8.40819
  46      9.15513     8.28307    10.00240     7.86570     6.60664     8.13677     7.01900     7.20755     5.87400     9.43693
  47      8.56911     7.53799     9.26168     7.99608     6.68799     8.68836     7.88238     8.43582     6.47444    10.07580
  48      4.90591     5.53542     5.65756     3.44991     4.29975     2.76958     3.49354     3.92832     4.39764     2.52688
  49      4.60274     5.06172     5.49175     2.97322     3.56496     2.43000     2.89914     3.46888     3.59452     2.72502
  50      4.19427     5.28391     3.82781     5.31766     6.45356     5.75056     7.09955     7.98118     7.47433     5.35160
  51      3.36885     4.43527     2.87794     4.75376     5.83221     5.37370     6.70617     7.67281     6.93929     5.15492
  52      4.38090     5.47478     4.14950     5.02898     6.26660     5.23522     6.60238     7.38160     7.15650     4.64127
  53      9.77825    10.83085     9.19630    10.51988    11.81545    10.49438    11.84272    12.36355    12.62024     9.49651
  54      5.79618     6.02340     5.76538     4.82936     5.59381     4.63154     5.24187     5.57489     5.79875     4.34837
  55      5.09987     5.83068     4.41879     5.76424     6.87631     6.08933     7.32203     8.05418     7.74297     5.58973
  56      1.08998     1.78232     1.78037     2.94317     3.35980     4.15169     5.06583     6.26927     4.65444     4.84470
  57      5.36745     6.06105     6.07389     4.26105     5.06864     3.73746     4.44262     4.85655     5.24374     3.46038


            31          32          33          34          35          36          37          38          39          40
 ----------------------------------------------------------------------------------------------------------------------------
  31      0.00000
  32      1.82850     0.00000
  33      2.15929     2.12515     0.00000
  34      2.61982     2.73771     1.25066     0.00000
  35      5.58163     5.02000     5.79884     7.00830     0.00000
  36      5.86682     4.96524     5.93916     7.10157     1.10162     0.00000
  37      6.72374     6.35243     7.08064     8.30095     1.42752     2.16412     0.00000
  38      6.92981     6.92770     7.47679     8.68425     2.51307     3.47074     1.42191     0.00000
  39      7.92602     7.34334     8.21792     9.42691     2.42415     2.57808     1.42784     2.46603     0.00000
  40      8.23274     8.27625     8.83188    10.03613     3.74784     4.57925     2.41888     1.36968     2.82095     0.00000
  41      9.09460     8.63007     9.47180    10.68943     3.69160     3.94249     2.42994     2.83815     1.36557     2.48823
  42      9.27924     9.09559     9.78731    11.00849     4.24643     4.80700     2.82133     2.44877     2.43731     1.44818
  43      6.19650     6.43839     6.83774     8.01465     2.75529     3.83453     2.17385     1.09333     3.44896     2.14649
  44      8.02584     7.19998     8.18497     9.36288     2.60225     2.27006     2.17845     3.45121     1.09937     3.91950
  45      8.63434     8.88367     9.33916    10.51536     4.65727     5.56302     3.41950     2.15195     3.90508     1.08700
  46     10.02432     9.44443    10.36282    11.57169     4.56927     4.62368     3.42862     3.92698     2.14562     3.47027
  47     10.47414    10.34142    11.01052    12.23176     5.50349     6.03745     4.07867     3.59402     3.57794     2.36143
  48      3.30357     3.12130     1.37144     2.28304     5.55775     5.72400     6.79375     7.20732     7.90722     8.53693
  49      3.60950     3.31713     2.08791     3.19564     4.69879     4.90784     5.89663     6.33535     6.99706     7.65124
  50      4.80282     6.35896     4.88388     4.76749     8.84619     9.48844     9.64158     9.29291    11.04378    10.37328
  51      4.55173     6.20624     4.95287     5.03996     8.29106     9.00532     8.99299     8.54914    10.41083     9.58269
  52      4.07012     5.58474     4.13534     3.89050     8.54050     9.09468     9.44678     9.22623    10.82248    10.38047
  53      8.72264    10.08053     8.95074     8.06295    13.99036    14.44050    14.94558    14.71329    16.30074    15.82881
  54      3.56944     4.42008     5.70445     6.01332     6.64092     6.97607     7.36756     7.33786     8.40444     8.35321
  55      4.51669     6.27868     6.13013     6.03715     8.96961     9.58325     9.65094     9.23559    10.97589    10.21650
  56      4.78002     5.92369     4.92426     5.73663     5.83244     6.72309     6.26445     5.69178     7.66810     6.65099
  57      4.12881     4.04055     2.11101     2.61121     6.37095     6.54198     7.56020     7.93787     8.66037     9.23517


            41          42          43          44          45          46          47          48          49          50
 ----------------------------------------------------------------------------------------------------------------------------
  41      0.00000
  42      1.44961     0.00000
  43      3.92970     3.44875     0.00000
  44      2.14526     3.44444     4.33971     0.00000
  45      3.45779     2.17439     2.50483     5.00363     0.00000
  46      1.08983     2.19210     5.01804     2.49352     4.34655     0.00000
  47      2.35174     1.25884     4.50066     4.48885     2.60733     2.61328     0.00000
  48      9.13900     9.45354     6.62088     7.88103     9.06600    10.02149    10.65506     0.00000
  49      8.21081     8.52993     5.80992     6.99611     8.21461     9.09142     9.72421     1.00999     0.00000
  50     11.97948    11.70450     8.27643    11.44122    10.37182    13.03793    12.71669     5.16071     5.64412     0.00000
  51     11.28852    10.94325     7.50475    10.87404     9.52895    12.35906    11.92638     5.25007     5.58735     1.00510
  52     11.83302    11.66691     8.24709    11.14004    10.46837    12.87063    12.73395     4.58963     5.18342     0.98013
  53     17.32576    17.14514    13.70911    16.56456    15.82747    18.35353    18.18873     9.66166    10.48876     5.81136
  54      9.31454     9.34861     6.67984     8.63095     8.58593    10.17238    10.39328     6.79424     6.87793     6.96150
  55     11.82740    11.52461     8.24517    11.40324    10.14880    12.84488    12.49754     7.07379     7.44135     4.11696
  56      8.41873     7.98909     4.68827     8.25899     6.61875     9.49309     8.93025     4.61989     4.31129     3.98246
  57      9.86636    10.15523     7.34274     8.63626     9.73451    10.74260    11.33135     0.99999     1.67270     5.11316


            51          52          53          54          55          56          57
 ----------------------------------------------------------------------------------------
  51      0.00000
  52      1.56953     0.00000
  53      6.48123     5.68667     0.00000
  54      6.39758     6.42355     9.94584     0.00000
  55      3.63048     3.90331     6.48133     4.16178     0.00000
  56      3.31350     4.26571     9.75896     6.71890     5.76388     0.00000
  57      5.35589     4.60220     9.48996     7.66803     7.55134     4.90308     0.00000



 MOLECULAR CHARGE        -1
 NUMBER OF ELECTRONS    178
 DOUBLY OCCUPIED MOS     89


 *** OPTIONS FOR THE MOLECULE UNDER STUDY    ***
 *** DEFINED EITHER EXPLICITLY OR BY DEFAULT ***

 KHARGE =   -1     IMULT  =    0     KTRIAL =   11     KGEOM  =    0     IPUBO  =    1
 IUHF   =    0     KITSCF =  100     NPRINT =   -4     IFAST  =    2     IDIAG  =    0
 KSYM   =    0     NUMSYM =    0     KCI    =    5     NSTART =    4     NSTEP  =    4

 FAST DIAGONALIZATIONS NOT ALLOWED IN SCF

 ANALYTICAL GRADIENT SELECTED BY DEFAULT.

 CHKANA: IPSANA =  1, ISKPA = -3, ISKPAF =  0



 *** OPTIONS FOR THE GUGA-CI CALCULATIONS    ***
 *** DEFINED EITHER EXPLICITLY OR BY DEFAULT ***

 ICI1   =   42     ICI2   =   44     IOUTCI =    1     MOVO   =    0     MPERT  =    0
 NCIREF =    3     MCIREF =    0     LEVEXC =    1     IROOT  =    2     LROOT  =    2
 CICHG  =   -1     MULTCI =    1     NCISYM =    0     CIDIR  =    1     CIDIAG =    0
 IUVCD  =    2     IMCD   =    0     IPOP   =    2     CIPLOT =    0     CILEAD = 1000
 JCI1   =    0     JCI2   =    0     PIPOP  = 4000     INATUR =    0     CISELT =   85
 IMOMAP =    0     ICIMAP =    0     KEEPCI =    0     NCIGRD =    0     ICROSS =    0
 MINDAV =    0     MAXDAV =    0     KITDAV =    0     NRMDAV =    7     MAXMAP =    5
 MAPTHR =   90     IOP167 =    0     ICIOCC =   60     ICIVIR =   60     LDROOT =    2



 ORBITALS INCLUDED IN THE ACTIVE CI SPACE.
 THE NUMBERING REFERS TO THE SCF SOLUTION.

 MOS       48  49  50  51  52  53  54  55  56  57  58  59  60  61  62  63  64  65  66  67
           68  69  70  71  72  73  74  75  76  77  78  79  80  81  82  83  84  85  86  87
           88  89  90  91  92  93  94  95  96  97  98  99 100 101 102 103 104 105 106 107
 MOS      108 109 110 111 112 113 114 115 116 117 118 119 120 121 122 123 124 125 126 127
          128 129 130 131 132 133

 MOSYM      0   0   0   0   0   0   0   0   0   0   0   0   0   0   0   0   0   0   0   0
            0   0   0   0   0   0   0   0   0   0   0   0   0   0   0   0   0   0   0   0
            0   0   0   0   0   0   0   0   0   0   0   0   0   0   0   0   0   0   0   0

 MOSYM      0   0   0   0   0   0   0   0   0   0   0   0   0   0   0   0   0   0   0   0
            0   0   0   0   0   0



 REFERENCE CONFIGURATIONS FOR GUGA-CI.
 OCCUPATION NUMBERS FOR THE ACTIVE ORBITALS.

 REF  1     2   2   2   2   2   2   2   2   2   2   2   2   2   2   2   2   2   2   2   2
            2   2   2   2   2   2   2   2   2   2   2   2   2   2   2   2   2   2   2   2
            2   2   0   0   0   0   0   0   0   0   0   0   0   0   0   0   0   0   0   0

 REF  0     0   0   0   0   0   0   0   0   0   0   0   0   0   0   0   0   0   0   0   0
            0   0   0   0   0

 REF  2     2   2   2   2   2   2   2   2   2   2   2   2   2   2   2   2   2   2   2   2
            2   2   2   2   2   2   2   2   2   2   2   2   2   2   2   2   2   2   2   2
            2   1   1   0   0   0   0   0   0   0   0   0   0   0   0   0   0   0   0   0

 REF  0     0   0   0   0   0   0   0   0   0   0   0   0   0   0   0   0   0   0   0   0
            0   0   0   0   0

 REF  3     2   2   2   2   2   2   2   2   2   2   2   2   2   2   2   2   2   2   2   2
            2   2   2   2   2   2   2   2   2   2   2   2   2   2   2   2   2   2   2   2
            2   0   2   0   0   0   0   0   0   0   0   0   0   0   0   0   0   0   0   0

 REF  0     0   0   0   0   0   0   0   0   0   0   0   0   0   0   0   0   0   0   0   0
            0   0   0   0   0



 *** OPTIONS FOR EXTERNAL POINTS AND QM/MM   ***
 *** DEFINED EITHER EXPLICITLY OR BY DEFAULT ***

 NUMATM = 4035     MMCOUP =    2     MMPOT  =    4     MMLINK =    2     NLINK  =    5
 MMFILE =    0     MCHARG =    0



 NUMBERS OF LINK ATOMS IN THE LIST OF QM ATOMS.

    53   54   55   56   57



                                                                                     
     ChemShell MNDO interface:                                                       



     SCF HEAT OF FORMATION     -444.77442 KCAL/MOL
     SCF BINDING ENERGY        -266.87890 EV
     SCF TOTAL ENERGY         -6634.77915 EV
     ELECTRONIC ENERGY       -51827.24363 EV
     NUCLEAR ENERGY           45192.46448 EV
     IONIZATION ENERGY            6.55925 EV
     SCF CYCLES                  22


     THE DENSITY MATRIX HAS BEEN SAVED ON FILE 11



     NET ATOMIC CHARGES AND ORBITAL POPULATIONS.

     ATOM    I        CHARGE      DENSITY        S          PX          PY          PZ

      C      1       -0.51072     4.51072     1.39953     1.06431     0.96793     1.07895
      H      2        0.20389     0.79611     0.79611
      H      3        0.18533     0.81467     0.81467
      C      4       -0.32362     4.32362     1.37148     1.03689     0.90385     1.01139
      H      5        0.18469     0.81531     0.81531
      H      6        0.18423     0.81577     0.81577
      C      7        0.66427     3.33573     1.26139     0.66878     0.72740     0.67816
      O      8       -0.67698     6.67698     1.94558     1.60587     1.45520     1.67032
      O      9       -0.61461     6.61461     1.92897     1.35950     1.68375     1.64238
      H     10        0.45600     0.54400     0.54400
      C     11        0.33751     3.66249     1.29050     0.73568     0.86121     0.77510
      O     12       -0.54018     6.54018     1.94578     1.51385     1.64307     1.43747
      N     13       -0.46746     5.46746     1.56912     1.12990     1.32159     1.44686
      H     14        0.31050     0.68950     0.68950
      C     15       -0.16439     4.16439     1.34752     1.04863     0.90232     0.86591
      H     16        0.21705     0.78295     0.78295
      C     17        0.49823     3.50177     1.30869     0.67826     0.72367     0.79116
      O     18       -0.60390     6.60390     1.94047     1.30269     1.66965     1.69109
      N     19       -0.43825     5.43825     1.71155     1.46696     1.11664     1.14311
      C     20        0.32458     3.67542     1.29935     0.83018     0.79704     0.74885
      C     21       -0.60407     4.60407     1.41111     0.94518     1.12395     1.12384
      H     22        0.22082     0.77918     0.77918
      H     23        0.22085     0.77915     0.77915
      C     24        0.02533     3.97467     1.28549     0.74960     0.87608     1.06350
      N     25       -0.20790     5.20790     1.72492     1.32943     0.99866     1.15489
      N     26       -0.28035     5.28035     1.53889     1.07294     1.09118     1.57734
      C     27        0.49746     3.50254     1.25814     0.74180     0.75646     0.74614
      O     28       -0.74427     6.74427     1.94342     1.21291     1.88249     1.70545
      C     29       -0.18220     4.18220     1.30672     0.81234     0.86114     1.20199
      C     30       -0.15969     4.15969     1.34660     1.01292     0.83036     0.96981
      H     31        0.29368     0.70632     0.70632
      H     32        0.20049     0.79951     0.79951
      C     33        0.57181     3.42819     1.26383     0.66322     0.76746     0.73368
      O     34       -0.66210     6.66210     1.94645     1.55095     1.27384     1.89086
      C     35       -0.01267     4.01267     1.36658     0.99373     0.82960     0.82275
      H     36        0.21352     0.78648     0.78648
      C     37       -0.11162     4.11162     1.30093     0.85840     0.83763     1.11466
      C     38       -0.12954     4.12954     1.36048     0.86906     0.97989     0.92011
      C     39       -0.13344     4.13344     1.36380     0.97969     0.86323     0.92672
      C     40       -0.38597     4.38597     1.37740     1.01781     0.89084     1.09991
      C     41       -0.37902     4.37902     1.37732     0.93172     0.97456     1.09543
      C     42        0.53814     3.46186     1.26051     0.75704     0.74817     0.69615
      H     43        0.21788     0.78212     0.78212
      H     44        0.19590     0.80410     0.80410
      H     45        0.22983     0.77017     0.77017
      H     46        0.21289     0.78711     0.78711
      O     47       -0.73024     6.73024     1.94425     1.66772     1.46881     1.64946
      N     48       -0.68223     5.68223     1.61162     1.69691     1.23212     1.14157
      H     49        0.38920     0.61080     0.61080
      O     50       -0.70768     6.70768     1.93177     1.37424     1.60162     1.80006
      H     51        0.42007     0.57993     0.57993
      H     52        0.36774     0.63226     0.63226
      H     53        0.11727     0.88273     0.88273
      H     54        0.17819     0.82181     0.82181
      H     55        0.27346     0.72654     0.72654
      H     56        0.26093     0.73907     0.73907
      H     57        0.24136     0.75864     0.75864



     DIPOLE              X           Y           Z         TOTAL

     POINT-CHARGE     6.13866    14.91354     8.33007    18.15177
     HYBRID          -0.09085    -0.25174    -0.90737     0.94601
     SUM              6.04782    14.66181     7.42270    17.51117


     POINT GROUP C1. NO SYMMETRY.



    MO     EIGENVALUE     LABEL   NSYM  IMOSYM   OCC.  ACTIVE

     1      -38.30906      A        1      1      2.      -
     2      -37.30103      A        1      2      2.      -
     3      -36.99878      A        1      3      2.      -
     4      -36.73359      A        1      4      2.      -
     5      -36.39131      A        1      5      2.      -
     6      -36.18441      A        1      6      2.      -
     7      -35.85379      A        1      7      2.      -
     8      -35.17506      A        1      8      2.      -
     9      -34.95516      A        1      9      2.      -
    10      -32.99871      A        1     10      2.      -
    11      -32.40406      A        1     11      2.      -
    12      -32.21728      A        1     12      2.      -
    13      -30.91052      A        1     13      2.      -
    14      -27.51457      A        1     14      2.      -
    15      -26.76722      A        1     15      2.      -
    16      -26.07514      A        1     16      2.      -
    17      -25.28701      A        1     17      2.      -
    18      -24.61402      A        1     18      2.      -
    19      -24.30702      A        1     19      2.      -
    20      -23.99724      A        1     20      2.      -
    21      -23.54713      A        1     21      2.      -
    22      -22.75669      A        1     22      2.      -
    23      -22.31489      A        1     23      2.      -
    24      -21.11395      A        1     24      2.      -
    25      -20.78830      A        1     25      2.      -
    26      -20.05322      A        1     26      2.      -
    27      -19.99459      A        1     27      2.      -
    28      -19.63531      A        1     28      2.      -
    29      -19.31487      A        1     29      2.      -
    30      -19.12842      A        1     30      2.      -
    31      -18.31162      A        1     31      2.      -
    32      -18.09534      A        1     32      2.      -
    33      -18.04036      A        1     33      2.      -
    34      -17.63793      A        1     34      2.      -
    35      -17.48864      A        1     35      2.      -
    36      -17.20449      A        1     36      2.      -
    37      -16.80121      A        1     37      2.      -
    38      -16.71655      A        1     38      2.      -
    39      -16.37504      A        1     39      2.      -
    40      -16.20505      A        1     40      2.      -
    41      -16.08888      A        1     41      2.      -
    42      -15.98960      A        1     42      2.      -
    43      -15.72003      A        1     43      2.      -
    44      -15.56895      A        1     44      2.      -
    45      -15.50944      A        1     45      2.      -
    46      -15.47486      A        1     46      2.      -
    47      -15.21912      A        1     47      2.      -
    48      -15.03973      A        1     48      2.      2
    49      -14.90025      A        1     49      2.      2
    50      -14.76779      A        1     50      2.      2
    51      -14.69160      A        1     51      2.      2
    52      -14.49594      A        1     52      2.      2
    53      -14.46603      A        1     53      2.      2
    54      -14.23903      A        1     54      2.      2
    55      -14.04827      A        1     55      2.      2
    56      -13.89902      A        1     56      2.      2
    57      -13.63893      A        1     57      2.      2
    58      -13.58167      A        1     58      2.      2
    59      -13.50714      A        1     59      2.      2
    60      -13.45427      A        1     60      2.      2
    61      -13.37187      A        1     61      2.      2
    62      -13.05772      A        1     62      2.      2
    63      -13.05442      A        1     63      2.      2
    64      -13.02091      A        1     64      2.      2
    65      -12.97697      A        1     65      2.      2
    66      -12.78912      A        1     66      2.      2
    67      -12.59126      A        1     67      2.      2
    68      -12.53894      A        1     68      2.      2
    69      -12.42007      A        1     69      2.      2
    70      -12.15979      A        1     70      2.      2
    71      -12.04291      A        1     71      2.      2
    72      -11.85608      A        1     72      2.      2
    73      -11.81990      A        1     73      2.      2
    74      -11.57044      A        1     74      2.      2
    75      -11.46737      A        1     75      2.      2
    76      -11.25290      A        1     76      2.      2
    77      -11.16693      A        1     77      2.      2
    78      -11.09706      A        1     78      2.      2
    79      -11.01667      A        1     79      2.      2
    80      -10.91740      A        1     80      2.      2
    81      -10.41127      A        1     81      2.      2
    82      -10.33224      A        1     82      2.      2
    83      -10.08304      A        1     83      2.      2
    84       -9.76086      A        1     84      2.      2
    85       -9.42705      A        1     85      2.      2
    86       -9.27098      A        1     86      2.      2
    87       -8.82821      A        1     87      2.      2
    88       -8.71683      A        1     88      2.      2
    89       -6.55925      A        1     89      2.      1
    90       -0.73160      A        1     90      0.      1
    91        0.47326      A        1     91      0.      0
    92        1.76258      A        1     92      0.      0
    93        1.82255      A        1     93      0.      0
    94        2.04475      A        1     94      0.      0
    95        2.16969      A        1     95      0.      0
    96        2.47639      A        1     96      0.      0
    97        2.67459      A        1     97      0.      0
    98        2.73202      A        1     98      0.      0
    99        2.91528      A        1     99      0.      0
   100        3.03231      A        1    100      0.      0
   101        3.31156      A        1    101      0.      0
   102        3.40733      A        1    102      0.      0
   103        3.47914      A        1    103      0.      0
   104        3.56039      A        1    104      0.      0
   105        3.62811      A        1    105      0.      0
   106        3.69195      A        1    106      0.      0
   107        3.92095      A        1    107      0.      0
   108        4.03460      A        1    108      0.      0
   109        4.08596      A        1    109      0.      0
   110        4.27433      A        1    110      0.      0
   111        4.32478      A        1    111      0.      0
   112        4.35264      A        1    112      0.      0
   113        4.49641      A        1    113      0.      0
   114        4.51356      A        1    114      0.      0
   115        4.74062      A        1    115      0.      0
   116        4.78187      A        1    116      0.      0
   117        4.98403      A        1    117      0.      0
   118        5.00772      A        1    118      0.      0
   119        5.15590      A        1    119      0.      0
   120        5.18463      A        1    120      0.      0
   121        5.26611      A        1    121      0.      0
   122        5.31088      A        1    122      0.      0
   123        5.46156      A        1    123      0.      0
   124        5.47261      A        1    124      0.      0
   125        5.58031      A        1    125      0.      0
   126        5.63114      A        1    126      0.      0
   127        5.78440      A        1    127      0.      0
   128        5.79629      A        1    128      0.      0
   129        5.89770      A        1    129      0.      0
   130        6.06788      A        1    130      0.      0
   131        6.11546      A        1    131      0.      0
   132        6.27106      A        1    132      0.      0
   133        6.30088      A        1    133      0.      0
   134        6.50501      A        1    134      0.      -
   135        6.79741      A        1    135      0.      -
   136        6.80867      A        1    136      0.      -
   137        7.10796      A        1    137      0.      -
   138        7.27121      A        1    138      0.      -
   139        7.30914      A        1    139      0.      -
   140        7.75547      A        1    140      0.      -
   141        7.88431      A        1    141      0.      -
   142        8.13382      A        1    142      0.      -
   143        8.35132      A        1    143      0.      -
   144        8.64259      A        1    144      0.      -
   145        8.81934      A        1    145      0.      -
   146        8.92256      A        1    146      0.      -
   147        9.06888      A        1    147      0.      -
   148        9.08899      A        1    148      0.      -
   149        9.27529      A        1    149      0.      -
   150        9.38884      A        1    150      0.      -
   151        9.51617      A        1    151      0.      -
   152        9.74860      A        1    152      0.      -
   153        9.97511      A        1    153      0.      -
   154       10.39239      A        1    154      0.      -
   155       11.15443      A        1    155      0.      -
   156       11.30871      A        1    156      0.      -



 REFERENCE OCCUPATIONS

   48  49  50  51  52  53  54  55  56  57  58  59  60  61  62  63  64  65  66  67  68  69  70  71  72  73  74  75  76  77
    A   A   A   A   A   A   A   A   A   A   A   A   A   A   A   A   A   A   A   A   A   A   A   A   A   A   A   A   A   A
    2   2   2   2   2   2   2   2   2   2   2   2   2   2   2   2   2   2   2   2   2   2   2   2   2   2   2   2   2   2
    2   2   2   2   2   2   2   2   2   2   2   2   2   2   2   2   2   2   2   2   2   2   2   2   2   2   2   2   2   2
    2   2   2   2   2   2   2   2   2   2   2   2   2   2   2   2   2   2   2   2   2   2   2   2   2   2   2   2   2   2

   78  79  80  81  82  83  84  85  86  87  88  89  90  91  92  93  94  95  96  97  98  99 100 101 102 103 104 105 106 107
    A   A   A   A   A   A   A   A   A   A   A   A   A   A   A   A   A   A   A   A   A   A   A   A   A   A   A   A   A   A
    2   2   2   2   2   2   2   2   2   2   2   2   0   0   0   0   0   0   0   0   0   0   0   0   0   0   0   0   0   0
    2   2   2   2   2   2   2   2   2   2   2   1   1   0   0   0   0   0   0   0   0   0   0   0   0   0   0   0   0   0
    2   2   2   2   2   2   2   2   2   2   2   0   2   0   0   0   0   0   0   0   0   0   0   0   0   0   0   0   0   0

  108 109 110 111 112 113 114 115 116 117 118 119 120 121 122 123 124 125 126 127 128 129 130 131 132 133
    A   A   A   A   A   A   A   A   A   A   A   A   A   A   A   A   A   A   A   A   A   A   A   A   A   A
    0   0   0   0   0   0   0   0   0   0   0   0   0   0   0   0   0   0   0   0   0   0   0   0   0   0
    0   0   0   0   0   0   0   0   0   0   0   0   0   0   0   0   0   0   0   0   0   0   0   0   0   0
    0   0   0   0   0   0   0   0   0   0   0   0   0   0   0   0   0   0   0   0   0   0   0   0   0   0


 Point group used in GUGA-CI calculation:  C1


 There are      7223 CI basis functions of symmetry A   (1).
 There are      7223 CI basis functions in the CI problem.
 There are      7223 CI basis functions represented by the DRT.


 Reference occupations and corresponding configuration state functions:

              48  49  50  51  52  53  54  55  56  57  58  59  60  61  62  63  64  65  66  67  68  69  70  71  72  73  74  75  76  77
 Ref.      1   2   2   2   2   2   2   2   2   2   2   2   2   2   2   2   2   2   2   2   2   2   2   2   2   2   2   2   2   2   2
 CSF       1  ab  ab  ab  ab  ab  ab  ab  ab  ab  ab  ab  ab  ab  ab  ab  ab  ab  ab  ab  ab  ab  ab  ab  ab  ab  ab  ab  ab  ab  ab

              78  79  80  81  82  83  84  85  86  87  88  89  90  91  92  93  94  95  96  97  98  99 100 101 102 103 104 105 106 107
 Ref.      1   2   2   2   2   2   2   2   2   2   2   2   2   0   0   0   0   0   0   0   0   0   0   0   0   0   0   0   0   0   0
 CSF       1  ab  ab  ab  ab  ab  ab  ab  ab  ab  ab  ab  ab   -   -   -   -   -   -   -   -   -   -   -   -   -   -   -   -   -   -

             108 109 110 111 112 113 114 115 116 117 118 119 120 121 122 123 124 125 126 127 128 129 130 131 132 133
 Ref.      1   0   0   0   0   0   0   0   0   0   0   0   0   0   0   0   0   0   0   0   0   0   0   0   0   0   0
 CSF       1   -   -   -   -   -   -   -   -   -   -   -   -   -   -   -   -   -   -   -   -   -   -   -   -   -   -

              48  49  50  51  52  53  54  55  56  57  58  59  60  61  62  63  64  65  66  67  68  69  70  71  72  73  74  75  76  77
 Ref.      2   2   2   2   2   2   2   2   2   2   2   2   2   2   2   2   2   2   2   2   2   2   2   2   2   2   2   2   2   2   2
 CSF       2  ab  ab  ab  ab  ab  ab  ab  ab  ab  ab  ab  ab  ab  ab  ab  ab  ab  ab  ab  ab  ab  ab  ab  ab  ab  ab  ab  ab  ab  ab

              78  79  80  81  82  83  84  85  86  87  88  89  90  91  92  93  94  95  96  97  98  99 100 101 102 103 104 105 106 107
 Ref.      2   2   2   2   2   2   2   2   2   2   2   2   1   1   0   0   0   0   0   0   0   0   0   0   0   0   0   0   0   0   0
 CSF       2  ab  ab  ab  ab  ab  ab  ab  ab  ab  ab  ab   a   b   -   -   -   -   -   -   -   -   -   -   -   -   -   -   -   -   -

             108 109 110 111 112 113 114 115 116 117 118 119 120 121 122 123 124 125 126 127 128 129 130 131 132 133
 Ref.      2   0   0   0   0   0   0   0   0   0   0   0   0   0   0   0   0   0   0   0   0   0   0   0   0   0   0
 CSF       2   -   -   -   -   -   -   -   -   -   -   -   -   -   -   -   -   -   -   -   -   -   -   -   -   -   -

              48  49  50  51  52  53  54  55  56  57  58  59  60  61  62  63  64  65  66  67  68  69  70  71  72  73  74  75  76  77
 Ref.      3   2   2   2   2   2   2   2   2   2   2   2   2   2   2   2   2   2   2   2   2   2   2   2   2   2   2   2   2   2   2
 CSF      44  ab  ab  ab  ab  ab  ab  ab  ab  ab  ab  ab  ab  ab  ab  ab  ab  ab  ab  ab  ab  ab  ab  ab  ab  ab  ab  ab  ab  ab  ab

              78  79  80  81  82  83  84  85  86  87  88  89  90  91  92  93  94  95  96  97  98  99 100 101 102 103 104 105 106 107
 Ref.      3   2   2   2   2   2   2   2   2   2   2   2   0   2   0   0   0   0   0   0   0   0   0   0   0   0   0   0   0   0   0
 CSF      44  ab  ab  ab  ab  ab  ab  ab  ab  ab  ab  ab   -  ab   -   -   -   -   -   -   -   -   -   -   -   -   -   -   -   -   -

             108 109 110 111 112 113 114 115 116 117 118 119 120 121 122 123 124 125 126 127 128 129 130 131 132 133
 Ref.      3   0   0   0   0   0   0   0   0   0   0   0   0   0   0   0   0   0   0   0   0   0   0   0   0   0   0
 CSF      44   -   -   -   -   -   -   -   -   -   -   -   -   -   -   -   -   -   -   -   -   -   -   -   -   -   -


 Number of one-electron generators:    349840
 Number of two-electron generators:  19412087
 
 ==========================================================
 
 Results of CI calculation:
 
 Correlation energy for CI root   2:          1.62323274 eV
 Total energy:                            -6633.15591500 eV
 Electronic energy:                      -51825.62039969 eV
 Nuclear energy:                          45192.46448469 eV
 

 ---------------------------------------------------------------
 State  1,  Mult. 1,  E-E(1)=  0.000000 eV,  E=  -6635.106562 eV
 ---------------------------------------------------------------

  -6634.78      0.964257       1    48  49  50  51  52  53  54  55  56  57  58  59  60  61  62  63  64  65  66  67
                                    ab  ab  ab  ab  ab  ab  ab  ab  ab  ab  ab  ab  ab  ab  ab  ab  ab  ab  ab  ab
 
                                    68  69  70  71  72  73  74  75  76  77  78  79  80  81  82  83  84  85  86  87
                                    ab  ab  ab  ab  ab  ab  ab  ab  ab  ab  ab  ab  ab  ab  ab  ab  ab  ab  ab  ab
 
                                    88  89  90  91  92  93  94  95  96  97  98  99 100 101 102 103 104 105 106 107
                                    ab  ab   -   -   -   -   -   -   -   -   -   -   -   -   -   -   -   -   -   -
 
                                   108 109 110 111 112 113 114 115 116 117 118 119 120 121 122 123 124 125 126 127
                                     -   -   -   -   -   -   -   -   -   -   -   -   -   -   -   -   -   -   -   -
 
                                   128 129 130 131 132 133
                                     -   -   -   -   -   -
 
  -6627.83     -0.142693      44    48  49  50  51  52  53  54  55  56  57  58  59  60  61  62  63  64  65  66  67
                                    ab  ab  ab  ab  ab  ab  ab  ab  ab  ab  ab  ab  ab  ab  ab  ab  ab  ab  ab  ab
 
                                    68  69  70  71  72  73  74  75  76  77  78  79  80  81  82  83  84  85  86  87
                                    ab  ab  ab  ab  ab  ab  ab  ab  ab  ab  ab  ab  ab  ab  ab  ab  ab  ab  ab  ab
 
                                    88  89  90  91  92  93  94  95  96  97  98  99 100 101 102 103 104 105 106 107
                                    ab   -  ab   -   -   -   -   -   -   -   -   -   -   -   -   -   -   -   -   -
 
                                   108 109 110 111 112 113 114 115 116 117 118 119 120 121 122 123 124 125 126 127
                                     -   -   -   -   -   -   -   -   -   -   -   -   -   -   -   -   -   -   -   -
 
                                   128 129 130 131 132 133
                                     -   -   -   -   -   -
 
  -6631.81     -0.116416       2    48  49  50  51  52  53  54  55  56  57  58  59  60  61  62  63  64  65  66  67
                                    ab  ab  ab  ab  ab  ab  ab  ab  ab  ab  ab  ab  ab  ab  ab  ab  ab  ab  ab  ab
 
                                    68  69  70  71  72  73  74  75  76  77  78  79  80  81  82  83  84  85  86  87
                                    ab  ab  ab  ab  ab  ab  ab  ab  ab  ab  ab  ab  ab  ab  ab  ab  ab  ab  ab  ab
 
                                    88  89  90  91  92  93  94  95  96  97  98  99 100 101 102 103 104 105 106 107
                                    ab   a   b   -   -   -   -   -   -   -   -   -   -   -   -   -   -   -   -   -
 
                                   108 109 110 111 112 113 114 115 116 117 118 119 120 121 122 123 124 125 126 127
                                     -   -   -   -   -   -   -   -   -   -   -   -   -   -   -   -   -   -   -   -
 
                                   128 129 130 131 132 133
                                     -   -   -   -   -   -
 

 ---------------------------------------------------------------
 State  2,  Mult. 1,  E-E(1)=  1.950647 eV,  E=  -6633.155915 eV
 ---------------------------------------------------------------

  -6631.81      0.903214       2    48  49  50  51  52  53  54  55  56  57  58  59  60  61  62  63  64  65  66  67
                                    ab  ab  ab  ab  ab  ab  ab  ab  ab  ab  ab  ab  ab  ab  ab  ab  ab  ab  ab  ab
 
                                    68  69  70  71  72  73  74  75  76  77  78  79  80  81  82  83  84  85  86  87
                                    ab  ab  ab  ab  ab  ab  ab  ab  ab  ab  ab  ab  ab  ab  ab  ab  ab  ab  ab  ab
 
                                    88  89  90  91  92  93  94  95  96  97  98  99 100 101 102 103 104 105 106 107
                                    ab   a   b   -   -   -   -   -   -   -   -   -   -   -   -   -   -   -   -   -
 
                                   108 109 110 111 112 113 114 115 116 117 118 119 120 121 122 123 124 125 126 127
                                     -   -   -   -   -   -   -   -   -   -   -   -   -   -   -   -   -   -   -   -
 
                                   128 129 130 131 132 133
                                     -   -   -   -   -   -
 
  -6627.83      0.173160      44    48  49  50  51  52  53  54  55  56  57  58  59  60  61  62  63  64  65  66  67
                                    ab  ab  ab  ab  ab  ab  ab  ab  ab  ab  ab  ab  ab  ab  ab  ab  ab  ab  ab  ab
 
                                    68  69  70  71  72  73  74  75  76  77  78  79  80  81  82  83  84  85  86  87
                                    ab  ab  ab  ab  ab  ab  ab  ab  ab  ab  ab  ab  ab  ab  ab  ab  ab  ab  ab  ab
 
                                    88  89  90  91  92  93  94  95  96  97  98  99 100 101 102 103 104 105 106 107
                                    ab   -  ab   -   -   -   -   -   -   -   -   -   -   -   -   -   -   -   -   -
 
                                   108 109 110 111 112 113 114 115 116 117 118 119 120 121 122 123 124 125 126 127
                                     -   -   -   -   -   -   -   -   -   -   -   -   -   -   -   -   -   -   -   -
 
                                   128 129 130 131 132 133
                                     -   -   -   -   -   -
 
  -6634.78      0.164883       1    48  49  50  51  52  53  54  55  56  57  58  59  60  61  62  63  64  65  66  67
                                    ab  ab  ab  ab  ab  ab  ab  ab  ab  ab  ab  ab  ab  ab  ab  ab  ab  ab  ab  ab
 
                                    68  69  70  71  72  73  74  75  76  77  78  79  80  81  82  83  84  85  86  87
                                    ab  ab  ab  ab  ab  ab  ab  ab  ab  ab  ab  ab  ab  ab  ab  ab  ab  ab  ab  ab
 
                                    88  89  90  91  92  93  94  95  96  97  98  99 100 101 102 103 104 105 106 107
                                    ab  ab   -   -   -   -   -   -   -   -   -   -   -   -   -   -   -   -   -   -
 
                                   108 109 110 111 112 113 114 115 116 117 118 119 120 121 122 123 124 125 126 127
                                     -   -   -   -   -   -   -   -   -   -   -   -   -   -   -   -   -   -   -   -
 
                                   128 129 130 131 132 133
                                     -   -   -   -   -   -
 
  -6623.80      0.127113     129    48  49  50  51  52  53  54  55  56  57  58  59  60  61  62  63  64  65  66  67
                                    ab  ab  ab  ab  ab  ab  ab  ab  ab  ab  ab  ab  ab  ab  ab  ab  ab  ab  ab  ab
 
                                    68  69  70  71  72  73  74  75  76  77  78  79  80  81  82  83  84  85  86  87
                                    ab  ab  ab  ab  ab  ab  ab  ab  ab  ab  ab  ab  ab  ab  ab  ab  ab  ab  ab  ab
 
                                    88  89  90  91  92  93  94  95  96  97  98  99 100 101 102 103 104 105 106 107
                                     a   b   a   b   -   -   -   -   -   -   -   -   -   -   -   -   -   -   -   -
 
                                   108 109 110 111 112 113 114 115 116 117 118 119 120 121 122 123 124 125 126 127
                                     -   -   -   -   -   -   -   -   -   -   -   -   -   -   -   -   -   -   -   -
 
                                   128 129 130 131 132 133
                                     -   -   -   -   -   -
 
  -6626.55     -0.121766     170    48  49  50  51  52  53  54  55  56  57  58  59  60  61  62  63  64  65  66  67
                                    ab  ab  ab  ab  ab  ab  ab  ab  ab  ab  ab  ab  ab  ab  ab  ab  ab  ab  ab  ab
 
                                    68  69  70  71  72  73  74  75  76  77  78  79  80  81  82  83  84  85  86  87
                                    ab  ab  ab  ab  ab  ab  ab  ab  ab  ab  ab  ab  ab  ab  ab  ab  ab  ab  ab  ab
 
                                    88  89  90  91  92  93  94  95  96  97  98  99 100 101 102 103 104 105 106 107
                                     a   a   b   b   -   -   -   -   -   -   -   -   -   -   -   -   -   -   -   -
 
                                   108 109 110 111 112 113 114 115 116 117 118 119 120 121 122 123 124 125 126 127
                                     -   -   -   -   -   -   -   -   -   -   -   -   -   -   -   -   -   -   -   -
 
                                   128 129 130 131 132 133
                                     -   -   -   -   -   -
 


 Population analysis of state  1:


 Net atomic charges (atomic units):

      1   -0.510914
      2    0.203702
      3    0.185318
      4   -0.323889
      5    0.184433
      6    0.183957
      7    0.664126
      8   -0.675262
      9   -0.615673
     10    0.456327
     11    0.337375
     12   -0.541150
     13   -0.466250
     14    0.310174
     15   -0.165139
     16    0.214987
     17    0.489675
     18   -0.613061
     19   -0.442970
     20    0.296079
     21   -0.597491
     22    0.215082
     23    0.219679
     24    0.033867
     25   -0.242167
     26   -0.277125
     27    0.504135
     28   -0.741137
     29   -0.140838
     30   -0.158458
     31    0.295623
     32    0.198497
     33    0.571546
     34   -0.662685
     35   -0.077784
     36    0.214205
     37   -0.056577
     38   -0.144612
     39   -0.149029
     40   -0.358932
     41   -0.355312
     42    0.522884
     43    0.223546
     44    0.199814
     45    0.231454
     46    0.213980
     47   -0.701887
     48   -0.682489
     49    0.389170
     50   -0.708528
     51    0.420307
     52    0.367969
     53    0.116658
     54    0.176404
     55    0.271572
     56    0.255782
     57    0.241033


 Population analysis of state  2:


 Net atomic charges (atomic units):

      1   -0.511351
      2    0.203659
      3    0.185139
      4   -0.324445
      5    0.183431
      6    0.183654
      7    0.663944
      8   -0.672703
      9   -0.617305
     10    0.457133
     11    0.336416
     12   -0.548441
     13   -0.460160
     14    0.310265
     15   -0.164131
     16    0.206860
     17    0.435278
     18   -0.631115
     19   -0.427800
     20    0.151516
     21   -0.573249
     22    0.201287
     23    0.223706
     24    0.169393
     25   -0.319815
     26   -0.295757
     27    0.508873
     28   -0.699583
     29   -0.024431
     30   -0.167645
     31    0.306165
     32    0.195845
     33    0.573201
     34   -0.653985
     35   -0.139337
     36    0.214106
     37    0.004896
     38   -0.177581
     39   -0.182250
     40   -0.324856
     41   -0.317232
     42    0.500864
     43    0.227375
     44    0.200015
     45    0.234386
     46    0.215435
     47   -0.678798
     48   -0.683751
     49    0.387879
     50   -0.710745
     51    0.420234
     52    0.368421
     53    0.115349
     54    0.171562
     55    0.269465
     56    0.238710
     57    0.242004



 Using ECP-3G basis for the evaluation spectroscopic observables.


 AO basis set for the evaluation of spectroscopic observables:

                                          0
  1   1   1    0.7440595418E+01    0.1543289673E+00
  1   1   2    0.1355313744E+01    0.5353281423E+00
  1   1   3    0.3668007912E+00    0.4446345422E+00

                                          0                   1
  6   1   1    0.5335867171E+01   -0.1918800000E+00    0.2025900000E+00
  6   1   2    0.1093759362E+01    0.6162800000E+00    0.5583000000E+00
  6   1   3    0.2918440087E+00    0.5489600000E+00    0.4551400000E+00

                                          0                   1
  7   1   1    0.6541774069E+01   -0.1926900000E+00    0.2228100000E+00
  7   1   2    0.1375115320E+01    0.6188800000E+00    0.5603200000E+00
  7   1   3    0.3635452037E+00    0.5492600000E+00    0.4385900000E+00

                                          0                   1
  8   1   1    0.1152778066E+02   -0.1924800000E+00    0.2415800000E+00
  8   1   2    0.2405781781E+01    0.6695200000E+00    0.5589000000E+00
  8   1   3    0.6188395415E+00    0.5027000000E+00    0.4316000000E+00



 State dipole moments:

   #    Symmetry       eV         cm-1     mu_r(x)/D   mu_r(y)/D   mu_r(z)/D    |mu_r|/D     phi/deg   theta/deg
   1     A   (1)    0.000000        0.00    1.502182   -9.773608    2.881840   10.299755    -81.2621     73.7519
   2     A   (1)    1.950647    15733.83   -0.138131  -13.638790    1.723679   13.747972    -90.5803     82.7975



 Properties of transitions   1 -> #:

   #    Symmetry       eV         cm-1        nm        f_r         f_p         f_rp        R/DBM
   2     A   (1)    1.950647    15733.83    635.57    0.828148    0.324607    0.518377   -1.001743



 Dipole-length electric dipole transition moments   1 -> #:

   #    Symmetry       eV         cm-1     mu_r(x)/D   mu_r(y)/D   mu_r(z)/D    |mu_r|/D     phi/deg   theta/deg
   2     A   (1)    1.950647    15733.83   -0.579953   10.468363    1.421882   10.580393     93.1710     82.2767



 Dipole-velocity electric dipole transition moments   1 -> #:

   #    Symmetry       eV         cm-1     mu_p(x)/D   mu_p(y)/D   mu_p(z)/D    |mu_p|/D     phi/deg   theta/deg
   2     A   (1)    1.950647    15733.83   -0.493540    6.548425    0.867888    6.624099     94.3101     82.4715



 Magnetic dipole transition moments   1 -> #:

   #    Symmetry       eV         cm-1      m(x)/iBM    m(y)/iBM    m(z)/iBM      |m|/BM     phi/deg   theta/deg
   2     A   (1)    1.950647    15733.83   -0.256754    0.131446    0.016428    0.288913    152.8896     86.7403




 CI HEAT OF FORMATION      -407.34105 KCAL/MOL


 SELECTED PROFILE  67 WITH EXPECTED EXECUTION TIME         32005.254 SECONDS 
 ESTIMATED NUMBER OF CPHF ITERATIONS PER VARIABLE:    18
 MEMORY REQUIRED    : 172909148 WORDS
 ITERATIVE SOLVER STATISTICS:
     CALLS TO SOLVER                                                1.
     LINEAR EQUATIONS SOLVED                                        1.
     ITERATIONS MADE                                               15.
     MAXIMUM ITERATIONS MADE FOR A BATCH OF RHS                    15.
     RESPONSE VECTORS COMPUTED                                     15.
     AVERAGE RESPONSE VECTORS PER VARIABLE                  15.0000000
     BASIS VECTORS REJECTED BY SVD                                  0.
     BASIS VECTORS REMOVED DUE TO MEMORY CONSTRAINTS                0.
     MAXIMUM NUMBER OF BASIS VECTORS USED                          15.



     TIME FOR ENERGY EVALUATION      13.089 SECONDS
     TIME FOR GRADIENT EVALUATION   962.755 SECONDS



                          COORDINATES (ANGSTROM)               GRADIENTS (KCAL/(MOL*ANGSTROM))

        I   NI          X           Y           Z                X           Y           Z

        1    6        2.18325    13.01556     2.02966        -10.19932    11.16951    10.85382
        2    1        3.19569    13.11977     2.43853          1.40402    -1.16980    -1.04293
        3    1        2.28529    12.80955     0.95142         -0.60813    -1.06225    -0.16732
        4    6        1.47360    11.85167     2.68962          1.83244    -1.97043    -0.47913
        5    1        0.36953    11.95218     2.70153         -0.67042    -2.54239     1.34113
        6    1        1.82833    11.70314     3.72894          0.02436     0.02161     0.09899
        7    6        1.81787    10.61771     1.87358          0.10415     1.31412    -0.85024
        8    8        1.01285     9.70362     1.59735          9.83668     3.53897     0.15937
        9    8        3.04701    10.57470     1.40737         -0.87597     0.21759     0.68612
       10    1        3.16226     9.73618     0.72153         -0.06725     0.00406    -0.03231
       11    6       -0.19310     5.54979     4.21619         -8.21257   -25.21941    27.58293
       12    8       -1.05908     6.11528     3.52366          2.69358    -0.10320     0.39873
       13    7        1.06515     6.07727     4.29035         -5.54885     0.47452    -3.76587
       14    1        1.77040     5.59140     4.83785         -0.01496    -0.05109     0.18896
       15    6        1.53048     7.14589     3.45278         18.92483    14.41410    11.11193
       16    1        0.66243     7.72867     3.04820          0.37770    -0.46909    -1.49153
       17    6        2.16690     6.50114     2.19084         -0.74175    -2.29500    -0.91483
       18    8        3.24529     6.91710     1.68695          1.89441    -3.19991    -6.73448
       19    7        1.41969     5.53505     1.55685         -0.34404     0.06049     0.72131
       20    6        1.93145     4.65675     0.71244         -0.07624    -0.05723    -0.19697
       21    6        3.36482     4.50946     0.32057         -2.90067     4.26285    -9.75258
       22    1        3.67201     3.46039     0.43874         -0.03260     0.07661     1.10316
       23    1        3.96192     5.13787     0.98872         -2.01560     0.03134     0.58695
       24    6        1.00262     3.64620     0.21502         -1.38835    -0.55954     0.23773
       25    7        1.32168     2.36925    -0.09299         -4.30102     0.79512     2.54951
       26    7       -0.40664     3.87085     0.16664         -0.60657     1.11916    -1.76957
       27    6       -0.99291     2.64303    -0.08134         -0.53175    -0.06378    -0.30883
       28    8       -2.22481     2.44022    -0.05524         18.95147     4.65546    -3.28891
       29    6        0.14982     1.66373    -0.22575          0.18871    -0.48955    -0.04103
       30    6       -1.15039     5.05245     0.48035          1.87281    -0.16916    -1.00619
       31    1       -0.70822     5.61884     1.32886          0.00812    -0.03302     0.04823
       32    1       -2.20968     4.77470     0.71530          2.44553    -0.94242    -2.35824
       33    6       -1.24116     5.99581    -0.72939         -1.51511    -1.50634     2.61955
       34    8       -1.70021     7.14597    -0.55457          0.42869    -5.70747     7.28753
       35    6       -0.14928     0.31548    -0.31932         -0.09039     0.05076     0.12111
       36    1       -1.20848     0.06178    -0.48453         -0.11072     0.00137    -0.07189
       37    6        0.76189    -0.77152    -0.15798         -0.13439     0.10080     0.16932
       38    6        2.11860    -0.61329     0.23713         -0.27446    -1.15795    -1.07175
       39    6        0.21362    -2.08133    -0.30800          0.89960     0.95859     2.74143
       40    6        2.91983    -1.71249     0.39778         -0.13054    -0.33108    -0.12153
       41    6        0.99632    -3.19012    -0.15722          0.60241     0.33080     0.59037
       42    6        2.40389    -3.04406     0.15708          0.40998     0.65735    -1.47052
       43    1        2.49852     0.39185     0.43895         -0.62170    -0.69006     0.78268
       44    1       -0.85005    -2.17823    -0.56843          0.17415     0.58888    -0.07767
       45    1        3.94793    -1.62864     0.74061         -2.66168    -1.08532     0.73318
       46    1        0.58472    -4.19405    -0.25935         -0.13558     1.16694     0.24664
       47    8        3.14906    -4.05640     0.22486         -9.67772    18.23180     0.05281
       48    7       -0.83916     5.57683    -1.97185         -8.38419    11.99619    -1.65660
       49    1       -0.52425     4.63171    -2.13817         -0.09651     0.10733    -0.12404
       50    8        2.78352     8.65368     0.03866         -0.15093    -0.04029    -0.04338
       51    1        3.16867     7.86606     0.53013          0.05866    -0.18429     0.03399
       52    1        1.82116     8.60812     0.21874         -0.05852     0.00518     0.04869
       53    1        1.67145    13.97603     2.08994          8.15516    -9.44936    -8.31406
       54    1       -0.38595     4.61266     4.73835          2.24271    29.45023   -22.79371
       55    1        2.17959     7.81053     4.02284        -18.05350    -7.49927    -1.85875
       56    1        3.53967     4.81613    -0.71067          2.66240    -2.01678     5.19157
       57    1       -0.70155     6.17335    -2.76254          4.58733    -5.85645    -9.87876


     CARTESIAN GRADIENT NORM                 79.29797


     CARTESIAN QM+MM GRADIENT NORM          127.37687



     GRADIENTS FOR GEOMETRY OPTIMIZATION

        I   LOCATION             VARIABLE    GRADIENT



     GRADIENT NORM                            0.00000



 COMPUTATION TIME               975.854 SECONDS


