


 PROGRAM MNDO2005.
 VERSION 7.0 OF 4 AUGUST 2005.

 COPYRIGHT BY WALTER THIEL,
 MAX-PLANCK-INSTITUT FUER KOHLENFORSCHUNG,
 D-45470 MUELHEIM, GERMANY.


 ***** STANDARD INPUT USING KEYWORDS *****

 IOP    =   -6     JOP    =   -1     IGEOM  =    1     IFORM  =    1     MMINP  =    2
 NSAV15 =    4     ICUTS  =   -1     ICUTG  =   -1     ISCF   =   11     IPLSCF =   11
 KHARGE =   -1     KTRIAL =   11     IPUBO  =    1     KITSCF =  100     NPRINT =   -4
 IFAST  =    2     KCI    =    5     NUMATM = 4035     MMCOUP =    2     MMLINK =    2
 NLINK  =    5     ICI1   =   42     ICI2   =   43     IOUTCI =    1     MOVO   =    0
 NCIREF =    3     MCIREF =    0     LEVEXC =    1     IROOT  =    2     LROOT  =    2
 MULTCI =    1     IUVCD  =    2     IPOP   =    2


 DSTEP  =  0.0000  DPREC  =  0.0000


 ***********************************************************************
 * INPUT OF OPTIONS VIA KEYWORDS
 * NUMBER OF MNDO97 KEYWORDS FOUND: 33
 * MOPAC KEYWORDS NOT FOUND: IMOPAC=-1
 ***********************************************************************



 *** OPTIONS FROM THE FIRST LINE OF INPUT    ***
 *** DEFINED EITHER EXPLICITLY OR BY DEFAULT ***

 LIMIT  =    0     IOP    =   -6     JOP    =   -1     IGEOM  =    1     IFORM  =    1
 NEXMOL =    1     MPLIB  =    0     IEF    =    0     IDIIS  =    0     INREFD =    0
 IPAROK =    0     MMINP  =    2     NMR    =    0     NSAV7  =    0     NSAV8  =    0
 NSAV9  =    0     NSAV13 =    0     NSAV15 =    4     NSAV16 =    0     IMMOK  =    0
 IHBOND =    0     IFLD1  =    0     IFLD2  =    0     IFLD3  =    0     ICUTR  =   -1
 ICUTG  =   -1     IEXBAS =    0     ICOSMO =    0     IPSANA =    0



 OM2    

 STANDARD CALCULATION FOR INPUT GEOMETRY

 INPUT IN CARTESIAN COORDINATES

 INPUT OF MOLECULAR DATA IN FREE FORMAT



 *** OPTIONS FROM THE SECOND LINE OF INPUT   ***
 *** DEFINED EITHER EXPLICITLY OR BY DEFAULT ***


 MAXEND =    1     MAXLIN =    4     MAXRTL = 9999     ISCF   =   11     IPLSCF =   11
 MIDDLE =    0     IPRINT =    0     KPRINT =    0     LPRINT =    0     MPRINT =    0
 JPRINT =    0     IPREC  =    1     ICONV  =    0     IHESS  =    0     IDFP   =    0
 NREPET =    3     LINITG =   10     LCONVG =   10     LGDUM  =    0     IHDLC1 =    0
 IHDLC2 =    0     IHDLC3 =    0     INGEOM =    0     INTDIR =    0     LINDMS =    0
 LINDIA =    0     LINFRG =    0     INPFRG =    0     INP21  =    0     INP22  =    0
 INP23  =    0     INP24  =    0     INP25  =    0



                                                                                 
 ChemShell MNDO interface:                                                       


     INPUT GEOMETRY


      ATOM      ATOMIC              X-COORDINATE         Y-COORDINATE         Z-COORDINATE
     NUMBER     NUMBER               (ANGSTROMS)          (ANGSTROMS)          (ANGSTROMS)

        1          6                   2.22048             12.85474              1.79284  
        2          1                   3.26477             12.97199              2.10315  
        3          1                   2.21077             12.64819              0.71037  
        4          6                   1.58910             11.69093              2.53062  
        5          1                   0.48230             11.74145              2.57472  
        6          1                   1.98904             11.60960              3.56057  
        7          6                   1.96084             10.44072              1.75628  
        8          8                   1.17403              9.51652              1.46245  
        9          8                   3.21384             10.39559              1.34460  
       10          1                   3.35443              9.59047              0.66045  
       11          6                  -0.16803              5.47137              4.19216  
       12          8                  -0.99766              6.07076              3.48564  
       13          7                   1.12700              5.91512              4.23424  
       14          1                   1.79859              5.39680              4.79415  
       15          6                   1.66953              6.95611              3.41218  
       16          1                   0.85379              7.58714              2.97552  
       17          6                   2.31708              6.30221              2.16263  
       18          8                   3.33558              6.74987              1.59362  
       19          7                   1.59157              5.27506              1.55481  
       20          6                   2.07417              4.39960              0.72641  
       21          6                   3.49270              4.24823              0.27834  
       22          1                   3.78565              3.19461              0.33242  
       23          1                   4.13975              4.82967              0.94216  
       24          6                   1.11234              3.37742              0.26196  
       25          7                   1.40391              2.10495             -0.00901  
       26          7                  -0.28574              3.61898              0.22828  
       27          6                  -0.88556              2.38561             -0.04348  
       28          8                  -2.13962              2.23996             -0.03415  
       29          6                   0.21718              1.43292             -0.18167  
       30          6                  -1.02739              4.77488              0.61038  
       31          1                  -0.57070              5.33522              1.45545  
       32          1                  -2.07233              4.47646              0.88634  
       33          6                  -1.18481              5.76061             -0.55738  
       34          8                  -1.79262              6.83717             -0.35775  
       35          6                  -0.07858              0.06188             -0.32011  
       36          1                  -1.13138             -0.14562             -0.60188  
       37          6                   0.75538             -1.01740             -0.09495  
       38          6                   2.10990             -0.92452              0.37819  
       39          6                   0.18254             -2.32433             -0.30606  
       40          6                   2.86070             -2.04412              0.54547  
       41          6                   0.92181             -3.45018             -0.15818  
       42          6                   2.31843             -3.35534              0.22871  
       43          1                   2.50575              0.06704              0.62865  
       44          1                  -0.87426             -2.37989             -0.61531  
       45          1                   3.86980             -2.01623              0.94560  
       46          1                   0.49828             -4.43946             -0.31082  
       47          8                   3.02583             -4.38768              0.30568  
       48          7                  -0.70202              5.47173             -1.80809  
       49          1                  -0.29106              4.57047             -2.01768  
       50          8                   2.91364              8.51549             -0.09920  
       51          1                   1.95702              8.48035              0.12373  
       52          1                   3.29604              7.70353              0.31557  
       53          1                   1.70109             13.80567              1.91132  
       54          1                  -0.40489              4.56276              4.74569  
       55          1                   2.35060              7.56964              4.00191  
       56          1                   3.62726              4.60272             -0.74356  
       57          1                  -0.65341              6.11830             -2.56938  



     **********

     *  VARIABLES TO BE OPTIMIZED, OF WHICH THERE ARE   0



     INITIAL INTERATOMIC DISTANCES (ANGSTROMS)


             1           2           3           4           5           6           7           8           9          10
 ----------------------------------------------------------------------------------------------------------------------------
   1      0.00000
   2      1.09571     0.00000
   3      1.10204     1.77640     0.00000
   4      1.51572     2.15214     2.14852     0.00000
   5      2.20727     3.07876     2.69918     1.10882     0.00000
   6      2.17459     2.36806     3.04163     1.10787     1.80542     0.00000
   7      2.42822     2.86843     2.45546     1.51685     2.13256     2.15001     0.00000
   8      3.51397     4.08925     3.38346     2.45791     2.58185     3.07365     1.24882     0.00000
   9      2.68982     2.68623     2.54609     2.39256     3.28417     2.80793     1.31967     2.22429     0.00000
  10      3.63643     3.67751     3.26498     3.32053     4.06697     3.78839     1.96618     2.32440     1.06585     0.00000
  11      8.12255     8.50925     8.32395     6.67317     6.50791     6.53679     5.92959     5.06119     6.61767     6.46898
  12      7.69704     8.22840     7.82679     6.26017     5.93100     6.29322     5.55337     4.54783     6.40506     6.26982
  13      7.43737     7.67535     7.67635     6.03953     6.09227     5.79863     5.22653     4.54479     5.72534     5.58942
  14      8.05026     8.17158     8.33245     6.69205     6.84931     6.33694     5.89034     5.33501     6.23620     6.09056
  15      6.14163     6.35997     6.32396     4.81686     5.00103     4.66680     3.86902     3.25617     4.29997     4.16542
  16      5.56904     5.96410     5.70846     4.19282     4.19009     4.22033     3.29469     2.47274     4.01461     3.95298
  17      6.56367     6.73704     6.51090     5.45011     5.75513     5.49820     4.17365     3.48262     4.26956     3.76102
  18      6.20907     6.24335     6.06922     5.32375     5.83263     5.41286     3.94192     3.51338     3.65624     2.99001
  19      7.60946     7.89576     7.44712     6.48966     6.63965     6.65639     5.18276     4.26297     5.37548     4.74661
  20      8.52339     8.76350     8.24974     7.52689     7.73647     7.74751     6.12933     5.24737     6.13457     5.34683
  21      8.83087     8.91548     8.50819     8.00564     8.39548     8.19901     6.54812     5.87649     6.24537     5.35767
  22      9.89448     9.95008     9.59131     9.04680     9.43337     9.19026     7.60680     6.93283     7.29422     6.41877
  23      8.29512     8.27109     8.05629     7.49039     7.98842     7.57952     6.07407     5.57070     5.65674     4.83335
  24      9.66391    10.00393     9.34637     8.63068     8.70073     8.91169     7.26933     6.25568     7.40561     6.61723
  25     10.93031    11.22571    10.59851     9.91843    10.01934    10.16970     8.53883     7.55973     8.59319     7.76439
  26      9.69682    10.17842     9.38038     8.60071     8.48941     8.95147     7.34289     6.19961     7.70816     7.00688
  27     11.07350    11.57172    10.74598     9.96690     9.81110    10.31186     8.73075     7.57362     9.10448     8.38946
  28     11.61990    12.20459    11.30537    10.47866    10.19603    10.85164     9.34194     8.13440     9.85266     9.20311
  29     11.76308    12.15148    11.42595    10.69886    10.67398    10.98675     9.37745     8.30442     9.57282     8.78050
  30      8.78813     9.37250     8.51380     7.63971     7.39398     8.03218     6.50726     5.29674     7.07951     6.51098
  31      8.02793     8.57033     7.85946     6.79822     6.58796     7.09588     5.70660     4.53071     6.31999     5.84344
  32      9.45757    10.10640     9.22784     8.25580     7.88395     8.63295     7.25228     6.02270     7.94919     7.46015
  33      8.21257     8.88151     7.78306     7.23872     6.95412     7.82570     6.09521     4.87348     6.66699     6.06265
  34      7.54594     8.32281     7.13694     6.58314     6.15033     7.24087     5.61633     4.39239     6.37377     5.92533
  35     13.16843    13.55437    12.83425    12.08895    12.04603    12.35656    10.77919     9.70241    10.97254    10.17551
  36     13.63742    14.09663    13.28810    12.54263    12.40956    12.85489    11.27800    10.14561    11.56663    10.79386
  37     14.07646    14.38165    13.76645    13.00348    13.03802    13.20325    11.66914    10.65665    11.76319    10.94772
  38     13.85213    14.05070    13.57714    12.80835    12.95764    12.93237    11.44945    10.53882    11.41479    10.59214
  39     15.45842    15.78866    15.14341    14.36846    14.36087    14.57287    13.05228    12.01317    13.17990    12.36759
  40     14.96469    15.10209    14.70760    13.93590    14.13564    14.00980    12.57565    11.71896    12.47035    11.64562
  41     16.47251    16.74189    16.17323    15.39248    15.44174    15.54880    14.06065    13.07002    14.11443    13.29084
  42     16.28566    16.46180    16.01113    15.23880    15.38792    15.33490    13.88498    12.98139    13.82516    12.99437
  43     12.84376    13.01108    12.58487    11.81409    12.00722    11.92032    10.44901     9.57922    10.37752     9.56123
  44     15.73120    16.13077    15.39864    14.62714    14.54059    14.87758    13.34280    12.24897    13.55606    12.75927
  45     14.98612    15.04502    14.75984    13.98571    14.26193    14.00137    12.62842    11.85490    12.43554    11.62163
  46     17.50659    17.79436    17.20357    16.41503    16.43618    16.57655    15.09409    14.08440    15.17212    14.35060
  47     17.32517    17.45412    17.06016    16.29529    16.48535    16.35794    14.93720    14.07459    14.82092    13.98651
  48      8.71874     9.34275     8.14423     7.92162     7.74086     8.58706     6.66981     5.52958     7.03688     6.28589
  49      9.45817    10.01053     8.88543     8.65581     8.55050     9.26634     7.33305     6.22263     7.58427     6.75739
  50      4.78429     4.98338     4.26950     4.33057     4.84438     4.88081     2.83851     2.54304     2.38945     1.38815
  51      4.68942     5.07968     4.21656     4.02943     4.33784     4.64813     2.55113     1.86518     2.59581     1.86365
  52      5.46572     5.56355     5.07772     4.87026     5.41531     5.24363     3.36906     3.01748     2.88320     1.91908
  53      1.08998     1.78239     1.74408     2.20639     2.48728     2.76146     3.37852     4.34466     3.77336     4.69746
  54      9.18525     9.54801     9.40742     7.72615     7.55207     7.53613     7.00597     6.14917     7.66057     7.48996
  55      5.72968     5.79882     6.05354     4.44180     4.78867     4.08004     3.66577     3.40932     3.97397     4.03197
  56      8.74690     8.84759     8.29759     8.06952     8.47722     8.38485     6.56570     5.91864     6.17160     5.18877
  57      8.52455     9.17375     7.84855     7.87992     7.70528     8.64368     6.65049     5.58060     6.96922     6.20891


            11          12          13          14          15          16          17          18          19          20
 ----------------------------------------------------------------------------------------------------------------------------
  11      0.00000
  12      1.24367     0.00000
  13      1.36960     2.25805     0.00000
  14      2.05804     3.15997     1.01646     0.00000
  15      2.48786     2.81125     1.43310     2.08757     0.00000
  16      2.64591     2.44693     2.11061     2.99961     1.11996     0.00000
  17      3.31437     3.57651     2.42026     2.83081     1.55186     2.11023     0.00000
  18      4.54558     4.77680     3.54224     3.79954     2.47495     2.96141     1.24960     0.00000
  19      3.17654     3.32646     2.79371     3.24823     2.50636     2.81221     1.39673     2.28433     0.00000
  20      4.26470     4.45447     3.93685     4.19725     3.72999     4.08758     2.39618     2.80481     1.29830     0.00000
  21      5.49681     5.81134     4.90144     4.95800     4.52520     5.03855     3.02513     2.83070     2.50958     1.49528
  22      5.97602     6.41054     5.44919     5.35771     5.30205     5.90560     3.89404     3.79909     3.26136     2.12987
  23      5.43427     5.86537     4.59267     4.54318     4.08959     4.74718     2.64198     2.18134     2.65836     2.12087
  24      4.63363     4.70088     4.71371     5.00895     4.80014     5.01518     3.69030     4.25318     2.34566     1.47841
  25      5.60836     5.80584     5.70957     5.83631     5.94213     6.26615     4.81321     5.27969     3.53982     2.50110
  26      4.37694     4.13865     4.82864     5.32469     5.00967     4.95906     4.20906     4.97802     2.83313     2.53510
  27      5.28937     5.10368     5.89972     6.29878     6.27372     6.26065     5.51938     6.28847     4.12791     3.66182
  28      5.67371     5.32617     6.51128     6.98482     6.97345     6.82723     6.41794     7.27783     5.06542     4.79568
  29      5.96556     6.03611     6.35753     6.55531     6.74765     6.94605     5.79788     6.41452     4.43468     3.61583
  30      3.74870     3.15393     4.36737     5.08693     4.45884     4.12815     3.99096     4.88906     2.82862     3.12634
  31      2.76952     2.20113     3.30758     4.09441     3.38743     3.06772     3.12641     4.15684     2.16539     2.89866
  32      3.94267     3.23312     4.84911     5.57692     5.15073     4.75428     4.92232     5.90882     3.80904     4.15030
  33      4.86577     4.05922     5.32240     6.13775     5.03328     4.46918     4.46711     5.10288     3.52213     3.75785
  34      5.02060     3.99887     5.51912     6.44310     5.11986     4.32165     4.85059     5.48762     4.18938     4.69780
  35      7.04494     7.17183     7.51371     7.62501     8.03220     8.26802     7.13056     7.74907     5.78636     4.95432
  36      7.44725     7.44104     8.07594     8.27166     8.62510     8.74839     7.81722     8.50422     6.43813     5.71830
  37      7.83175     8.13239     8.18167     8.13226     8.75857     9.13650     7.81744     8.35699     6.55866     5.63540
  38      7.78735     8.26118     7.91301     7.71730     8.45596     8.98734     7.44666     7.86612     6.33149     5.33561
  39      9.00721     9.28695     9.45488     9.39359    10.10757    10.46215     9.22322     9.79242     7.94977     7.06084
  40      8.88562     9.45424     8.94215     8.63404     9.52056    10.13381     8.51891     8.86895     7.49665     6.49406
  41      9.98536    10.37353    10.34622    10.17661    11.02712    11.47377    10.12137    10.62714     8.91699     7.98307
  42      9.99011    10.50978    10.16883     9.88501    10.81118    11.37665     9.84928    10.24758     8.76188     7.77473
  43      7.00390     7.51538     7.00723     6.80132     7.47708     8.04915     6.42387     6.80295     5.36814     4.35510
  44      9.23325     9.39396     9.81480     9.84293    10.48105    10.73415     9.65818    10.29343     8.32994     7.51365
  45      9.10540     9.77463     9.01356     8.60548     9.56180    10.26848     8.54918     8.80624     7.66318     6.66597
  46     10.90621    11.27455    11.32563    11.15811    12.04539    12.47259    11.17181    11.69949     9.95227     9.03815
  47     11.06827    11.64816    11.18869    10.83460    11.83941    12.45963    10.87310    11.21605     9.84814     8.84867
  48      6.02396     5.33570     6.32863     7.06032     5.92273     5.45696     5.05680     5.43207     4.07533     3.90901
  49      6.27606     5.74775     6.55022     7.17290     6.24648     5.94500     5.22268     5.56272     4.09920     3.62678
  50      6.09746     5.84174     5.36028     5.90884     4.03847     3.81559     3.22030     2.48215     3.87091     4.28099
  51      5.48834     5.08317     4.91585     5.59877     3.63591     3.18553     3.00517     2.65623     3.52923     4.12668
  52      5.65776     5.58131     4.82276     5.25557     3.57675     3.61296     2.51668     1.59513     3.21534     3.54651
  53      8.84061     8.34209     8.24538     8.88984     7.01213     6.36557     7.53290     7.24961     8.53876     9.48775
  54      1.08998     2.05260     2.10645     2.35654     3.43651     3.72352     4.13605     5.35818     3.83079     4.72514
  55      3.28366     3.70459     2.07090     2.37773     1.08998     1.81500     2.23393     2.72802     3.43942     4.56668
  56      6.28651     6.43671     5.72295     5.88565     5.16153     5.51639     3.61259     3.18713     3.14302     2.14806
  57      6.80974     6.06498     7.03565     7.79451     6.47124     5.93086     5.59013     5.80013     4.77074     4.61041


            21          22          23          24          25          26          27          28          29          30
 ----------------------------------------------------------------------------------------------------------------------------
  21      0.00000
  22      1.09493     0.00000
  23      1.09426     1.78062     0.00000
  24      2.53469     2.68048     3.42592     0.00000
  25      3.00654     2.64133     3.97664     1.33328     0.00000
  26      3.83080     4.09477     4.64331     1.41919     2.28112     0.00000
  27      4.76886     4.75562     5.67438     2.25135     2.30686     1.39815     0.00000
  28      5.98781     6.01286     6.86224     3.45785     3.54619     2.32539     1.26253     0.00000
  29      4.34357     4.01271     5.30919     2.18614     1.37469     2.28032     1.46381     2.49551     0.00000
  30      4.56276     5.07345     5.17807     2.57929     3.66380     1.42553     2.48118     2.84223     3.65308     0.00000
  31      4.36787     4.98209     4.76522     2.84430     4.05936     2.12900     3.32358     3.77639     4.30452     1.11207
  32      5.60279     6.02212     6.22236     3.42635     4.30233     2.08812     2.57773     2.41946     3.95546     1.12121
  33      4.98646     5.66406     5.60947     3.40995     4.51287     2.45197     3.42699     3.68516     4.56460     1.53627
  34      5.91962     6.69789     6.39632     4.55990     5.72131     3.60151     4.55390     4.62164     5.76856     2.40332
  35      5.53513     5.01717     6.48995     3.57070     2.54336     3.60508     2.47536     3.01225     1.40939     4.89677
  36      6.43916     6.01724     7.41096     4.26525     3.44154     3.94670     2.60372     2.65139     2.11824     5.06870
  37      5.94635     5.20636     6.83504     4.42372     3.19015     4.76282     3.77833     4.35834     2.51023     6.10133
  38      5.35532     4.44718     6.12772     4.41762     3.13465     5.13857     4.48414     5.31435     3.07463     6.50996
  39      7.38222     6.62183     8.27026     5.80492     4.60418     5.98562     4.83666     5.12826     3.75946     7.25965
  40      6.32964     5.32402     7.00302     5.70353     4.43220     6.48624     5.83127     6.61003     4.42795     7.84985
  41      8.12807     7.25227     8.95108     6.84317     5.57800     7.18196     6.11033     6.46262     4.93373     8.48774
  42      7.69387     6.71307     8.41550     6.84002     5.54144     7.44465     6.58013     7.15896     5.24510     8.80004
  43      4.31035     3.39228     5.04489     3.61037     2.40286     4.53531     4.16275     5.17111     2.78564     5.88619
  44      7.98755     7.32720     8.91873     6.15328     5.06670     6.08641     4.79970     4.82513     3.98958     7.26061
  45      6.31117     5.24746     6.85122     6.09610     4.89653     7.03837     6.55498     7.42887     5.14869     8.37938
  46      9.20812     8.33663    10.03727     7.86185     6.61366     8.11441     6.96907     7.18677     5.88051     9.38511
  47      8.64857     7.62031     9.30621     7.99752     6.69954     8.66482     7.82932     8.40970     6.48116    10.02367
  48      4.84208     5.46865     5.60524     3.45877     4.35968     2.78438     3.55973     3.95701     4.44996     2.53781
  49      4.43761     4.90260     5.33478     2.93081     3.60368     2.43920     3.00409     3.57531     3.67063     2.73691
  50      4.32288     5.40911     4.02157     5.45663     6.58653     5.85825     7.21196     8.05741     7.57895     5.47972
  51      4.50478     5.59701     4.33147     5.17421     6.40073     5.35480     6.72712     7.46659     7.26544     4.78268
  52      3.46109     4.53546     3.05999     4.84630     5.91859     5.43327     6.77459     7.71488     7.00337     5.23030
  53      9.86008    10.92854     9.35173    10.57427    11.86098    10.51422    11.87138    12.34105    12.63596     9.52325
  54      5.93694     6.23773     5.93226     4.87963     5.64976     4.61648     5.28272     5.59031     5.87041     4.18727
  55      5.11871     5.88774     4.48002     5.75285     6.84446     6.06617     7.32886     8.05341     7.72744     5.54293
  56      1.08998     1.77921     1.77646     2.97276     3.42370     4.15016     5.07654     6.27239     4.68957     4.85063
  57      5.36627     6.05588     6.07995     4.31818     5.18604     3.76944     4.51299     4.86597     5.33028     3.47210


            31          32          33          34          35          36          37          38          39          40
 ----------------------------------------------------------------------------------------------------------------------------
  31      0.00000
  32      1.82106     0.00000
  33      2.14699     2.12628     0.00000
  34      2.65267     2.68309     1.25231     0.00000
  35      5.58596     4.99191     5.80995     6.98884     0.00000
  36      5.88104     4.94610     5.90664     7.01828     1.10943     0.00000
  37      6.67219     6.25631     7.06538     8.26170     1.38240     2.13935     0.00000
  38      6.89423     6.84981     7.51141     8.71867     2.50001     3.47463     1.43778     0.00000
  39      7.89551     7.26340     8.20359     9.37214     2.40049     2.56137     1.44248     2.47838     0.00000
  40      8.18885     8.18346     8.85980    10.06710     3.71804     4.56698     2.42830     1.35838     2.82421     0.00000
  41      9.05620     8.53743     9.45705    10.64132     3.65535     3.91568     2.43929     2.84222     1.35497     2.49628
  42      9.24001     9.00269     9.79750    11.00600     4.21002     4.78470     2.83087     2.44433     2.43126     1.45386
  43      6.15646     6.36147     6.88793     8.07984     2.75298     3.84553     2.18252     1.09663     3.46260     2.14240
  44      7.99395     7.12039     8.14662     9.26629     2.58506     2.24905     2.18698     3.46560     1.10251     3.92556
  45      8.60359     8.80156     9.39612    10.58983     4.63791     5.55928     3.43220     2.14733     3.90608     1.08589
  46      9.99033     9.35601    10.34093    11.50708     4.53816     4.60190     3.43848     3.92770     2.13857     3.47158
  47     10.43034    10.24215    11.02099    12.23336     5.46147     6.00842     4.08341     3.58297     3.56595     2.36158
  48      3.26903     3.18250     1.37142     2.27098     5.64528     5.76142     6.86787     7.32111     7.98856     8.64408
  49      3.56731     3.40810     2.08511     3.18559     4.82227     4.99522     6.00136     6.45753     7.11984     7.76248
  50      4.96705     6.49191     4.95949     5.00325     8.97026     9.57234     9.77415     9.48618    11.18048    10.57940
  51      4.24908     5.73135     4.21094     4.12209     8.67244     9.19087     9.57596     9.40955    10.95785    10.57161
  52      4.67545     6.28961     4.96135     5.20562     8.37776     9.05831     9.09275     8.70942    10.51847     9.76007
  53      8.78164    10.11550     8.89640     8.11878    14.03703    14.45606    14.98809    14.81540    16.35235    15.95073
  54      3.38376     4.20504     5.49233     5.75707     6.78430     7.16192     7.47771     7.45046     8.56138     8.48273
  55      4.47338     6.23193     6.04640     6.05883     8.99707     9.63558     9.64709     9.23797    11.00681    10.22896
  56      4.79532     5.92942     4.95292     5.87510     5.87637     6.72395     6.34462     5.84047     7.74864     6.81393
  57      4.10113     4.08056     2.11150     2.58957     6.48612     6.58302     7.68282     8.11944     8.78062     9.41681


            41          42          43          44          45          46          47          48          49          50
 ----------------------------------------------------------------------------------------------------------------------------
  41      0.00000
  42      1.45232     0.00000
  43      3.93685     3.45075     0.00000
  44      2.14018     3.44342     4.35423     0.00000
  45      3.45907     2.17115     2.51019     5.00747     0.00000
  46      1.08689     2.18617     5.02205     2.49367     4.33794     0.00000
  47      2.34967     1.25382     4.49659     4.48220     2.59722     2.60216     0.00000
  48      9.21735     9.54929     6.74078     7.94357     9.19532    10.09526    10.75048     0.00000
  49      8.32224     8.64143     5.92504     7.11438     8.33537     9.20409     9.83099     1.01246     0.00000
  50     12.13046    11.89026     8.48955    11.54659    10.62652    13.17988    12.91001     5.02570     5.43266     0.00000
  51     11.97868    11.84167     8.44630    11.24754    10.70104    13.00916    12.91363     4.45580     4.99266     0.98288
  52     11.41345    11.10234     7.68366    10.95141     9.75704    12.47686    12.09424     5.04731     5.30353     0.98870
  53     17.39697    17.25435    13.82182    16.58278    15.99901    18.41926    18.31205     9.43734    10.23203     5.78779
  54      9.48764     9.51398     6.75525     8.78414     8.71761    10.36455    10.56380     6.62317     6.76433     7.07881
  55     11.86526    11.55826     8.22752    11.43292    10.17536    12.89377    12.53379     6.89027     7.22557     4.24626
  56      8.51536     8.12336     4.86962     8.30885     6.83539     9.57803     9.07138     4.54214     4.12040     4.02917
  57      9.99255    10.31557     7.53826     8.72275     9.94912    10.85788    11.49688     0.99999     1.68268     4.95703


            51          52          53          54          55          56          57
 ----------------------------------------------------------------------------------------
  51      0.00000
  52      1.55988     0.00000
  53      5.62316     6.50587     0.00000
  54      6.50296     6.57170     9.89445     0.00000
  55      4.00307     3.80800     6.60912     4.14575     0.00000
  56      4.31022     3.29341     9.77000     6.81115     5.74039     0.00000
  57      4.43244     5.14141     9.20413     7.48275     7.36969     4.89436     0.00000



 MOLECULAR CHARGE        -1
 NUMBER OF ELECTRONS    178
 DOUBLY OCCUPIED MOS     89


 *** OPTIONS FOR THE MOLECULE UNDER STUDY    ***
 *** DEFINED EITHER EXPLICITLY OR BY DEFAULT ***

 KHARGE =   -1     IMULT  =    0     KTRIAL =   11     KGEOM  =    0     IPUBO  =    1
 IUHF   =    0     KITSCF =  100     NPRINT =   -4     IFAST  =    2     IDIAG  =    0
 KSYM   =    0     NUMSYM =    0     KCI    =    5     NSTART =    4     NSTEP  =    4

 FAST DIAGONALIZATIONS NOT ALLOWED IN SCF

 ANALYTICAL GRADIENT SELECTED BY DEFAULT.

 CHKANA: IPSANA =  1, ISKPA = -3, ISKPAF =  0



 *** OPTIONS FOR THE GUGA-CI CALCULATIONS    ***
 *** DEFINED EITHER EXPLICITLY OR BY DEFAULT ***

 ICI1   =   42     ICI2   =   43     IOUTCI =    1     MOVO   =    0     MPERT  =    0
 NCIREF =    3     MCIREF =    0     LEVEXC =    1     IROOT  =    2     LROOT  =    2
 CICHG  =   -1     MULTCI =    1     NCISYM =    0     CIDIR  =    1     CIDIAG =    0
 IUVCD  =    2     IMCD   =    0     IPOP   =    2     CIPLOT =    0     CILEAD = 1000
 JCI1   =    0     JCI2   =    0     PIPOP  = 4000     INATUR =    0     CISELT =   85
 IMOMAP =    0     ICIMAP =    0     KEEPCI =    0     NCIGRD =    0     ICROSS =    0
 MINDAV =    0     MAXDAV =    0     KITDAV =    0     NRMDAV =    7     MAXMAP =    5
 MAPTHR =   90     IOP167 =    0     ICIOCC =   60     ICIVIR =   60     LDROOT =    2



 ORBITALS INCLUDED IN THE ACTIVE CI SPACE.
 THE NUMBERING REFERS TO THE SCF SOLUTION.

 MOS       48  49  50  51  52  53  54  55  56  57  58  59  60  61  62  63  64  65  66  67
           68  69  70  71  72  73  74  75  76  77  78  79  80  81  82  83  84  85  86  87
           88  89  90  91  92  93  94  95  96  97  98  99 100 101 102 103 104 105 106 107
 MOS      108 109 110 111 112 113 114 115 116 117 118 119 120 121 122 123 124 125 126 127
          128 129 130 131 132

 MOSYM      0   0   0   0   0   0   0   0   0   0   0   0   0   0   0   0   0   0   0   0
            0   0   0   0   0   0   0   0   0   0   0   0   0   0   0   0   0   0   0   0
            0   0   0   0   0   0   0   0   0   0   0   0   0   0   0   0   0   0   0   0

 MOSYM      0   0   0   0   0   0   0   0   0   0   0   0   0   0   0   0   0   0   0   0
            0   0   0   0   0



 REFERENCE CONFIGURATIONS FOR GUGA-CI.
 OCCUPATION NUMBERS FOR THE ACTIVE ORBITALS.

 REF  1     2   2   2   2   2   2   2   2   2   2   2   2   2   2   2   2   2   2   2   2
            2   2   2   2   2   2   2   2   2   2   2   2   2   2   2   2   2   2   2   2
            2   2   0   0   0   0   0   0   0   0   0   0   0   0   0   0   0   0   0   0

 REF  0     0   0   0   0   0   0   0   0   0   0   0   0   0   0   0   0   0   0   0   0
            0   0   0   0

 REF  2     2   2   2   2   2   2   2   2   2   2   2   2   2   2   2   2   2   2   2   2
            2   2   2   2   2   2   2   2   2   2   2   2   2   2   2   2   2   2   2   2
            2   1   1   0   0   0   0   0   0   0   0   0   0   0   0   0   0   0   0   0

 REF  0     0   0   0   0   0   0   0   0   0   0   0   0   0   0   0   0   0   0   0   0
            0   0   0   0

 REF  3     2   2   2   2   2   2   2   2   2   2   2   2   2   2   2   2   2   2   2   2
            2   2   2   2   2   2   2   2   2   2   2   2   2   2   2   2   2   2   2   2
            2   0   2   0   0   0   0   0   0   0   0   0   0   0   0   0   0   0   0   0

 REF  0     0   0   0   0   0   0   0   0   0   0   0   0   0   0   0   0   0   0   0   0
            0   0   0   0



 *** OPTIONS FOR EXTERNAL POINTS AND QM/MM   ***
 *** DEFINED EITHER EXPLICITLY OR BY DEFAULT ***

 NUMATM = 4035     MMCOUP =    2     MMPOT  =    4     MMLINK =    2     NLINK  =    5
 MMFILE =    0     MCHARG =    0



 NUMBERS OF LINK ATOMS IN THE LIST OF QM ATOMS.

    53   54   55   56   57



 ERROR OR END-OF-FILE WHEN READING FILE 11 IN SUBROUTINE GUESSP.
 A STANDARD INITIAL DENSITY MATRIX IS USED.



                                                                                     
     ChemShell MNDO interface:                                                       



     SCF HEAT OF FORMATION     -446.04351 KCAL/MOL
     SCF BINDING ENERGY        -266.93394 EV
     SCF TOTAL ENERGY         -6634.83418 EV
     ELECTRONIC ENERGY       -51693.00928 EV
     NUCLEAR ENERGY           45058.17510 EV
     IONIZATION ENERGY            6.31559 EV
     SCF CYCLES                  39


     THE DENSITY MATRIX HAS BEEN SAVED ON FILE 11



     NET ATOMIC CHARGES AND ORBITAL POPULATIONS.

     ATOM    I        CHARGE      DENSITY        S          PX          PY          PZ

      C      1       -0.50672     4.50672     1.39921     1.07659     0.96562     1.06531
      H      2        0.21308     0.78692     0.78692
      H      3        0.18190     0.81810     0.81810
      C      4       -0.32383     4.32383     1.37166     1.04074     0.89992     1.01150
      H      5        0.18234     0.81766     0.81766
      H      6        0.18841     0.81159     0.81159
      C      7        0.66599     3.33401     1.26345     0.66689     0.72968     0.67398
      O      8       -0.66488     6.66488     1.94538     1.62003     1.44681     1.65267
      O      9       -0.60278     6.60278     1.92801     1.35161     1.67668     1.64648
      H     10        0.44847     0.55153     0.55153
      C     11        0.33755     3.66245     1.29133     0.73569     0.85347     0.78196
      O     12       -0.53781     6.53781     1.94577     1.55256     1.60550     1.43399
      N     13       -0.46635     5.46635     1.56826     1.11313     1.34039     1.44456
      H     14        0.30765     0.69235     0.69235
      C     15       -0.16028     4.16028     1.34588     1.03562     0.90503     0.87374
      H     16        0.22109     0.77891     0.77891
      C     17        0.51491     3.48509     1.31050     0.66955     0.72190     0.78314
      O     18       -0.61337     6.61337     1.94088     1.33052     1.68296     1.65899
      N     19       -0.44659     5.44659     1.70674     1.48046     1.10721     1.15218
      C     20        0.32075     3.67925     1.29581     0.82966     0.80159     0.75219
      C     21       -0.58753     4.58753     1.40893     0.94061     1.12299     1.11500
      H     22        0.22292     0.77708     0.77708
      H     23        0.20288     0.79712     0.79712
      C     24        0.02509     3.97491     1.28166     0.75452     0.87076     1.06796
      N     25       -0.23196     5.23196     1.72043     1.32951     1.00674     1.17528
      N     26       -0.28054     5.28054     1.54041     1.06757     1.10474     1.56782
      C     27        0.49840     3.50160     1.25010     0.73071     0.75066     0.77013
      O     28       -0.78298     6.78298     1.94464     1.20351     1.89698     1.73785
      C     29       -0.19782     4.19782     1.29907     0.81405     0.86056     1.22414
      C     30       -0.14548     4.14548     1.34269     1.01232     0.83000     0.96048
      H     31        0.28994     0.71006     0.71006
      H     32        0.19784     0.80216     0.80216
      C     33        0.55676     3.44324     1.27123     0.66811     0.77534     0.72856
      O     34       -0.66546     6.66546     1.94729     1.50663     1.32957     1.88197
      C     35       -0.01029     4.01029     1.36018     0.98540     0.82646     0.83825
      H     36        0.20593     0.79407     0.79407
      C     37       -0.11018     4.11018     1.29868     0.87148     0.84315     1.09686
      C     38       -0.12163     4.12163     1.36173     0.87071     0.97534     0.91384
      C     39       -0.12330     4.12330     1.36612     0.97838     0.86230     0.91650
      C     40       -0.37973     4.37973     1.37758     1.02705     0.88905     1.08604
      C     41       -0.38141     4.38141     1.37702     0.93901     0.97726     1.08812
      C     42        0.54633     3.45367     1.26405     0.75750     0.74844     0.68367
      H     43        0.21710     0.78290     0.78290
      H     44        0.19688     0.80312     0.80312
      H     45        0.23950     0.76050     0.76050
      H     46        0.21856     0.78144     0.78144
      O     47       -0.70310     6.70310     1.94405     1.68066     1.44581     1.63257
      N     48       -0.68823     5.68823     1.61254     1.66521     1.25767     1.15282
      H     49        0.39461     0.60539     0.60539
      O     50       -0.70328     6.70328     1.93290     1.38580     1.56742     1.81716
      H     51        0.37082     0.62918     0.62918
      H     52        0.40257     0.59743     0.59743
      H     53        0.11737     0.88263     0.88263
      H     54        0.17990     0.82010     0.82010
      H     55        0.27256     0.72744     0.72744
      H     56        0.26019     0.73981     0.73981
      H     57        0.23723     0.76277     0.76277



     DIPOLE              X           Y           Z         TOTAL

     POINT-CHARGE     8.43668    14.21790     8.63298    18.65086
     HYBRID          -0.07058    -0.24405    -0.95909     0.99217
     SUM              8.36610    13.97385     7.67389    18.00413


     POINT GROUP C1. NO SYMMETRY.



    MO     EIGENVALUE     LABEL   NSYM  IMOSYM   OCC.  ACTIVE

     1      -38.02501      A        1      1      2.      -
     2      -36.97943      A        1      2      2.      -
     3      -36.61854      A        1      3      2.      -
     4      -36.14866      A        1      4      2.      -
     5      -36.06807      A        1      5      2.      -
     6      -35.94955      A        1      6      2.      -
     7      -35.62730      A        1      7      2.      -
     8      -34.89403      A        1      8      2.      -
     9      -34.66554      A        1      9      2.      -
    10      -32.65006      A        1     10      2.      -
    11      -32.01956      A        1     11      2.      -
    12      -31.88874      A        1     12      2.      -
    13      -30.36171      A        1     13      2.      -
    14      -27.26615      A        1     14      2.      -
    15      -26.44415      A        1     15      2.      -
    16      -25.60355      A        1     16      2.      -
    17      -24.93881      A        1     17      2.      -
    18      -24.17943      A        1     18      2.      -
    19      -24.11527      A        1     19      2.      -
    20      -23.70458      A        1     20      2.      -
    21      -23.18562      A        1     21      2.      -
    22      -22.41930      A        1     22      2.      -
    23      -21.84100      A        1     23      2.      -
    24      -20.81547      A        1     24      2.      -
    25      -20.40808      A        1     25      2.      -
    26      -19.77400      A        1     26      2.      -
    27      -19.68964      A        1     27      2.      -
    28      -19.34886      A        1     28      2.      -
    29      -18.99156      A        1     29      2.      -
    30      -18.69014      A        1     30      2.      -
    31      -17.90951      A        1     31      2.      -
    32      -17.71001      A        1     32      2.      -
    33      -17.68667      A        1     33      2.      -
    34      -17.31542      A        1     34      2.      -
    35      -17.17604      A        1     35      2.      -
    36      -16.80155      A        1     36      2.      -
    37      -16.45764      A        1     37      2.      -
    38      -16.36066      A        1     38      2.      -
    39      -15.96404      A        1     39      2.      -
    40      -15.81712      A        1     40      2.      -
    41      -15.66105      A        1     41      2.      -
    42      -15.62407      A        1     42      2.      -
    43      -15.36287      A        1     43      2.      -
    44      -15.24890      A        1     44      2.      -
    45      -15.18946      A        1     45      2.      -
    46      -15.09927      A        1     46      2.      -
    47      -14.86671      A        1     47      2.      -
    48      -14.71740      A        1     48      2.      2
    49      -14.54268      A        1     49      2.      2
    50      -14.38069      A        1     50      2.      2
    51      -14.30443      A        1     51      2.      2
    52      -14.18300      A        1     52      2.      2
    53      -14.12532      A        1     53      2.      2
    54      -13.83554      A        1     54      2.      2
    55      -13.70110      A        1     55      2.      2
    56      -13.52376      A        1     56      2.      2
    57      -13.43017      A        1     57      2.      2
    58      -13.29531      A        1     58      2.      2
    59      -13.25601      A        1     59      2.      2
    60      -13.09775      A        1     60      2.      2
    61      -12.98779      A        1     61      2.      2
    62      -12.82197      A        1     62      2.      2
    63      -12.70036      A        1     63      2.      2
    64      -12.52442      A        1     64      2.      2
    65      -12.49522      A        1     65      2.      2
    66      -12.37648      A        1     66      2.      2
    67      -12.22152      A        1     67      2.      2
    68      -12.18630      A        1     68      2.      2
    69      -12.14724      A        1     69      2.      2
    70      -11.79753      A        1     70      2.      2
    71      -11.62846      A        1     71      2.      2
    72      -11.58379      A        1     72      2.      2
    73      -11.52424      A        1     73      2.      2
    74      -11.24879      A        1     74      2.      2
    75      -11.14685      A        1     75      2.      2
    76      -10.92007      A        1     76      2.      2
    77      -10.90259      A        1     77      2.      2
    78      -10.82238      A        1     78      2.      2
    79      -10.70850      A        1     79      2.      2
    80      -10.65495      A        1     80      2.      2
    81      -10.17569      A        1     81      2.      2
    82       -9.89692      A        1     82      2.      2
    83       -9.63564      A        1     83      2.      2
    84       -9.39245      A        1     84      2.      2
    85       -9.13167      A        1     85      2.      2
    86       -9.07441      A        1     86      2.      2
    87       -8.60926      A        1     87      2.      2
    88       -8.36059      A        1     88      2.      2
    89       -6.31559      A        1     89      2.      1
    90       -0.04269      A        1     90      0.      1
    91        0.81769      A        1     91      0.      0
    92        2.08831      A        1     92      0.      0
    93        2.12088      A        1     93      0.      0
    94        2.42258      A        1     94      0.      0
    95        2.47883      A        1     95      0.      0
    96        2.85646      A        1     96      0.      0
    97        2.98054      A        1     97      0.      0
    98        3.13719      A        1     98      0.      0
    99        3.24398      A        1     99      0.      0
   100        3.45508      A        1    100      0.      0
   101        3.56302      A        1    101      0.      0
   102        3.77357      A        1    102      0.      0
   103        3.87821      A        1    103      0.      0
   104        3.96609      A        1    104      0.      0
   105        4.07153      A        1    105      0.      0
   106        4.08952      A        1    106      0.      0
   107        4.36550      A        1    107      0.      0
   108        4.44501      A        1    108      0.      0
   109        4.46783      A        1    109      0.      0
   110        4.60510      A        1    110      0.      0
   111        4.64638      A        1    111      0.      0
   112        4.69048      A        1    112      0.      0
   113        4.89566      A        1    113      0.      0
   114        4.96662      A        1    114      0.      0
   115        5.02939      A        1    115      0.      0
   116        5.20300      A        1    116      0.      0
   117        5.32213      A        1    117      0.      0
   118        5.39894      A        1    118      0.      0
   119        5.45132      A        1    119      0.      0
   120        5.49363      A        1    120      0.      0
   121        5.67881      A        1    121      0.      0
   122        5.71393      A        1    122      0.      0
   123        5.74699      A        1    123      0.      0
   124        5.80179      A        1    124      0.      0
   125        5.90437      A        1    125      0.      0
   126        5.94219      A        1    126      0.      0
   127        6.22480      A        1    127      0.      0
   128        6.22776      A        1    128      0.      0
   129        6.29362      A        1    129      0.      0
   130        6.33384      A        1    130      0.      0
   131        6.45037      A        1    131      0.      0
   132        6.57782      A        1    132      0.      0
   133        6.75092      A        1    133      0.      -
   134        6.92540      A        1    134      0.      -
   135        7.13856      A        1    135      0.      -
   136        7.38554      A        1    136      0.      -
   137        7.43174      A        1    137      0.      -
   138        7.51734      A        1    138      0.      -
   139        7.77810      A        1    139      0.      -
   140        8.14613      A        1    140      0.      -
   141        8.29566      A        1    141      0.      -
   142        8.44105      A        1    142      0.      -
   143        8.69789      A        1    143      0.      -
   144        8.88004      A        1    144      0.      -
   145        9.13842      A        1    145      0.      -
   146        9.15238      A        1    146      0.      -
   147        9.34966      A        1    147      0.      -
   148        9.50383      A        1    148      0.      -
   149        9.63589      A        1    149      0.      -
   150        9.76441      A        1    150      0.      -
   151        9.98414      A        1    151      0.      -
   152       10.27436      A        1    152      0.      -
   153       10.62718      A        1    153      0.      -
   154       10.84275      A        1    154      0.      -
   155       11.41880      A        1    155      0.      -
   156       11.55608      A        1    156      0.      -



 REFERENCE OCCUPATIONS

   48  49  50  51  52  53  54  55  56  57  58  59  60  61  62  63  64  65  66  67  68  69  70  71  72  73  74  75  76  77
    A   A   A   A   A   A   A   A   A   A   A   A   A   A   A   A   A   A   A   A   A   A   A   A   A   A   A   A   A   A
    2   2   2   2   2   2   2   2   2   2   2   2   2   2   2   2   2   2   2   2   2   2   2   2   2   2   2   2   2   2
    2   2   2   2   2   2   2   2   2   2   2   2   2   2   2   2   2   2   2   2   2   2   2   2   2   2   2   2   2   2
    2   2   2   2   2   2   2   2   2   2   2   2   2   2   2   2   2   2   2   2   2   2   2   2   2   2   2   2   2   2

   78  79  80  81  82  83  84  85  86  87  88  89  90  91  92  93  94  95  96  97  98  99 100 101 102 103 104 105 106 107
    A   A   A   A   A   A   A   A   A   A   A   A   A   A   A   A   A   A   A   A   A   A   A   A   A   A   A   A   A   A
    2   2   2   2   2   2   2   2   2   2   2   2   0   0   0   0   0   0   0   0   0   0   0   0   0   0   0   0   0   0
    2   2   2   2   2   2   2   2   2   2   2   1   1   0   0   0   0   0   0   0   0   0   0   0   0   0   0   0   0   0
    2   2   2   2   2   2   2   2   2   2   2   0   2   0   0   0   0   0   0   0   0   0   0   0   0   0   0   0   0   0

  108 109 110 111 112 113 114 115 116 117 118 119 120 121 122 123 124 125 126 127 128 129 130 131 132
    A   A   A   A   A   A   A   A   A   A   A   A   A   A   A   A   A   A   A   A   A   A   A   A   A
    0   0   0   0   0   0   0   0   0   0   0   0   0   0   0   0   0   0   0   0   0   0   0   0   0
    0   0   0   0   0   0   0   0   0   0   0   0   0   0   0   0   0   0   0   0   0   0   0   0   0
    0   0   0   0   0   0   0   0   0   0   0   0   0   0   0   0   0   0   0   0   0   0   0   0   0


 Point group used in GUGA-CI calculation:  C1


 There are      7057 CI basis functions of symmetry A   (1).
 There are      7057 CI basis functions in the CI problem.
 There are      7057 CI basis functions represented by the DRT.


 Reference occupations and corresponding configuration state functions:

              48  49  50  51  52  53  54  55  56  57  58  59  60  61  62  63  64  65  66  67  68  69  70  71  72  73  74  75  76  77
 Ref.      1   2   2   2   2   2   2   2   2   2   2   2   2   2   2   2   2   2   2   2   2   2   2   2   2   2   2   2   2   2   2
 CSF       1  ab  ab  ab  ab  ab  ab  ab  ab  ab  ab  ab  ab  ab  ab  ab  ab  ab  ab  ab  ab  ab  ab  ab  ab  ab  ab  ab  ab  ab  ab

              78  79  80  81  82  83  84  85  86  87  88  89  90  91  92  93  94  95  96  97  98  99 100 101 102 103 104 105 106 107
 Ref.      1   2   2   2   2   2   2   2   2   2   2   2   2   0   0   0   0   0   0   0   0   0   0   0   0   0   0   0   0   0   0
 CSF       1  ab  ab  ab  ab  ab  ab  ab  ab  ab  ab  ab  ab   -   -   -   -   -   -   -   -   -   -   -   -   -   -   -   -   -   -

             108 109 110 111 112 113 114 115 116 117 118 119 120 121 122 123 124 125 126 127 128 129 130 131 132
 Ref.      1   0   0   0   0   0   0   0   0   0   0   0   0   0   0   0   0   0   0   0   0   0   0   0   0   0
 CSF       1   -   -   -   -   -   -   -   -   -   -   -   -   -   -   -   -   -   -   -   -   -   -   -   -   -

              48  49  50  51  52  53  54  55  56  57  58  59  60  61  62  63  64  65  66  67  68  69  70  71  72  73  74  75  76  77
 Ref.      2   2   2   2   2   2   2   2   2   2   2   2   2   2   2   2   2   2   2   2   2   2   2   2   2   2   2   2   2   2   2
 CSF       2  ab  ab  ab  ab  ab  ab  ab  ab  ab  ab  ab  ab  ab  ab  ab  ab  ab  ab  ab  ab  ab  ab  ab  ab  ab  ab  ab  ab  ab  ab

              78  79  80  81  82  83  84  85  86  87  88  89  90  91  92  93  94  95  96  97  98  99 100 101 102 103 104 105 106 107
 Ref.      2   2   2   2   2   2   2   2   2   2   2   2   1   1   0   0   0   0   0   0   0   0   0   0   0   0   0   0   0   0   0
 CSF       2  ab  ab  ab  ab  ab  ab  ab  ab  ab  ab  ab   a   b   -   -   -   -   -   -   -   -   -   -   -   -   -   -   -   -   -

             108 109 110 111 112 113 114 115 116 117 118 119 120 121 122 123 124 125 126 127 128 129 130 131 132
 Ref.      2   0   0   0   0   0   0   0   0   0   0   0   0   0   0   0   0   0   0   0   0   0   0   0   0   0
 CSF       2   -   -   -   -   -   -   -   -   -   -   -   -   -   -   -   -   -   -   -   -   -   -   -   -   -

              48  49  50  51  52  53  54  55  56  57  58  59  60  61  62  63  64  65  66  67  68  69  70  71  72  73  74  75  76  77
 Ref.      3   2   2   2   2   2   2   2   2   2   2   2   2   2   2   2   2   2   2   2   2   2   2   2   2   2   2   2   2   2   2
 CSF      44  ab  ab  ab  ab  ab  ab  ab  ab  ab  ab  ab  ab  ab  ab  ab  ab  ab  ab  ab  ab  ab  ab  ab  ab  ab  ab  ab  ab  ab  ab

              78  79  80  81  82  83  84  85  86  87  88  89  90  91  92  93  94  95  96  97  98  99 100 101 102 103 104 105 106 107
 Ref.      3   2   2   2   2   2   2   2   2   2   2   2   0   2   0   0   0   0   0   0   0   0   0   0   0   0   0   0   0   0   0
 CSF      44  ab  ab  ab  ab  ab  ab  ab  ab  ab  ab  ab   -  ab   -   -   -   -   -   -   -   -   -   -   -   -   -   -   -   -   -

             108 109 110 111 112 113 114 115 116 117 118 119 120 121 122 123 124 125 126 127 128 129 130 131 132
 Ref.      3   0   0   0   0   0   0   0   0   0   0   0   0   0   0   0   0   0   0   0   0   0   0   0   0   0
 CSF      44   -   -   -   -   -   -   -   -   -   -   -   -   -   -   -   -   -   -   -   -   -   -   -   -   -


 Number of one-electron generators:    338266
 Number of two-electron generators:  18564585
 
 ==========================================================
 
 Results of CI calculation:
 
 Correlation energy for CI root   2:          1.98592175 eV
 Total energy:                            -6632.84825782 eV
 Electronic energy:                      -51691.02335374 eV
 Nuclear energy:                          45058.17509592 eV
 

 ---------------------------------------------------------------
 State  1,  Mult. 1,  E-E(1)=  0.000000 eV,  E=  -6635.112129 eV
 ---------------------------------------------------------------

  -6634.83      0.975857       1    48  49  50  51  52  53  54  55  56  57  58  59  60  61  62  63  64  65  66  67
                                    ab  ab  ab  ab  ab  ab  ab  ab  ab  ab  ab  ab  ab  ab  ab  ab  ab  ab  ab  ab
 
                                    68  69  70  71  72  73  74  75  76  77  78  79  80  81  82  83  84  85  86  87
                                    ab  ab  ab  ab  ab  ab  ab  ab  ab  ab  ab  ab  ab  ab  ab  ab  ab  ab  ab  ab
 
                                    88  89  90  91  92  93  94  95  96  97  98  99 100 101 102 103 104 105 106 107
                                    ab  ab   -   -   -   -   -   -   -   -   -   -   -   -   -   -   -   -   -   -
 
                                   108 109 110 111 112 113 114 115 116 117 118 119 120 121 122 123 124 125 126 127
                                     -   -   -   -   -   -   -   -   -   -   -   -   -   -   -   -   -   -   -   -
 
                                   128 129 130 131 132
                                     -   -   -   -   -
 
  -6627.74     -0.119056      44    48  49  50  51  52  53  54  55  56  57  58  59  60  61  62  63  64  65  66  67
                                    ab  ab  ab  ab  ab  ab  ab  ab  ab  ab  ab  ab  ab  ab  ab  ab  ab  ab  ab  ab
 
                                    68  69  70  71  72  73  74  75  76  77  78  79  80  81  82  83  84  85  86  87
                                    ab  ab  ab  ab  ab  ab  ab  ab  ab  ab  ab  ab  ab  ab  ab  ab  ab  ab  ab  ab
 
                                    88  89  90  91  92  93  94  95  96  97  98  99 100 101 102 103 104 105 106 107
                                    ab   -  ab   -   -   -   -   -   -   -   -   -   -   -   -   -   -   -   -   -
 
                                   108 109 110 111 112 113 114 115 116 117 118 119 120 121 122 123 124 125 126 127
                                     -   -   -   -   -   -   -   -   -   -   -   -   -   -   -   -   -   -   -   -
 
                                   128 129 130 131 132
                                     -   -   -   -   -
 

 ---------------------------------------------------------------
 State  2,  Mult. 1,  E-E(1)=  2.263871 eV,  E=  -6632.848258 eV
 ---------------------------------------------------------------

  -6631.62     -0.918830       2    48  49  50  51  52  53  54  55  56  57  58  59  60  61  62  63  64  65  66  67
                                    ab  ab  ab  ab  ab  ab  ab  ab  ab  ab  ab  ab  ab  ab  ab  ab  ab  ab  ab  ab
 
                                    68  69  70  71  72  73  74  75  76  77  78  79  80  81  82  83  84  85  86  87
                                    ab  ab  ab  ab  ab  ab  ab  ab  ab  ab  ab  ab  ab  ab  ab  ab  ab  ab  ab  ab
 
                                    88  89  90  91  92  93  94  95  96  97  98  99 100 101 102 103 104 105 106 107
                                    ab   a   b   -   -   -   -   -   -   -   -   -   -   -   -   -   -   -   -   -
 
                                   108 109 110 111 112 113 114 115 116 117 118 119 120 121 122 123 124 125 126 127
                                     -   -   -   -   -   -   -   -   -   -   -   -   -   -   -   -   -   -   -   -
 
                                   128 129 130 131 132
                                     -   -   -   -   -
 
  -6623.02     -0.119821     129    48  49  50  51  52  53  54  55  56  57  58  59  60  61  62  63  64  65  66  67
                                    ab  ab  ab  ab  ab  ab  ab  ab  ab  ab  ab  ab  ab  ab  ab  ab  ab  ab  ab  ab
 
                                    68  69  70  71  72  73  74  75  76  77  78  79  80  81  82  83  84  85  86  87
                                    ab  ab  ab  ab  ab  ab  ab  ab  ab  ab  ab  ab  ab  ab  ab  ab  ab  ab  ab  ab
 
                                    88  89  90  91  92  93  94  95  96  97  98  99 100 101 102 103 104 105 106 107
                                     a   b   a   b   -   -   -   -   -   -   -   -   -   -   -   -   -   -   -   -
 
                                   108 109 110 111 112 113 114 115 116 117 118 119 120 121 122 123 124 125 126 127
                                     -   -   -   -   -   -   -   -   -   -   -   -   -   -   -   -   -   -   -   -
 
                                   128 129 130 131 132
                                     -   -   -   -   -
 
  -6626.43      0.109661     170    48  49  50  51  52  53  54  55  56  57  58  59  60  61  62  63  64  65  66  67
                                    ab  ab  ab  ab  ab  ab  ab  ab  ab  ab  ab  ab  ab  ab  ab  ab  ab  ab  ab  ab
 
                                    68  69  70  71  72  73  74  75  76  77  78  79  80  81  82  83  84  85  86  87
                                    ab  ab  ab  ab  ab  ab  ab  ab  ab  ab  ab  ab  ab  ab  ab  ab  ab  ab  ab  ab
 
                                    88  89  90  91  92  93  94  95  96  97  98  99 100 101 102 103 104 105 106 107
                                     a   a   b   b   -   -   -   -   -   -   -   -   -   -   -   -   -   -   -   -
 
                                   108 109 110 111 112 113 114 115 116 117 118 119 120 121 122 123 124 125 126 127
                                     -   -   -   -   -   -   -   -   -   -   -   -   -   -   -   -   -   -   -   -
 
                                   128 129 130 131 132
                                     -   -   -   -   -
 
  -6627.74     -0.104599      44    48  49  50  51  52  53  54  55  56  57  58  59  60  61  62  63  64  65  66  67
                                    ab  ab  ab  ab  ab  ab  ab  ab  ab  ab  ab  ab  ab  ab  ab  ab  ab  ab  ab  ab
 
                                    68  69  70  71  72  73  74  75  76  77  78  79  80  81  82  83  84  85  86  87
                                    ab  ab  ab  ab  ab  ab  ab  ab  ab  ab  ab  ab  ab  ab  ab  ab  ab  ab  ab  ab
 
                                    88  89  90  91  92  93  94  95  96  97  98  99 100 101 102 103 104 105 106 107
                                    ab   -  ab   -   -   -   -   -   -   -   -   -   -   -   -   -   -   -   -   -
 
                                   108 109 110 111 112 113 114 115 116 117 118 119 120 121 122 123 124 125 126 127
                                     -   -   -   -   -   -   -   -   -   -   -   -   -   -   -   -   -   -   -   -
 
                                   128 129 130 131 132
                                     -   -   -   -   -
 


 Population analysis of state  1:


 Net atomic charges (atomic units):

      1   -0.506804
      2    0.212998
      3    0.181876
      4   -0.323948
      5    0.182220
      6    0.188278
      7    0.665921
      8   -0.664014
      9   -0.603276
     10    0.448639
     11    0.337410
     12   -0.538452
     13   -0.465531
     14    0.307513
     15   -0.160660
     16    0.219897
     17    0.508811
     18   -0.618683
     19   -0.449101
     20    0.303637
     21   -0.584160
     22    0.220133
     23    0.202314
     24    0.030759
     25   -0.252813
     26   -0.278403
     27    0.504833
     28   -0.777726
     29   -0.167215
     30   -0.145008
     31    0.291002
     32    0.196648
     33    0.556736
     34   -0.665734
     35   -0.057736
     36    0.206412
     37   -0.069428
     38   -0.135913
     39   -0.137593
     40   -0.360321
     41   -0.363957
     42    0.531048
     43    0.219596
     44    0.198744
     45    0.240103
     46    0.218861
     47   -0.686432
     48   -0.688257
     49    0.394620
     50   -0.703655
     51    0.370951
     52    0.402725
     53    0.117041
     54    0.178976
     55    0.271597
     56    0.257417
     57    0.237104


 Population analysis of state  2:


 Net atomic charges (atomic units):

      1   -0.507253
      2    0.212945
      3    0.181470
      4   -0.324631
      5    0.181023
      6    0.187845
      7    0.665782
      8   -0.660376
      9   -0.605219
     10    0.449749
     11    0.335976
     12   -0.547601
     13   -0.457176
     14    0.307485
     15   -0.160787
     16    0.209849
     17    0.450317
     18   -0.644190
     19   -0.440454
     20    0.154357
     21   -0.556787
     22    0.203918
     23    0.208432
     24    0.162909
     25   -0.333199
     26   -0.289022
     27    0.509225
     28   -0.715082
     29    0.001916
     30   -0.156096
     31    0.304744
     32    0.192182
     33    0.559408
     34   -0.656255
     35   -0.163288
     36    0.207727
     37    0.011990
     38   -0.178396
     39   -0.178200
     40   -0.326940
     41   -0.326241
     42    0.507309
     43    0.222706
     44    0.198980
     45    0.244307
     46    0.221365
     47   -0.671894
     48   -0.689016
     49    0.393151
     50   -0.706128
     51    0.371782
     52    0.403510
     53    0.115215
     54    0.172420
     55    0.268630
     56    0.237353
     57    0.238256



 Using ECP-3G basis for the evaluation spectroscopic observables.


 AO basis set for the evaluation of spectroscopic observables:

                                          0
  1   1   1    0.7440595418E+01    0.1543289673E+00
  1   1   2    0.1355313744E+01    0.5353281423E+00
  1   1   3    0.3668007912E+00    0.4446345422E+00

                                          0                   1
  6   1   1    0.5335867171E+01   -0.1918800000E+00    0.2025900000E+00
  6   1   2    0.1093759362E+01    0.6162800000E+00    0.5583000000E+00
  6   1   3    0.2918440087E+00    0.5489600000E+00    0.4551400000E+00

                                          0                   1
  7   1   1    0.6541774069E+01   -0.1926900000E+00    0.2228100000E+00
  7   1   2    0.1375115320E+01    0.6188800000E+00    0.5603200000E+00
  7   1   3    0.3635452037E+00    0.5492600000E+00    0.4385900000E+00

                                          0                   1
  8   1   1    0.1152778066E+02   -0.1924800000E+00    0.2415800000E+00
  8   1   2    0.2405781781E+01    0.6695200000E+00    0.5589000000E+00
  8   1   3    0.6188395415E+00    0.5027000000E+00    0.4316000000E+00



 State dipole moments:

   #    Symmetry       eV         cm-1     mu_r(x)/D   mu_r(y)/D   mu_r(z)/D    |mu_r|/D     phi/deg   theta/deg
   1     A   (1)    0.000000        0.00    3.313406   -8.165428    3.276990    9.401678    -67.9134     69.6011
   2     A   (1)    2.263871    18260.28    0.935372  -11.951371    1.928229   12.142003    -85.5249     80.8624



 Properties of transitions   1 -> #:

   #    Symmetry       eV         cm-1        nm        f_r         f_p         f_rp        R/DBM
   2     A   (1)    2.263871    18260.28    547.64    0.832313    0.353884    0.542609   -1.157755



 Dipole-length electric dipole transition moments   1 -> #:

   #    Symmetry       eV         cm-1     mu_r(x)/D   mu_r(y)/D   mu_r(z)/D    |mu_r|/D     phi/deg   theta/deg
   2     A   (1)    2.263871    18260.28    0.495677   -9.761910   -1.183560    9.845882    -87.0932     96.9041



 Dipole-velocity electric dipole transition moments   1 -> #:

   #    Symmetry       eV         cm-1     mu_p(x)/D   mu_p(y)/D   mu_p(z)/D    |mu_p|/D     phi/deg   theta/deg
   2     A   (1)    2.263871    18260.28    0.448183   -6.354284   -0.799947    6.420102    -85.9655     97.1577



 Magnetic dipole transition moments   1 -> #:

   #    Symmetry       eV         cm-1      m(x)/iBM    m(y)/iBM    m(z)/iBM      |m|/BM     phi/deg   theta/deg
   2     A   (1)    2.263871    18260.28    0.262969   -0.165132    0.011748    0.310739    -32.1269     87.8334




 CI HEAT OF FORMATION      -400.24617 KCAL/MOL




     TIME FOR ENERGY EVALUATION       7.325 SECONDS



 COMPUTATION TIME                 7.339 SECONDS


