


 PROGRAM MNDO2005.
 VERSION 7.0 OF 4 AUGUST 2005.

 COPYRIGHT BY WALTER THIEL,
 MAX-PLANCK-INSTITUT FUER KOHLENFORSCHUNG,
 D-45470 MUELHEIM, GERMANY.


 ***** STANDARD INPUT USING KEYWORDS *****

 IOP    =   -6     JOP    =   -1     IGEOM  =    1     IFORM  =    1     MMINP  =    2
 NSAV15 =    4     ICUTS  =   -1     ICUTG  =   -1     ISCF   =   11     IPLSCF =   11
 KHARGE =   -1     KTRIAL =   11     IPUBO  =    1     KITSCF =  100     NPRINT =   -4
 IFAST  =    2     KCI    =    5     NUMATM = 4035     MMCOUP =    2     MMLINK =    2
 NLINK  =    5     ICI1   =   42     ICI2   =   43     IOUTCI =    1     MOVO   =    0
 NCIREF =    3     MCIREF =    0     LEVEXC =    1     IROOT  =    2     LROOT  =    2
 MULTCI =    1     IUVCD  =    2     IPOP   =    2


 DSTEP  =  0.0000  DPREC  =  0.0000


 ***********************************************************************
 * INPUT OF OPTIONS VIA KEYWORDS
 * NUMBER OF MNDO97 KEYWORDS FOUND: 33
 * MOPAC KEYWORDS NOT FOUND: IMOPAC=-1
 ***********************************************************************



 *** OPTIONS FROM THE FIRST LINE OF INPUT    ***
 *** DEFINED EITHER EXPLICITLY OR BY DEFAULT ***

 LIMIT  =    0     IOP    =   -6     JOP    =   -1     IGEOM  =    1     IFORM  =    1
 NEXMOL =    1     MPLIB  =    0     IEF    =    0     IDIIS  =    0     INREFD =    0
 IPAROK =    0     MMINP  =    2     NMR    =    0     NSAV7  =    0     NSAV8  =    0
 NSAV9  =    0     NSAV13 =    0     NSAV15 =    4     NSAV16 =    0     IMMOK  =    0
 IHBOND =    0     IFLD1  =    0     IFLD2  =    0     IFLD3  =    0     ICUTR  =   -1
 ICUTG  =   -1     IEXBAS =    0     ICOSMO =    0     IPSANA =    0



 OM2    

 STANDARD CALCULATION FOR INPUT GEOMETRY

 INPUT IN CARTESIAN COORDINATES

 INPUT OF MOLECULAR DATA IN FREE FORMAT



 *** OPTIONS FROM THE SECOND LINE OF INPUT   ***
 *** DEFINED EITHER EXPLICITLY OR BY DEFAULT ***


 MAXEND =    1     MAXLIN =    4     MAXRTL = 9999     ISCF   =   11     IPLSCF =   11
 MIDDLE =    0     IPRINT =    0     KPRINT =    0     LPRINT =    0     MPRINT =    0
 JPRINT =    0     IPREC  =    1     ICONV  =    0     IHESS  =    0     IDFP   =    0
 NREPET =    3     LINITG =   10     LCONVG =   10     LGDUM  =    0     IHDLC1 =    0
 IHDLC2 =    0     IHDLC3 =    0     INGEOM =    0     INTDIR =    0     LINDMS =    0
 LINDIA =    0     LINFRG =    0     INPFRG =    0     INP21  =    0     INP22  =    0
 INP23  =    0     INP24  =    0     INP25  =    0



                                                                                 
 ChemShell MNDO interface:                                                       


     INPUT GEOMETRY


      ATOM      ATOMIC              X-COORDINATE         Y-COORDINATE         Z-COORDINATE
     NUMBER     NUMBER               (ANGSTROMS)          (ANGSTROMS)          (ANGSTROMS)

        1          6                   2.11134             13.04882              1.99527  
        2          1                   3.13364             13.17308              2.37348  
        3          1                   2.18334             12.82372              0.92063  
        4          6                   1.42673             11.89329              2.69754  
        5          1                   0.32614             12.00877              2.77395  
        6          1                   1.83910             11.74438              3.71572  
        7          6                   1.68780             10.64120              1.87840  
        8          8                   0.91691              9.66355              1.79081  
        9          8                   2.81067             10.65198              1.18441  
       10          1                   2.83076              9.84597              0.48842  
       11          6                  -0.13268              5.78087              4.27042  
       12          8                  -0.94946              6.48582              3.64419  
       13          7                   1.17519              6.17624              4.30606  
       14          1                   1.84555              5.60800              4.81710  
       15          6                   1.71937              7.23018              3.50290  
       16          1                   0.91811              7.93994              3.16861  
       17          6                   2.21080              6.62517              2.16387  
       18          8                   3.12676              7.14532              1.49323  
       19          7                   1.44615              5.60634              1.58323  
       20          6                   1.90477              4.73771              0.73438  
       21          6                   3.33342              4.58473              0.30702  
       22          1                   3.63358              3.53659              0.39737  
       23          1                   3.95921              5.19041              0.97438  
       24          6                   0.94534              3.72364              0.24184  
       25          7                   1.25150              2.45157             -0.01518  
       26          7                  -0.45025              3.95923              0.14877  
       27          6                  -1.03314              2.71886             -0.13530  
       28          8                  -2.28313              2.55944             -0.13922  
       29          6                   0.07767              1.77051             -0.24513  
       30          6                  -1.23654              5.11518              0.43893  
       31          1                  -0.75367              5.79087              1.17828  
       32          1                  -2.23931              4.79312              0.81755  
       33          6                  -1.52580              5.95956             -0.81569  
       34          8                  -2.38841              6.85804             -0.76496  
       35          6                  -0.20405              0.41004             -0.47930  
       36          1                  -1.23646              0.21736             -0.83557  
       37          6                   0.62284             -0.68223             -0.27243  
       38          6                   1.91888             -0.59757              0.33944  
       39          6                   0.10180             -1.98198             -0.61582  
       40          6                   2.67591             -1.71026              0.52819  
       41          6                   0.84413             -3.10308             -0.42885  
       42          6                   2.19274             -3.01000              0.09934  
       43          1                   2.26508              0.38479              0.68359  
       44          1                  -0.90938             -2.04380             -1.04810  
       45          1                   3.64096             -1.68007              1.02570  
       46          1                   0.45942             -4.09219             -0.67232  
       47          8                   2.91715             -4.03224              0.18485  
       48          7                  -0.80672              5.72023             -1.96210  
       49          1                  -0.25074              4.88353             -2.06703  
       50          8                   2.33445              8.74778             -0.19380  
       51          1                   2.83951              7.97883              0.17508  
       52          1                   1.43050              8.64397              0.17129  
       53          1                   1.59079             14.00472              2.05321  
       54          1                  -0.39299              4.84891              4.77218  
       55          1                   2.47708              7.77848              4.06264  
       56          1                   3.49387              4.91797             -0.71829  
       57          1                  -0.73713              6.32159             -2.75802  



     **********

     *  VARIABLES TO BE OPTIMIZED, OF WHICH THERE ARE   0



     INITIAL INTERATOMIC DISTANCES (ANGSTROMS)


             1           2           3           4           5           6           7           8           9          10
 ----------------------------------------------------------------------------------------------------------------------------
   1      0.00000
   2      1.09708     0.00000
   3      1.10033     1.77084     0.00000
   4      1.51563     2.15788     2.14374     0.00000
   5      2.20794     3.06563     2.74740     1.10927     0.00000
   6      2.17615     2.34918     3.01597     1.10856     1.80163     0.00000
   7      2.44739     2.95736     2.43441     1.51884     2.12753     2.14841     0.00000
   8      3.59563     4.19168     3.51394     2.46045     2.61068     2.98087     1.24809     0.00000
   9      2.62516     2.80609     2.27587     2.39702     3.24660     2.92315     1.32007     2.22059     0.00000
  10      3.61198     3.83599     3.07781     3.32310     4.02175     3.87335     1.96744     2.32213     1.06510     0.00000
  11      7.93947     8.30133     8.13554     6.50134     6.42158     6.30548     5.71478     4.72497     6.47414     6.29370
  12      7.42700     7.93762     7.57636     5.98189     5.73475     5.95261     5.22879     4.12508     6.12747     5.96150
  13      7.31085     7.51839     7.52772     5.94434     6.08988     5.63857     5.10804     4.30750     5.69664     5.54818
  14      7.96236     8.05362     8.20751     6.64625     6.88860     6.23444     5.83042     5.14473     6.29043     6.13747
  15      6.02355     6.21239     6.17828     4.74118     5.03064     4.52080     3.77823     3.08163     4.27492     4.14302
  16      5.37598     5.73816     5.52318     4.01367     4.13056     3.95238     3.09092     2.20661     3.85667     3.80455
  17      6.42663     6.61594     6.32206     5.35281     5.73648     5.36215     4.05998     3.32340     4.18740     3.68307
  18      6.01120     6.09170     5.78465     5.18495     5.75646     5.26773     3.80002     3.36355     3.53439     2.89668
  19      7.48350     7.79279     7.28513     6.38496     6.60782     6.50980     5.04928     4.09684     5.24208     4.59241
  20      8.40875     8.68056     8.09295     7.43537     7.71493     7.61486     6.01722     5.13378     6.00014     5.19733
  21      8.71691     8.83571     8.34147     7.92244     8.38128     8.06925     6.46978     5.81682     6.15260     5.28831
  22      9.76489     9.84971     9.41423     8.94401     9.40027     9.03324     7.51365     6.84555     7.20592     6.36090
  23      8.13704     8.14629     7.83735     7.36962     7.93269     7.41379     5.97391     5.47092     5.58497     4.81495
  24      9.55997     9.93098     9.20895     8.54431     8.68552     8.78629     7.14717     6.13861     7.23669     6.41081
  25     10.82049    11.14445    10.45588     9.82525     9.99877    10.03101     8.41700     7.44218     8.43307     7.57792
  26      9.62247    10.13353     9.27959     8.54216     8.50231     8.86413     7.22575     6.09135     7.51658     6.74790
  27     11.00615    11.53026    10.65688     9.91192     9.82923    10.22449     8.61522     7.46601     8.91352     8.13108
  28     11.57128    12.17803    11.24402    10.43700    10.22666    10.78037     9.22788     8.02705     9.65339     8.92409
  29     11.67714    12.09192    11.31222    10.62779    10.67701    10.87516     9.26234     8.19447     9.40177     8.56333
  30      8.75061     9.36860     8.44685     7.62477     7.44418     8.00895     6.41566     5.21082     6.89868     6.23906
  31      7.84562     8.42833     7.62585     6.65596     6.50957     6.97176     5.47509     4.26189     6.02785     5.45600
  32      9.40595    10.07538     9.16848     8.20893     7.90409     8.56463     7.12373     5.88473     7.74358     7.16556
  33      8.44914     9.16057     7.99308     7.50129     7.27380     8.08211     6.28515     5.14589     6.69509     5.98202
  34      8.13587     8.95670     7.70269     7.20402     6.81342     7.86287     6.15752     5.03269     6.72491     6.14316
  35     13.08523    13.49717    12.71845    12.02567    12.05799    12.25724    10.66838     9.59361    10.80526     9.95908
  36     13.55979    14.04445    13.17952    12.48610    12.43011    12.76893    11.16124    10.03819    11.37281    10.53591
  37     13.99643    14.32741    13.64806    12.94645    13.05488    13.10746    11.57499    10.55361    11.63500    10.78411
  38     13.74783    13.97296    13.43647    12.72102    12.93767    12.79568    11.34599    10.41157    11.31643    10.48433
  39     15.38770    15.74179    15.03005    14.32679    14.39729    14.49805    12.96461    11.91951    13.04591    12.18881
  40     14.84256    15.00428    14.54762    13.83195    14.09881    13.85236    12.46426    11.57807    12.38037    11.55734
  41     16.38188    16.67358    16.03987    15.32986    15.45620    15.44715    13.96210    12.95835    13.98826    13.13263
  42     16.17056    16.36915    15.85501    15.14746    15.36884    15.19523    13.77589    12.84942    13.71892    12.87768
  43     12.73271    12.92866    12.44146    11.71342    11.96854    11.76501    10.34189     9.44133    10.29386     9.48008
  44     15.68994    16.11231    15.31287    14.61949    14.61538    14.84460    13.27474    12.18428    13.41661    12.55851
  45     14.83982    14.92280    14.57723    13.85402    14.19256    13.80938    12.50422    11.69117    12.36099    11.56697
  46     17.42582    17.73465    17.07798    16.36542    16.46619    16.49107    15.00293    13.98201    15.04547    14.18601
  47     17.19563    17.34532    16.88797    16.19128    16.45390    16.20281    14.82192    13.93394    14.71858    13.88180
  48      8.82520     9.47990     8.22862     8.05029     7.95357     8.69071     6.72220     5.71007     6.87809     6.02146
  49      9.42092     9.99444     8.82596     8.64013     8.63348     9.21298     7.24397     6.25259     7.29514     6.37588
  50      4.83123     5.17811     4.22824     4.36784     4.84509     4.95069     2.88048     2.60513     2.39837     1.38484
  51      5.43582     5.64798     4.94564     4.86639     5.41402     5.26463     3.36392     3.02411     2.85749     1.89327
  52      4.81593     5.31631     4.31261     4.11582     4.39492     4.72678     2.63995     1.98145     2.63882     1.87246
  53      1.08998     1.78174     1.74030     2.21365     2.47036     2.81687     3.36946     4.40100     3.67203     4.61317
  54      9.01230     9.35322     9.22332     7.56563     7.46817     7.32433     6.80104     5.81250     7.53732     7.32897
  55      5.67312     5.69087     5.95088     4.46075     4.91758     4.03184     3.68632     3.33898     4.08074     4.14423
  56      8.68249     8.82245     8.17951     8.03717     8.51527     8.30654     6.53912     5.95456     6.07996     5.11675
  57      8.71569     9.39457     8.02118     8.09254     8.00483     8.82910     6.78496     5.88187     6.84704     5.97415


            11          12          13          14          15          16          17          18          19          20
 ----------------------------------------------------------------------------------------------------------------------------
  11      0.00000
  12      1.24750     0.00000
  13      1.36679     2.24679     0.00000
  14      2.05964     3.15568     1.01658     0.00000
  15      2.47381     2.77429     1.43248     2.09153     0.00000
  16      2.64193     2.41422     2.11437     3.00260     1.12140     0.00000
  17      3.26226     3.49256     2.42137     2.86490     1.54937     2.09980     0.00000
  18      4.49428     4.65587     3.55806     3.87982     2.45494     2.88383     1.24872     0.00000
  19      3.12157     3.28024     2.79500     3.25844     2.52916     2.87018     1.39994     2.28057     0.00000
  20      4.21224     4.43502     3.91900     4.17486     3.72981     4.14164     2.38738     2.80458     1.29823     0.00000
  21      5.39936     5.75272     4.81489     4.85815     4.45165     5.02790     2.97852     2.82956     2.49683     1.49902
  22      5.84996     6.34382     5.31877     5.19825     5.19145     5.86882     3.83200     3.80535     3.23651     2.13192
  23      5.28736     5.73594     4.45228     4.40550     3.94601     4.65004     2.55546     2.18720     2.61900     2.11737
  24      4.65014     4.77450     4.75247     5.02933     4.85072     5.13263     3.70330     4.24646     2.36531     1.48035
  25      5.60058     5.87455     5.70545     5.80231     5.95238     6.35373     4.80494     5.27476     3.54194     2.49300
  26      4.51743     4.34175     4.98400     5.45732     5.16300     5.18053     4.27188     4.97531     2.89257     2.54854
  27      5.44033     5.33681     6.04615     6.41563     6.41599     6.47943     5.57392     6.28891     4.17586     3.66925
  28      5.86916     5.61332     6.69341     7.13476     7.14849     7.08092     6.48304     7.27750     5.11449     4.80068
  29      6.04297     6.19806     6.42872     6.59378     6.82283     7.10083     5.82420     6.41930     4.46422     3.61967
  30      4.04252     3.49782     4.67942     5.37685     4.75380     4.48029     4.14001     4.92661     2.95762     3.17767
  31      3.15390     2.56943     3.69486     4.47553     3.68665     3.37265     3.23350     4.12207     2.24438     2.89370
  32      4.16364     3.53820     5.07361     5.77464     5.36857     5.03977     4.99724     5.89780     3.85100     4.14528
  33      5.27648     4.52765     5.79436     6.57403     5.54940     5.07634     4.82524     5.32761     3.83563     3.95783
  34      5.62172     4.65293     6.23534     7.11677     5.93523     5.25134     5.45756     5.96649     4.66740     5.01749
  35      7.17013     7.38064     7.61912     7.69880     8.12846     8.44191     7.17256     7.76847     5.82913     4.96476
  36      7.63165     7.71001     8.23169     8.39705     8.76008     8.96180     7.87022     8.51220     6.48754     5.72413
  37      7.93600     8.31824     8.26477     8.18324     8.83526     9.28816     7.86482     8.40582     6.60814     5.65976
  38      7.76827     8.32605     7.88490     7.65270     8.44517     9.04957     7.45532     7.92101     6.34500     5.34990
  39      9.17563     9.53711     9.58821     9.49553    10.21980    10.65049     9.28750     9.84409     8.01410     7.08718
  40      8.83229     9.48833     8.87250     8.52298     9.47076    10.15815     8.50713     8.91941     7.49387     6.49719
  41     10.09761    10.57135    10.42280    10.21791    11.09058    11.61445    10.16016    10.67401     8.95907     7.99725
  42     10.00424    10.61178    10.15475     9.83096    10.80138    11.44318     9.85389    10.29300     8.77501     7.77903
  43      6.90885     7.50472     6.91744     6.67411     7.42332     8.06659     6.41377     6.86314     5.36140     4.36810
  44      9.49291     9.73517    10.02904    10.02698    10.65968    10.99070     9.75722    10.35319     8.42598     7.55550
  45      8.96851     9.72678     8.86355     8.40918     9.44572    10.22500     8.50399     8.85271     7.63019     6.65486
  46     11.05706    11.51136    11.43404    11.23160    12.13327    12.63865    11.22378    11.75100    10.00613     9.05732
  47     11.05850    11.72806    11.14594    10.74897    11.80196    12.49929    10.86259    11.25583     9.84996     8.84528
  48      6.26916     5.66012     6.58982     7.28043     6.20704     5.85032     5.19114     5.42608     4.20211     3.94823
  49      6.40176     5.97274     6.65738     7.23260     6.35707     6.17413     5.19548     5.40358     4.08978     3.53771
  50      5.90073     5.53450     5.31089     5.93349     4.04315     3.73690     3.17480     2.45799     3.71693     4.13846
  51      5.51696     5.34977     4.80462     5.30633     3.59021     3.55732     2.48656     1.58580     3.09080     3.41927
  52      5.23868     4.73105     4.82195     5.56533     3.63068     3.12123     2.94190     2.62122     3.34978     3.97503
  53      8.69012     8.09431     8.15679     8.84358     6.92911     6.20308     7.40638     7.05154     8.41276     9.36565
  54      1.08998     2.06434     2.10672     2.36417     3.42690     3.72088     4.09122     5.33045     3.75840     4.64714
  55      3.29310     3.68609     2.07879     2.38307     1.08998     1.80437     2.23749     2.72487     3.45377     4.54435
  56      6.22766     6.42126     5.67483     5.81667     5.12968     5.55651     3.58716     3.16017     3.15659     2.16056
  57      7.07509     6.40783     7.31980     8.03504     6.78669     6.36269     5.74521     5.80356     4.91170     4.65674


            21          22          23          24          25          26          27          28          29          30
 ----------------------------------------------------------------------------------------------------------------------------
  21      0.00000
  22      1.09401     0.00000
  23      1.09719     1.78160     0.00000
  24      2.53942     2.69923     3.43095     0.00000
  25      2.99809     2.64986     3.97645     1.33340     0.00000
  26      3.83828     4.11316     4.65196     1.41839     2.27945     0.00000
  27      4.76906     4.76767     5.68010     2.25082     2.30336     1.39964     0.00000
  28      5.98720     6.02082     6.86505     3.45305     3.53845     2.32418     1.26012     0.00000
  29      4.33873     4.02199     5.31500     2.19197     1.37645     2.28569     1.46469     2.49139     0.00000
  30      4.60253     5.11975     5.22381     2.59535     3.67306     1.42782     2.47254     2.82159     3.65813     0.00000
  31      4.34950     4.99395     4.75535     2.83495     4.07381     2.12293     3.35274     3.81014     4.34517     1.11192
  32      5.59994     6.02049     6.21322     3.40840     4.28510     2.08407     2.58173     2.43036     3.95397     1.11920
  33      5.17326     5.82765     5.82076     3.49631     4.54535     2.46745     3.34780     3.54851     4.52159     1.53972
  34      6.24951     6.97477     6.78959     4.68530     5.76438     3.60479     4.40069     4.34518     5.67757     2.41117
  35      5.52811     5.02706     6.50368     3.58066     2.54988     3.61273     2.47716     3.00967     1.40893     4.90382
  36      6.42365     6.02119     7.41634     4.26791     3.44307     3.94825     2.60561     2.65815     2.11845     5.06093
  37      5.95180     5.22606     6.86832     4.44750     3.20658     4.78249     3.78530     4.35556     2.51275     6.12971
  38      5.37198     4.47603     6.16983     4.43060     3.14140     5.13942     4.46525     5.27757     3.05608     6.52703
  39      7.37677     6.62983     8.29769     5.83106     4.61942     6.01560     4.85972     5.15166     3.77084     7.29886
  40      6.33310     5.33514     7.03315     5.71000     4.43227     6.48536     5.81501     6.57783     4.41187     7.86777
  41      8.11421     7.24906     8.96966     6.86033     5.58491     7.20314     6.12415     6.47516     4.93691     8.52185
  42      7.68272     6.70990     8.43403     6.84969     5.54327     7.45373     6.57884     7.14906     5.23884     8.82575
  43      4.35001     3.44798     5.10378     3.61729     2.40566     4.52058     4.12270     5.10807     2.75091     5.89048
  44      7.98593     7.33952     8.95139     6.19414     5.09360     6.13838     4.85092     4.88908     4.02094     7.31910
  45      6.31339     5.25437     6.87805     6.08941     4.88502     7.02202     6.52270     7.37735     5.12041     8.38509
  46      9.19282     8.33174    10.05619     7.88410     6.62421     8.14415     6.99332     7.21457     5.89063     9.42798
  47      8.62789     7.60563     9.31486     8.00281     6.69733     8.67204     7.82845     8.40228     6.47453    10.04953
  48      4.85582     5.48194     5.62296     3.45158     4.32561     2.77200     3.52090     3.93615     4.39663     2.51313
  49      4.30948     4.79328     5.20270     2.84725     3.51870     2.40913     3.00492     3.63984     3.62188     2.70284
  50      4.31043     5.40313     4.08159     5.23081     6.39116     5.54996     6.90594     7.72144     7.33335     5.13305
  51      3.43239     4.51813     3.10932     4.65822     5.75400     5.19427     6.53920     7.46392     6.80791     4.98843
  52      4.48519     5.56687     4.35504     4.94469     6.19779     5.04822     6.42421     7.13505     7.01769     4.43138
  53      9.73767    10.79336     9.19050    10.45936    11.74175    10.42615    11.79175    12.28041    12.53985     9.46698
  54      5.82182     6.08888     5.78633     4.85606     5.60093     4.70858     5.38798     5.73900     5.90521     4.42261
  55      5.00380     5.72411     4.29328     5.77810     6.81958     6.20277     7.45280     8.21910     7.77238     5.83228
  56      1.08998     1.78113     1.77648     2.97377     3.40671     4.15055     5.06654     6.26672     4.66914     4.87390
  57      5.38336     6.06761     6.10458     4.31036     5.14343     3.75666     4.46609     4.83756     5.26221     3.45332


            31          32          33          34          35          36          37          38          39          40
 ----------------------------------------------------------------------------------------------------------------------------
  31      0.00000
  32      1.82558     0.00000
  33      2.14489     2.13005     0.00000
  34      2.75453     2.60586     1.24657     0.00000
  35      5.65711     5.00354     5.71466     6.81394     0.00000
  36      5.94581     4.96750     5.74952     6.74023     1.10902     0.00000
  37      6.77498     6.27371     7.00180     8.13425     1.38550     2.14088     0.00000
  38      6.97555     6.82486     7.49640     8.68094     2.48847     3.46424     1.43572     0.00000
  39      8.02295     7.31009     8.10907     9.18528     2.41536     2.58386     1.44179     2.47607     0.00000
  40      8.27354     8.15702     8.84796    10.03670     3.71549     4.56970     2.43165     1.35897     2.82995     0.00000
  41      9.17813     8.56802     9.37537    10.47789     3.66650     3.93948     2.43596     2.83248     1.35752     2.49225
  42      9.34348     9.00264     9.75283    10.91385     4.21617     4.80096     2.83219     2.43977     2.43727     1.45145
  43      6.21154     6.30403     6.90627     8.10285     2.72939     3.82056     2.17933     1.09696     3.45975     2.14060
  44      8.14635     7.21061     8.03042     9.02832     2.61579     2.29455     2.19162     3.46640     1.10144     3.93068
  45      8.66897     8.74775     9.40479    10.60468     4.62792     5.55461     3.43363     2.14669     3.91298     1.08616
  46     10.12774     9.40487    10.24692    11.31487     4.55495     4.63410     3.43721     3.91996     2.14104     3.46809
  47     10.53353    10.24092    10.98075    12.15111     5.46963     6.02933     4.08601     3.58014     3.57363     2.35960
  48      3.14163     3.26164     1.37427     2.28681     5.54617     5.63342     6.77423     7.25538     7.87159     8.57569
  49      3.40709     3.50477     2.08554     3.18806     4.74712     4.92558     5.91282     6.36717     7.02606     7.66671
  50      4.49026     6.13037     4.80234     5.11886     8.72029     9.26992     9.58442     9.36977    10.96771    10.48849
  51      4.32488     6.02959     4.91071     5.42873     8.18401     8.82471     8.95142     8.62724    10.36043     9.69690
  52      3.73160     5.35857     4.11339     4.31859     8.41978     8.89575     9.37163     9.25596    10.73759    10.43497
  53      8.58658    10.05237     9.09222     8.65166    13.94455    14.36767    14.90142    14.70617    16.27623    15.82605
  54      3.73276     4.36476     5.80871     6.21918     6.87876     7.32185     7.55471     7.39311     8.71415     8.39359
  55      4.76528     6.45657     6.56732     6.91563     9.06155     9.74441     9.68581     9.18325    11.08137    10.12759
  56      4.73293     5.93665     5.12753     6.19414     5.83551     6.66975     6.30903     5.83271     7.68934     6.79383
  57      3.97196     4.16863     2.12738     2.64326     6.35792     6.41926     7.55521     8.03265     8.61639     9.32516


            41          42          43          44          45          46          47          48          49          50
 ----------------------------------------------------------------------------------------------------------------------------
  41      0.00000
  42      1.45134     0.00000
  43      3.92707     3.44546     0.00000
  44      2.14017     3.44576     4.35592     0.00000
  45      3.45874     2.17352     2.50474     5.01383     0.00000
  46      1.08886     2.18425     5.01421     2.49213     4.33864     0.00000
  47      2.35317     1.25581     4.49268     4.48513     2.60070     2.60361     0.00000
  48      9.10642     9.45850     6.70093     7.81832     9.13637     9.97749    10.65773     0.00000
  49      8.22607     8.54234     5.84242     7.03277     8.23354     9.11115     9.72612     1.01004     0.00000
  50     11.94652    11.76229     8.40918    11.30091    10.57990    12.98498    12.79891     4.70743     5.01245     0.00000
  51     11.27630    11.00811     7.63269    10.77049     9.72935    12.33258    12.01133     4.79206     4.91505     0.99119
  52     11.77698    11.67910     8.31703    11.00865    10.59255    12.80096    12.76310     4.25497     4.68803     0.98040
  53     17.30303    17.13712    13.70522    16.53554    15.85155    18.33594    18.18192     9.51334    10.17663     5.76520
  54      9.58203     9.50179     6.61137     9.03614     8.54029    10.50298    10.52974     6.80301     6.84078     6.87758
  55     11.88480    11.49696     8.13201    11.57865    10.00210    12.93846    12.43882     7.16361     7.30717     4.36775
  56      8.45234     8.07553     4.90152     8.24400     6.82622     9.50752     9.01413     4.54816     3.98026     4.03570
  57      9.83615    10.18957     7.49023     8.54010     9.87476    10.68779    11.36733     0.99999     1.66795     4.67934


            51          52          53          54          55          56          57
 ----------------------------------------------------------------------------------------
  51      0.00000
  52      1.55812     0.00000
  53      6.43413     5.68374     0.00000
  54      6.43264     6.23665     9.75485     0.00000
  55      3.90956     4.12153     6.60222     4.16211     0.00000
  56      3.25502     4.35109     9.68876     6.72739     5.66337     0.00000
  57      4.91344     4.32122     9.35936     7.68057     7.67953     4.90225     0.00000



 MOLECULAR CHARGE        -1
 NUMBER OF ELECTRONS    178
 DOUBLY OCCUPIED MOS     89


 *** OPTIONS FOR THE MOLECULE UNDER STUDY    ***
 *** DEFINED EITHER EXPLICITLY OR BY DEFAULT ***

 KHARGE =   -1     IMULT  =    0     KTRIAL =   11     KGEOM  =    0     IPUBO  =    1
 IUHF   =    0     KITSCF =  100     NPRINT =   -4     IFAST  =    2     IDIAG  =    0
 KSYM   =    0     NUMSYM =    0     KCI    =    5     NSTART =    4     NSTEP  =    4

 FAST DIAGONALIZATIONS NOT ALLOWED IN SCF

 ANALYTICAL GRADIENT SELECTED BY DEFAULT.

 CHKANA: IPSANA =  1, ISKPA = -3, ISKPAF =  0



 *** OPTIONS FOR THE GUGA-CI CALCULATIONS    ***
 *** DEFINED EITHER EXPLICITLY OR BY DEFAULT ***

 ICI1   =   42     ICI2   =   43     IOUTCI =    1     MOVO   =    0     MPERT  =    0
 NCIREF =    3     MCIREF =    0     LEVEXC =    1     IROOT  =    2     LROOT  =    2
 CICHG  =   -1     MULTCI =    1     NCISYM =    0     CIDIR  =    1     CIDIAG =    0
 IUVCD  =    2     IMCD   =    0     IPOP   =    2     CIPLOT =    0     CILEAD = 1000
 JCI1   =    0     JCI2   =    0     PIPOP  = 4000     INATUR =    0     CISELT =   85
 IMOMAP =    0     ICIMAP =    0     KEEPCI =    0     NCIGRD =    0     ICROSS =    0
 MINDAV =    0     MAXDAV =    0     KITDAV =    0     NRMDAV =    7     MAXMAP =    5
 MAPTHR =   90     IOP167 =    0     ICIOCC =   60     ICIVIR =   60     LDROOT =    2



 ORBITALS INCLUDED IN THE ACTIVE CI SPACE.
 THE NUMBERING REFERS TO THE SCF SOLUTION.

 MOS       48  49  50  51  52  53  54  55  56  57  58  59  60  61  62  63  64  65  66  67
           68  69  70  71  72  73  74  75  76  77  78  79  80  81  82  83  84  85  86  87
           88  89  90  91  92  93  94  95  96  97  98  99 100 101 102 103 104 105 106 107
 MOS      108 109 110 111 112 113 114 115 116 117 118 119 120 121 122 123 124 125 126 127
          128 129 130 131 132

 MOSYM      0   0   0   0   0   0   0   0   0   0   0   0   0   0   0   0   0   0   0   0
            0   0   0   0   0   0   0   0   0   0   0   0   0   0   0   0   0   0   0   0
            0   0   0   0   0   0   0   0   0   0   0   0   0   0   0   0   0   0   0   0

 MOSYM      0   0   0   0   0   0   0   0   0   0   0   0   0   0   0   0   0   0   0   0
            0   0   0   0   0



 REFERENCE CONFIGURATIONS FOR GUGA-CI.
 OCCUPATION NUMBERS FOR THE ACTIVE ORBITALS.

 REF  1     2   2   2   2   2   2   2   2   2   2   2   2   2   2   2   2   2   2   2   2
            2   2   2   2   2   2   2   2   2   2   2   2   2   2   2   2   2   2   2   2
            2   2   0   0   0   0   0   0   0   0   0   0   0   0   0   0   0   0   0   0

 REF  0     0   0   0   0   0   0   0   0   0   0   0   0   0   0   0   0   0   0   0   0
            0   0   0   0

 REF  2     2   2   2   2   2   2   2   2   2   2   2   2   2   2   2   2   2   2   2   2
            2   2   2   2   2   2   2   2   2   2   2   2   2   2   2   2   2   2   2   2
            2   1   1   0   0   0   0   0   0   0   0   0   0   0   0   0   0   0   0   0

 REF  0     0   0   0   0   0   0   0   0   0   0   0   0   0   0   0   0   0   0   0   0
            0   0   0   0

 REF  3     2   2   2   2   2   2   2   2   2   2   2   2   2   2   2   2   2   2   2   2
            2   2   2   2   2   2   2   2   2   2   2   2   2   2   2   2   2   2   2   2
            2   0   2   0   0   0   0   0   0   0   0   0   0   0   0   0   0   0   0   0

 REF  0     0   0   0   0   0   0   0   0   0   0   0   0   0   0   0   0   0   0   0   0
            0   0   0   0



 *** OPTIONS FOR EXTERNAL POINTS AND QM/MM   ***
 *** DEFINED EITHER EXPLICITLY OR BY DEFAULT ***

 NUMATM = 4035     MMCOUP =    2     MMPOT  =    4     MMLINK =    2     NLINK  =    5
 MMFILE =    0     MCHARG =    0



 NUMBERS OF LINK ATOMS IN THE LIST OF QM ATOMS.

    53   54   55   56   57



 ERROR OR END-OF-FILE WHEN READING FILE 11 IN SUBROUTINE GUESSP.
 A STANDARD INITIAL DENSITY MATRIX IS USED.



                                                                                     
     ChemShell MNDO interface:                                                       



     SCF HEAT OF FORMATION     -451.31303 KCAL/MOL
     SCF BINDING ENERGY        -267.16244 EV
     SCF TOTAL ENERGY         -6635.06268 EV
     ELECTRONIC ENERGY       -51681.78181 EV
     NUCLEAR ENERGY           45046.71913 EV
     IONIZATION ENERGY            6.50095 EV
     SCF CYCLES                  34


     THE DENSITY MATRIX HAS BEEN SAVED ON FILE 11



     NET ATOMIC CHARGES AND ORBITAL POPULATIONS.

     ATOM    I        CHARGE      DENSITY        S          PX          PY          PZ

      C      1       -0.51343     4.51343     1.39947     1.06216     0.96793     1.08386
      H      2        0.20040     0.79960     0.79960
      H      3        0.19903     0.80097     0.80097
      C      4       -0.32075     4.32075     1.37138     1.04294     0.90167     1.00476
      H      5        0.18716     0.81284     0.81284
      H      6        0.18254     0.81746     0.81746
      C      7        0.66753     3.33247     1.26348     0.65553     0.73331     0.68014
      O      8       -0.67148     6.67148     1.94536     1.58697     1.41518     1.72396
      O      9       -0.60623     6.60623     1.92775     1.43845     1.67795     1.56209
      H     10        0.45000     0.55000     0.55000
      C     11        0.36714     3.63286     1.28933     0.73069     0.85930     0.75354
      O     12       -0.60601     6.60601     1.94457     1.58898     1.58068     1.49178
      N     13       -0.46093     5.46093     1.56885     1.10635     1.31895     1.46678
      H     14        0.31507     0.68493     0.68493
      C     15       -0.16604     4.16604     1.34598     1.05685     0.90357     0.85964
      H     16        0.21210     0.78790     0.78790
      C     17        0.50620     3.49380     1.31046     0.65420     0.72571     0.80343
      O     18       -0.59899     6.59899     1.94096     1.36742     1.65480     1.63582
      N     19       -0.43099     5.43099     1.70788     1.46308     1.11076     1.14927
      C     20        0.31275     3.68725     1.29603     0.83235     0.80569     0.75319
      C     21       -0.58704     4.58704     1.40968     0.93994     1.12020     1.11723
      H     22        0.22516     0.77484     0.77484
      H     23        0.18869     0.81131     0.81131
      C     24        0.04482     3.95518     1.27747     0.75161     0.86569     1.06041
      N     25       -0.24345     5.24345     1.71964     1.33863     1.00760     1.17758
      N     26       -0.28412     5.28412     1.54049     1.06428     1.10100     1.57836
      C     27        0.49078     3.50922     1.25265     0.73718     0.74969     0.76970
      O     28       -0.76134     6.76134     1.94486     1.19773     1.89279     1.72596
      C     29       -0.19998     4.19998     1.29900     0.81732     0.86468     1.21899
      C     30       -0.15231     4.15231     1.34083     0.99922     0.85877     0.95349
      H     31        0.25609     0.74391     0.74391
      H     32        0.20059     0.79941     0.79941
      C     33        0.57913     3.42087     1.25951     0.68344     0.74266     0.73526
      O     34       -0.61835     6.61835     1.94583     1.38570     1.40643     1.88039
      C     35        0.00107     3.99893     1.36049     0.98107     0.82399     0.83338
      H     36        0.21033     0.78967     0.78967
      C     37       -0.11714     4.11714     1.29884     0.88995     0.84506     1.08329
      C     38       -0.12290     4.12290     1.36194     0.87123     0.97294     0.91679
      C     39       -0.11962     4.11962     1.36610     0.97608     0.85900     0.91844
      C     40       -0.38355     4.38355     1.37711     1.02946     0.89197     1.08501
      C     41       -0.38494     4.38494     1.37647     0.94782     0.97658     1.08407
      C     42        0.54849     3.45151     1.26249     0.75083     0.74574     0.69245
      H     43        0.21140     0.78860     0.78860
      H     44        0.20797     0.79203     0.79203
      H     45        0.23758     0.76242     0.76242
      H     46        0.21192     0.78808     0.78808
      O     47       -0.72130     6.72130     1.94386     1.65722     1.45603     1.66418
      N     48       -0.70240     5.70240     1.61194     1.56404     1.32231     1.20411
      H     49        0.38466     0.61534     0.61534
      O     50       -0.69632     6.69632     1.93282     1.38508     1.59320     1.78523
      H     51        0.40561     0.59439     0.59439
      H     52        0.36526     0.63474     0.63474
      H     53        0.11849     0.88151     0.88151
      H     54        0.19984     0.80016     0.80016
      H     55        0.28082     0.71918     0.71918
      H     56        0.26222     0.73778     0.73778
      H     57        0.23874     0.76126     0.76126



     DIPOLE              X           Y           Z         TOTAL

     POINT-CHARGE     9.07319    15.08750     8.63001    19.60696
     HYBRID           0.01986    -0.24345    -0.90093     0.93346
     SUM              9.09305    14.84405     7.72908    19.04647


     POINT GROUP C1. NO SYMMETRY.



    MO     EIGENVALUE     LABEL   NSYM  IMOSYM   OCC.  ACTIVE

     1      -38.29723      A        1      1      2.      -
     2      -37.28041      A        1      2      2.      -
     3      -36.53091      A        1      3      2.      -
     4      -36.48898      A        1      4      2.      -
     5      -36.40361      A        1      5      2.      -
     6      -36.26283      A        1      6      2.      -
     7      -35.89306      A        1      7      2.      -
     8      -35.06594      A        1      8      2.      -
     9      -34.81639      A        1      9      2.      -
    10      -33.00581      A        1     10      2.      -
    11      -32.24380      A        1     11      2.      -
    12      -31.96263      A        1     12      2.      -
    13      -30.51268      A        1     13      2.      -
    14      -27.44578      A        1     14      2.      -
    15      -26.69508      A        1     15      2.      -
    16      -25.82085      A        1     16      2.      -
    17      -25.16595      A        1     17      2.      -
    18      -24.31305      A        1     18      2.      -
    19      -24.26883      A        1     19      2.      -
    20      -24.02046      A        1     20      2.      -
    21      -23.40959      A        1     21      2.      -
    22      -22.69957      A        1     22      2.      -
    23      -22.10028      A        1     23      2.      -
    24      -21.13142      A        1     24      2.      -
    25      -20.54183      A        1     25      2.      -
    26      -20.03103      A        1     26      2.      -
    27      -19.96338      A        1     27      2.      -
    28      -19.52376      A        1     28      2.      -
    29      -19.22439      A        1     29      2.      -
    30      -18.87294      A        1     30      2.      -
    31      -18.19176      A        1     31      2.      -
    32      -17.91116      A        1     32      2.      -
    33      -17.61061      A        1     33      2.      -
    34      -17.59782      A        1     34      2.      -
    35      -17.50095      A        1     35      2.      -
    36      -17.01596      A        1     36      2.      -
    37      -16.72359      A        1     37      2.      -
    38      -16.59184      A        1     38      2.      -
    39      -16.21418      A        1     39      2.      -
    40      -16.09739      A        1     40      2.      -
    41      -15.98312      A        1     41      2.      -
    42      -15.79860      A        1     42      2.      -
    43      -15.60633      A        1     43      2.      -
    44      -15.51563      A        1     44      2.      -
    45      -15.38191      A        1     45      2.      -
    46      -15.17701      A        1     46      2.      -
    47      -15.12729      A        1     47      2.      -
    48      -14.92693      A        1     48      2.      2
    49      -14.80829      A        1     49      2.      2
    50      -14.66423      A        1     50      2.      2
    51      -14.57297      A        1     51      2.      2
    52      -14.42517      A        1     52      2.      2
    53      -14.35552      A        1     53      2.      2
    54      -13.99790      A        1     54      2.      2
    55      -13.96170      A        1     55      2.      2
    56      -13.75040      A        1     56      2.      2
    57      -13.71155      A        1     57      2.      2
    58      -13.59895      A        1     58      2.      2
    59      -13.46854      A        1     59      2.      2
    60      -13.35250      A        1     60      2.      2
    61      -13.18378      A        1     61      2.      2
    62      -12.99296      A        1     62      2.      2
    63      -12.95117      A        1     63      2.      2
    64      -12.72478      A        1     64      2.      2
    65      -12.67711      A        1     65      2.      2
    66      -12.57960      A        1     66      2.      2
    67      -12.54885      A        1     67      2.      2
    68      -12.45546      A        1     68      2.      2
    69      -12.41131      A        1     69      2.      2
    70      -11.96001      A        1     70      2.      2
    71      -11.91281      A        1     71      2.      2
    72      -11.83499      A        1     72      2.      2
    73      -11.72020      A        1     73      2.      2
    74      -11.61152      A        1     74      2.      2
    75      -11.22448      A        1     75      2.      2
    76      -11.11007      A        1     76      2.      2
    77      -11.01883      A        1     77      2.      2
    78      -10.95818      A        1     78      2.      2
    79      -10.88670      A        1     79      2.      2
    80      -10.75636      A        1     80      2.      2
    81      -10.75404      A        1     81      2.      2
    82      -10.18546      A        1     82      2.      2
    83       -9.76320      A        1     83      2.      2
    84       -9.67263      A        1     84      2.      2
    85       -9.38413      A        1     85      2.      2
    86       -9.29939      A        1     86      2.      2
    87       -8.79714      A        1     87      2.      2
    88       -8.53188      A        1     88      2.      2
    89       -6.50095      A        1     89      2.      1
    90       -0.22993      A        1     90      0.      1
    91        0.62163      A        1     91      0.      0
    92        1.78980      A        1     92      0.      0
    93        2.03487      A        1     93      0.      0
    94        2.18567      A        1     94      0.      0
    95        2.25276      A        1     95      0.      0
    96        2.67029      A        1     96      0.      0
    97        2.76909      A        1     97      0.      0
    98        2.80705      A        1     98      0.      0
    99        3.03888      A        1     99      0.      0
   100        3.15163      A        1    100      0.      0
   101        3.27147      A        1    101      0.      0
   102        3.47904      A        1    102      0.      0
   103        3.57517      A        1    103      0.      0
   104        3.71881      A        1    104      0.      0
   105        3.79105      A        1    105      0.      0
   106        3.90251      A        1    106      0.      0
   107        4.17846      A        1    107      0.      0
   108        4.19834      A        1    108      0.      0
   109        4.23917      A        1    109      0.      0
   110        4.35012      A        1    110      0.      0
   111        4.43206      A        1    111      0.      0
   112        4.47384      A        1    112      0.      0
   113        4.68699      A        1    113      0.      0
   114        4.73971      A        1    114      0.      0
   115        4.85459      A        1    115      0.      0
   116        5.01578      A        1    116      0.      0
   117        5.11899      A        1    117      0.      0
   118        5.16975      A        1    118      0.      0
   119        5.23132      A        1    119      0.      0
   120        5.26955      A        1    120      0.      0
   121        5.32024      A        1    121      0.      0
   122        5.52379      A        1    122      0.      0
   123        5.56982      A        1    123      0.      0
   124        5.60352      A        1    124      0.      0
   125        5.70429      A        1    125      0.      0
   126        5.74575      A        1    126      0.      0
   127        5.86367      A        1    127      0.      0
   128        5.98919      A        1    128      0.      0
   129        6.01081      A        1    129      0.      0
   130        6.09552      A        1    130      0.      0
   131        6.15949      A        1    131      0.      0
   132        6.31463      A        1    132      0.      0
   133        6.43448      A        1    133      0.      -
   134        6.77333      A        1    134      0.      -
   135        6.77933      A        1    135      0.      -
   136        7.16695      A        1    136      0.      -
   137        7.24321      A        1    137      0.      -
   138        7.26099      A        1    138      0.      -
   139        7.57836      A        1    139      0.      -
   140        8.02093      A        1    140      0.      -
   141        8.07701      A        1    141      0.      -
   142        8.11852      A        1    142      0.      -
   143        8.42294      A        1    143      0.      -
   144        8.69584      A        1    144      0.      -
   145        8.96584      A        1    145      0.      -
   146        9.07596      A        1    146      0.      -
   147        9.14338      A        1    147      0.      -
   148        9.30071      A        1    148      0.      -
   149        9.33670      A        1    149      0.      -
   150        9.53871      A        1    150      0.      -
   151        9.76288      A        1    151      0.      -
   152       10.01468      A        1    152      0.      -
   153       10.39909      A        1    153      0.      -
   154       10.64538      A        1    154      0.      -
   155       11.23622      A        1    155      0.      -
   156       11.36546      A        1    156      0.      -



 REFERENCE OCCUPATIONS

   48  49  50  51  52  53  54  55  56  57  58  59  60  61  62  63  64  65  66  67  68  69  70  71  72  73  74  75  76  77
    A   A   A   A   A   A   A   A   A   A   A   A   A   A   A   A   A   A   A   A   A   A   A   A   A   A   A   A   A   A
    2   2   2   2   2   2   2   2   2   2   2   2   2   2   2   2   2   2   2   2   2   2   2   2   2   2   2   2   2   2
    2   2   2   2   2   2   2   2   2   2   2   2   2   2   2   2   2   2   2   2   2   2   2   2   2   2   2   2   2   2
    2   2   2   2   2   2   2   2   2   2   2   2   2   2   2   2   2   2   2   2   2   2   2   2   2   2   2   2   2   2

   78  79  80  81  82  83  84  85  86  87  88  89  90  91  92  93  94  95  96  97  98  99 100 101 102 103 104 105 106 107
    A   A   A   A   A   A   A   A   A   A   A   A   A   A   A   A   A   A   A   A   A   A   A   A   A   A   A   A   A   A
    2   2   2   2   2   2   2   2   2   2   2   2   0   0   0   0   0   0   0   0   0   0   0   0   0   0   0   0   0   0
    2   2   2   2   2   2   2   2   2   2   2   1   1   0   0   0   0   0   0   0   0   0   0   0   0   0   0   0   0   0
    2   2   2   2   2   2   2   2   2   2   2   0   2   0   0   0   0   0   0   0   0   0   0   0   0   0   0   0   0   0

  108 109 110 111 112 113 114 115 116 117 118 119 120 121 122 123 124 125 126 127 128 129 130 131 132
    A   A   A   A   A   A   A   A   A   A   A   A   A   A   A   A   A   A   A   A   A   A   A   A   A
    0   0   0   0   0   0   0   0   0   0   0   0   0   0   0   0   0   0   0   0   0   0   0   0   0
    0   0   0   0   0   0   0   0   0   0   0   0   0   0   0   0   0   0   0   0   0   0   0   0   0
    0   0   0   0   0   0   0   0   0   0   0   0   0   0   0   0   0   0   0   0   0   0   0   0   0


 Point group used in GUGA-CI calculation:  C1


 There are      7057 CI basis functions of symmetry A   (1).
 There are      7057 CI basis functions in the CI problem.
 There are      7057 CI basis functions represented by the DRT.


 Reference occupations and corresponding configuration state functions:

              48  49  50  51  52  53  54  55  56  57  58  59  60  61  62  63  64  65  66  67  68  69  70  71  72  73  74  75  76  77
 Ref.      1   2   2   2   2   2   2   2   2   2   2   2   2   2   2   2   2   2   2   2   2   2   2   2   2   2   2   2   2   2   2
 CSF       1  ab  ab  ab  ab  ab  ab  ab  ab  ab  ab  ab  ab  ab  ab  ab  ab  ab  ab  ab  ab  ab  ab  ab  ab  ab  ab  ab  ab  ab  ab

              78  79  80  81  82  83  84  85  86  87  88  89  90  91  92  93  94  95  96  97  98  99 100 101 102 103 104 105 106 107
 Ref.      1   2   2   2   2   2   2   2   2   2   2   2   2   0   0   0   0   0   0   0   0   0   0   0   0   0   0   0   0   0   0
 CSF       1  ab  ab  ab  ab  ab  ab  ab  ab  ab  ab  ab  ab   -   -   -   -   -   -   -   -   -   -   -   -   -   -   -   -   -   -

             108 109 110 111 112 113 114 115 116 117 118 119 120 121 122 123 124 125 126 127 128 129 130 131 132
 Ref.      1   0   0   0   0   0   0   0   0   0   0   0   0   0   0   0   0   0   0   0   0   0   0   0   0   0
 CSF       1   -   -   -   -   -   -   -   -   -   -   -   -   -   -   -   -   -   -   -   -   -   -   -   -   -

              48  49  50  51  52  53  54  55  56  57  58  59  60  61  62  63  64  65  66  67  68  69  70  71  72  73  74  75  76  77
 Ref.      2   2   2   2   2   2   2   2   2   2   2   2   2   2   2   2   2   2   2   2   2   2   2   2   2   2   2   2   2   2   2
 CSF       2  ab  ab  ab  ab  ab  ab  ab  ab  ab  ab  ab  ab  ab  ab  ab  ab  ab  ab  ab  ab  ab  ab  ab  ab  ab  ab  ab  ab  ab  ab

              78  79  80  81  82  83  84  85  86  87  88  89  90  91  92  93  94  95  96  97  98  99 100 101 102 103 104 105 106 107
 Ref.      2   2   2   2   2   2   2   2   2   2   2   2   1   1   0   0   0   0   0   0   0   0   0   0   0   0   0   0   0   0   0
 CSF       2  ab  ab  ab  ab  ab  ab  ab  ab  ab  ab  ab   a   b   -   -   -   -   -   -   -   -   -   -   -   -   -   -   -   -   -

             108 109 110 111 112 113 114 115 116 117 118 119 120 121 122 123 124 125 126 127 128 129 130 131 132
 Ref.      2   0   0   0   0   0   0   0   0   0   0   0   0   0   0   0   0   0   0   0   0   0   0   0   0   0
 CSF       2   -   -   -   -   -   -   -   -   -   -   -   -   -   -   -   -   -   -   -   -   -   -   -   -   -

              48  49  50  51  52  53  54  55  56  57  58  59  60  61  62  63  64  65  66  67  68  69  70  71  72  73  74  75  76  77
 Ref.      3   2   2   2   2   2   2   2   2   2   2   2   2   2   2   2   2   2   2   2   2   2   2   2   2   2   2   2   2   2   2
 CSF      44  ab  ab  ab  ab  ab  ab  ab  ab  ab  ab  ab  ab  ab  ab  ab  ab  ab  ab  ab  ab  ab  ab  ab  ab  ab  ab  ab  ab  ab  ab

              78  79  80  81  82  83  84  85  86  87  88  89  90  91  92  93  94  95  96  97  98  99 100 101 102 103 104 105 106 107
 Ref.      3   2   2   2   2   2   2   2   2   2   2   2   0   2   0   0   0   0   0   0   0   0   0   0   0   0   0   0   0   0   0
 CSF      44  ab  ab  ab  ab  ab  ab  ab  ab  ab  ab  ab   -  ab   -   -   -   -   -   -   -   -   -   -   -   -   -   -   -   -   -

             108 109 110 111 112 113 114 115 116 117 118 119 120 121 122 123 124 125 126 127 128 129 130 131 132
 Ref.      3   0   0   0   0   0   0   0   0   0   0   0   0   0   0   0   0   0   0   0   0   0   0   0   0   0
 CSF      44   -   -   -   -   -   -   -   -   -   -   -   -   -   -   -   -   -   -   -   -   -   -   -   -   -


 Number of one-electron generators:    338266
 Number of two-electron generators:  18564585
 
 ==========================================================
 
 Results of CI calculation:
 
 Correlation energy for CI root   2:          1.97883626 eV
 Total energy:                            -6633.08384700 eV
 Electronic energy:                      -51679.80297840 eV
 Nuclear energy:                          45046.71913140 eV
 

 ---------------------------------------------------------------
 State  1,  Mult. 1,  E-E(1)=  0.000000 eV,  E=  -6635.335972 eV
 ---------------------------------------------------------------

  -6635.06      0.976485       1    48  49  50  51  52  53  54  55  56  57  58  59  60  61  62  63  64  65  66  67
                                    ab  ab  ab  ab  ab  ab  ab  ab  ab  ab  ab  ab  ab  ab  ab  ab  ab  ab  ab  ab
 
                                    68  69  70  71  72  73  74  75  76  77  78  79  80  81  82  83  84  85  86  87
                                    ab  ab  ab  ab  ab  ab  ab  ab  ab  ab  ab  ab  ab  ab  ab  ab  ab  ab  ab  ab
 
                                    88  89  90  91  92  93  94  95  96  97  98  99 100 101 102 103 104 105 106 107
                                    ab  ab   -   -   -   -   -   -   -   -   -   -   -   -   -   -   -   -   -   -
 
                                   108 109 110 111 112 113 114 115 116 117 118 119 120 121 122 123 124 125 126 127
                                     -   -   -   -   -   -   -   -   -   -   -   -   -   -   -   -   -   -   -   -
 
                                   128 129 130 131 132
                                     -   -   -   -   -
 
  -6627.95     -0.117866      44    48  49  50  51  52  53  54  55  56  57  58  59  60  61  62  63  64  65  66  67
                                    ab  ab  ab  ab  ab  ab  ab  ab  ab  ab  ab  ab  ab  ab  ab  ab  ab  ab  ab  ab
 
                                    68  69  70  71  72  73  74  75  76  77  78  79  80  81  82  83  84  85  86  87
                                    ab  ab  ab  ab  ab  ab  ab  ab  ab  ab  ab  ab  ab  ab  ab  ab  ab  ab  ab  ab
 
                                    88  89  90  91  92  93  94  95  96  97  98  99 100 101 102 103 104 105 106 107
                                    ab   -  ab   -   -   -   -   -   -   -   -   -   -   -   -   -   -   -   -   -
 
                                   108 109 110 111 112 113 114 115 116 117 118 119 120 121 122 123 124 125 126 127
                                     -   -   -   -   -   -   -   -   -   -   -   -   -   -   -   -   -   -   -   -
 
                                   128 129 130 131 132
                                     -   -   -   -   -
 

 ---------------------------------------------------------------
 State  2,  Mult. 1,  E-E(1)=  2.252125 eV,  E=  -6633.083847 eV
 ---------------------------------------------------------------

  -6631.85     -0.918314       2    48  49  50  51  52  53  54  55  56  57  58  59  60  61  62  63  64  65  66  67
                                    ab  ab  ab  ab  ab  ab  ab  ab  ab  ab  ab  ab  ab  ab  ab  ab  ab  ab  ab  ab
 
                                    68  69  70  71  72  73  74  75  76  77  78  79  80  81  82  83  84  85  86  87
                                    ab  ab  ab  ab  ab  ab  ab  ab  ab  ab  ab  ab  ab  ab  ab  ab  ab  ab  ab  ab
 
                                    88  89  90  91  92  93  94  95  96  97  98  99 100 101 102 103 104 105 106 107
                                    ab   a   b   -   -   -   -   -   -   -   -   -   -   -   -   -   -   -   -   -
 
                                   108 109 110 111 112 113 114 115 116 117 118 119 120 121 122 123 124 125 126 127
                                     -   -   -   -   -   -   -   -   -   -   -   -   -   -   -   -   -   -   -   -
 
                                   128 129 130 131 132
                                     -   -   -   -   -
 
  -6623.17     -0.121007     129    48  49  50  51  52  53  54  55  56  57  58  59  60  61  62  63  64  65  66  67
                                    ab  ab  ab  ab  ab  ab  ab  ab  ab  ab  ab  ab  ab  ab  ab  ab  ab  ab  ab  ab
 
                                    68  69  70  71  72  73  74  75  76  77  78  79  80  81  82  83  84  85  86  87
                                    ab  ab  ab  ab  ab  ab  ab  ab  ab  ab  ab  ab  ab  ab  ab  ab  ab  ab  ab  ab
 
                                    88  89  90  91  92  93  94  95  96  97  98  99 100 101 102 103 104 105 106 107
                                     a   b   a   b   -   -   -   -   -   -   -   -   -   -   -   -   -   -   -   -
 
                                   108 109 110 111 112 113 114 115 116 117 118 119 120 121 122 123 124 125 126 127
                                     -   -   -   -   -   -   -   -   -   -   -   -   -   -   -   -   -   -   -   -
 
                                   128 129 130 131 132
                                     -   -   -   -   -
 
  -6626.63      0.108047     170    48  49  50  51  52  53  54  55  56  57  58  59  60  61  62  63  64  65  66  67
                                    ab  ab  ab  ab  ab  ab  ab  ab  ab  ab  ab  ab  ab  ab  ab  ab  ab  ab  ab  ab
 
                                    68  69  70  71  72  73  74  75  76  77  78  79  80  81  82  83  84  85  86  87
                                    ab  ab  ab  ab  ab  ab  ab  ab  ab  ab  ab  ab  ab  ab  ab  ab  ab  ab  ab  ab
 
                                    88  89  90  91  92  93  94  95  96  97  98  99 100 101 102 103 104 105 106 107
                                     a   a   b   b   -   -   -   -   -   -   -   -   -   -   -   -   -   -   -   -
 
                                   108 109 110 111 112 113 114 115 116 117 118 119 120 121 122 123 124 125 126 127
                                     -   -   -   -   -   -   -   -   -   -   -   -   -   -   -   -   -   -   -   -
 
                                   128 129 130 131 132
                                     -   -   -   -   -
 


 Population analysis of state  1:


 Net atomic charges (atomic units):

      1   -0.513521
      2    0.200313
      3    0.199035
      4   -0.320888
      5    0.187020
      6    0.182407
      7    0.667451
      8   -0.670564
      9   -0.606710
     10    0.450151
     11    0.366994
     12   -0.606522
     13   -0.460228
     14    0.314931
     15   -0.166350
     16    0.210928
     17    0.500834
     18   -0.603983
     19   -0.433844
     20    0.297055
     21   -0.583829
     22    0.222534
     23    0.188151
     24    0.049474
     25   -0.263518
     26   -0.281988
     27    0.496175
     28   -0.756144
     29   -0.169257
     30   -0.151728
     31    0.257106
     32    0.199489
     33    0.579108
     34   -0.619019
     35   -0.047902
     36    0.210885
     37   -0.076100
     38   -0.137295
     39   -0.133848
     40   -0.363937
     41   -0.367444
     42    0.533455
     43    0.213731
     44    0.209710
     45    0.238092
     46    0.212174
     47   -0.704835
     48   -0.702329
     49    0.384723
     50   -0.696672
     51    0.405754
     52    0.365391
     53    0.118186
     54    0.199024
     55    0.279903
     56    0.259659
     57    0.238611


 Population analysis of state  2:


 Net atomic charges (atomic units):

      1   -0.514119
      2    0.200181
      3    0.198803
      4   -0.321721
      5    0.185701
      6    0.181963
      7    0.667150
      8   -0.665974
      9   -0.608871
     10    0.451173
     11    0.365188
     12   -0.614510
     13   -0.452399
     14    0.314755
     15   -0.165739
     16    0.201158
     17    0.448365
     18   -0.629596
     19   -0.431983
     20    0.153169
     21   -0.557066
     22    0.206421
     23    0.194546
     24    0.170312
     25   -0.340983
     26   -0.289722
     27    0.497919
     28   -0.693369
     29    0.003251
     30   -0.162277
     31    0.271407
     32    0.195567
     33    0.580690
     34   -0.612336
     35   -0.163301
     36    0.212946
     37    0.012202
     38   -0.181816
     39   -0.176118
     40   -0.328739
     41   -0.328233
     42    0.508889
     43    0.217161
     44    0.210658
     45    0.242169
     46    0.214629
     47   -0.687827
     48   -0.701726
     49    0.383590
     50   -0.699499
     51    0.406608
     52    0.366269
     53    0.116372
     54    0.192481
     55    0.276404
     56    0.240027
     57    0.239801



 Using ECP-3G basis for the evaluation spectroscopic observables.


 AO basis set for the evaluation of spectroscopic observables:

                                          0
  1   1   1    0.7440595418E+01    0.1543289673E+00
  1   1   2    0.1355313744E+01    0.5353281423E+00
  1   1   3    0.3668007912E+00    0.4446345422E+00

                                          0                   1
  6   1   1    0.5335867171E+01   -0.1918800000E+00    0.2025900000E+00
  6   1   2    0.1093759362E+01    0.6162800000E+00    0.5583000000E+00
  6   1   3    0.2918440087E+00    0.5489600000E+00    0.4551400000E+00

                                          0                   1
  7   1   1    0.6541774069E+01   -0.1926900000E+00    0.2228100000E+00
  7   1   2    0.1375115320E+01    0.6188800000E+00    0.5603200000E+00
  7   1   3    0.3635452037E+00    0.5492600000E+00    0.4385900000E+00

                                          0                   1
  8   1   1    0.1152778066E+02   -0.1924800000E+00    0.2415800000E+00
  8   1   2    0.2405781781E+01    0.6695200000E+00    0.5589000000E+00
  8   1   3    0.6188395415E+00    0.5027000000E+00    0.4316000000E+00



 State dipole moments:

   #    Symmetry       eV         cm-1     mu_r(x)/D   mu_r(y)/D   mu_r(z)/D    |mu_r|/D     phi/deg   theta/deg
   1     A   (1)    0.000000        0.00    4.769094   -8.692531    3.473033   10.505537    -61.2489     70.6954
   2     A   (1)    2.252125    18165.54    2.462763  -12.595959    2.063580   12.999298    -78.9371     80.8659



 Properties of transitions   1 -> #:

   #    Symmetry       eV         cm-1        nm        f_r         f_p         f_rp        R/DBM
   2     A   (1)    2.252125    18165.54    550.49    0.835089    0.357008    0.546015   -1.113632



 Dipole-length electric dipole transition moments   1 -> #:

   #    Symmetry       eV         cm-1     mu_r(x)/D   mu_r(y)/D   mu_r(z)/D    |mu_r|/D     phi/deg   theta/deg
   2     A   (1)    2.252125    18165.54    0.737933   -9.780351   -1.253865    9.887972    -85.6852     97.2851



 Dipole-velocity electric dipole transition moments   1 -> #:

   #    Symmetry       eV         cm-1     mu_p(x)/D   mu_p(y)/D   mu_p(z)/D    |mu_p|/D     phi/deg   theta/deg
   2     A   (1)    2.252125    18165.54    0.492822   -6.395511   -0.808087    6.465171    -85.5936     97.1802



 Magnetic dipole transition moments   1 -> #:

   #    Symmetry       eV         cm-1      m(x)/iBM    m(y)/iBM    m(z)/iBM      |m|/BM     phi/deg   theta/deg
   2     A   (1)    2.252125    18165.54    0.322870   -0.142515   -0.053286    0.356925    -23.8166     98.5859




 CI HEAT OF FORMATION      -405.67909 KCAL/MOL




     TIME FOR ENERGY EVALUATION       7.289 SECONDS



 COMPUTATION TIME                 7.306 SECONDS


