


 PROGRAM MNDO2005.
 VERSION 7.0 OF 4 AUGUST 2005.

 COPYRIGHT BY WALTER THIEL,
 MAX-PLANCK-INSTITUT FUER KOHLENFORSCHUNG,
 D-45470 MUELHEIM, GERMANY.


 ***** STANDARD INPUT USING KEYWORDS *****

 IOP    =   -6     JOP    =   -1     IGEOM  =    1     IFORM  =    1     MMINP  =    2
 NSAV15 =    4     ICUTS  =   -1     ICUTG  =   -1     ISCF   =   11     IPLSCF =   11
 KHARGE =   -1     KTRIAL =   11     IPUBO  =    1     KITSCF =  100     NPRINT =   -4
 IFAST  =    2     KCI    =    5     NUMATM = 4035     MMCOUP =    2     MMLINK =    2
 NLINK  =    5     ICI1   =   42     ICI2   =   43     IOUTCI =    1     MOVO   =    0
 NCIREF =    3     MCIREF =    0     LEVEXC =    1     IROOT  =    2     LROOT  =    2
 MULTCI =    1     IUVCD  =    2     IPOP   =    2


 DSTEP  =  0.0000  DPREC  =  0.0000


 ***********************************************************************
 * INPUT OF OPTIONS VIA KEYWORDS
 * NUMBER OF MNDO97 KEYWORDS FOUND: 33
 * MOPAC KEYWORDS NOT FOUND: IMOPAC=-1
 ***********************************************************************



 *** OPTIONS FROM THE FIRST LINE OF INPUT    ***
 *** DEFINED EITHER EXPLICITLY OR BY DEFAULT ***

 LIMIT  =    0     IOP    =   -6     JOP    =   -1     IGEOM  =    1     IFORM  =    1
 NEXMOL =    1     MPLIB  =    0     IEF    =    0     IDIIS  =    0     INREFD =    0
 IPAROK =    0     MMINP  =    2     NMR    =    0     NSAV7  =    0     NSAV8  =    0
 NSAV9  =    0     NSAV13 =    0     NSAV15 =    4     NSAV16 =    0     IMMOK  =    0
 IHBOND =    0     IFLD1  =    0     IFLD2  =    0     IFLD3  =    0     ICUTR  =   -1
 ICUTG  =   -1     IEXBAS =    0     ICOSMO =    0     IPSANA =    0



 OM2    

 STANDARD CALCULATION FOR INPUT GEOMETRY

 INPUT IN CARTESIAN COORDINATES

 INPUT OF MOLECULAR DATA IN FREE FORMAT



 *** OPTIONS FROM THE SECOND LINE OF INPUT   ***
 *** DEFINED EITHER EXPLICITLY OR BY DEFAULT ***


 MAXEND =    1     MAXLIN =    4     MAXRTL = 9999     ISCF   =   11     IPLSCF =   11
 MIDDLE =    0     IPRINT =    0     KPRINT =    0     LPRINT =    0     MPRINT =    0
 JPRINT =    0     IPREC  =    1     ICONV  =    0     IHESS  =    0     IDFP   =    0
 NREPET =    3     LINITG =   10     LCONVG =   10     LGDUM  =    0     IHDLC1 =    0
 IHDLC2 =    0     IHDLC3 =    0     INGEOM =    0     INTDIR =    0     LINDMS =    0
 LINDIA =    0     LINFRG =    0     INPFRG =    0     INP21  =    0     INP22  =    0
 INP23  =    0     INP24  =    0     INP25  =    0



                                                                                 
 ChemShell MNDO interface:                                                       


     INPUT GEOMETRY


      ATOM      ATOMIC              X-COORDINATE         Y-COORDINATE         Z-COORDINATE
     NUMBER     NUMBER               (ANGSTROMS)          (ANGSTROMS)          (ANGSTROMS)

        1          6                   2.18384             13.01614              2.03070  
        2          1                   3.19694             13.12293              2.43703  
        3          1                   2.28265             12.81020              0.95234  
        4          6                   1.47781             11.85172              2.69487  
        5          1                   0.37398             11.95195              2.71371  
        6          1                   1.84011             11.70162              3.73102  
        7          6                   1.81363             10.62142              1.87187  
        8          8                   1.01766              9.69918              1.60200  
        9          8                   3.03895             10.59436              1.38354  
       10          1                   3.13649              9.80831              0.66395  
       11          6                  -0.19041              5.55552              4.22923  
       12          8                  -1.05755              6.16284              3.57785  
       13          7                   1.08601              6.05427              4.27011  
       14          1                   1.79610              5.55686              4.79933  
       15          6                   1.53021              7.14550              3.45806  
       16          1                   0.65172              7.72369              3.06727  
       17          6                   2.14987              6.55782              2.16441  
       18          8                   3.13254              7.05154              1.57616  
       19          7                   1.42055              5.54240              1.52766  
       20          6                   1.91721              4.67355              0.70513  
       21          6                   3.35667              4.51869              0.32450  
       22          1                   3.65191              3.47147              0.45081  
       23          1                   3.96059              5.14611              0.98997  
       24          6                   0.97847              3.64335              0.20302  
       25          7                   1.30279              2.37900             -0.05831  
       26          7                  -0.42452              3.85204              0.15392  
       27          6                  -0.99551              2.59891             -0.09143  
       28          8                  -2.24384              2.42193             -0.07085  
       29          6                   0.13296              1.67086             -0.22636  
       30          6                  -1.19002              5.01552              0.46059  
       31          1                  -0.79315              5.57990              1.33348  
       32          1                  -2.25374              4.72076              0.65013  
       33          6                  -1.24842              5.98351             -0.73352  
       34          8                  -1.67835              7.14502             -0.54887  
       35          6                  -0.12255              0.29360             -0.34535  
       36          1                  -1.18100              0.04760             -0.57226  
       37          6                   0.75558             -0.76397             -0.15989  
       38          6                   2.12639             -0.62112              0.23819  
       39          6                   0.21243             -2.09015             -0.30345  
       40          6                   2.91865             -1.71504              0.39749  
       41          6                   0.98975             -3.19239             -0.15238  
       42          6                   2.40178             -3.04875              0.15261  
       43          1                   2.50532              0.38659              0.44353  
       44          1                  -0.85576             -2.18572             -0.56027  
       45          1                   3.94430             -1.64012              0.74620  
       46          1                   0.58075             -4.19700             -0.24433  
       47          8                   3.14674             -4.05830              0.21505  
       48          7                  -0.83959              5.57287             -1.97475  
       49          1                  -0.55119              4.61860             -2.14701  
       50          8                   2.68524              8.76814             -0.12022  
       51          1                   3.08445              7.95439              0.27827  
       52          1                   1.73355              8.71282              0.11313  
       53          1                   1.67152             13.97638              2.09025  
       54          1                  -0.38532              4.61373              4.74217  
       55          1                   2.18052              7.81145              4.02522  
       56          1                   3.53700              4.81835             -0.70786  
       57          1                  -0.70169              6.17207             -2.76336  



     **********

     *  VARIABLES TO BE OPTIMIZED, OF WHICH THERE ARE   0



     INITIAL INTERATOMIC DISTANCES (ANGSTROMS)


             1           2           3           4           5           6           7           8           9          10
 ----------------------------------------------------------------------------------------------------------------------------
   1      0.00000
   2      1.09676     0.00000
   3      1.10228     1.77145     0.00000
   4      1.51509     2.15357     2.14543     0.00000
   5      2.20785     3.06869     2.73533     1.10853     0.00000
   6      2.17652     2.35277     3.02421     1.10788     1.80198     0.00000
   7      2.42837     2.91385     2.41997     1.51781     2.13345     2.15034     0.00000
   8      3.54204     4.14351     3.42064     2.45755     2.59330     3.03627     1.24778     0.00000
   9      2.64860     2.74381     2.38073     2.39536     3.27330     2.85901     1.31932     2.22142     0.00000
  10      3.61466     3.75954     3.13426     3.32436     4.05317     3.83042     1.96728     2.31977     1.07013     0.00000
  11      8.13213     8.48244     8.33573     6.69173     6.59770     6.49197     5.93605     5.05288     6.62696     6.47037
  12      7.73745     8.23681     7.88908     6.29055     6.02577     6.25283     5.57072     4.55150     6.42142     6.27457
  13      7.39513     7.60146     7.62117     6.02041     6.14101     5.72292     5.20959     4.51761     5.72352     5.59479
  14      7.96596     8.04911     8.22478     6.64494     6.87528     6.23708     5.84979     5.29034     6.21198     6.08053
  15      6.07693     6.28889     6.23968     4.76799     4.99929     4.57479     3.83123     3.19827     4.29821     4.18064
  16      5.60642     6.00226     5.74504     4.22632     4.25210     4.20437     3.34303     2.48666     4.09568     4.03679
  17      6.45979     6.65367     6.37016     5.36268     5.70545     5.38598     4.08796     3.38619     4.20640     3.71355
  18      6.05666     6.13245     5.85437     5.19917     5.73739     5.28555     3.81720     3.38871     3.54928     2.90378
  19      7.52944     7.83881     7.34133     6.41663     6.60184     6.55490     5.10582     4.17691     5.30681     4.67851
  20      8.45146     8.71948     8.14861     7.46179     7.70657     7.65217     6.06212     5.18368     6.06420     5.27770
  21      8.74605     8.86122     8.38432     7.93234     8.35812     8.09313     6.48218     5.82584     6.17545     5.30507
  22      9.78530     9.86422     9.45190     8.94378     9.36932     9.04311     7.51801     6.85922     7.20980     6.36134
  23      8.13495     8.14289     7.84571     7.35092     7.88381     7.41515     5.94695     5.45580     5.53964     4.74568
  24      9.62510     9.98874     9.28943     8.59279     8.70068     8.83883     7.22330     6.21544     7.34545     6.54799
  25     10.87608    11.19136    10.52576     9.86626    10.00941    10.07765     8.48081     7.51152     8.51970     7.68627
  26      9.71116    10.21161     9.39228     8.60640     8.53222     8.91852     7.33384     6.19402     7.67896     6.95831
  27     11.09642    11.60710    10.77527     9.97473     9.86021    10.27186     8.72391     7.57195     9.07632     8.34383
  28     11.67297    12.26389    11.37771    10.50813    10.26782    10.82799     9.35248     8.14826     9.83929     9.16769
  29     11.74802    12.15038    11.40594    10.67671    10.69594    10.91748     9.34558     8.28128     9.52184     8.71963
  30      8.82373     9.42772     8.54742     7.67092     7.45901     8.03625     6.51459     5.30220     7.06113     6.45995
  31      8.04029     8.60442     7.86658     6.80782     6.62347     7.08221     5.70106     4.50772     6.31128     5.81118
  32      9.50850    10.17347     9.27951     8.30398     7.96577     8.65932     7.27008     6.03264     7.94038     7.41202
  33      8.29936     8.98805     7.86857     7.32271     7.08082     7.88466     6.13796     4.93923     6.64255     5.98410
  34      7.48604     8.27161     7.07371     6.52964     6.16142     7.17353     5.48993     4.29167     6.15509     5.63442
  35     13.14641    13.54076    12.81149    12.05795    12.06323    12.27239    10.73912     9.67249    10.91282    10.10790
  36     13.64847    14.11334    13.31185    12.53318    12.44705    12.78520    11.25821    10.13481    11.52681    10.74432
  37     14.02605    14.33702    13.70501    12.95480    13.04216    13.10367    11.61356    10.61369    11.68792    10.86833
  38     13.75468    13.95993    13.45120    12.72900    12.93372    12.81138    11.36492    10.46889    11.31068    10.48687
  39     15.41216    15.74342    15.09580    14.31666    14.36349    14.46164    12.99538    11.96943    13.10465    12.29062
  40     14.83965    14.98007    14.54974    13.83513    14.09351    13.86659    12.47330    11.63396    12.34941    11.52849
  41     16.39843    16.66633    16.09270    15.31895    15.42546    15.41543    13.98563    13.01043    14.02258    13.20201
  42     16.17577    16.35158    15.87955    15.14400    15.35227    15.18861    13.79041    12.90450    13.71334    12.88818
  43     12.73296    12.90995    12.43602    11.72917    11.97723    11.80169    10.35714     9.50155    10.26484     9.44541
  44     15.71780    16.11717    15.39530    14.59765    14.56383    14.78314    13.30654    12.22440    13.50102    12.70014
  45     14.81740    14.87834    14.54701    13.85318    14.19023    13.83252    12.49609    11.74212    12.28447    11.47719
  46     17.43668    17.72044    17.13398    16.34029    16.41893    16.43640    15.01945    14.02510    15.08234    14.26553
  47     17.19768    17.32438    16.90670    16.18837    16.43957    16.20013    14.83295    13.99016    14.69957    13.87387
  48      8.97703     9.63124     8.40804     8.16086     8.00919     8.79193     6.87924     5.76792     7.17889     6.38051
  49      9.76998    10.36270     9.20538     8.93749     8.84650     9.50993     7.60116     6.50605     7.81432     6.95942
  50      4.78784     5.07599     4.20128     4.34639     4.84869     4.91443     2.85706     2.57171     2.39196     1.37859
  51      5.43171     5.60239     4.96752     4.85906     5.40912     5.24515     3.35673     3.01134     2.86237     1.89433
  52      4.73270     5.19530     4.21833     4.07228     4.37075     4.69397     2.59660     1.92410     2.61881     1.86326
  53      1.08998     1.78200     1.74020     2.21749     2.48407     2.80982     3.36506     4.35435     3.71583     4.64255
  54      9.19528     9.51592     9.41610     7.74927     7.65119     7.49754     7.01187     6.13928     7.66642     7.48456
  55      5.57378     5.63625     5.86861     4.31131     4.70398     3.91610     3.55914     3.28447     3.93192     4.02486
  56      8.74841     8.88662     8.25830     8.08005     8.52057     8.36436     6.58033     5.95861     6.16314     5.19057
  57      8.84029     9.51619     8.17175     8.17318     8.03507     8.90020     6.89993     5.86967     7.12361     6.30082


            11          12          13          14          15          16          17          18          19          20
 ----------------------------------------------------------------------------------------------------------------------------
  11      0.00000
  12      1.24300     0.00000
  13      1.37101     2.25518     0.00000
  14      2.06671     3.16268     1.01574     0.00000
  15      2.46643     2.77064     1.43092     2.09606     0.00000
  16      2.60005     2.37034     2.10295     3.00080     1.12194     0.00000
  17      3.27796     3.52722     2.41233     2.84076     1.55012     2.10210     0.00000
  18      4.50764     4.72793     3.52707     3.79591     2.47343     2.97147     1.24717     0.00000
  19      3.14545     3.27554     2.80979     3.29319     2.51165     2.77840     1.40301     2.28271     0.00000
  20      4.19991     4.39541     3.91234     4.19016     3.72008     4.06012     2.39461     2.80902     1.29543     0.00000
  21      5.37622     5.72475     4.80435     4.85153     4.47831     5.01114     2.99995     2.83412     2.49883     1.49697
  22      5.77782     6.26106     5.27653     5.16746     5.20036     5.82481     3.83643     3.78855     3.22914     2.12576
  23      5.28122     5.73694     4.45503     4.40057     3.99947     4.68056     2.57894     2.15869     2.62639     2.11656
  24      4.60794     4.67789     4.72920     5.04541     4.81298     4.99599     3.70316     4.25926     2.35723     1.48143
  25      5.54103     5.75415     5.68242     5.82571     5.92757     6.22566     4.80839     5.27751     3.54067     2.49505
  26      4.42321     4.17897     4.90658     5.42378     5.05818     4.96342     4.24155     4.99122     2.85461     2.54212
  27      5.29696     5.11556     5.94098     6.36099     6.29679     6.24132     5.53671     6.29663     4.13799     3.66368
  28      5.70321     5.35861     6.56702     7.06170     7.00063     6.80740     6.43480     7.28364     5.07153     4.79440
  29      5.92009     6.00560     6.35145     6.56694     6.74529     6.91042     5.80226     6.41859     4.44110     3.61488
  30      3.93617     3.32433     4.55760     5.29478     4.57398     4.18581     4.05420     4.90657     2.86903     3.13554
  31      2.95792     2.33386     3.51853     4.32631     3.51610     3.11280     3.21063     4.19948     2.22252     2.92615
  32      4.21475     3.47591     5.10259     5.85800     5.29925     4.82720     5.00595     5.94156     3.86595     4.17158
  33      5.09229     4.31932     5.52186     6.32958     5.16143     4.59182     4.50291     5.06637     3.52575     3.71576
  34      5.25078     4.28718     5.66163     6.57247     5.13326     4.34058     4.72884     5.26015     4.06000     4.53969
  35      6.97274     7.12134     7.47986     7.60598     8.00912     8.21289     7.12062     7.74323     5.78267     4.94449
  36      7.37379     7.39153     8.04164     8.25041     8.60083     8.69065     7.80814     8.50162     6.43200     5.71227
  37      7.75211     8.07705     8.13772     8.10120     8.73209     9.08106     7.80737     8.35141     6.56204     5.62710
  38      7.71018     8.20444     7.86763     7.68639     8.42872     8.93387     7.43290     7.85316     6.33640     5.31933
  39      8.89740     9.20810     9.38147     9.32862    10.05896    10.38586     9.19953     9.77908     7.94156     7.04777
  40      8.78690     9.38007     8.87231     8.57420     9.47650    10.06759     8.49431     8.84805     7.49614     6.47391
  41      9.85481    10.27747    10.25029    10.08559    10.96355    11.38601    10.08861    10.60743     8.90532     7.96671
  42      9.86772    10.41886    10.07720     9.79875    10.75214    11.29617     9.81820    10.22626     8.75566     7.75719
  43      6.95100     7.47549     6.98425     6.79763     7.46466     8.00955     6.41654     6.78954     5.37908     4.33501
  44      9.12737     9.32004     9.74682     9.78291    10.43607    10.65964     9.63884    10.28581     8.32256     7.50601
  45      9.00026     9.69138     8.93260     8.53459     9.50627    10.19359     8.51103     8.76885     7.65301     6.63123
  46     10.75728    11.16330    11.21267    11.04778    11.96919    12.37233    11.13240    11.67713     9.93485     9.02076
  47     10.93964    11.55231    11.08847    10.73737    11.77520    12.37641    10.83955    11.19291     9.84256     8.83159
  48      6.23787     5.58810     6.55270     7.26879     6.13225     5.68084     5.19996     5.52931     4.16846     3.94847
  49      6.45480     5.95106     6.77650     7.39201     6.49109     6.18687     5.44469     5.77504     4.27135     3.77236
  50      6.12438     5.87126     5.40348     5.94179     4.09526     3.92252     3.22361     2.45449     3.83671     4.24697
  51      5.66475     5.59044     4.85170     5.27712     3.63057     3.70809     2.52613     1.58176     3.18547     3.50836
  52      5.53285     5.12805     4.97671     5.65017     3.69951     3.29783     3.00417     2.61868     3.48574     4.08655
  53      8.88554     8.40905     8.23738     8.84550     6.96791     6.41020     7.43433     7.09593     8.45644     9.40859
  54      1.08998     2.05116     2.11253     2.37726     3.42462     3.68138     4.10506     5.32371     3.80219     4.64789
  55      3.27905     3.66103     2.08461     2.41458     1.08998     1.80627     2.24391     2.73527     3.45889     4.57590
  56      6.22992     6.42532     5.68463     5.82282     5.17665     5.56933     3.63316     3.21986     3.16246     2.15435
  57      7.03832     6.35119     7.25806     7.98823     6.68095     6.18349     5.70641     5.85716     4.82839     4.59724


            21          22          23          24          25          26          27          28          29          30
 ----------------------------------------------------------------------------------------------------------------------------
  21      0.00000
  22      1.09536     0.00000
  23      1.09600     1.78617     0.00000
  24      2.53708     2.69039     3.43083     0.00000
  25      2.99053     2.64028     3.97740     1.33119     0.00000
  26      3.84329     4.10491     4.64787     1.41928     2.28001     0.00000
  27      4.77494     4.75962     5.67632     2.25259     2.30903     1.39877     0.00000
  28      5.99320     6.01112     6.85867     3.45690     3.54691     2.32501     1.26098     0.00000
  29      4.33658     4.01046     5.31108     2.18861     1.37776     2.28319     1.46728     2.49749     0.00000
  30      4.57578     5.08218     5.17939     2.57906     3.66532     1.42609     2.48648     2.84950     3.66182     0.00000
  31      4.40059     4.99832     4.78583     2.85777     4.07134     2.12432     3.31023     3.74825     4.30945     1.11264
  32      5.62348     6.03963     6.23813     3.43626     4.31678     2.08493     2.57590     2.40926     3.97070     1.11995
  33      4.94691     5.63260     5.55026     3.36340     4.46733     2.45143     3.45424     3.75697     4.55679     1.53828
  34      5.74559     6.55027     6.17748     4.45935     5.64294     3.59302     4.61982     4.78078     5.77506     2.40671
  35      5.51408     4.99793     6.48089     3.56844     2.54222     3.60595     2.47810     3.01745     1.40580     4.90770
  36      6.43314     6.01054     7.40752     4.26542     3.44511     3.94631     2.60284     2.64924     2.11686     5.07416
  37      5.90820     5.16726     6.82080     4.42785     3.19187     4.77479     3.79209     4.37658     2.51406     6.12967
  38      5.28570     4.37283     6.09839     4.41640     3.12521     5.15008     4.49705     5.33428     3.07290     6.54368
  39      7.34556     6.58259     8.25136     5.80657     4.60676     5.99370     4.84678     5.14259     3.76263     7.28293
  40      6.24953     5.23836     6.96506     5.70214     4.42492     6.49834     5.84550     6.63213     4.42872     7.88578
  41      8.08026     7.20125     8.92533     6.84499     5.58097     7.19152     6.12243     6.47946     4.93870     8.51451
  42      7.62939     6.64568     8.38373     6.84197     5.54191     7.45713     6.59524     7.18053     5.25032     8.83337
  43      4.22058     3.29108     5.00694     3.60494     2.38068     4.54721     4.17569     5.19247     2.77961     5.92308
  44      7.96722     7.30378     8.90821     6.15834     5.07425     6.09513     4.80958     4.83702     3.99528     7.28092
  45      6.20114     5.12846     6.79063     6.08327     4.87628     7.04281     6.56298     7.44721     5.14148     8.41073
  46      9.16474     8.28979    10.01202     7.86317     6.61813     8.12134     6.97799     7.19852     5.88495     9.40761
  47      8.58025     7.55037     9.27276     8.00105     6.70176     8.67934     7.84669     8.43406     6.48852    10.05991
  48      4.89963     5.52022     5.65803     3.43090     4.29689     2.76853     3.52359     3.94020     4.38502     2.52276
  49      4.62490     5.07254     5.52042     2.96877     3.57990     2.42857     2.91582     3.46423     3.58415     2.71390
  50      4.32509     5.41435     3.99726     5.41119     6.53728     5.82355     7.18388     8.03570     7.54299     5.42560
  51      3.44677     4.52198     3.02664     4.79852     5.86281     5.39978     6.74269     7.68899     6.96051     5.19050
  52      4.50221     5.59159     4.29533     5.12618     6.35076     5.31847     6.69847     7.44505     7.22955     4.72632
  53      9.76757    10.81494     9.18825    10.52680    11.80049    10.51880    11.88780    12.38974    12.61585     9.54679
  54      5.79028     6.00165     5.76622     4.83792     5.55773     4.65120     5.27214     5.60564     5.79788     4.37503
  55      5.09126     5.81179     4.41423     5.78163     6.85253     6.11965     7.36237     8.08701     7.74438     5.64663
  56      1.08998     1.78039     1.78030     2.95911     3.37106     4.16774     5.08424     6.29020     4.66112     4.87328
  57      5.36086     6.04798     6.07264     4.24462     5.07175     3.73764     4.47136     4.86738     5.23392     3.45976


            31          32          33          34          35          36          37          38          39          40
 ----------------------------------------------------------------------------------------------------------------------------
  31      0.00000
  32      1.82713     0.00000
  33      2.15468     2.12596     0.00000
  34      2.60316     2.76510     1.25222     0.00000
  35      5.58687     5.01324     5.81320     7.02879     0.00000
  36      5.86418     4.94807     5.93848     7.11486     1.11010     0.00000
  37      6.69876     6.30828     7.06212     8.28417     1.38708     2.13988     0.00000
  38      6.94089     6.92032     7.48028     8.68380     2.49699     3.47028     1.43457     0.00000
  39      7.90698     7.30614     8.21601     9.42993     2.40754     2.56591     1.44026     2.47278     0.00000
  40      8.23831     8.26056     8.82673    10.02640     3.71959     4.56667     2.42777     1.36004     2.82057     0.00000
  41      9.07412     8.58965     9.46278    10.68355     3.66424     3.92251     2.43970     2.83830     1.35720     2.49110
  42      9.27662     9.07120     9.78217    11.00239     4.21800     4.79053     2.83334     2.44470     2.43314     1.45117
  43      6.21630     6.44021     6.84116     8.01027     2.74530     3.83871     2.17933     1.09600     3.45681     2.14238
  44      7.99344     7.14975     8.18050     9.36694     2.59439     2.25692     2.18589     3.46103     1.10278     3.92237
  45      8.65546     8.88176     9.34203    10.51048     4.63358     5.55477     3.42878     2.14505     3.90271     1.08590
  46      9.99824     9.40004    10.35509    11.56883     4.54647     4.60738     3.43851     3.92540     2.13962     3.46955
  47     10.47227    10.31631    11.00250    12.22209     5.47187     6.01727     4.08788     3.58551     3.57108     2.36139
  48      3.30856     3.10095     1.36982     2.28217     5.57133     5.71070     6.78188     7.21523     7.91339     8.53613
  49      3.61890     3.27615     2.08496     3.19490     4.70482     4.87550     5.88459     6.34927     6.99922     7.65697
  50      4.93733     6.43181     4.85839     4.67537     8.93040     9.54986     9.72554     9.41269    11.13780    10.49855
  51      4.66770     6.25227     4.86640     4.90138     8.32835     9.02412     9.03467     8.62895    10.46325     9.67158
  52      4.20579     5.66775     4.13015     3.81278     8.63357     9.16790     9.53103     9.34303    10.91748    10.49883
  53      8.78340    10.15619     8.96581     8.05320    14.01318    14.46502    14.93921    14.72155    16.30926    15.83166
  54      3.56637     4.49969     5.71003     6.00620     6.67947     7.05165     7.36556     7.34834     8.41175     8.35738
  55      4.58999     6.37230     6.14367     6.02141     8.99578     9.62881     9.64798     9.24406    10.98419    10.22053
  56      4.84739     5.94864     4.92529     5.71302     5.83070     6.71103     6.26089     5.69847     7.67747     6.65502
  57      4.14043     4.02083     2.11062     2.60854     6.38268     6.52225     7.55052     7.94700     8.66897     9.23604


            41          42          43          44          45          46          47          48          49          50
 ----------------------------------------------------------------------------------------------------------------------------
  41      0.00000
  42      1.45172     0.00000
  43      3.93207     3.44919     0.00000
  44      2.14141     3.44450     4.34985     0.00000
  45      3.45635     2.17163     2.50396     5.00451     0.00000
  46      1.08856     2.18910     5.01860     2.49171     4.33961     0.00000
  47      2.35316     1.25620     4.49673     4.48638     2.60112     2.61047     0.00000
  48      9.13769     9.45328     6.62827     7.88649     9.07283    10.02308    10.65107     0.00000
  49      8.20760     8.53209     5.82778     6.99352     8.23113     9.08935     9.72329     1.01167     0.00000
  50     12.08015    11.82343     8.40241    11.52039    10.51987    13.13541    12.83911     5.10621     5.63923     0.00000
  51     11.35006    11.02501     7.59173    10.91101     9.64432    12.41764    12.01301     5.11329     5.49794     0.99013
  52     11.93138    11.78060     8.36845    11.22213    10.60526    12.96611    12.84947     4.56504     5.20489     0.98143
  53     17.32804    17.15059    13.71457    16.57184    15.83815    18.35516    18.19181     9.66690    10.51013     5.74801
  54      9.31574     9.35658     6.68601     8.63538     8.59209    10.16993    10.40069     6.80024     6.89118     7.09438
  55     11.83025    11.53213     8.25000    11.41005    10.15850    12.84489    12.50367     7.08039     7.46679     4.28424
  56      8.42431     7.99502     4.69367     8.26892     6.63264     9.49898     8.93302     4.61831     4.33870     4.08309
  57      9.86770    10.15667     7.35125     8.64465     9.74333    10.74746    11.32880     0.99999     1.67804     5.01966


            51          52          53          54          55          56          57
 ----------------------------------------------------------------------------------------
  51      0.00000
  52      1.55801     0.00000
  53      6.44547     5.62298     0.00000
  54      6.56701     6.53606     9.94598     0.00000
  55      3.85710     4.03939     6.48148     4.16208     0.00000
  56      3.31843     4.36959     9.75597     6.71783     5.76201     0.00000
  57      5.17330     4.54533     9.49194     7.67212     7.55510     4.90145     0.00000



 MOLECULAR CHARGE        -1
 NUMBER OF ELECTRONS    178
 DOUBLY OCCUPIED MOS     89


 *** OPTIONS FOR THE MOLECULE UNDER STUDY    ***
 *** DEFINED EITHER EXPLICITLY OR BY DEFAULT ***

 KHARGE =   -1     IMULT  =    0     KTRIAL =   11     KGEOM  =    0     IPUBO  =    1
 IUHF   =    0     KITSCF =  100     NPRINT =   -4     IFAST  =    2     IDIAG  =    0
 KSYM   =    0     NUMSYM =    0     KCI    =    5     NSTART =    4     NSTEP  =    4

 FAST DIAGONALIZATIONS NOT ALLOWED IN SCF

 ANALYTICAL GRADIENT SELECTED BY DEFAULT.

 CHKANA: IPSANA =  1, ISKPA = -3, ISKPAF =  0



 *** OPTIONS FOR THE GUGA-CI CALCULATIONS    ***
 *** DEFINED EITHER EXPLICITLY OR BY DEFAULT ***

 ICI1   =   42     ICI2   =   43     IOUTCI =    1     MOVO   =    0     MPERT  =    0
 NCIREF =    3     MCIREF =    0     LEVEXC =    1     IROOT  =    2     LROOT  =    2
 CICHG  =   -1     MULTCI =    1     NCISYM =    0     CIDIR  =    1     CIDIAG =    0
 IUVCD  =    2     IMCD   =    0     IPOP   =    2     CIPLOT =    0     CILEAD = 1000
 JCI1   =    0     JCI2   =    0     PIPOP  = 4000     INATUR =    0     CISELT =   85
 IMOMAP =    0     ICIMAP =    0     KEEPCI =    0     NCIGRD =    0     ICROSS =    0
 MINDAV =    0     MAXDAV =    0     KITDAV =    0     NRMDAV =    7     MAXMAP =    5
 MAPTHR =   90     IOP167 =    0     ICIOCC =   60     ICIVIR =   60     LDROOT =    2



 ORBITALS INCLUDED IN THE ACTIVE CI SPACE.
 THE NUMBERING REFERS TO THE SCF SOLUTION.

 MOS       48  49  50  51  52  53  54  55  56  57  58  59  60  61  62  63  64  65  66  67
           68  69  70  71  72  73  74  75  76  77  78  79  80  81  82  83  84  85  86  87
           88  89  90  91  92  93  94  95  96  97  98  99 100 101 102 103 104 105 106 107
 MOS      108 109 110 111 112 113 114 115 116 117 118 119 120 121 122 123 124 125 126 127
          128 129 130 131 132

 MOSYM      0   0   0   0   0   0   0   0   0   0   0   0   0   0   0   0   0   0   0   0
            0   0   0   0   0   0   0   0   0   0   0   0   0   0   0   0   0   0   0   0
            0   0   0   0   0   0   0   0   0   0   0   0   0   0   0   0   0   0   0   0

 MOSYM      0   0   0   0   0   0   0   0   0   0   0   0   0   0   0   0   0   0   0   0
            0   0   0   0   0



 REFERENCE CONFIGURATIONS FOR GUGA-CI.
 OCCUPATION NUMBERS FOR THE ACTIVE ORBITALS.

 REF  1     2   2   2   2   2   2   2   2   2   2   2   2   2   2   2   2   2   2   2   2
            2   2   2   2   2   2   2   2   2   2   2   2   2   2   2   2   2   2   2   2
            2   2   0   0   0   0   0   0   0   0   0   0   0   0   0   0   0   0   0   0

 REF  0     0   0   0   0   0   0   0   0   0   0   0   0   0   0   0   0   0   0   0   0
            0   0   0   0

 REF  2     2   2   2   2   2   2   2   2   2   2   2   2   2   2   2   2   2   2   2   2
            2   2   2   2   2   2   2   2   2   2   2   2   2   2   2   2   2   2   2   2
            2   1   1   0   0   0   0   0   0   0   0   0   0   0   0   0   0   0   0   0

 REF  0     0   0   0   0   0   0   0   0   0   0   0   0   0   0   0   0   0   0   0   0
            0   0   0   0

 REF  3     2   2   2   2   2   2   2   2   2   2   2   2   2   2   2   2   2   2   2   2
            2   2   2   2   2   2   2   2   2   2   2   2   2   2   2   2   2   2   2   2
            2   0   2   0   0   0   0   0   0   0   0   0   0   0   0   0   0   0   0   0

 REF  0     0   0   0   0   0   0   0   0   0   0   0   0   0   0   0   0   0   0   0   0
            0   0   0   0



 *** OPTIONS FOR EXTERNAL POINTS AND QM/MM   ***
 *** DEFINED EITHER EXPLICITLY OR BY DEFAULT ***

 NUMATM = 4035     MMCOUP =    2     MMPOT  =    4     MMLINK =    2     NLINK  =    5
 MMFILE =    0     MCHARG =    0



 NUMBERS OF LINK ATOMS IN THE LIST OF QM ATOMS.

    53   54   55   56   57



 ERROR OR END-OF-FILE WHEN READING FILE 11 IN SUBROUTINE GUESSP.
 A STANDARD INITIAL DENSITY MATRIX IS USED.



                                                                                     
     ChemShell MNDO interface:                                                       



     SCF HEAT OF FORMATION     -449.14545 KCAL/MOL
     SCF BINDING ENERGY        -267.06845 EV
     SCF TOTAL ENERGY         -6634.96869 EV
     ELECTRONIC ENERGY       -51777.57469 EV
     NUCLEAR ENERGY           45142.60600 EV
     IONIZATION ENERGY            6.60900 EV
     SCF CYCLES                  34


     THE DENSITY MATRIX HAS BEEN SAVED ON FILE 11



     NET ATOMIC CHARGES AND ORBITAL POPULATIONS.

     ATOM    I        CHARGE      DENSITY        S          PX          PY          PZ

      C      1       -0.51191     4.51191     1.39973     1.06486     0.96803     1.07930
      H      2        0.20429     0.79571     0.79571
      H      3        0.18664     0.81336     0.81336
      C      4       -0.32248     4.32248     1.37123     1.03842     0.90201     1.01081
      H      5        0.18633     0.81367     0.81367
      H      6        0.18625     0.81375     0.81375
      C      7        0.66458     3.33542     1.26263     0.66587     0.72640     0.68052
      O      8       -0.66669     6.66669     1.94544     1.60655     1.44360     1.67110
      O      9       -0.60624     6.60624     1.92817     1.36931     1.68866     1.62010
      H     10        0.45146     0.54854     0.54854
      C     11        0.33879     3.66121     1.29173     0.73363     0.86459     0.77127
      O     12       -0.53590     6.53590     1.94569     1.51956     1.62040     1.45025
      N     13       -0.47139     5.47139     1.56838     1.12509     1.31260     1.46532
      H     14        0.31118     0.68882     0.68882
      C     15       -0.15921     4.15921     1.34500     1.05256     0.89953     0.86211
      H     16        0.22051     0.77949     0.77949
      C     17        0.51165     3.48835     1.31260     0.66281     0.71879     0.79415
      O     18       -0.59551     6.59551     1.94033     1.33622     1.65624     1.66272
      N     19       -0.43301     5.43301     1.70781     1.47853     1.10931     1.13736
      C     20        0.30697     3.69303     1.29513     0.82971     0.80755     0.76065
      C     21       -0.59397     4.59397     1.40994     0.94455     1.11953     1.11996
      H     22        0.22071     0.77929     0.77929
      H     23        0.20352     0.79648     0.79648
      C     24        0.03383     3.96617     1.28218     0.75150     0.87423     1.05826
      N     25       -0.22310     5.22310     1.72046     1.33618     0.99529     1.17117
      N     26       -0.28563     5.28563     1.54035     1.06656     1.09475     1.58397
      C     27        0.49558     3.50442     1.25281     0.73684     0.74937     0.76540
      O     28       -0.76384     6.76384     1.94500     1.20149     1.89160     1.72575
      C     29       -0.19579     4.19579     1.29948     0.81353     0.85739     1.22538
      C     30       -0.15149     4.15149     1.34281     1.00618     0.83342     0.96908
      H     31        0.27754     0.72246     0.72246
      H     32        0.20019     0.79981     0.79981
      C     33        0.57187     3.42813     1.26516     0.65974     0.76986     0.73337
      O     34       -0.66836     6.66836     1.94661     1.56433     1.26869     1.88873
      C     35       -0.00326     4.00326     1.36049     0.98557     0.82912     0.82808
      H     36        0.20270     0.79730     0.79730
      C     37       -0.11572     4.11572     1.29772     0.86201     0.84193     1.11405
      C     38       -0.11832     4.11832     1.36172     0.86835     0.97931     0.90894
      C     39       -0.12260     4.12260     1.36564     0.97899     0.86226     0.91570
      C     40       -0.38982     4.38982     1.37682     1.02153     0.89231     1.09917
      C     41       -0.38350     4.38350     1.37663     0.93168     0.97851     1.09667
      C     42        0.54622     3.45378     1.26234     0.75748     0.74860     0.68535
      H     43        0.21984     0.78016     0.78016
      H     44        0.19489     0.80511     0.80511
      H     45        0.23208     0.76792     0.76792
      H     46        0.21562     0.78438     0.78438
      O     47       -0.72076     6.72076     1.94397     1.66745     1.47085     1.63848
      N     48       -0.68132     5.68132     1.61128     1.69760     1.22971     1.14274
      H     49        0.39156     0.60844     0.60844
      O     50       -0.69822     6.69822     1.93254     1.38004     1.56755     1.81809
      H     51        0.40674     0.59326     0.59326
      H     52        0.36895     0.63105     0.63105
      H     53        0.11808     0.88192     0.88192
      H     54        0.18109     0.81891     0.81891
      H     55        0.27262     0.72738     0.72738
      H     56        0.25565     0.74435     0.74435
      H     57        0.24013     0.75987     0.75987



     DIPOLE              X           Y           Z         TOTAL

     POINT-CHARGE     6.75875    14.75736     8.65316    18.39395
     HYBRID          -0.00971    -0.29323    -0.95478     0.99884
     SUM              6.74904    14.46413     7.69839    17.72077


     POINT GROUP C1. NO SYMMETRY.



    MO     EIGENVALUE     LABEL   NSYM  IMOSYM   OCC.  ACTIVE

     1      -38.35139      A        1      1      2.      -
     2      -37.26867      A        1      2      2.      -
     3      -36.86596      A        1      3      2.      -
     4      -36.45431      A        1      4      2.      -
     5      -36.39541      A        1      5      2.      -
     6      -36.18922      A        1      6      2.      -
     7      -35.94557      A        1      7      2.      -
     8      -35.15839      A        1      8      2.      -
     9      -34.96126      A        1      9      2.      -
    10      -32.90698      A        1     10      2.      -
    11      -32.28894      A        1     11      2.      -
    12      -32.15185      A        1     12      2.      -
    13      -30.64678      A        1     13      2.      -
    14      -27.56611      A        1     14      2.      -
    15      -26.83205      A        1     15      2.      -
    16      -25.90237      A        1     16      2.      -
    17      -25.22438      A        1     17      2.      -
    18      -24.46469      A        1     18      2.      -
    19      -24.39876      A        1     19      2.      -
    20      -23.95935      A        1     20      2.      -
    21      -23.51274      A        1     21      2.      -
    22      -22.81661      A        1     22      2.      -
    23      -22.15651      A        1     23      2.      -
    24      -21.09566      A        1     24      2.      -
    25      -20.67368      A        1     25      2.      -
    26      -20.07063      A        1     26      2.      -
    27      -20.04287      A        1     27      2.      -
    28      -19.64907      A        1     28      2.      -
    29      -19.29249      A        1     29      2.      -
    30      -18.98745      A        1     30      2.      -
    31      -18.19333      A        1     31      2.      -
    32      -18.01710      A        1     32      2.      -
    33      -17.92797      A        1     33      2.      -
    34      -17.64355      A        1     34      2.      -
    35      -17.44416      A        1     35      2.      -
    36      -17.08086      A        1     36      2.      -
    37      -16.79552      A        1     37      2.      -
    38      -16.65212      A        1     38      2.      -
    39      -16.27291      A        1     39      2.      -
    40      -16.11171      A        1     40      2.      -
    41      -15.95269      A        1     41      2.      -
    42      -15.88839      A        1     42      2.      -
    43      -15.71095      A        1     43      2.      -
    44      -15.56506      A        1     44      2.      -
    45      -15.52867      A        1     45      2.      -
    46      -15.42378      A        1     46      2.      -
    47      -15.13545      A        1     47      2.      -
    48      -15.03263      A        1     48      2.      2
    49      -14.83055      A        1     49      2.      2
    50      -14.72574      A        1     50      2.      2
    51      -14.59094      A        1     51      2.      2
    52      -14.46597      A        1     52      2.      2
    53      -14.44662      A        1     53      2.      2
    54      -14.11446      A        1     54      2.      2
    55      -13.99228      A        1     55      2.      2
    56      -13.85213      A        1     56      2.      2
    57      -13.72484      A        1     57      2.      2
    58      -13.58035      A        1     58      2.      2
    59      -13.50991      A        1     59      2.      2
    60      -13.45346      A        1     60      2.      2
    61      -13.31201      A        1     61      2.      2
    62      -13.11349      A        1     62      2.      2
    63      -13.11076      A        1     63      2.      2
    64      -12.83523      A        1     64      2.      2
    65      -12.80886      A        1     65      2.      2
    66      -12.68843      A        1     66      2.      2
    67      -12.64529      A        1     67      2.      2
    68      -12.50422      A        1     68      2.      2
    69      -12.39080      A        1     69      2.      2
    70      -12.10417      A        1     70      2.      2
    71      -11.95165      A        1     71      2.      2
    72      -11.90511      A        1     72      2.      2
    73      -11.79298      A        1     73      2.      2
    74      -11.51920      A        1     74      2.      2
    75      -11.43708      A        1     75      2.      2
    76      -11.19626      A        1     76      2.      2
    77      -11.15444      A        1     77      2.      2
    78      -11.11907      A        1     78      2.      2
    79      -11.01015      A        1     79      2.      2
    80      -11.00621      A        1     80      2.      2
    81      -10.40647      A        1     81      2.      2
    82      -10.19165      A        1     82      2.      2
    83       -9.92996      A        1     83      2.      2
    84       -9.67091      A        1     84      2.      2
    85       -9.41278      A        1     85      2.      2
    86       -9.34181      A        1     86      2.      2
    87       -8.91038      A        1     87      2.      2
    88       -8.67695      A        1     88      2.      2
    89       -6.60900      A        1     89      2.      1
    90       -0.31010      A        1     90      0.      1
    91        0.56182      A        1     91      0.      0
    92        1.73449      A        1     92      0.      0
    93        1.88586      A        1     93      0.      0
    94        2.13321      A        1     94      0.      0
    95        2.23154      A        1     95      0.      0
    96        2.59123      A        1     96      0.      0
    97        2.62531      A        1     97      0.      0
    98        2.80187      A        1     98      0.      0
    99        2.91407      A        1     99      0.      0
   100        3.15228      A        1    100      0.      0
   101        3.31762      A        1    101      0.      0
   102        3.43164      A        1    102      0.      0
   103        3.49813      A        1    103      0.      0
   104        3.57527      A        1    104      0.      0
   105        3.75533      A        1    105      0.      0
   106        3.79720      A        1    106      0.      0
   107        4.04259      A        1    107      0.      0
   108        4.05405      A        1    108      0.      0
   109        4.13386      A        1    109      0.      0
   110        4.31058      A        1    110      0.      0
   111        4.33044      A        1    111      0.      0
   112        4.37020      A        1    112      0.      0
   113        4.59392      A        1    113      0.      0
   114        4.62835      A        1    114      0.      0
   115        4.72358      A        1    115      0.      0
   116        4.89238      A        1    116      0.      0
   117        4.95186      A        1    117      0.      0
   118        5.09555      A        1    118      0.      0
   119        5.14959      A        1    119      0.      0
   120        5.23943      A        1    120      0.      0
   121        5.31752      A        1    121      0.      0
   122        5.40596      A        1    122      0.      0
   123        5.42113      A        1    123      0.      0
   124        5.45651      A        1    124      0.      0
   125        5.58368      A        1    125      0.      0
   126        5.67536      A        1    126      0.      0
   127        5.82381      A        1    127      0.      0
   128        5.91193      A        1    128      0.      0
   129        5.95934      A        1    129      0.      0
   130        6.03866      A        1    130      0.      0
   131        6.15369      A        1    131      0.      0
   132        6.22330      A        1    132      0.      0
   133        6.47322      A        1    133      0.      -
   134        6.59125      A        1    134      0.      -
   135        6.82755      A        1    135      0.      -
   136        7.08370      A        1    136      0.      -
   137        7.12074      A        1    137      0.      -
   138        7.17900      A        1    138      0.      -
   139        7.44814      A        1    139      0.      -
   140        7.88034      A        1    140      0.      -
   141        7.99352      A        1    141      0.      -
   142        8.20835      A        1    142      0.      -
   143        8.46662      A        1    143      0.      -
   144        8.57812      A        1    144      0.      -
   145        8.85789      A        1    145      0.      -
   146        8.93458      A        1    146      0.      -
   147        9.01039      A        1    147      0.      -
   148        9.19832      A        1    148      0.      -
   149        9.39369      A        1    149      0.      -
   150        9.46118      A        1    150      0.      -
   151        9.68269      A        1    151      0.      -
   152        9.95327      A        1    152      0.      -
   153       10.31011      A        1    153      0.      -
   154       10.52691      A        1    154      0.      -
   155       11.11663      A        1    155      0.      -
   156       11.25789      A        1    156      0.      -



 REFERENCE OCCUPATIONS

   48  49  50  51  52  53  54  55  56  57  58  59  60  61  62  63  64  65  66  67  68  69  70  71  72  73  74  75  76  77
    A   A   A   A   A   A   A   A   A   A   A   A   A   A   A   A   A   A   A   A   A   A   A   A   A   A   A   A   A   A
    2   2   2   2   2   2   2   2   2   2   2   2   2   2   2   2   2   2   2   2   2   2   2   2   2   2   2   2   2   2
    2   2   2   2   2   2   2   2   2   2   2   2   2   2   2   2   2   2   2   2   2   2   2   2   2   2   2   2   2   2
    2   2   2   2   2   2   2   2   2   2   2   2   2   2   2   2   2   2   2   2   2   2   2   2   2   2   2   2   2   2

   78  79  80  81  82  83  84  85  86  87  88  89  90  91  92  93  94  95  96  97  98  99 100 101 102 103 104 105 106 107
    A   A   A   A   A   A   A   A   A   A   A   A   A   A   A   A   A   A   A   A   A   A   A   A   A   A   A   A   A   A
    2   2   2   2   2   2   2   2   2   2   2   2   0   0   0   0   0   0   0   0   0   0   0   0   0   0   0   0   0   0
    2   2   2   2   2   2   2   2   2   2   2   1   1   0   0   0   0   0   0   0   0   0   0   0   0   0   0   0   0   0
    2   2   2   2   2   2   2   2   2   2   2   0   2   0   0   0   0   0   0   0   0   0   0   0   0   0   0   0   0   0

  108 109 110 111 112 113 114 115 116 117 118 119 120 121 122 123 124 125 126 127 128 129 130 131 132
    A   A   A   A   A   A   A   A   A   A   A   A   A   A   A   A   A   A   A   A   A   A   A   A   A
    0   0   0   0   0   0   0   0   0   0   0   0   0   0   0   0   0   0   0   0   0   0   0   0   0
    0   0   0   0   0   0   0   0   0   0   0   0   0   0   0   0   0   0   0   0   0   0   0   0   0
    0   0   0   0   0   0   0   0   0   0   0   0   0   0   0   0   0   0   0   0   0   0   0   0   0


 Point group used in GUGA-CI calculation:  C1


 There are      7057 CI basis functions of symmetry A   (1).
 There are      7057 CI basis functions in the CI problem.
 There are      7057 CI basis functions represented by the DRT.


 Reference occupations and corresponding configuration state functions:

              48  49  50  51  52  53  54  55  56  57  58  59  60  61  62  63  64  65  66  67  68  69  70  71  72  73  74  75  76  77
 Ref.      1   2   2   2   2   2   2   2   2   2   2   2   2   2   2   2   2   2   2   2   2   2   2   2   2   2   2   2   2   2   2
 CSF       1  ab  ab  ab  ab  ab  ab  ab  ab  ab  ab  ab  ab  ab  ab  ab  ab  ab  ab  ab  ab  ab  ab  ab  ab  ab  ab  ab  ab  ab  ab

              78  79  80  81  82  83  84  85  86  87  88  89  90  91  92  93  94  95  96  97  98  99 100 101 102 103 104 105 106 107
 Ref.      1   2   2   2   2   2   2   2   2   2   2   2   2   0   0   0   0   0   0   0   0   0   0   0   0   0   0   0   0   0   0
 CSF       1  ab  ab  ab  ab  ab  ab  ab  ab  ab  ab  ab  ab   -   -   -   -   -   -   -   -   -   -   -   -   -   -   -   -   -   -

             108 109 110 111 112 113 114 115 116 117 118 119 120 121 122 123 124 125 126 127 128 129 130 131 132
 Ref.      1   0   0   0   0   0   0   0   0   0   0   0   0   0   0   0   0   0   0   0   0   0   0   0   0   0
 CSF       1   -   -   -   -   -   -   -   -   -   -   -   -   -   -   -   -   -   -   -   -   -   -   -   -   -

              48  49  50  51  52  53  54  55  56  57  58  59  60  61  62  63  64  65  66  67  68  69  70  71  72  73  74  75  76  77
 Ref.      2   2   2   2   2   2   2   2   2   2   2   2   2   2   2   2   2   2   2   2   2   2   2   2   2   2   2   2   2   2   2
 CSF       2  ab  ab  ab  ab  ab  ab  ab  ab  ab  ab  ab  ab  ab  ab  ab  ab  ab  ab  ab  ab  ab  ab  ab  ab  ab  ab  ab  ab  ab  ab

              78  79  80  81  82  83  84  85  86  87  88  89  90  91  92  93  94  95  96  97  98  99 100 101 102 103 104 105 106 107
 Ref.      2   2   2   2   2   2   2   2   2   2   2   2   1   1   0   0   0   0   0   0   0   0   0   0   0   0   0   0   0   0   0
 CSF       2  ab  ab  ab  ab  ab  ab  ab  ab  ab  ab  ab   a   b   -   -   -   -   -   -   -   -   -   -   -   -   -   -   -   -   -

             108 109 110 111 112 113 114 115 116 117 118 119 120 121 122 123 124 125 126 127 128 129 130 131 132
 Ref.      2   0   0   0   0   0   0   0   0   0   0   0   0   0   0   0   0   0   0   0   0   0   0   0   0   0
 CSF       2   -   -   -   -   -   -   -   -   -   -   -   -   -   -   -   -   -   -   -   -   -   -   -   -   -

              48  49  50  51  52  53  54  55  56  57  58  59  60  61  62  63  64  65  66  67  68  69  70  71  72  73  74  75  76  77
 Ref.      3   2   2   2   2   2   2   2   2   2   2   2   2   2   2   2   2   2   2   2   2   2   2   2   2   2   2   2   2   2   2
 CSF      44  ab  ab  ab  ab  ab  ab  ab  ab  ab  ab  ab  ab  ab  ab  ab  ab  ab  ab  ab  ab  ab  ab  ab  ab  ab  ab  ab  ab  ab  ab

              78  79  80  81  82  83  84  85  86  87  88  89  90  91  92  93  94  95  96  97  98  99 100 101 102 103 104 105 106 107
 Ref.      3   2   2   2   2   2   2   2   2   2   2   2   0   2   0   0   0   0   0   0   0   0   0   0   0   0   0   0   0   0   0
 CSF      44  ab  ab  ab  ab  ab  ab  ab  ab  ab  ab  ab   -  ab   -   -   -   -   -   -   -   -   -   -   -   -   -   -   -   -   -

             108 109 110 111 112 113 114 115 116 117 118 119 120 121 122 123 124 125 126 127 128 129 130 131 132
 Ref.      3   0   0   0   0   0   0   0   0   0   0   0   0   0   0   0   0   0   0   0   0   0   0   0   0   0
 CSF      44   -   -   -   -   -   -   -   -   -   -   -   -   -   -   -   -   -   -   -   -   -   -   -   -   -


 Number of one-electron generators:    338266
 Number of two-electron generators:  18564585
 
 ==========================================================
 
 Results of CI calculation:
 
 Correlation energy for CI root   2:          1.99260291 eV
 Total energy:                            -6632.97608677 eV
 Electronic energy:                      -51775.58208589 eV
 Nuclear energy:                          45142.60599912 eV
 

 ---------------------------------------------------------------
 State  1,  Mult. 1,  E-E(1)=  0.000000 eV,  E=  -6635.256328 eV
 ---------------------------------------------------------------

  -6634.97      0.975623       1    48  49  50  51  52  53  54  55  56  57  58  59  60  61  62  63  64  65  66  67
                                    ab  ab  ab  ab  ab  ab  ab  ab  ab  ab  ab  ab  ab  ab  ab  ab  ab  ab  ab  ab
 
                                    68  69  70  71  72  73  74  75  76  77  78  79  80  81  82  83  84  85  86  87
                                    ab  ab  ab  ab  ab  ab  ab  ab  ab  ab  ab  ab  ab  ab  ab  ab  ab  ab  ab  ab
 
                                    88  89  90  91  92  93  94  95  96  97  98  99 100 101 102 103 104 105 106 107
                                    ab  ab   -   -   -   -   -   -   -   -   -   -   -   -   -   -   -   -   -   -
 
                                   108 109 110 111 112 113 114 115 116 117 118 119 120 121 122 123 124 125 126 127
                                     -   -   -   -   -   -   -   -   -   -   -   -   -   -   -   -   -   -   -   -
 
                                   128 129 130 131 132
                                     -   -   -   -   -
 
  -6628.15     -0.124130      44    48  49  50  51  52  53  54  55  56  57  58  59  60  61  62  63  64  65  66  67
                                    ab  ab  ab  ab  ab  ab  ab  ab  ab  ab  ab  ab  ab  ab  ab  ab  ab  ab  ab  ab
 
                                    68  69  70  71  72  73  74  75  76  77  78  79  80  81  82  83  84  85  86  87
                                    ab  ab  ab  ab  ab  ab  ab  ab  ab  ab  ab  ab  ab  ab  ab  ab  ab  ab  ab  ab
 
                                    88  89  90  91  92  93  94  95  96  97  98  99 100 101 102 103 104 105 106 107
                                    ab   -  ab   -   -   -   -   -   -   -   -   -   -   -   -   -   -   -   -   -
 
                                   108 109 110 111 112 113 114 115 116 117 118 119 120 121 122 123 124 125 126 127
                                     -   -   -   -   -   -   -   -   -   -   -   -   -   -   -   -   -   -   -   -
 
                                   128 129 130 131 132
                                     -   -   -   -   -
 

 ---------------------------------------------------------------
 State  2,  Mult. 1,  E-E(1)=  2.280242 eV,  E=  -6632.976087 eV
 ---------------------------------------------------------------

  -6631.75     -0.919546       2    48  49  50  51  52  53  54  55  56  57  58  59  60  61  62  63  64  65  66  67
                                    ab  ab  ab  ab  ab  ab  ab  ab  ab  ab  ab  ab  ab  ab  ab  ab  ab  ab  ab  ab
 
                                    68  69  70  71  72  73  74  75  76  77  78  79  80  81  82  83  84  85  86  87
                                    ab  ab  ab  ab  ab  ab  ab  ab  ab  ab  ab  ab  ab  ab  ab  ab  ab  ab  ab  ab
 
                                    88  89  90  91  92  93  94  95  96  97  98  99 100 101 102 103 104 105 106 107
                                    ab   a   b   -   -   -   -   -   -   -   -   -   -   -   -   -   -   -   -   -
 
                                   108 109 110 111 112 113 114 115 116 117 118 119 120 121 122 123 124 125 126 127
                                     -   -   -   -   -   -   -   -   -   -   -   -   -   -   -   -   -   -   -   -
 
                                   128 129 130 131 132
                                     -   -   -   -   -
 
  -6623.07     -0.118706     129    48  49  50  51  52  53  54  55  56  57  58  59  60  61  62  63  64  65  66  67
                                    ab  ab  ab  ab  ab  ab  ab  ab  ab  ab  ab  ab  ab  ab  ab  ab  ab  ab  ab  ab
 
                                    68  69  70  71  72  73  74  75  76  77  78  79  80  81  82  83  84  85  86  87
                                    ab  ab  ab  ab  ab  ab  ab  ab  ab  ab  ab  ab  ab  ab  ab  ab  ab  ab  ab  ab
 
                                    88  89  90  91  92  93  94  95  96  97  98  99 100 101 102 103 104 105 106 107
                                     a   b   a   b   -   -   -   -   -   -   -   -   -   -   -   -   -   -   -   -
 
                                   108 109 110 111 112 113 114 115 116 117 118 119 120 121 122 123 124 125 126 127
                                     -   -   -   -   -   -   -   -   -   -   -   -   -   -   -   -   -   -   -   -
 
                                   128 129 130 131 132
                                     -   -   -   -   -
 
  -6625.54     -0.107367      45    48  49  50  51  52  53  54  55  56  57  58  59  60  61  62  63  64  65  66  67
                                    ab  ab  ab  ab  ab  ab  ab  ab  ab  ab  ab  ab  ab  ab  ab  ab  ab  ab  ab  ab
 
                                    68  69  70  71  72  73  74  75  76  77  78  79  80  81  82  83  84  85  86  87
                                    ab  ab  ab  ab  ab  ab  ab  ab  ab  ab  ab  ab  ab  ab  ab  ab  ab  ab  ab  ab
 
                                    88  89  90  91  92  93  94  95  96  97  98  99 100 101 102 103 104 105 106 107
                                     a   b  ab   -   -   -   -   -   -   -   -   -   -   -   -   -   -   -   -   -
 
                                   108 109 110 111 112 113 114 115 116 117 118 119 120 121 122 123 124 125 126 127
                                     -   -   -   -   -   -   -   -   -   -   -   -   -   -   -   -   -   -   -   -
 
                                   128 129 130 131 132
                                     -   -   -   -   -
 
  -6626.47      0.100277     170    48  49  50  51  52  53  54  55  56  57  58  59  60  61  62  63  64  65  66  67
                                    ab  ab  ab  ab  ab  ab  ab  ab  ab  ab  ab  ab  ab  ab  ab  ab  ab  ab  ab  ab
 
                                    68  69  70  71  72  73  74  75  76  77  78  79  80  81  82  83  84  85  86  87
                                    ab  ab  ab  ab  ab  ab  ab  ab  ab  ab  ab  ab  ab  ab  ab  ab  ab  ab  ab  ab
 
                                    88  89  90  91  92  93  94  95  96  97  98  99 100 101 102 103 104 105 106 107
                                     a   a   b   b   -   -   -   -   -   -   -   -   -   -   -   -   -   -   -   -
 
                                   108 109 110 111 112 113 114 115 116 117 118 119 120 121 122 123 124 125 126 127
                                     -   -   -   -   -   -   -   -   -   -   -   -   -   -   -   -   -   -   -   -
 
                                   128 129 130 131 132
                                     -   -   -   -   -
 


 Population analysis of state  1:


 Net atomic charges (atomic units):

      1   -0.512004
      2    0.204210
      3    0.186633
      4   -0.322596
      5    0.186227
      6    0.186131
      7    0.664513
      8   -0.665882
      9   -0.606677
     10    0.451584
     11    0.338742
     12   -0.536327
     13   -0.470779
     14    0.311036
     15   -0.159595
     16    0.219575
     17    0.507281
     18   -0.599897
     19   -0.435765
     20    0.293291
     21   -0.591015
     22    0.218275
     23    0.202928
     24    0.037560
     25   -0.243605
     26   -0.283417
     27    0.499700
     28   -0.759049
     29   -0.164041
     30   -0.150977
     31    0.278342
     32    0.199171
     33    0.571824
     34   -0.668579
     35   -0.056776
     36    0.203182
     37   -0.071654
     38   -0.134217
     39   -0.138165
     40   -0.368782
     41   -0.364718
     42    0.529349
     43    0.222269
     44    0.196802
     45    0.232533
     46    0.215800
     47   -0.703295
     48   -0.681412
     49    0.391556
     50   -0.698521
     51    0.406887
     52    0.369069
     53    0.117811
     54    0.180331
     55    0.271759
     56    0.253390
     57    0.239984


 Population analysis of state  2:


 Net atomic charges (atomic units):

      1   -0.512526
      2    0.204118
      3    0.186407
      4   -0.323263
      5    0.185153
      6    0.185758
      7    0.664343
      8   -0.662410
      9   -0.608345
     10    0.452434
     11    0.337944
     12   -0.544211
     13   -0.463594
     14    0.310968
     15   -0.159943
     16    0.210967
     17    0.464231
     18   -0.622269
     19   -0.437571
     20    0.170105
     21   -0.566307
     22    0.203584
     23    0.208073
     24    0.140009
     25   -0.317956
     26   -0.291248
     27    0.501527
     28   -0.700176
     29    0.007850
     30   -0.161368
     31    0.291443
     32    0.194680
     33    0.574140
     34   -0.658367
     35   -0.174754
     36    0.204698
     37    0.018038
     38   -0.180659
     39   -0.181417
     40   -0.335239
     41   -0.326238
     42    0.502989
     43    0.225556
     44    0.197579
     45    0.235898
     46    0.217523
     47   -0.689096
     48   -0.683049
     49    0.389997
     50   -0.700778
     51    0.407714
     52    0.369840
     53    0.116298
     54    0.174601
     55    0.268966
     56    0.236360
     57    0.240993



 Using ECP-3G basis for the evaluation spectroscopic observables.


 AO basis set for the evaluation of spectroscopic observables:

                                          0
  1   1   1    0.7440595418E+01    0.1543289673E+00
  1   1   2    0.1355313744E+01    0.5353281423E+00
  1   1   3    0.3668007912E+00    0.4446345422E+00

                                          0                   1
  6   1   1    0.5335867171E+01   -0.1918800000E+00    0.2025900000E+00
  6   1   2    0.1093759362E+01    0.6162800000E+00    0.5583000000E+00
  6   1   3    0.2918440087E+00    0.5489600000E+00    0.4551400000E+00

                                          0                   1
  7   1   1    0.6541774069E+01   -0.1926900000E+00    0.2228100000E+00
  7   1   2    0.1375115320E+01    0.6188800000E+00    0.5603200000E+00
  7   1   3    0.3635452037E+00    0.5492600000E+00    0.4385900000E+00

                                          0                   1
  8   1   1    0.1152778066E+02   -0.1924800000E+00    0.2415800000E+00
  8   1   2    0.2405781781E+01    0.6695200000E+00    0.5589000000E+00
  8   1   3    0.6188395415E+00    0.5027000000E+00    0.4316000000E+00



 State dipole moments:

   #    Symmetry       eV         cm-1     mu_r(x)/D   mu_r(y)/D   mu_r(z)/D    |mu_r|/D     phi/deg   theta/deg
   1     A   (1)    0.000000        0.00    2.202527   -8.610791    3.405284    9.518025    -75.6521     69.0366
   2     A   (1)    2.280242    18392.33    0.191881  -11.797552    2.192800   12.001143    -89.0682     79.4720



 Properties of transitions   1 -> #:

   #    Symmetry       eV         cm-1        nm        f_r         f_p         f_rp        R/DBM
   2     A   (1)    2.280242    18392.33    543.71    0.845054    0.371000    0.559904   -1.082743



 Dipole-length electric dipole transition moments   1 -> #:

   #    Symmetry       eV         cm-1     mu_r(x)/D   mu_r(y)/D   mu_r(z)/D    |mu_r|/D     phi/deg   theta/deg
   2     A   (1)    2.280242    18392.33   -1.205610    9.748867    1.106741    9.885281     97.0498     83.5718



 Dipole-velocity electric dipole transition moments   1 -> #:

   #    Symmetry       eV         cm-1     mu_p(x)/D   mu_p(y)/D   mu_p(z)/D    |mu_p|/D     phi/deg   theta/deg
   2     A   (1)    2.280242    18392.33   -0.744557    6.467070    0.723604    6.549883     96.5676     83.6572



 Magnetic dipole transition moments   1 -> #:

   #    Symmetry       eV         cm-1      m(x)/iBM    m(y)/iBM    m(z)/iBM      |m|/BM     phi/deg   theta/deg
   2     A   (1)    2.280242    18392.33   -0.280911    0.131666    0.030539    0.311736    154.8871     84.3780




 CI HEAT OF FORMATION      -403.19403 KCAL/MOL




     TIME FOR ENERGY EVALUATION       7.277 SECONDS



 COMPUTATION TIME                 7.292 SECONDS


