


 PROGRAM MNDO2005.
 VERSION 7.0 OF 4 AUGUST 2005.

 COPYRIGHT BY WALTER THIEL,
 MAX-PLANCK-INSTITUT FUER KOHLENFORSCHUNG,
 D-45470 MUELHEIM, GERMANY.


 ***** STANDARD INPUT USING KEYWORDS *****

 IOP    =   -6     JOP    =   -2     IGEOM  =    1     IFORM  =    1     MMINP  =    2
 NSAV15 =    4     ICUTS  =   -1     ICUTG  =   -1     ISCF   =   11     IPLSCF =   11
 KHARGE =   -1     KTRIAL =   11     IPUBO  =    1     KITSCF =  100     NPRINT =   -4
 IFAST  =    2     KCI    =    5     NUMATM = 4035     MMCOUP =    2     MMLINK =    2
 NLINK  =    5     ICI1   =    9     ICI2   =    9     IOUTCI =    1     MOVO   =    0
 NCIREF =    3     MCIREF =    0     LEVEXC =    1     IROOT  =    2     LROOT  =    2
 MULTCI =    1     IUVCD  =    2     IPOP   =    2


 DSTEP  =  0.0000  DPREC  =  0.0000


 ***********************************************************************
 * INPUT OF OPTIONS VIA KEYWORDS
 * NUMBER OF MNDO97 KEYWORDS FOUND: 33
 * MOPAC KEYWORDS NOT FOUND: IMOPAC=-1
 ***********************************************************************



 *** OPTIONS FROM THE FIRST LINE OF INPUT    ***
 *** DEFINED EITHER EXPLICITLY OR BY DEFAULT ***

 LIMIT  =    0     IOP    =   -6     JOP    =   -2     IGEOM  =    1     IFORM  =    1
 NEXMOL =    1     MPLIB  =    0     IEF    =    0     IDIIS  =    0     INREFD =    0
 IPAROK =    0     MMINP  =    2     NMR    =    0     NSAV7  =    0     NSAV8  =    0
 NSAV9  =    0     NSAV13 =    0     NSAV15 =    4     NSAV16 =    0     IMMOK  =    0
 IHBOND =    0     IFLD1  =    0     IFLD2  =    0     IFLD3  =    0     ICUTR  =   -1
 ICUTG  =   -1     IEXBAS =    0     ICOSMO =    0     IPSANA =    0



 OM2    

 GRADIENT CALCULATION FOR INPUT GEOMETRY

 INPUT IN CARTESIAN COORDINATES

 INPUT OF MOLECULAR DATA IN FREE FORMAT



 *** OPTIONS FROM THE SECOND LINE OF INPUT   ***
 *** DEFINED EITHER EXPLICITLY OR BY DEFAULT ***


 MAXEND =    0     MAXLIN =    4     MAXRTL = 9999     ISCF   =   11     IPLSCF =   11
 MIDDLE =    0     IPRINT =    0     KPRINT =    0     LPRINT =    0     MPRINT =    0
 JPRINT =    0     IPREC  =    1     ICONV  =    0     IHESS  =    0     IDFP   =    0
 NREPET =    3     LINITG =   10     LCONVG =   10     LGDUM  =    0     IHDLC1 =    0
 IHDLC2 =    0     IHDLC3 =    0     INGEOM =    0     INTDIR =    0     LINDMS =    0
 LINDIA =    0     LINFRG =    0     INPFRG =    0     INP21  =    0     INP22  =    0
 INP23  =    0     INP24  =    0     INP25  =    0



                                                                                 
 ChemShell MNDO interface:                                                       


     INPUT GEOMETRY


      ATOM      ATOMIC              X-COORDINATE         Y-COORDINATE         Z-COORDINATE
     NUMBER     NUMBER               (ANGSTROMS)          (ANGSTROMS)          (ANGSTROMS)

        1          6                   2.11186             13.04866              1.99312  
        2          1                   3.13497             13.17277              2.36984  
        3          1                   2.18312             12.82140              0.91863  
        4          6                   1.42884             11.89298              2.69563  
        5          1                   0.32863             12.01090              2.77680  
        6          1                   1.84452             11.74365              3.71268  
        7          6                   1.68832             10.63923              1.87631  
        8          8                   0.89213              9.68102              1.78121  
        9          8                   2.81623             10.62389              1.20122  
       10          1                   2.85079              9.75664              0.53735  
       11          6                  -0.14087              5.78178              4.26646  
       12          8                  -0.97234              6.45966              3.62517  
       13          7                   1.15236              6.20130              4.32740  
       14          1                   1.82432              5.62904              4.83366  
       15          6                   1.71740              7.23165              3.49566  
       16          1                   0.92573              7.94442              3.14805  
       17          6                   2.22348              6.56049              2.19102  
       18          8                   3.24171              7.01177              1.58683  
       19          7                   1.45129              5.57462              1.64024  
       20          6                   1.92779              4.71612              0.74499  
       21          6                   3.34641              4.57473              0.30096  
       22          1                   3.66237              3.52652              0.38648  
       23          1                   3.96326              5.18620              0.96878  
       24          6                   0.98140              3.71007              0.26832  
       25          7                   1.27151              2.42694             -0.02328  
       26          7                  -0.42084              3.98008              0.15972  
       27          6                  -1.02897              2.76953             -0.11833  
       28          8                  -2.26229              2.58546             -0.11613  
       29          6                   0.08439              1.75868             -0.23183  
       30          6                  -1.17169              5.16422              0.45832  
       31          1                  -0.62592              5.84060              1.14835  
       32          1                  -2.15481              4.87884              0.90715  
       33          6                  -1.50939              5.96869             -0.80819  
       34          8                  -2.40306              6.83489             -0.76482  
       35          6                  -0.25213              0.43480             -0.40876  
       36          1                  -1.30516              0.22100             -0.64921  
       37          6                   0.62014             -0.69100             -0.25084  
       38          6                   1.90072             -0.58609              0.35010  
       39          6                   0.09559             -1.96644             -0.61523  
       40          6                   2.67215             -1.70272              0.52876  
       41          6                   0.84212             -3.09469             -0.43454  
       42          6                   2.18780             -3.00043              0.10033  
       43          1                   2.24861              0.39098              0.69044  
       44          1                  -0.90970             -2.02736             -1.04997  
       45          1                   3.64381             -1.66455              1.01395  
       46          1                   0.45769             -4.08206             -0.68896  
       47          8                   2.91123             -4.02347              0.18386  
       48          7                  -0.80433              5.72103             -1.96250  
       49          1                  -0.20611              4.91371             -2.05258  
       50          8                   2.44103              8.63382             -0.03634  
       51          1                   2.93865              7.89248              0.44099  
       52          1                   1.51709              8.54686              0.27675  
       53          1                   1.59112             14.00436              2.05256  
       54          1                  -0.39514              4.84958              4.77086  
       55          1                   2.47435              7.77734              4.05897  
       56          1                   3.49815              4.91601             -0.72304  
       57          1                  -0.73635              6.32224             -2.75868  



     **********

     *  VARIABLES TO BE OPTIMIZED, OF WHICH THERE ARE   0



     INITIAL INTERATOMIC DISTANCES (ANGSTROMS)


             1           2           3           4           5           6           7           8           9          10
 ----------------------------------------------------------------------------------------------------------------------------
   1      0.00000
   2      1.09730     0.00000
   3      1.10057     1.77074     0.00000
   4      1.51514     2.15752     2.14211     0.00000
   5      2.20704     3.06449     2.74752     1.10949     0.00000
   6      2.17518     2.34752     3.01379     1.10882     1.80145     0.00000
   7      2.44916     2.95892     2.43389     1.52003     2.13099     2.14858     0.00000
   8      3.58799     4.19156     3.50324     2.45296     2.59559     2.98196     1.24946     0.00000
   9      2.64627     2.82207     2.30429     2.40181     3.25491     2.91642     1.31460     2.21982     0.00000
  10      3.67460     3.88700     3.15973     3.35322     4.05686     3.87860     1.98069     2.32148     1.09273     0.00000
  11      7.94043     8.30392     8.13419     6.50218     6.42195     6.30812     5.71433     4.73789     6.44873     6.21738
  12      7.45593     7.96943     7.59961     6.01255     5.76442     5.98857     5.25418     4.15374     6.12940     5.91786
  13      7.29766     7.50761     7.51717     5.92742     6.06912     5.61913     5.09807     4.31963     5.66575     5.46713
  14      7.94998     8.04339     8.19672     6.63058     6.86993     6.21655     5.81949     5.15800     6.25516     6.04558
  15      6.02087     6.21079     6.17278     4.73828     5.02858     4.51900     3.77289     3.10158     4.24018     4.05114
  16      5.36601     5.72906     5.50784     4.00612     4.12682     3.94932     3.07586     2.21024     3.81362     3.71561
  17      6.49215     6.67720     6.38902     5.41493     5.80005     5.41518     4.12572     3.41733     4.22401     3.65287
  18      6.15513     6.21148     5.94297     5.32373     5.90706     5.37234     3.95668     3.56135     3.65747     2.96455
  19      7.51147     7.81659     7.31930     6.40594     6.63158     6.51971     5.07565     4.14669     5.24890     4.54580
  20      8.42751     8.69554     8.11116     7.45395     7.73947     7.62891     6.03494     5.17654     5.99160     5.12854
  21      8.72897     8.84597     8.35118     7.93525     8.39842     8.08015     6.48145     5.85566     6.13872     5.21092
  22      9.78041     9.86215     9.42688     8.96205     9.42402     9.04927     7.53041     6.89183     7.19391     6.28456
  23      8.14219     8.15073     7.84013     7.37470     7.94078     7.41743     5.97784     5.50412     5.56221     4.72363
  24      9.56359     9.92960     9.21321     8.54705     8.69611     8.78334     7.14833     6.16028     7.21372     6.33467
  25     10.84403    11.16568    10.47678     9.85003    10.02905    10.05419     8.43943     7.48477     8.43063     7.51884
  26      9.59245    10.10119     9.24800     8.51271     8.47968     8.83337     7.19302     6.07073     7.46348     6.64942
  27     10.95370    11.47854    10.60343     9.85883     9.77894    10.17194     8.56122     7.42075     8.84408     8.01886
  28     11.53519    12.14091    11.20744    10.40002    10.19416    10.74235     9.18914     7.99357     9.59912     8.83155
  29     11.68438    12.09778    11.31865    10.63398    10.68735    10.87919     9.26720     8.21390     9.38661     8.49776
  30      8.67766     9.29184     8.37252     7.55279     7.38264     7.93583     6.33768     5.13915     6.80172     6.10548
  31      7.75662     8.33049     7.52828     6.57628     6.45257     6.89383     5.37703     4.17777     5.89330     5.27221
  32      9.28062     9.94538     9.04997     8.07709     7.78006     8.42563     6.99221     5.75402     7.60285     6.99898
  33      8.43130     9.14159     7.97346     7.48379     7.26215     8.06456     6.26465     5.12383     6.66481     5.93045
  34      8.16098     8.98134     7.72692     7.22789     6.84078     7.88580     6.17964     5.04390     6.74261     6.15102
  35     13.05631    13.47031    12.69332    11.98970    12.02045    12.21771    10.63567     9.57068    10.76218     9.87015
  36     13.53539    14.02062    13.16800    12.44580    12.38582    12.71684    11.13008    10.01134    11.34152    10.46939
  37     14.00139    14.33166    13.65267    12.94960    13.06100    13.10836    11.57756    10.57270    11.61714    10.71215
  38     13.73501    13.96098    13.42251    12.70635    12.92457    12.78016    11.33059    10.41532    11.27946    10.38796
  39     15.37277    15.72718    15.01301    14.31164    14.38493    14.48296    12.94788    11.91808    13.00837    12.09753
  40     14.83448    14.99614    14.53758    13.82333    14.09288    13.84295    12.45422    11.58994    12.34578    11.46076
  41     16.37417    16.66589    16.02969    15.32229    15.45171    15.43958    13.95266    12.96652    13.95608    13.04362
  42     16.16050    16.35910    15.84297    15.13688    15.36099    15.18403    13.76386    12.85781    13.68316    12.78176
  43     12.72528    12.92209    12.43268    11.70422    11.96085    11.75501    10.33184     9.45170    10.26136     9.38625
  44     15.67407    16.09654    15.29465    14.60391    14.60309    14.82934    13.25728    12.17983    13.37925    12.47090
  45     14.82512    14.90783    14.55971    13.83982    14.18154    13.79494    12.48802    11.69967    12.31769    11.45860
  46     17.41814    17.72720    17.06717    16.35851    16.46243    16.48487    14.99372    13.98974    15.01335    14.09753
  47     17.18634    17.33607    16.87660    16.18147    16.44671    16.19236    14.81063    13.94422    14.68296    13.78478
  48      8.82300     9.47712     8.22441     8.04849     7.95658     8.68885     6.71852     5.70744     6.86700     5.99127
  49      9.37647     9.94650     8.77884     8.59819     8.60111     9.17014     7.19769     6.21542     7.23381     6.28541
  50      4.87010     5.18396     4.30282     4.37154     4.87655     4.90735     2.87167     2.60753     2.37334     1.32580
  51      5.44784     5.62499     5.00931     4.83394     5.40644     5.17036     3.34188     3.03040     2.83788     1.86872
  52      4.85447     5.32894     4.37347     4.12980     4.43421     4.70449     2.63930     1.98502     2.61849     1.81940
  53      1.08998     1.78205     1.74232     2.21310     2.46825     2.81621     3.37114     4.38788     3.69503     4.68250
  54      9.01254     9.35426     9.22155     7.56591     7.46891     7.32557     6.79995     5.82562     7.50985     7.24830
  55      5.67327     5.69213     5.94888     4.45986     4.91641     4.03091     3.68406     3.36387     4.04802     4.05724
  56      8.68559     8.82451     8.18044     8.04037     8.52246     8.30824     6.54121     5.98063     6.06199     5.04375
  57      8.71417     9.39248     8.01779     8.09140     8.00854     8.82786     6.78223     5.87741     6.84148     5.96041


            11          12          13          14          15          16          17          18          19          20
 ----------------------------------------------------------------------------------------------------------------------------
  11      0.00000
  12      1.24984     0.00000
  13      1.36094     2.25260     0.00000
  14      2.05110     3.15779     1.01751     0.00000
  15      2.47981     2.80133     1.43968     2.09047     0.00000
  16      2.65809     2.45658     2.11676     3.00162     1.12054     0.00000
  17      3.24099     3.50432     2.41670     2.83028     1.55199     2.12493     0.00000
  18      4.48722     4.71358     3.54019     3.80301     2.45265     2.94466     1.26708     0.00000
  19      3.07813     3.25533     2.77541     3.21560     2.50183     2.85756     1.36806     2.29649     0.00000
  20      4.22087     4.44366     3.95483     4.19063     3.73341     4.14738     2.36223     2.77581     1.32874     0.00000
  21      5.41694     5.76671     4.86537     4.89629     4.46307     5.03194     2.96252     2.75746     2.52684     1.49320
  22      5.88260     6.36968     5.38381     5.25132     5.21324     5.88500     3.81205     3.71009     3.26427     2.13364
  23      5.29842     5.74789     4.49576     4.43942     3.95131     4.64581     2.53167     2.05800     2.62901     2.10100
  24      4.64075     4.75876     4.76567     5.02347     4.83311     5.12110     3.65574     4.21292     2.36210     1.46116
  25      5.62598     5.88293     5.76094     5.84370     5.97219     6.37334     4.78494     5.24355     3.56476     2.50225
  26      4.49331     4.29672     4.97778     5.44110     5.12575     5.14386     4.21630     4.96408     2.87043     2.52990
  27      5.39339     5.25681     6.02492     6.39063     6.36506     6.42413     5.50299     6.25643     4.13676     3.64375
  28      5.82443     5.53812     6.66926     7.10381     7.10423     7.03823     6.42230     7.26542     5.08041     4.77891
  29      6.03909     6.17189     6.45476     6.60804     6.82014     7.09892     5.78820     6.39306     4.46480     3.61922
  30      3.99323     3.42737     4.63104     5.32313     4.67403     4.40037     4.05944     4.91580     2.90609     3.14480
  31      3.15616     2.57641     3.66043     4.43057     3.59667     3.29127     3.11841     4.06479     2.15116     2.81933
  32      4.01948     3.35929     4.93805     5.64036     5.21825     4.88969     4.86269     5.84241     3.74506     4.08906
  33      5.25926     4.49267     5.78906     6.56197     5.52543     5.04828     4.82492     5.42191     3.86209     3.97436
  34      5.61607     4.63247     6.24284     7.11813     5.94031     5.25570     5.49701     6.11759     4.71472     5.05222
  35      7.10354     7.28631     7.59318     7.66647     8.08213     8.39242     7.10012     7.71012     5.78946     4.94094
  36      7.51276     7.56980     8.15904     8.31278     8.68706     8.89085     7.79149     8.47281     6.44211     5.70980
  37      7.92981     8.28802     8.29140     8.20031     8.83225     9.28527     7.81777     8.34160     6.59734     5.65142
  38      7.74956     8.28391     7.90238     7.66394     8.42883     9.03043     7.38693     7.81379     6.31037     5.31696
  39      9.16088     9.49319     9.60512     9.50632    10.20463    10.63374     9.22559     9.76501     7.98703     7.06143
  40      8.82617     9.46015     8.90017     8.54434     9.46240    10.14781     8.44068     8.79695     7.46228     6.46547
  41     10.09244    10.53846    10.44929    10.23826    11.08359    11.60619    10.10070    10.58227     8.93491     7.97362
  42      9.99532    10.57848    10.17900     9.84907    10.79097    11.43114     9.78690    10.17667     8.74330     7.74779
  43      6.89625     7.47101     6.94184     6.69205     7.41257     8.05260     6.34943     6.75460     5.32991     4.33737
  44      9.47830     9.68970    10.04385    10.03555    10.64395    10.97399     9.69907    10.29042     8.40247     7.53311
  45      8.96384     9.70206     8.89145     8.43191     9.43463    10.21149     8.42936     8.70451     7.58979     6.61286
  46     11.05486    11.47975    11.46273    11.25489    12.12840    12.63242    11.16586    11.66204     9.98318     9.03468
  47     11.05106    11.69704    11.17178    10.76908    11.79284    12.48836    10.79454    11.12898     9.81712     8.81263
  48      6.26448     5.63878     6.60470     7.28739     6.19940     5.83560     5.20807     5.53482     4.25311     3.97552
  49      6.37872     5.93414     6.64887     7.21489     6.31314     6.12477     5.15975     5.43458     4.10131     3.52406
  50      5.77186     5.45754     5.15946     5.75552     3.86843     3.59330     3.05076     2.43039     3.62619     4.02769
  51      5.34534     5.24288     4.59946     5.06561     3.35546     3.37383     2.31262     1.47663     3.00381     3.34716
  52      5.12955     4.66536     4.69493     5.41973     3.48300     2.99282     2.84764     2.65465     3.27073     3.88105
  53      8.68976     8.12200     8.13972     8.82808     6.92590     6.19401     7.47196     7.19984     8.44098     9.38587
  54      1.08998     2.05866     2.10204     2.35319     3.42976     3.73580     4.05463     5.29526     3.70618     4.64989
  55      3.29616     3.71539     2.07451     2.37442     1.08998     1.80442     2.24341     2.69934     3.42767     4.54448
  56      6.23595     6.42456     5.71503     5.84697     5.13134     5.54743     3.58062     3.12946     3.19507     2.15895
  57      7.07101     6.38968     7.33446     8.04246     6.77972     6.34692     5.77207     5.93160     4.96942     4.68539


            21          22          23          24          25          26          27          28          29          30
 ----------------------------------------------------------------------------------------------------------------------------
  21      0.00000
  22      1.09813     0.00000
  23      1.09561     1.78441     0.00000
  24      2.51833     2.68984     3.40016     0.00000
  25      3.00389     2.66330     3.98035     1.34745     0.00000
  26      3.81652     4.11458     4.61840     1.43213     2.30430     0.00000
  27      4.75169     4.77876     5.65194     2.25293     2.32779     1.38295     0.00000
  28      5.96563     6.01994     6.83361     3.45457     3.53857     2.32636     1.24698     0.00000
  29      4.34221     4.03850     5.31366     2.20515     1.37816     2.31153     1.50807     2.49075     0.00000
  30      4.55912     5.10444     5.16031     2.60508     3.70052     1.43357     2.46727     2.85821     3.69482     0.00000
  31      4.25440     4.93202     4.63908     2.81018     4.07751     2.11683     3.34640     3.85649     4.36709     1.10973
  32      5.54287     5.99495     6.12609     3.40734     4.31477     2.09119     2.60160     2.51361     4.00583     1.11777
  33      5.17225     5.84282     5.80688     3.53048     4.57094     2.46503     3.30777     3.53441     4.53834     1.53794
  34      6.26902     7.00429     6.80099     4.72085     5.78640     3.59637     4.33972     4.30096     5.67797     2.40904
  35      5.53103     5.05118     6.49945     3.56475     2.53746     3.59453     2.47767     2.95833     1.37740     4.89539
  36      6.44166     6.05602     7.41803     4.27128     3.44923     3.94551     2.61785     2.60594     2.11412     5.06753
  37      5.95525     5.23916     6.87061     4.44628     3.19337     4.80325     3.83567     4.36597     2.50765     6.16418
  38      5.35971     4.47418     6.16085     4.39418     3.10059     5.12600     4.47915     5.25422     3.02253     6.52054
  39      7.36167     6.62555     8.28421     5.81275     4.58639     6.01900     4.89295     5.15058     3.74482     7.32153
  40      6.31767     5.32408     7.02266     5.67669     4.39552     6.48051     5.84107     6.56910     4.38820     7.86988
  41      8.10139     7.24350     8.96012     6.84238     5.55355     7.21114     6.16361     6.48096     4.91635     8.54764
  42      7.66588     6.69756     8.42183     6.82015     5.50556     7.45226     6.60968     7.14509     5.21381     8.83605
  43      4.34289     3.45293     5.10016     3.57776     2.36838     4.50437     4.12967     5.08080     2.72122     5.87675
  44      7.97039     7.33572     8.93624     6.18322     5.06483     6.14749     4.88798     4.89690     3.99896     7.35271
  45      6.28693     5.22889     6.85833     6.04408     4.84189     7.00807     6.54049     7.36354     5.09313     8.37436
  46      9.17959     8.32569    10.04678     7.86816     6.59337     8.15416     7.03422     7.22374     5.87049     9.45859
  47      8.61001     7.58997     9.30273     7.97114     6.65878     8.66950     7.85885     8.39841     6.44959    10.05780
  48      4.86476     5.50317     5.62213     3.49418     4.34979     2.77160     3.48751     3.92001     4.41420     2.51105
  49      4.27487     4.77895     5.15621     2.87150     3.53348     2.41082     3.00265     3.66039     3.65427     2.70181
  50      4.17249     5.26829     3.90046     5.14457     6.31611     5.46681     6.81450     7.66226     7.27045     5.03335
  51      3.34564     4.42587     2.94149     4.62095     5.73297     5.16451     6.50380     7.45148     6.79875     4.93342
  52      4.37320     5.46059     4.21388     4.86638     6.13219     4.96233     6.32582     7.06939     6.95634     4.32490
  53      9.75023    10.80976     9.19574    10.46555    11.76639    10.39793    11.73878    12.24513    12.54772     9.39802
  54      5.83564     6.11855     5.79351     4.84419     5.62411     4.69247     5.35093     5.70045     5.90004     4.39318
  55      5.01396     5.74178     4.29885     5.75679     6.83655     6.16486     7.40278     8.17452     7.76834     5.75211
  56      1.08998     1.78568     1.77527     2.96160     3.41219     4.12477     5.04656     6.24359     4.67587     4.82334
  57      5.39297     6.08742     6.10498     4.35164     5.16597     3.75530     4.43607     4.82441     5.28059     3.44668


            31          32          33          34          35          36          37          38          39          40
 ----------------------------------------------------------------------------------------------------------------------------
  31      0.00000
  32      1.82227     0.00000
  33      2.15057     2.13231     0.00000
  34      2.79410     2.58520     1.24532     0.00000
  35      5.63800     5.01013     5.68896     6.76125     0.00000
  36      5.93907     4.98394     5.75352     6.70540     1.10109     0.00000
  37      6.79501     6.32964     7.01406     8.12668     1.43290     2.16730     0.00000
  38      6.95151     6.82811     7.47902     8.65081     2.50057     3.45365     1.41847     0.00000
  39      8.03621     7.36477     8.09812     9.15036     2.43505     2.59772     1.42642     2.46896     0.00000
  40      8.25608     8.17066     8.83874    10.01608     3.74157     4.57245     2.41705     1.36890     2.83141     0.00000
  41      9.19240     8.62316     9.37092    10.45164     3.69531     3.95610     2.42090     2.83361     1.36488     2.49289
  42      9.33698     9.03284     9.74371    10.88844     4.24420     4.81043     2.81325     2.44414     2.44101     1.44989
  43      6.17827     6.29110     6.89053     8.07959     2.73201     3.80168     2.16993     1.09156     3.44930     2.14222
  44      8.17423     7.28534     8.02215     8.99172     2.62788     2.31778     2.18286     3.45484     1.09696     3.92777
  45      8.63574     8.74365     9.38840    10.58155     4.64863     5.55101     3.41908     2.15456     3.91602     1.08674
  46     10.14935     9.46946    10.24214    11.28582     4.58087     4.65033     3.42311     3.92222     2.14766     3.47101
  47     10.52339    10.26836    10.97130    12.12624     5.49857     6.04049     4.06737     3.58669     3.57740     2.35839
  48      3.11825     3.28146     1.37510     2.28716     5.53744     5.67678     6.78770     7.24190     7.85634     8.56763
  49      3.35877     3.54383     2.08808     3.18997     4.77125     5.01985     5.94488     6.36077     7.03516     7.66321
  50      4.31413     6.00931     4.82747     5.21843     8.63804     9.22957     9.50336     9.24381    10.87206    10.35456
  51      4.17333     5.93655     5.00465     5.57730     8.15599     8.83459     8.91797     8.54234    10.31488     9.59930
  52      3.56034     5.22825     4.12112     4.40264     8.33101     8.83982     9.29628     9.14130    10.64640    10.31754
  53      8.50763     9.93071     9.07573     8.67711    13.91361    14.34116    14.90644    14.69270    16.26100    15.81781
  54      3.76271     4.24564     5.79825     6.21425     6.80729     7.18533     7.54627     7.37296     8.70108     8.38668
  55      4.67273     6.30590     6.54451     6.92432     9.01705     9.67212     9.68118     9.16688    11.06562    10.11796
  56      4.62222     5.88344     5.11770     6.20549     5.85189     6.71716     6.32016     5.82893     7.67835     6.78652
  57      3.93815     4.18733     2.12768     2.64881     6.35755     6.48062     7.57065     8.02145     8.60166     9.31799


            41          42          43          44          45          46          47          48          49          50
 ----------------------------------------------------------------------------------------------------------------------------
  41      0.00000
  42      1.45115     0.00000
  43      3.92347     3.44290     0.00000
  44      2.14169     3.44450     4.34192     0.00000
  45      3.46308     2.17698     2.50528     5.01257     0.00000
  46      1.08969     2.18774     5.01181     2.49437     4.34691     0.00000
  47      2.35080     1.25576     4.49256     4.48401     2.60581     2.60482     0.00000
  48      9.09738     9.44838     6.69088     7.80264     9.12096     9.96570    10.64742     0.00000
  49      8.23719     8.54397     5.83137     7.04831     8.21577     9.12272     9.72588     1.00883     0.00000
  50     11.84369    11.63781     8.27706    11.22121    10.42143    12.88616    12.66794     4.76726     4.99117     0.00000
  51     11.21962    10.92407     7.53730    10.74411     9.60012    12.28094    11.91876     4.94993     4.99805     1.01245
  52     11.68278    11.56810     8.19907    10.92994    10.45655    12.71003    12.64775     4.28819     4.64705     0.97942
  53     17.29520    17.12688    13.69715    16.51956    15.83689    18.32810    18.17244     9.51170    10.13520     5.82482
  54      9.57802     9.49253     6.59685     9.02436     8.53589    10.50292    10.52159     6.80183     6.82636     6.74340
  55     11.87673    11.48535     8.12135    11.56223     9.98944    12.93272    12.42845     7.15795     7.26198     4.18405
  56      8.44446     8.06628     4.90256     8.23081     6.80750     9.49794     9.00451     4.54924     3.93563     3.92571
  57      9.82709    10.18021     7.48239     8.52440     9.85937    10.67515    11.35769     0.99999     1.66243     4.78019


            51          52          53          54          55          56          57
 ----------------------------------------------------------------------------------------
  51      0.00000
  52      1.57354     0.00000
  53      6.46282     5.73962     0.00000
  54      6.25469     6.12564     9.75420     0.00000
  55      3.64947     3.97665     6.60164     4.16083     0.00000
  56      3.24459     4.25527     9.69221     6.73387     5.66595     0.00000
  57      5.11948     4.38643     9.35842     7.67978     7.67504     4.90431     0.00000



 MOLECULAR CHARGE        -1
 NUMBER OF ELECTRONS    178
 DOUBLY OCCUPIED MOS     89


 *** OPTIONS FOR THE MOLECULE UNDER STUDY    ***
 *** DEFINED EITHER EXPLICITLY OR BY DEFAULT ***

 KHARGE =   -1     IMULT  =    0     KTRIAL =   11     KGEOM  =    0     IPUBO  =    1
 IUHF   =    0     KITSCF =  100     NPRINT =   -4     IFAST  =    2     IDIAG  =    0
 KSYM   =    0     NUMSYM =    0     KCI    =    5     NSTART =    4     NSTEP  =    4

 FAST DIAGONALIZATIONS NOT ALLOWED IN SCF

 ANALYTICAL GRADIENT SELECTED BY DEFAULT.

 CHKANA: IPSANA =  1, ISKPA = -3, ISKPAF =  0



 *** OPTIONS FOR THE GUGA-CI CALCULATIONS    ***
 *** DEFINED EITHER EXPLICITLY OR BY DEFAULT ***

 ICI1   =    9     ICI2   =    9     IOUTCI =    1     MOVO   =    0     MPERT  =    0
 NCIREF =    3     MCIREF =    0     LEVEXC =    1     IROOT  =    2     LROOT  =    2
 CICHG  =   -1     MULTCI =    1     NCISYM =    0     CIDIR  =    1     CIDIAG =    0
 IUVCD  =    2     IMCD   =    0     IPOP   =    2     CIPLOT =    0     CILEAD = 1000
 JCI1   =    0     JCI2   =    0     PIPOP  = 4000     INATUR =    0     CISELT =   85
 IMOMAP =    0     ICIMAP =    0     KEEPCI =    0     NCIGRD =    0     ICROSS =    0
 MINDAV =    0     MAXDAV =    0     KITDAV =    0     NRMDAV =    7     MAXMAP =    5
 MAPTHR =   90     IOP167 =    0     ICIOCC =   60     ICIVIR =   60     LDROOT =    2



 ORBITALS INCLUDED IN THE ACTIVE CI SPACE.
 THE NUMBERING REFERS TO THE SCF SOLUTION.

 MOS       81  82  83  84  85  86  87  88  89  90  91  92  93  94  95  96  97  98

 MOSYM      0   0   0   0   0   0   0   0   0   0   0   0   0   0   0   0   0   0



 REFERENCE CONFIGURATIONS FOR GUGA-CI.
 OCCUPATION NUMBERS FOR THE ACTIVE ORBITALS.

 REF  1     2   2   2   2   2   2   2   2   2   0   0   0   0   0   0   0   0   0

 REF  2     2   2   2   2   2   2   2   2   1   1   0   0   0   0   0   0   0   0

 REF  3     2   2   2   2   2   2   2   2   0   2   0   0   0   0   0   0   0   0



 *** OPTIONS FOR EXTERNAL POINTS AND QM/MM   ***
 *** DEFINED EITHER EXPLICITLY OR BY DEFAULT ***

 NUMATM = 4035     MMCOUP =    2     MMPOT  =    4     MMLINK =    2     NLINK  =    5
 MMFILE =    0     MCHARG =    0



 NUMBERS OF LINK ATOMS IN THE LIST OF QM ATOMS.

    53   54   55   56   57



                                                                                     
     ChemShell MNDO interface:                                                       



     SCF HEAT OF FORMATION     -444.97979 KCAL/MOL
     SCF BINDING ENERGY        -266.88781 EV
     SCF TOTAL ENERGY         -6634.78805 EV
     ELECTRONIC ENERGY       -51743.20157 EV
     NUCLEAR ENERGY           45108.41352 EV
     IONIZATION ENERGY            6.42143 EV
     SCF CYCLES                  22


     THE DENSITY MATRIX HAS BEEN SAVED ON FILE 11



     NET ATOMIC CHARGES AND ORBITAL POPULATIONS.

     ATOM    I        CHARGE      DENSITY        S          PX          PY          PZ

      C      1       -0.51184     4.51184     1.39927     1.06187     0.96800     1.08270
      H      2        0.19944     0.80056     0.80056
      H      3        0.19707     0.80293     0.80293
      C      4       -0.32264     4.32264     1.37174     1.04215     0.90423     1.00451
      H      5        0.18542     0.81458     0.81458
      H      6        0.18006     0.81994     0.81994
      C      7        0.66770     3.33230     1.26151     0.65920     0.73312     0.67847
      O      8       -0.68647     6.68647     1.94539     1.57940     1.43647     1.72520
      O      9       -0.61668     6.61668     1.92896     1.42752     1.67741     1.58278
      H     10        0.45606     0.54394     0.54394
      C     11        0.36420     3.63580     1.28809     0.73300     0.85961     0.75509
      O     12       -0.60849     6.60849     1.94494     1.57389     1.60051     1.48914
      N     13       -0.45646     5.45646     1.57051     1.10576     1.32369     1.45649
      H     14        0.31373     0.68627     0.68627
      C     15       -0.17233     4.17233     1.34972     1.05329     0.90679     0.86254
      H     16        0.21044     0.78956     0.78956
      C     17        0.48876     3.51124     1.30686     0.66910     0.73350     0.80177
      O     18       -0.61081     6.61081     1.94115     1.33186     1.67652     1.66127
      N     19       -0.42925     5.42925     1.71314     1.44843     1.11930     1.14839
      C     20        0.33157     3.66843     1.30356     0.83268     0.79451     0.73768
      C     21       -0.59892     4.59892     1.41085     0.94030     1.12565     1.12211
      H     22        0.22851     0.77149     0.77149
      H     23        0.20785     0.79215     0.79215
      C     24        0.04009     3.95991     1.28260     0.75093     0.86542     1.06096
      N     25       -0.22615     5.22615     1.72380     1.33086     1.01303     1.15846
      N     26       -0.28383     5.28383     1.54054     1.07360     1.09413     1.57557
      C     27        0.49816     3.50184     1.25664     0.74192     0.75853     0.74476
      O     28       -0.73724     6.73724     1.94320     1.20882     1.88449     1.70073
      C     29       -0.18387     4.18387     1.30561     0.81255     0.86794     1.19777
      C     30       -0.16183     4.16183     1.34409     1.00997     0.85389     0.95388
      H     31        0.26612     0.73388     0.73388
      H     32        0.20265     0.79735     0.79735
      C     33        0.58064     3.41936     1.25702     0.68997     0.73751     0.73486
      O     34       -0.60916     6.60916     1.94567     1.36243     1.41731     1.88375
      C     35       -0.00889     4.00889     1.36660     0.99402     0.82673     0.82155
      H     36        0.21980     0.78020     0.78020
      C     37       -0.11437     4.11437     1.30156     0.88461     0.84080     1.08740
      C     38       -0.13752     4.13752     1.35972     0.87349     0.97475     0.92956
      C     39       -0.13244     4.13244     1.36294     0.97809     0.85957     0.93184
      C     40       -0.38206     4.38206     1.37792     1.02449     0.89134     1.08831
      C     41       -0.38093     4.38093     1.37731     0.94889     0.97170     1.08303
      C     42        0.53892     3.46108     1.26045     0.75147     0.74531     0.70385
      H     43        0.21037     0.78963     0.78963
      H     44        0.20903     0.79097     0.79097
      H     45        0.23443     0.76557     0.76557
      H     46        0.20879     0.79121     0.79121
      O     47       -0.73199     6.73199     1.94373     1.65816     1.45440     1.67570
      N     48       -0.70257     5.70257     1.61210     1.55425     1.33563     1.20058
      H     49        0.38158     0.61842     0.61842
      O     50       -0.70732     6.70732     1.93196     1.37413     1.62918     1.77205
      H     51        0.42175     0.57825     0.57825
      H     52        0.36373     0.63627     0.63627
      H     53        0.11764     0.88236     0.88236
      H     54        0.19610     0.80390     0.80390
      H     55        0.28306     0.71694     0.71694
      H     56        0.26960     0.73040     0.73040
      H     57        0.24078     0.75922     0.75922



     DIPOLE              X           Y           Z         TOTAL

     POINT-CHARGE     8.47977    15.40252     8.19211    19.39729
     HYBRID          -0.04995    -0.14438    -0.85491     0.86846
     SUM              8.42982    15.25814     7.33720    18.91315


     POINT GROUP C1. NO SYMMETRY.



    MO     EIGENVALUE     LABEL   NSYM  IMOSYM   OCC.  ACTIVE

     1      -38.25702      A        1      1      2.      -
     2      -37.35830      A        1      2      2.      -
     3      -36.73628      A        1      3      2.      -
     4      -36.55886      A        1      4      2.      -
     5      -36.51800      A        1      5      2.      -
     6      -36.38682      A        1      6      2.      -
     7      -35.78073      A        1      7      2.      -
     8      -35.10690      A        1      8      2.      -
     9      -34.81979      A        1      9      2.      -
    10      -33.15919      A        1     10      2.      -
    11      -32.35836      A        1     11      2.      -
    12      -32.14673      A        1     12      2.      -
    13      -30.84415      A        1     13      2.      -
    14      -27.36385      A        1     14      2.      -
    15      -26.61212      A        1     15      2.      -
    16      -26.07997      A        1     16      2.      -
    17      -25.23618      A        1     17      2.      -
    18      -24.47736      A        1     18      2.      -
    19      -24.17692      A        1     19      2.      -
    20      -24.11656      A        1     20      2.      -
    21      -23.47161      A        1     21      2.      -
    22      -22.62317      A        1     22      2.      -
    23      -22.28102      A        1     23      2.      -
    24      -21.15916      A        1     24      2.      -
    25      -20.68515      A        1     25      2.      -
    26      -20.07385      A        1     26      2.      -
    27      -19.88512      A        1     27      2.      -
    28      -19.48179      A        1     28      2.      -
    29      -19.25076      A        1     29      2.      -
    30      -19.05284      A        1     30      2.      -
    31      -18.32704      A        1     31      2.      -
    32      -18.02381      A        1     32      2.      -
    33      -17.76837      A        1     33      2.      -
    34      -17.64833      A        1     34      2.      -
    35      -17.54504      A        1     35      2.      -
    36      -17.19877      A        1     36      2.      -
    37      -16.77724      A        1     37      2.      -
    38      -16.64973      A        1     38      2.      -
    39      -16.32840      A        1     39      2.      -
    40      -16.22346      A        1     40      2.      -
    41      -16.13012      A        1     41      2.      -
    42      -15.92337      A        1     42      2.      -
    43      -15.65181      A        1     43      2.      -
    44      -15.52216      A        1     44      2.      -
    45      -15.40474      A        1     45      2.      -
    46      -15.24436      A        1     46      2.      -
    47      -15.20454      A        1     47      2.      -
    48      -15.04716      A        1     48      2.      -
    49      -14.85654      A        1     49      2.      -
    50      -14.75646      A        1     50      2.      -
    51      -14.66926      A        1     51      2.      -
    52      -14.44902      A        1     52      2.      -
    53      -14.41344      A        1     53      2.      -
    54      -14.11617      A        1     54      2.      -
    55      -14.06778      A        1     55      2.      -
    56      -13.82941      A        1     56      2.      -
    57      -13.69925      A        1     57      2.      -
    58      -13.59630      A        1     58      2.      -
    59      -13.44930      A        1     59      2.      -
    60      -13.34432      A        1     60      2.      -
    61      -13.32080      A        1     61      2.      -
    62      -12.98481      A        1     62      2.      -
    63      -12.90828      A        1     63      2.      -
    64      -12.87868      A        1     64      2.      -
    65      -12.86563      A        1     65      2.      -
    66      -12.75453      A        1     66      2.      -
    67      -12.54308      A        1     67      2.      -
    68      -12.46512      A        1     68      2.      -
    69      -12.40019      A        1     69      2.      -
    70      -12.10610      A        1     70      2.      -
    71      -11.92650      A        1     71      2.      -
    72      -11.79107      A        1     72      2.      -
    73      -11.73714      A        1     73      2.      -
    74      -11.63252      A        1     74      2.      -
    75      -11.34740      A        1     75      2.      -
    76      -11.13645      A        1     76      2.      -
    77      -10.97860      A        1     77      2.      -
    78      -10.92471      A        1     78      2.      -
    79      -10.85887      A        1     79      2.      -
    80      -10.84288      A        1     80      2.      -
    81      -10.75755      A        1     81      2.      2
    82      -10.39636      A        1     82      2.      2
    83       -9.96391      A        1     83      2.      2
    84       -9.74153      A        1     84      2.      2
    85       -9.58450      A        1     85      2.      2
    86       -9.10967      A        1     86      2.      2
    87       -8.68681      A        1     87      2.      2
    88       -8.61031      A        1     88      2.      2
    89       -6.42143      A        1     89      2.      1
    90       -0.74743      A        1     90      0.      1
    91        0.51329      A        1     91      0.      0
    92        1.89814      A        1     92      0.      0
    93        1.98690      A        1     93      0.      0
    94        2.03506      A        1     94      0.      0
    95        2.07852      A        1     95      0.      0
    96        2.58186      A        1     96      0.      0
    97        2.64569      A        1     97      0.      0
    98        2.77302      A        1     98      0.      0
    99        3.08261      A        1     99      0.      -
   100        3.09192      A        1    100      0.      -
   101        3.16235      A        1    101      0.      -
   102        3.33256      A        1    102      0.      -
   103        3.63513      A        1    103      0.      -
   104        3.64539      A        1    104      0.      -
   105        3.66838      A        1    105      0.      -
   106        3.78103      A        1    106      0.      -
   107        4.06140      A        1    107      0.      -
   108        4.19265      A        1    108      0.      -
   109        4.23274      A        1    109      0.      -
   110        4.26455      A        1    110      0.      -
   111        4.30702      A        1    111      0.      -
   112        4.48207      A        1    112      0.      -
   113        4.51037      A        1    113      0.      -
   114        4.61105      A        1    114      0.      -
   115        4.84921      A        1    115      0.      -
   116        4.93467      A        1    116      0.      -
   117        5.04064      A        1    117      0.      -
   118        5.05326      A        1    118      0.      -
   119        5.15603      A        1    119      0.      -
   120        5.22772      A        1    120      0.      -
   121        5.35029      A        1    121      0.      -
   122        5.51259      A        1    122      0.      -
   123        5.51755      A        1    123      0.      -
   124        5.55922      A        1    124      0.      -
   125        5.64959      A        1    125      0.      -
   126        5.72731      A        1    126      0.      -
   127        5.81416      A        1    127      0.      -
   128        5.84686      A        1    128      0.      -
   129        5.95518      A        1    129      0.      -
   130        6.04197      A        1    130      0.      -
   131        6.22413      A        1    131      0.      -
   132        6.25263      A        1    132      0.      -
   133        6.36283      A        1    133      0.      -
   134        6.50064      A        1    134      0.      -
   135        6.70078      A        1    135      0.      -
   136        6.89702      A        1    136      0.      -
   137        7.21439      A        1    137      0.      -
   138        7.37834      A        1    138      0.      -
   139        7.41479      A        1    139      0.      -
   140        7.75677      A        1    140      0.      -
   141        7.94161      A        1    141      0.      -
   142        8.05692      A        1    142      0.      -
   143        8.27261      A        1    143      0.      -
   144        8.82206      A        1    144      0.      -
   145        9.02066      A        1    145      0.      -
   146        9.08215      A        1    146      0.      -
   147        9.14844      A        1    147      0.      -
   148        9.15751      A        1    148      0.      -
   149        9.18963      A        1    149      0.      -
   150        9.37953      A        1    150      0.      -
   151        9.63876      A        1    151      0.      -
   152        9.72089      A        1    152      0.      -
   153       10.03362      A        1    153      0.      -
   154       10.51951      A        1    154      0.      -
   155       11.34384      A        1    155      0.      -
   156       11.48163      A        1    156      0.      -



 REFERENCE OCCUPATIONS

   81  82  83  84  85  86  87  88  89  90  91  92  93  94  95  96  97  98
    A   A   A   A   A   A   A   A   A   A   A   A   A   A   A   A   A   A
    2   2   2   2   2   2   2   2   2   0   0   0   0   0   0   0   0   0
    2   2   2   2   2   2   2   2   1   1   0   0   0   0   0   0   0   0
    2   2   2   2   2   2   2   2   0   2   0   0   0   0   0   0   0   0


 Point group used in GUGA-CI calculation:  C1


 There are       291 CI basis functions of symmetry A   (1).
 There are       291 CI basis functions in the CI problem.
 There are       291 CI basis functions represented by the DRT.


 Reference occupations and corresponding configuration state functions:

              81  82  83  84  85  86  87  88  89  90  91  92  93  94  95  96  97  98
 Ref.      1   2   2   2   2   2   2   2   2   2   0   0   0   0   0   0   0   0   0
 CSF       1  ab  ab  ab  ab  ab  ab  ab  ab  ab   -   -   -   -   -   -   -   -   -

              81  82  83  84  85  86  87  88  89  90  91  92  93  94  95  96  97  98
 Ref.      2   2   2   2   2   2   2   2   2   1   1   0   0   0   0   0   0   0   0
 CSF       2  ab  ab  ab  ab  ab  ab  ab  ab   a   b   -   -   -   -   -   -   -   -

              81  82  83  84  85  86  87  88  89  90  91  92  93  94  95  96  97  98
 Ref.      3   2   2   2   2   2   2   2   2   0   2   0   0   0   0   0   0   0   0
 CSF      11  ab  ab  ab  ab  ab  ab  ab  ab   -  ab   -   -   -   -   -   -   -   -


 Number of one-electron generators:      4118
 Number of two-electron generators:     52441
 
 ==========================================================
 
 Results of CI calculation:
 
 Correlation energy for CI root   2:          2.08754857 eV
 Total energy:                            -6632.70050469 eV
 Electronic energy:                      -51741.11402551 eV
 Nuclear energy:                          45108.41352082 eV
 

 ---------------------------------------------------------------
 State  1,  Mult. 1,  E-E(1)=  0.000000 eV,  E=  -6634.912666 eV
 ---------------------------------------------------------------

  -6634.79     -0.984826       1    81  82  83  84  85  86  87  88  89  90  91  92  93  94  95  96  97  98
                                    ab  ab  ab  ab  ab  ab  ab  ab  ab   -   -   -   -   -   -   -   -   -
 
  -6627.16      0.108825      11    81  82  83  84  85  86  87  88  89  90  91  92  93  94  95  96  97  98
                                    ab  ab  ab  ab  ab  ab  ab  ab   -  ab   -   -   -   -   -   -   -   -
 

 ---------------------------------------------------------------
 State  2,  Mult. 1,  E-E(1)=  2.212161 eV,  E=  -6632.700505 eV
 ---------------------------------------------------------------

  -6631.86      0.920823       2    81  82  83  84  85  86  87  88  89  90  91  92  93  94  95  96  97  98
                                    ab  ab  ab  ab  ab  ab  ab  ab   a   b   -   -   -   -   -   -   -   -
 
  -6627.16      0.249790      11    81  82  83  84  85  86  87  88  89  90  91  92  93  94  95  96  97  98
                                    ab  ab  ab  ab  ab  ab  ab  ab   -  ab   -   -   -   -   -   -   -   -
 
  -6634.79      0.115604       1    81  82  83  84  85  86  87  88  89  90  91  92  93  94  95  96  97  98
                                    ab  ab  ab  ab  ab  ab  ab  ab  ab   -   -   -   -   -   -   -   -   -
 
  -6625.60     -0.103938      38    81  82  83  84  85  86  87  88  89  90  91  92  93  94  95  96  97  98
                                    ab  ab  ab  ab  ab  ab  ab   a   a   b   b   -   -   -   -   -   -   -
 
  -6625.48     -0.103107      39    81  82  83  84  85  86  87  88  89  90  91  92  93  94  95  96  97  98
                                    ab  ab  ab  ab  ab  ab   a  ab   a   b   b   -   -   -   -   -   -   -
 


 Population analysis of state  1:


 Net atomic charges (atomic units):

      1   -0.511840
      2    0.199439
      3    0.197070
      4   -0.322641
      5    0.185415
      6    0.180058
      7    0.667698
      8   -0.686472
      9   -0.616683
     10    0.456054
     11    0.363636
     12   -0.609973
     13   -0.455123
     14    0.313733
     15   -0.172987
     16    0.210016
     17    0.483277
     18   -0.615195
     19   -0.437899
     20    0.312505
     21   -0.598759
     22    0.227673
     23    0.207707
     24    0.041214
     25   -0.239547
     26   -0.284645
     27    0.504862
     28   -0.731040
     29   -0.163348
     30   -0.162008
     31    0.266254
     32    0.202498
     33    0.580661
     34   -0.609134
     35   -0.041015
     36    0.220004
     37   -0.092674
     38   -0.144309
     39   -0.138725
     40   -0.367619
     41   -0.367724
     42    0.541168
     43    0.210376
     44    0.209023
     45    0.234420
     46    0.208790
     47   -0.717061
     48   -0.702440
     49    0.381579
     50   -0.707577
     51    0.421630
     52    0.363729
     53    0.117635
     54    0.196079
     55    0.283003
     56    0.268468
     57    0.240763


 Population analysis of state  2:


 Net atomic charges (atomic units):

      1   -0.511841
      2    0.199439
      3    0.197070
      4   -0.322652
      5    0.185412
      6    0.180056
      7    0.667680
      8   -0.686461
      9   -0.616725
     10    0.456021
     11    0.358508
     12   -0.623603
     13   -0.442594
     14    0.313768
     15   -0.176754
     16    0.205093
     17    0.407726
     18   -0.646438
     19   -0.447542
     20    0.102410
     21   -0.592596
     22    0.220227
     23    0.208022
     24    0.205980
     25   -0.368920
     26   -0.284964
     27    0.533824
     28   -0.684814
     29   -0.032893
     30   -0.163026
     31    0.266951
     32    0.200771
     33    0.581590
     34   -0.608826
     35   -0.115509
     36    0.221030
     37    0.017384
     38   -0.172858
     39   -0.169641
     40   -0.303257
     41   -0.314398
     42    0.519846
     43    0.210424
     44    0.209008
     45    0.234359
     46    0.208787
     47   -0.671402
     48   -0.701586
     49    0.381576
     50   -0.709721
     51    0.419818
     52    0.363683
     53    0.117634
     54    0.195931
     55    0.282896
     56    0.255106
     57    0.240993



 Using ECP-3G basis for the evaluation spectroscopic observables.


 AO basis set for the evaluation of spectroscopic observables:

                                          0
  1   1   1    0.7440595418E+01    0.1543289673E+00
  1   1   2    0.1355313744E+01    0.5353281423E+00
  1   1   3    0.3668007912E+00    0.4446345422E+00

                                          0                   1
  6   1   1    0.5335867171E+01   -0.1918800000E+00    0.2025900000E+00
  6   1   2    0.1093759362E+01    0.6162800000E+00    0.5583000000E+00
  6   1   3    0.2918440087E+00    0.5489600000E+00    0.4551400000E+00

                                          0                   1
  7   1   1    0.6541774069E+01   -0.1926900000E+00    0.2228100000E+00
  7   1   2    0.1375115320E+01    0.6188800000E+00    0.5603200000E+00
  7   1   3    0.3635452037E+00    0.5492600000E+00    0.4385900000E+00

                                          0                   1
  8   1   1    0.1152778066E+02   -0.1924800000E+00    0.2415800000E+00
  8   1   2    0.2405781781E+01    0.6695200000E+00    0.5589000000E+00
  8   1   3    0.6188395415E+00    0.5027000000E+00    0.4316000000E+00



 State dipole moments:

   #    Symmetry       eV         cm-1     mu_r(x)/D   mu_r(y)/D   mu_r(z)/D    |mu_r|/D     phi/deg   theta/deg
   1     A   (1)    0.000000        0.00    4.121684   -8.642846    2.928775   10.013231    -64.5040     72.9929
   2     A   (1)    2.212161    17843.19    1.595896  -16.579342    1.032414   16.687940    -84.5018     86.4531



 Properties of transitions   1 -> #:

   #    Symmetry       eV         cm-1        nm        f_r         f_p         f_rp        R/DBM
   2     A   (1)    2.212161    17843.19    560.44    0.978999    0.301060    0.542638   -0.842710



 Dipole-length electric dipole transition moments   1 -> #:

   #    Symmetry       eV         cm-1     mu_r(x)/D   mu_r(y)/D   mu_r(z)/D    |mu_r|/D     phi/deg   theta/deg
   2     A   (1)    2.212161    17843.19    0.056193  -10.686294   -1.578468   10.802388    -89.6987     98.4023



 Dipole-velocity electric dipole transition moments   1 -> #:

   #    Symmetry       eV         cm-1     mu_p(x)/D   mu_p(y)/D   mu_p(z)/D    |mu_p|/D     phi/deg   theta/deg
   2     A   (1)    2.212161    17843.19    0.210223   -5.915453   -0.920871    5.990391    -87.9647     98.8428



 Magnetic dipole transition moments   1 -> #:

   #    Symmetry       eV         cm-1      m(x)/iBM    m(y)/iBM    m(z)/iBM      |m|/BM     phi/deg   theta/deg
   2     A   (1)    2.212161    17843.19    0.243994   -0.128111   -0.036468    0.277985    -27.7020     97.5382




 CI HEAT OF FORMATION      -396.83883 KCAL/MOL


 SELECTED PROFILE  67 WITH EXPECTED EXECUTION TIME            74.243 SECONDS 
 ESTIMATED NUMBER OF CPHF ITERATIONS PER VARIABLE:    18
 MEMORY REQUIRED    : 150523497 WORDS
 ITERATIVE SOLVER STATISTICS:
     CALLS TO SOLVER                                                1.
     LINEAR EQUATIONS SOLVED                                        1.
     ITERATIONS MADE                                               15.
     MAXIMUM ITERATIONS MADE FOR A BATCH OF RHS                    15.
     RESPONSE VECTORS COMPUTED                                     15.
     AVERAGE RESPONSE VECTORS PER VARIABLE                  15.0000000
     BASIS VECTORS REJECTED BY SVD                                  0.
     BASIS VECTORS REMOVED DUE TO MEMORY CONSTRAINTS                0.
     MAXIMUM NUMBER OF BASIS VECTORS USED                          15.



     TIME FOR ENERGY EVALUATION       0.456 SECONDS
     TIME FOR GRADIENT EVALUATION   288.789 SECONDS



                          COORDINATES (ANGSTROM)               GRADIENTS (KCAL/(MOL*ANGSTROM))

        I   NI          X           Y           Z                X           Y           Z

        1    6        2.11186    13.04866     1.99312         -9.41906    12.47774    10.22975
        2    1        3.13497    13.17277     2.36984          1.43393    -1.16022    -1.16006
        3    1        2.18312    12.82140     0.91863         -0.57638    -1.34142    -0.02033
        4    6        1.42884    11.89298     2.69563          1.61183    -1.92036    -0.47389
        5    1        0.32863    12.01090     2.77680         -0.80803    -2.62242     1.35406
        6    1        1.84452    11.74365     3.71268          0.07159     0.43134    -0.05232
        7    6        1.68832    10.63923     1.87631          0.35082     0.28797    -0.04113
        8    8        0.89213     9.68102     1.78121          8.78360     4.64730    -0.59341
        9    8        2.81623    10.62389     1.20122         -0.67779     0.14079     1.13581
       10    1        2.85079     9.75664     0.53735         -0.02647     0.03076    -0.06330
       11    6       -0.14087     5.78178     4.26646        -11.02912   -28.35766    25.94177
       12    8       -0.97234     6.45966     3.62517          3.24490    -6.60418     4.96502
       13    7        1.15236     6.20130     4.32740         -5.52687     1.66782    -2.44025
       14    1        1.82432     5.62904     4.83366         -0.09119    -0.22587    -0.00586
       15    6        1.71740     7.23165     3.49566         18.79263    13.28762    10.89536
       16    1        0.92573     7.94442     3.14805          0.43469    -0.42308    -1.58492
       17    6        2.22348     6.56049     2.19102         -1.18807    -2.22020    -1.19796
       18    8        3.24171     7.01177     1.58683          0.15078    -3.01651    -6.74311
       19    7        1.45129     5.57462     1.64024         -0.29100     0.14122     0.54946
       20    6        1.92779     4.71612     0.74499         -0.04260    -0.37940    -0.34239
       21    6        3.34641     4.57473     0.30096         -2.12951     3.70376    -9.96455
       22    1        3.66237     3.52652     0.38648          0.22517     0.86974     1.43275
       23    1        3.96326     5.18620     0.96878         -2.45861    -0.03576     0.49773
       24    6        0.98140     3.71007     0.26832         -1.02622    -0.39034     0.22977
       25    7        1.27151     2.42694    -0.02328         -7.91884     2.44428     4.50787
       26    7       -0.42084     3.98008     0.15972         -0.56943     0.99749    -1.64110
       27    6       -1.02897     2.76953    -0.11833         -0.23705     0.01318    -0.43141
       28    8       -2.26229     2.58546    -0.11613         20.74406     4.10519    -3.20730
       29    6        0.08439     1.75868    -0.23183          0.09445    -0.10486     0.13721
       30    6       -1.17169     5.16422     0.45832          1.14010    -0.42311    -0.85343
       31    1       -0.62592     5.84060     1.14835         -0.01505    -0.19456     0.01167
       32    1       -2.15481     4.87884     0.90715          2.77310    -1.38026    -3.09963
       33    6       -1.50939     5.96869    -0.80819         -0.50215    -1.14824     2.54418
       34    8       -2.40306     6.83489    -0.76482          2.93089    -4.78107    16.08801
       35    6       -0.25213     0.43480    -0.40876         -0.02587    -0.00215    -0.07264
       36    1       -1.30516     0.22100    -0.64921         -0.12083     0.06922    -0.03508
       37    6        0.62014    -0.69100    -0.25084         -0.28856     0.10972     0.60667
       38    6        1.90072    -0.58609     0.35010         -0.79245    -1.63490    -0.49305
       39    6        0.09559    -1.96644    -0.61523          0.21843     0.66380     0.35183
       40    6        2.67215    -1.70272     0.52876         -0.30232    -0.08965    -0.70967
       41    6        0.84212    -3.09469    -0.43454          0.32089     0.56600     2.29152
       42    6        2.18780    -3.00043     0.10033          0.04507     0.36687    -1.00261
       43    1        2.24861     0.39098     0.69044         -0.68962    -0.59492     0.18375
       44    1       -0.90970    -2.02736    -1.04997         -0.03379    -0.05984    -0.26442
       45    1        3.64381    -1.66455     1.01395         -2.29154    -1.22321     0.55642
       46    1        0.45769    -4.08206    -0.68896          0.70461     0.93238     0.38459
       47    8        2.91123    -4.02347     0.18386         -9.41336    18.40341    -1.43665
       48    7       -0.80433     5.72103    -1.96250        -13.84881    11.14423     1.85455
       49    1       -0.20611     4.91371    -2.05258         -0.03702     0.03950    -0.07786
       50    8        2.44103     8.63382    -0.03634         -0.07845     0.33256     0.08734
       51    1        2.93865     7.89248     0.44099          0.02955    -0.00547    -0.01295
       52    1        1.51709     8.54686     0.27675         -0.05998    -0.01869    -0.00019
       53    1        1.59112    14.00436     2.05256          7.92349    -9.75067    -7.81754
       54    1       -0.39514     4.84958     4.77086          6.50979    28.03929   -19.64044
       55    1        2.47435     7.77734     4.05897        -17.82489    -5.75617    -0.95752
       56    1        3.49815     4.91601    -0.72304          3.74564    -1.86622     5.29863
       57    1       -0.73635     6.32224    -2.75868          9.19722    -4.08882    -9.81068


     CARTESIAN GRADIENT NORM                 81.86295


     CARTESIAN QM+MM GRADIENT NORM          128.63731



     GRADIENTS FOR GEOMETRY OPTIMIZATION

        I   LOCATION             VARIABLE    GRADIENT



     GRADIENT NORM                            0.00000



 COMPUTATION TIME               289.256 SECONDS


